 UNITS:
 [mass] = M_sun
 [age] = Myr
 [Rdisc / Hdisc] = kpc
 [metalicity] = log([O/H]) + 12
 [Sigma] = M_sun / pc^2
 [SFR] = M_sun / yr
 [sig_SFR] = M_sun / yr / kpc
 [SSFR] = 1 / Gyr 
 [tau] = 1 / Gyr 	tau = SFR/M_gas = gas consumption time
 gal         Rdisc       Hdisc       Mg          Mc          Ms          
 Es_Ms       Mb          fg          Sigg        	Sigs        Sigb        
 age         zg          zs          SFR          Sig_SFR     SSFR        
 tau         
 
    1.21E+00    8.50E-01    4.92E+07    4.71E+07    2.92E+06    0.00E+00    5.21E+07    9.44E-01    1.06E+01    6.32E-01    1.13E+01    2.39E+02    7.12E+00    7.14E+00    1.29E-02    2.79E-03    4.41E+00    2.62E-01
    1.66E+00    1.21E+00    9.12E+07    8.50E+07    3.25E+06    7.01E+05    9.45E+07    9.66E-01    1.05E+01    3.76E-01    1.09E+01    1.94E+02    7.37E+00    7.21E+00    2.99E-02    3.46E-03    9.19E+00    3.28E-01
    1.57E+00    1.09E+00    1.33E+08    1.27E+08    3.00E+06    7.17E+05    1.36E+08    9.78E-01    1.73E+01    3.90E-01    1.76E+01    3.32E+02    7.46E+00    7.32E+00    1.36E-02    1.76E-03    4.53E+00    1.02E-01
    1.95E+00    1.40E+00    1.91E+08    1.77E+08    1.57E+07    3.81E+06    2.07E+08    9.24E-01    1.60E+01    1.32E+00    1.73E+01    1.76E+02    7.64E+00    7.52E+00    1.25E-01    1.05E-02    7.96E+00    6.54E-01
    2.17E+00    9.76E-01    8.99E+07    8.53E+07    9.38E+06    2.87E+06    9.93E+07    9.05E-01    6.05E+00    6.32E-01    6.69E+00    4.22E+02    7.44E+00    7.46E+00    5.53E-03    3.72E-04    5.89E-01    6.15E-02
    2.39E+00    1.97E+00    2.09E+08    1.94E+08    7.76E+06    2.53E+06    2.16E+08    9.64E-01    1.16E+01    4.31E-01    1.20E+01    5.25E+02    7.32E+00    7.42E+00    6.85E-03    3.81E-04    8.83E-01    3.28E-02
    2.78E+00    1.77E+00    3.72E+08    3.49E+08    1.17E+07    3.19E+06    3.84E+08    9.69E-01    1.54E+01    4.84E-01    1.59E+01    4.19E+02    7.53E+00    7.47E+00    4.69E-02    1.94E-03    4.00E+00    1.26E-01
    3.78E+00    2.08E+00    4.81E+08    4.48E+08    5.34E+07    2.77E+07    5.35E+08    9.00E-01    1.07E+01    1.19E+00    1.19E+01    3.88E+02    7.60E+00    7.41E+00    1.79E-01    4.00E-03    3.36E+00    3.73E-01
    3.61E+00    2.33E+00    3.48E+08    3.07E+08    2.17E+07    7.28E+06    3.69E+08    9.41E-01    8.47E+00    5.30E-01    9.00E+00    6.18E+02    7.58E+00    7.49E+00    2.96E-02    7.21E-04    1.36E+00    8.50E-02
    3.94E+00    2.07E+00    5.49E+08    4.98E+08    3.66E+07    9.94E+06    5.85E+08    9.38E-01    1.12E+01    7.48E-01    1.20E+01    5.00E+02    7.58E+00    7.50E+00    1.86E-01    3.80E-03    5.08E+00    3.38E-01
    4.90E+00    3.20E+00    6.95E+08    6.13E+08    7.47E+07    2.62E+07    7.70E+08    9.03E-01    9.21E+00    9.90E-01    1.02E+01    4.54E+02    7.65E+00    7.53E+00    7.38E-02    9.78E-04    9.88E-01    1.06E-01
    5.69E+00    2.94E+00    1.56E+09    1.41E+09    6.64E+07    2.29E+07    1.62E+09    9.59E-01    1.53E+01    6.53E-01    1.60E+01    6.02E+02    7.57E+00    7.52E+00    1.85E-01    1.82E-03    2.79E+00    1.19E-01
    6.08E+00    3.44E+00    1.95E+09    1.83E+09    1.65E+08    4.49E+07    2.12E+09    9.22E-01    1.68E+01    1.42E+00    1.82E+01    3.73E+02    7.71E+00    7.52E+00    7.00E-01    6.02E-03    4.24E+00    3.58E-01
    5.52E+00    3.42E+00    1.79E+09    1.64E+09    8.87E+07    6.47E+06    1.88E+09    9.53E-01    1.87E+01    9.25E-01    1.96E+01    2.72E+02    7.82E+00    7.67E+00    6.32E-01    6.60E-03    7.13E+00    3.53E-01
    6.76E+00    3.68E+00    1.60E+09    1.41E+09    1.80E+08    4.27E+07    1.78E+09    8.99E-01    1.11E+01    1.25E+00    1.24E+01    3.99E+02    7.87E+00    7.68E+00    1.63E-01    1.13E-03    9.04E-01    1.02E-01
    6.64E+00    3.86E+00    2.56E+09    2.37E+09    2.53E+08    7.05E+07    2.82E+09    9.10E-01    1.85E+01    1.83E+00    2.04E+01    5.12E+02    7.83E+00    7.71E+00    7.55E-01    5.45E-03    2.98E+00    2.94E-01
    8.44E+00    4.30E+00    4.55E+09    4.19E+09    2.24E+08    4.29E+07    4.77E+09    9.53E-01    2.03E+01    9.98E-01    2.13E+01    4.32E+02    7.80E+00    7.71E+00    1.35E+00    6.02E-03    6.03E+00    2.96E-01
    8.60E+00    4.76E+00    3.88E+09    3.49E+09    2.59E+08    4.61E+07    4.14E+09    9.37E-01    1.67E+01    1.11E+00    1.78E+01    4.48E+02    7.97E+00    7.83E+00    1.37E+00    5.89E-03    5.28E+00    3.53E-01
    8.01E+00    3.78E+00    4.11E+09    3.83E+09    2.55E+08    4.70E+07    4.36E+09    9.42E-01    2.04E+01    1.26E+00    2.16E+01    5.86E+02    7.99E+00    7.83E+00    5.76E-01    2.85E-03    2.26E+00    1.40E-01
    9.47E+00    3.67E+00    4.80E+09    4.59E+09    6.05E+08    8.25E+07    5.40E+09    8.88E-01    1.70E+01    2.15E+00    1.92E+01    4.02E+02    7.99E+00    7.89E+00    2.94E+00    1.04E-02    4.86E+00    6.13E-01
    9.96E+00    3.51E+00    6.79E+09    6.59E+09    8.91E+08    1.04E+08    7.68E+09    8.84E-01    2.18E+01    2.86E+00    2.47E+01    3.59E+02    7.93E+00    7.84E+00    5.38E+00    1.73E-02    6.03E+00    7.92E-01
    9.42E+00    4.57E+00    5.24E+09    5.00E+09    8.28E+08    1.18E+08    6.07E+09    8.64E-01    1.88E+01    2.97E+00    2.18E+01    4.67E+02    8.02E+00    7.97E+00    2.76E+00    9.90E-03    3.33E+00    5.27E-01
    1.09E+01    3.46E+00    6.11E+09    5.89E+09    1.28E+09    2.62E+08    7.39E+09    8.27E-01    1.63E+01    3.42E+00    1.98E+01    4.54E+02    8.05E+00    7.94E+00    2.89E+00    7.74E-03    2.26E+00    4.74E-01
    1.12E+01    3.84E+00    9.68E+09    9.47E+09    2.31E+09    5.19E+08    1.20E+10    8.07E-01    2.46E+01    5.86E+00    3.04E+01    4.38E+02    8.05E+00    7.95E+00    6.62E+00    1.68E-02    2.86E+00    6.84E-01
    1.22E+01    4.15E+00    1.18E+10    1.16E+10    2.99E+09    4.80E+08    1.48E+10    7.97E-01    2.52E+01    6.39E+00    3.16E+01    4.21E+02    8.06E+00    7.98E+00    1.01E+01    2.15E-02    3.37E+00    8.55E-01
    1.27E+01    5.72E+00    1.09E+10    1.03E+10    3.60E+09    7.40E+08    1.45E+10    7.51E-01    2.14E+01    7.10E+00    2.85E+01    5.40E+02    8.09E+00    7.99E+00    5.43E+00    1.07E-02    1.51E+00    5.01E-01
    1.24E+01    5.02E+00    1.33E+10    1.32E+10    5.06E+09    9.66E+08    1.84E+10    7.25E-01    2.76E+01    1.05E+01    3.80E+01    5.16E+02    8.15E+00    8.02E+00    1.33E+01    2.74E-02    2.62E+00    9.95E-01
    1.54E+01    7.34E+00    1.39E+10    1.30E+10    5.31E+09    9.75E+08    1.92E+10    7.23E-01    1.87E+01    7.14E+00    2.58E+01    6.18E+02    8.17E+00    8.05E+00    5.93E+00    7.97E-03    1.12E+00    4.27E-01
    1.49E+01    4.97E+00    1.38E+10    1.33E+10    4.93E+09    8.30E+08    1.87E+10    7.37E-01    1.97E+01    7.04E+00    2.67E+01    6.86E+02    8.19E+00    8.08E+00    5.72E+00    8.18E-03    1.16E+00    4.15E-01
    1.54E+01    5.02E+00    1.49E+10    1.45E+10    5.68E+09    8.67E+08    2.05E+10    7.23E-01    1.99E+01    7.63E+00    2.76E+01    6.98E+02    8.23E+00    8.11E+00    1.02E+01    1.36E-02    1.79E+00    6.84E-01
    1.36E+01    5.31E+00    1.11E+10    1.08E+10    5.34E+09    5.69E+08    1.65E+10    6.76E-01    1.92E+01    9.22E+00    2.84E+01    7.35E+02    8.27E+00    8.16E+00    6.92E+00    1.19E-02    1.29E+00    6.21E-01
    1.64E+01    4.57E+00    2.09E+10    2.04E+10    1.09E+10    1.45E+09    3.17E+10    6.57E-01    2.46E+01    1.28E+01    3.74E+01    1.28E+03    8.32E+00    8.16E+00    1.22E+01    1.44E-02    1.12E+00    5.85E-01
    1.74E+01    6.29E+00    9.67E+09    9.00E+09    1.52E+09    4.10E+08    1.12E+10    8.64E-01    1.02E+01    1.60E+00    1.18E+01    6.04E+02    8.42E+00    8.25E+00    2.58E+00    2.71E-03    1.69E+00    2.66E-01
    1.76E+01    9.18E+00    9.53E+09    8.60E+09    4.60E+09    1.35E+09    1.41E+10    6.74E-01    9.78E+00    4.72E+00    1.45E+01    1.06E+03    8.44E+00    8.21E+00    1.09E+00    1.12E-03    2.37E-01    1.14E-01
    1.32E+01    3.77E+00    6.41E+09    6.35E+09    4.93E+09    1.27E+09    1.13E+10    5.66E-01    1.17E+01    8.97E+00    2.06E+01    1.02E+03    8.52E+00    8.35E+00    5.58E+00    1.01E-02    1.13E+00    8.69E-01
    1.84E+01    3.21E+00    9.97E+09    9.69E+09    6.21E+09    1.50E+09    1.62E+10    6.16E-01    9.33E+00    5.81E+00    1.51E+01    1.13E+03    8.44E+00    8.35E+00    5.21E+00    4.88E-03    8.40E-01    5.23E-01
    1.47E+01    2.69E+00    8.63E+09    8.66E+09    6.84E+09    1.27E+09    1.55E+10    5.58E-01    1.27E+01    1.01E+01    2.27E+01    1.12E+03    8.45E+00    8.47E+00    6.26E+00    9.21E-03    9.15E-01    7.26E-01
    2.07E+01    3.84E+00    1.27E+10    1.23E+10    8.80E+09    1.65E+09    2.15E+10    5.90E-01    9.45E+00    6.56E+00    1.60E+01    1.21E+03    8.37E+00    8.47E+00    4.69E+00    3.49E-03    5.33E-01    3.70E-01
    2.22E+01    4.39E+00    1.28E+10    1.22E+10    9.90E+09    2.01E+09    2.27E+10    5.64E-01    8.24E+00    6.38E+00    1.46E+01    1.31E+03    8.36E+00    8.46E+00    2.77E+00    1.78E-03    2.79E-01    2.16E-01
    1.95E+01    2.95E+00    8.43E+09    8.16E+09    8.92E+09    1.53E+09    1.73E+10    4.86E-01    7.02E+00    7.43E+00    1.45E+01    1.39E+03    8.41E+00    8.50E+00    1.87E+00    1.56E-03    2.10E-01    2.22E-01
    2.18E+01    3.51E+00    1.09E+10    1.05E+10    9.71E+09    1.81E+09    2.06E+10    5.29E-01    7.32E+00    6.51E+00    1.38E+01    1.55E+03    8.36E+00    8.46E+00    2.02E+00    1.35E-03    2.08E-01    1.85E-01
    2.07E+01    3.91E+00    1.01E+10    9.65E+09    1.00E+10    1.90E+09    2.01E+10    5.01E-01    7.51E+00    7.47E+00    1.50E+01    1.69E+03    8.36E+00    8.45E+00    1.96E+00    1.46E-03    1.95E-01    1.94E-01
    2.31E+01    3.27E+00    9.86E+09    9.46E+09    9.95E+09    1.93E+09    1.98E+10    4.98E-01    5.88E+00    5.94E+00    1.18E+01    1.81E+03    8.35E+00    8.45E+00    9.71E-01    5.79E-04    9.76E-02    9.85E-02
