 UNITS:
 [mass] = M_sun
 [age] = Myr
 [Rdisc / Hdisc] = kpc
 [metalicity] = log([O/H]) + 12
 [Sigma] = M_sun / pc^2
 [SFR] = M_sun / yr
 [sig_SFR] = M_sun / yr / kpc
 [SSFR] = 1 / Gyr 
 [tau] = 1 / Gyr 	tau = SFR/M_gas = gas consumption time
 gal         Rdisc       Hdisc       Mg          Mc          Ms          
 Es_Ms       Mb          fg          Sigg        	Sigs        Sigb        
 age         zg          zs          SFR          Sig_SFR     SSFR        
 tau         
 
    2.10E+00    1.77E+00    6.69E+07    6.18E+07    4.21E+06    0.00E+00    7.11E+07    9.41E-01    4.84E+00    3.05E-01    5.14E+00    4.34E+02    7.12E+00    7.30E+00    7.37E-04    5.33E-05    1.75E-01    1.10E-02
    2.01E+00    1.44E+00    9.85E+07    8.93E+07    9.85E+06    1.55E+06    1.08E+08    9.09E-01    7.73E+00    7.74E-01    8.51E+00    3.70E+02    7.48E+00    7.30E+00    3.15E-02    2.48E-03    3.20E+00    3.20E-01
    2.36E+00    1.51E+00    1.10E+08    9.63E+07    8.35E+06    1.58E+06    1.18E+08    9.29E-01    6.25E+00    4.76E-01    6.73E+00    5.81E+02    7.51E+00    7.34E+00    6.23E-03    3.55E-04    7.46E-01    5.68E-02
    2.13E+00    1.42E+00    1.18E+08    1.09E+08    5.86E+06    7.24E+05    1.24E+08    9.53E-01    8.33E+00    4.13E-01    8.74E+00    5.99E+02    7.39E+00    7.33E+00    4.36E-03    3.07E-04    7.43E-01    3.69E-02
    2.65E+00    1.51E+00    1.80E+08    1.62E+08    1.12E+07    1.98E+06    1.91E+08    9.41E-01    8.15E+00    5.07E-01    8.66E+00    6.19E+02    7.40E+00    7.35E+00    2.89E-02    1.31E-03    2.57E+00    1.60E-01
    2.91E+00    1.42E+00    1.57E+08    1.43E+08    1.40E+07    3.02E+06    1.71E+08    9.18E-01    5.91E+00    5.27E-01    6.43E+00    6.84E+02    7.39E+00    7.35E+00    4.46E-02    1.68E-03    3.18E+00    2.84E-01
    3.03E+00    1.36E+00    3.12E+08    2.96E+08    2.39E+07    3.57E+06    3.36E+08    9.29E-01    1.08E+01    8.29E-01    1.17E+01    4.70E+02    7.44E+00    7.38E+00    1.65E-01    5.72E-03    6.90E+00    5.28E-01
    3.25E+00    1.82E+00    2.46E+08    2.25E+08    2.04E+07    2.94E+06    2.66E+08    9.23E-01    7.42E+00    6.16E-01    8.04E+00    4.95E+02    7.47E+00    7.38E+00    1.20E-01    3.61E-03    5.86E+00    4.86E-01
    2.16E+00    1.68E+00    1.65E+08    1.51E+08    8.51E+06    1.30E+06    1.73E+08    9.51E-01    1.12E+01    5.80E-01    1.18E+01    8.06E+02    7.29E+00    7.42E+00    1.65E-02    1.12E-03    1.93E+00    9.98E-02
    4.40E+00    3.01E+00    1.93E+08    1.34E+08    2.78E+07    1.08E+07    2.21E+08    8.74E-01    3.17E+00    4.57E-01    3.63E+00    9.04E+02    7.37E+00    7.36E+00    4.87E-03    8.02E-05    1.75E-01    2.53E-02
    4.13E+00    1.66E+00    1.69E+08    1.32E+08    2.41E+07    7.33E+06    1.93E+08    8.75E-01    3.15E+00    4.50E-01    3.60E+00    8.82E+02    7.46E+00    7.39E+00    2.79E-02    5.20E-04    1.16E+00    1.65E-01
    3.17E+00    1.76E+00    8.00E+08    7.61E+08    3.31E+07    1.52E+07    8.33E+08    9.60E-01    2.54E+01    1.05E+00    2.64E+01    9.24E+02    7.47E+00    7.29E+00    1.35E-01    4.28E-03    4.07E+00    1.69E-01
    6.07E+00    2.58E+00    4.16E+08    3.48E+08    1.55E+08    9.29E+07    5.71E+08    7.29E-01    3.59E+00    1.34E+00    4.93E+00    8.02E+02    7.75E+00    7.48E+00    1.86E-01    1.61E-03    1.20E+00    4.48E-01
    6.25E+00    4.35E+00    7.63E+08    6.20E+08    5.05E+07    1.13E+07    8.14E+08    9.38E-01    6.21E+00    4.11E-01    6.62E+00    8.83E+02    7.63E+00    7.57E+00    2.56E-02    2.09E-04    5.07E-01    3.36E-02
    5.59E+00    1.55E+00    5.16E+08    4.65E+08    7.41E+07    2.11E+07    5.90E+08    8.75E-01    5.26E+00    7.55E-01    6.01E+00    1.07E+03    7.63E+00    7.55E+00    1.19E-01    1.21E-03    1.61E+00    2.31E-01
    5.87E+00    2.13E+00    7.43E+08    6.65E+08    6.34E+07    1.87E+07    8.06E+08    9.21E-01    6.86E+00    5.85E-01    7.45E+00    1.02E+03    7.57E+00    7.57E+00    4.77E-02    4.41E-04    7.53E-01    6.42E-02
    7.63E+00    3.92E+00    1.92E+09    1.66E+09    2.71E+08    1.76E+08    2.19E+09    8.77E-01    1.05E+01    1.48E+00    1.20E+01    7.96E+02    7.68E+00    7.56E+00    6.10E-01    3.34E-03    2.25E+00    3.17E-01
    7.18E+00    3.07E+00    1.53E+09    1.37E+09    1.40E+08    3.91E+07    1.67E+09    9.16E-01    9.47E+00    8.67E-01    1.03E+01    9.24E+02    7.71E+00    7.59E+00    4.71E-01    2.91E-03    3.36E+00    3.07E-01
    8.13E+00    4.50E+00    1.97E+09    1.71E+09    1.30E+08    3.63E+07    2.10E+09    9.38E-01    9.51E+00    6.29E-01    1.01E+01    1.05E+03    7.70E+00    7.60E+00    2.70E-01    1.30E-03    2.07E+00    1.37E-01
    6.00E+00    1.89E+00    1.10E+09    1.03E+09    1.16E+08    2.95E+07    1.22E+09    9.05E-01    9.74E+00    1.03E+00    1.08E+01    1.05E+03    7.91E+00    7.68E+00    2.20E-01    1.94E-03    1.89E+00    1.99E-01
    8.51E+00    4.79E+00    1.71E+09    1.49E+09    1.13E+08    3.60E+07    1.82E+09    9.38E-01    7.51E+00    4.97E-01    8.00E+00    1.18E+03    7.88E+00    7.68E+00    5.50E-02    2.42E-04    4.86E-01    3.22E-02
    8.98E+00    3.19E+00    2.28E+09    2.07E+09    1.34E+08    3.53E+07    2.42E+09    9.44E-01    9.00E+00    5.30E-01    9.53E+00    1.20E+03    7.82E+00    7.71E+00    2.44E-01    9.63E-04    1.82E+00    1.07E-01
    9.59E+00    4.55E+00    1.76E+09    1.53E+09    1.56E+08    4.38E+07    1.92E+09    9.18E-01    6.11E+00    5.42E-01    6.65E+00    1.26E+03    7.91E+00    7.74E+00    1.18E-01    4.08E-04    7.53E-01    6.68E-02
    8.85E+00    4.15E+00    1.68E+09    1.45E+09    1.65E+08    5.33E+07    1.85E+09    9.11E-01    6.84E+00    6.69E-01    7.51E+00    1.45E+03    7.96E+00    7.75E+00    3.73E-02    1.52E-04    2.27E-01    2.22E-02
    7.26E+00    2.98E+00    1.55E+09    1.42E+09    1.85E+08    5.12E+07    1.74E+09    8.93E-01    9.39E+00    1.12E+00    1.05E+01    1.35E+03    7.99E+00    7.81E+00    2.34E-01    1.41E-03    1.26E+00    1.50E-01
    9.48E+00    4.46E+00    1.67E+09    1.46E+09    1.91E+08    5.24E+07    1.86E+09    8.97E-01    5.92E+00    6.77E-01    6.60E+00    1.52E+03    7.98E+00    7.81E+00    8.35E-02    2.96E-04    4.37E-01    5.00E-02
    1.03E+01    3.83E+00    2.04E+09    1.82E+09    2.47E+08    6.99E+07    2.29E+09    8.92E-01    6.08E+00    7.36E-01    6.82E+00    1.48E+03    7.96E+00    7.82E+00    1.99E-01    5.93E-04    8.05E-01    9.75E-02
    1.06E+01    4.29E+00    1.93E+09    1.75E+09    2.36E+08    6.30E+07    2.17E+09    8.91E-01    5.49E+00    6.70E-01    6.15E+00    1.60E+03    7.99E+00    7.84E+00    1.65E-01    4.67E-04    6.98E-01    8.52E-02
    1.01E+01    4.02E+00    1.88E+09    1.71E+09    2.86E+08    7.89E+07    2.17E+09    8.68E-01    5.83E+00    8.86E-01    6.72E+00    1.66E+03    7.95E+00    7.85E+00    5.53E-02    1.71E-04    1.93E-01    2.94E-02
    1.07E+01    4.21E+00    1.72E+09    1.55E+09    3.04E+08    8.05E+07    2.02E+09    8.50E-01    4.77E+00    8.42E-01    5.61E+00    1.72E+03    8.00E+00    7.87E+00    1.71E-01    4.74E-04    5.63E-01    9.93E-02
    1.05E+01    3.75E+00    1.15E+09    1.02E+09    3.01E+08    7.75E+07    1.45E+09    7.92E-01    3.31E+00    8.67E-01    4.18E+00    1.69E+03    8.09E+00    7.91E+00    1.33E-01    3.84E-04    4.43E-01    1.16E-01
    8.92E+00    2.56E+00    1.36E+09    1.23E+09    3.00E+08    6.13E+07    1.66E+09    8.19E-01    5.42E+00    1.20E+00    6.62E+00    1.83E+03    8.04E+00    7.93E+00    9.68E-02    3.87E-04    3.22E-01    7.14E-02
    1.12E+01    3.58E+00    1.68E+09    1.54E+09    3.38E+08    7.70E+07    2.02E+09    8.33E-01    4.30E+00    8.61E-01    5.16E+00    1.79E+03    8.00E+00    7.93E+00    2.05E-01    5.23E-04    6.07E-01    1.22E-01
    1.21E+01    2.93E+00    1.47E+09    1.36E+09    3.76E+08    8.50E+07    1.85E+09    7.97E-01    3.22E+00    8.21E-01    4.04E+00    1.88E+03    7.99E+00    7.93E+00    9.95E-02    2.17E-04    2.65E-01    6.76E-02
    1.02E+01    3.83E+00    1.46E+09    1.32E+09    3.66E+08    7.54E+07    1.83E+09    8.00E-01    4.45E+00    1.11E+00    5.56E+00    2.04E+03    8.00E+00    7.95E+00    4.71E-02    1.43E-04    1.29E-01    3.23E-02
