 UNITS:
 [mass] = M_sun
 [age] = Myr
 [Rdisc / Hdisc] = kpc
 [metalicity] = log([O/H]) + 12
 [Sigma] = M_sun / pc^2
 [SFR] = M_sun / yr
 [sig_SFR] = M_sun / yr / kpc
 [SSFR] = 1 / Gyr 
 [tau] = 1 / Gyr 	tau = SFR/M_gas = gas consumption time
 gal         Rdisc       Hdisc       Mg          Mc          Ms          
 Es_Ms       Mb          fg          Sigg        	Sigs        Sigb        
 age         zg          zs          SFR          Sig_SFR     SSFR        
 tau         
 
    9.41E-01    6.91E-01    6.57E+07    6.55E+07    4.31E+06    0.00E+00    7.00E+07    9.38E-01    2.36E+01    1.55E+00    2.51E+01    8.84E+01    7.57E+00    7.39E+00    3.54E-02    1.27E-02    8.22E+00    5.40E-01
    1.29E+00    7.10E-01    7.97E+07    7.83E+07    4.43E+06    8.07E+05    8.42E+07    9.47E-01    1.51E+01    8.42E-01    1.60E+01    1.56E+02    7.20E+00    7.39E+00    1.57E-02    2.98E-03    3.53E+00    1.96E-01
    1.61E+00    1.03E+00    3.19E+07    3.25E+07    1.02E+07    1.96E+06    4.22E+07    7.58E-01    3.91E+00    1.25E+00    5.16E+00    1.82E+02    7.64E+00    7.38E+00    3.33E-02    4.08E-03    3.26E+00    1.04E+00
    2.15E+00    1.48E+00    9.88E+07    9.35E+07    7.79E+06    2.32E+06    1.07E+08    9.27E-01    6.83E+00    5.38E-01    7.37E+00    2.83E+02    7.22E+00    7.43E+00    6.96E-03    4.81E-04    8.93E-01    7.04E-02
    2.46E+00    1.90E+00    3.92E+08    3.66E+08    8.95E+06    2.21E+06    4.01E+08    9.78E-01    2.07E+01    4.72E-01    2.11E+01    3.06E+02    7.47E+00    7.40E+00    3.58E-02    1.88E-03    4.00E+00    9.12E-02
    2.79E+00    1.68E+00    2.96E+08    2.83E+08    3.50E+07    3.42E+06    3.31E+08    8.94E-01    1.21E+01    1.43E+00    1.35E+01    1.76E+02    7.85E+00    7.57E+00    1.72E-01    7.01E-03    4.90E+00    5.80E-01
    3.31E+00    2.07E+00    7.00E+08    6.57E+08    3.83E+07    1.23E+07    7.38E+08    9.48E-01    2.04E+01    1.11E+00    2.15E+01    2.82E+02    7.56E+00    7.55E+00    1.13E-01    3.30E-03    2.96E+00    1.62E-01
    2.43E+00    1.50E+00    6.02E+08    5.84E+08    4.27E+07    5.57E+06    6.44E+08    9.34E-01    3.25E+01    2.31E+00    3.48E+01    2.53E+02    7.87E+00    7.68E+00    3.44E-01    1.86E-02    8.05E+00    5.72E-01
    3.77E+00    2.78E+00    8.05E+08    7.79E+08    9.17E+07    1.84E+07    8.96E+08    8.98E-01    1.80E+01    2.05E+00    2.01E+01    2.53E+02    7.79E+00    7.73E+00    6.92E-01    1.55E-02    7.54E+00    8.60E-01
    3.60E+00    2.04E+00    7.80E+08    7.31E+08    1.04E+08    1.49E+07    8.84E+08    8.82E-01    1.91E+01    2.56E+00    2.17E+01    2.83E+02    8.05E+00    7.78E+00    4.94E-01    1.21E-02    4.74E+00    6.34E-01
    4.46E+00    1.61E+00    4.67E+08    4.33E+08    9.67E+07    1.48E+07    5.64E+08    8.28E-01    7.46E+00    1.54E+00    9.00E+00    4.02E+02    7.84E+00    7.81E+00    2.32E-01    3.70E-03    2.40E+00    4.96E-01
    4.57E+00    2.19E+00    5.82E+08    5.19E+08    1.26E+08    2.91E+07    7.07E+08    8.22E-01    8.87E+00    1.92E+00    1.08E+01    5.03E+02    7.83E+00    7.82E+00    1.68E-01    2.56E-03    1.33E+00    2.89E-01
    3.87E+00    2.69E+00    8.62E+08    7.86E+08    3.71E+07    7.62E+06    8.99E+08    9.59E-01    1.83E+01    7.90E-01    1.91E+01    7.58E+02    7.76E+00    7.79E+00    5.91E-03    1.26E-04    1.59E-01    6.85E-03
    5.10E+00    2.23E+00    2.20E+09    2.09E+09    1.85E+08    2.58E+07    2.39E+09    9.23E-01    2.69E+01    2.26E+00    2.92E+01    4.58E+02    7.92E+00    7.83E+00    9.78E-01    1.20E-02    5.29E+00    4.44E-01
    3.38E+00    2.10E+00    1.58E+09    1.53E+09    1.69E+08    1.37E+07    1.75E+09    9.03E-01    4.41E+01    4.72E+00    4.88E+01    4.19E+02    8.12E+00    8.07E+00    6.61E-01    1.84E-02    3.90E+00    4.17E-01
    2.10E+00    8.38E-01    1.15E+09    1.55E+09    6.59E+08    9.89E+06    1.81E+09    6.35E-01    8.32E+01    4.78E+01    1.31E+02    1.66E+02    8.43E+00    8.48E+00    4.68E+00    3.39E-01    7.11E+00    4.08E+00
    4.81E+00    1.97E+00    2.53E+09    2.54E+09    4.43E+08    7.67E+07    2.97E+09    8.51E-01    3.48E+01    6.09E+00    4.09E+01    4.08E+02    8.22E+00    8.03E+00    2.55E+00    3.51E-02    5.76E+00    1.01E+00
    3.65E+00    1.75E+00    1.61E+09    1.77E+09    1.16E+09    5.04E+07    2.77E+09    5.82E-01    3.85E+01    2.76E+01    6.61E+01    3.02E+02    8.30E+00    8.54E+00    3.47E+00    8.27E-02    3.00E+00    2.15E+00
    5.10E+00    2.30E+00    1.42E+09    1.58E+09    1.41E+09    7.47E+07    2.83E+09    5.03E-01    1.74E+01    1.72E+01    3.46E+01    3.54E+02    8.29E+00    8.54E+00    2.31E+00    2.83E-02    1.64E+00    1.62E+00
    1.33E+00    2.09E-01    7.81E+08    1.64E+09    1.79E+09    9.76E+06    2.57E+09    3.04E-01    1.42E+02    3.24E+02    4.65E+02    2.54E+02    8.73E+00    8.58E+00    1.03E+01    1.87E+00    5.76E+00    1.32E+01
    3.48E+00    8.92E-01    1.15E+09    1.31E+09    5.89E+08    7.96E+07    1.74E+09    6.61E-01    3.02E+01    1.55E+01    4.57E+01    5.06E+02    8.55E+00    8.35E+00    3.18E+00    8.37E-02    5.41E+00    2.78E+00
    2.95E+00    6.58E-01    1.15E+09    1.59E+09    1.66E+09    6.89E+07    2.82E+09    4.10E-01    4.22E+01    6.08E+01    1.03E+02    3.87E+02    8.53E+00    8.65E+00    5.85E+00    2.14E-01    3.52E+00    5.07E+00
    1.57E+00    1.39E-01    4.77E+08    9.20E+08    1.44E+09    1.54E+07    1.92E+09    2.48E-01    6.18E+01    1.87E+02    2.49E+02    3.23E+02    8.75E+00    8.70E+00    5.37E+00    6.96E-01    3.72E+00    1.13E+01
    7.77E+00    4.69E+00    1.38E+09    1.17E+09    4.25E+08    1.44E+08    1.80E+09    7.64E-01    7.26E+00    2.24E+00    9.50E+00    1.18E+03    8.24E+00    8.31E+00    1.30E-01    6.86E-04    3.06E-01    9.44E-02
    5.86E+00    1.82E+00    1.28E+09    1.41E+09    6.91E+08    1.19E+08    1.97E+09    6.49E-01    1.18E+01    6.41E+00    1.83E+01    7.73E+02    8.24E+00    8.32E+00    3.32E+00    3.08E-02    4.80E+00    2.60E+00
    5.76E+00    1.39E+00    1.30E+09    1.35E+09    8.64E+08    1.12E+08    2.16E+09    6.01E-01    1.25E+01    8.28E+00    2.07E+01    7.21E+02    8.20E+00    8.36E+00    2.03E+00    1.94E-02    2.34E+00    1.56E+00
    6.82E+00    1.34E+00    1.41E+09    1.48E+09    1.19E+09    1.29E+08    2.61E+09    5.42E-01    9.67E+00    8.17E+00    1.78E+01    7.22E+02    8.16E+00    8.37E+00    2.12E+00    1.45E-02    1.77E+00    1.50E+00
    4.83E+00    1.18E+00    1.16E+09    1.33E+09    1.47E+09    1.16E+08    2.63E+09    4.42E-01    1.59E+01    2.00E+01    3.59E+01    6.90E+02    8.24E+00    8.37E+00    3.57E+00    4.88E-02    2.43E+00    3.07E+00
    3.54E+00    4.87E-01    3.05E+08    5.57E+08    1.39E+09    5.94E+07    1.69E+09    1.80E-01    7.75E+00    3.53E+01    4.30E+01    6.54E+02    8.56E+00    8.46E+00    2.23E+00    5.67E-02    1.61E+00    7.31E+00
    1.27E+01    5.59E+00    8.92E+08    6.38E+08    7.90E+08    1.81E+08    1.68E+09    5.30E-01    1.75E+00    1.55E+00    3.30E+00    1.78E+03    8.09E+00    8.50E+00    3.56E-02    6.99E-05    4.51E-02    4.00E-02
    1.13E+01    4.35E+00    7.84E+08    6.35E+08    8.74E+08    1.88E+08    1.66E+09    4.73E-01    1.96E+00    2.19E+00    4.15E+00    1.88E+03    7.96E+00    8.52E+00    5.31E-02    1.33E-04    6.08E-02    6.77E-02
    9.67E+00    2.31E+00    9.08E+08    8.18E+08    9.49E+08    1.94E+08    1.86E+09    4.89E-01    3.09E+00    3.23E+00    6.32E+00    1.95E+03    7.91E+00    8.53E+00    1.12E-01    3.81E-04    1.18E-01    1.23E-01
    9.98E+00    5.11E+00    1.17E+09    9.74E+08    9.85E+08    2.09E+08    2.15E+09    5.43E-01    3.74E+00    3.15E+00    6.88E+00    2.05E+03    7.86E+00    8.51E+00    1.76E-01    5.63E-04    1.79E-01    1.51E-01
    1.18E+01    4.70E+00    1.01E+09    8.28E+08    1.02E+09    2.13E+08    2.02E+09    4.97E-01    2.29E+00    2.33E+00    4.62E+00    2.21E+03    7.83E+00    8.52E+00    1.11E-01    2.53E-04    1.09E-01    1.10E-01
    8.08E+00    2.41E+00    1.07E+09    9.53E+08    9.23E+08    1.70E+08    1.99E+09    5.37E-01    5.21E+00    4.50E+00    9.70E+00    2.36E+03    7.82E+00    8.53E+00    2.73E-01    1.33E-03    2.96E-01    2.55E-01
    9.40E+00    4.08E+00    2.01E+09    1.81E+09    7.66E+08    1.51E+08    2.78E+09    7.24E-01    7.26E+00    2.76E+00    1.00E+01    2.55E+03    7.80E+00    8.51E+00    4.40E-01    1.58E-03    5.74E-01    2.18E-01
    6.49E+00    2.04E+00    1.53E+09    1.50E+09    8.87E+08    1.26E+08    2.42E+09    6.33E-01    1.16E+01    6.70E+00    1.83E+01    2.25E+03    7.99E+00    8.49E+00    1.63E+00    1.23E-02    1.84E+00    1.07E+00
    7.70E+00    3.50E+00    1.67E+09    1.56E+09    1.05E+09    1.60E+08    2.72E+09    6.13E-01    8.98E+00    5.67E+00    1.46E+01    2.42E+03    8.04E+00    8.47E+00    1.17E+00    6.28E-03    1.11E+00    6.99E-01
    7.76E+00    2.52E+00    1.60E+09    1.49E+09    9.54E+08    1.58E+08    2.55E+09    6.26E-01    8.45E+00    5.04E+00    1.35E+01    2.64E+03    8.09E+00    8.47E+00    7.74E-01    4.09E-03    8.12E-01    4.85E-01
