 UNITS:
 [mass] = M_sun
 [age] = Myr
 [Rdisc / Hdisc] = kpc
 [metalicity] = log([O/H]) + 12
 [Sigma] = M_sun / pc^2
 [SFR] = M_sun / yr
 [sig_SFR] = M_sun / yr / kpc
 [SSFR] = 1 / Gyr 
 [tau] = 1 / Gyr 	tau = SFR/M_gas = gas consumption time
 gal         Rdisc       Hdisc       Mg          Mc          Ms          
 Es_Ms       Mb          fg          Sigg        	Sigs        Sigb        
 age         zg          zs          SFR          Sig_SFR     SSFR        
 tau         
 
    1.18E+00    5.80E-01    5.95E+07    5.97E+07    4.70E+06    0.00E+00    6.42E+07    9.27E-01    1.35E+01    1.07E+00    1.46E+01    1.25E+02    7.29E+00    7.28E+00    4.22E-02    9.60E-03    8.99E+00    7.10E-01
    1.58E+00    8.96E-01    6.09E+07    5.95E+07    5.01E+06    6.78E+05    6.59E+07    9.24E-01    7.76E+00    6.38E-01    8.40E+00    1.87E+02    7.35E+00    7.28E+00    2.61E-02    3.32E-03    5.21E+00    4.28E-01
    1.86E+00    1.04E+00    1.86E+08    1.81E+08    3.96E+06    7.95E+05    1.90E+08    9.79E-01    1.71E+01    3.65E-01    1.75E+01    2.37E+02    7.17E+00    7.25E+00    2.33E-02    2.14E-03    5.88E+00    1.25E-01
    1.81E+00    1.33E+00    1.10E+08    9.84E+07    4.79E+06    7.95E+05    1.15E+08    9.58E-01    1.07E+01    4.66E-01    1.12E+01    3.25E+02    7.30E+00    7.35E+00    4.93E-03    4.80E-04    1.03E+00    4.48E-02
    2.32E+00    9.08E-01    1.65E+08    1.59E+08    1.09E+07    1.72E+06    1.76E+08    9.38E-01    9.72E+00    6.45E-01    1.04E+01    2.76E+02    7.18E+00    7.28E+00    6.25E-02    3.69E-03    5.71E+00    3.79E-01
    2.24E+00    1.56E+00    2.68E+08    2.52E+08    9.95E+06    2.22E+06    2.78E+08    9.64E-01    1.71E+01    6.34E-01    1.77E+01    4.40E+02    7.30E+00    7.29E+00    3.12E-02    1.98E-03    3.13E+00    1.16E-01
    2.16E+00    1.21E+00    2.16E+08    2.06E+08    1.14E+07    2.02E+06    2.27E+08    9.50E-01    1.48E+01    7.81E-01    1.56E+01    3.94E+02    7.48E+00    7.36E+00    6.61E-02    4.53E-03    5.80E+00    3.06E-01
    2.21E+00    1.57E+00    2.28E+08    2.16E+08    1.26E+07    1.68E+06    2.41E+08    9.48E-01    1.48E+01    8.19E-01    1.57E+01    3.41E+02    7.51E+00    7.41E+00    8.80E-02    5.72E-03    6.99E+00    3.86E-01
    3.47E+00    2.23E+00    4.76E+08    4.33E+08    2.31E+07    2.97E+06    4.99E+08    9.54E-01    1.26E+01    6.11E-01    1.32E+01    3.55E+02    7.55E+00    7.46E+00    8.08E-02    2.14E-03    3.50E+00    1.70E-01
    3.94E+00    1.83E+00    5.66E+08    5.18E+08    3.48E+07    6.91E+06    6.00E+08    9.42E-01    1.16E+01    7.13E-01    1.23E+01    4.82E+02    7.47E+00    7.47E+00    4.10E-02    8.39E-04    1.18E+00    7.25E-02
    4.03E+00    2.73E+00    4.66E+08    4.13E+08    4.90E+07    6.81E+06    5.15E+08    9.05E-01    9.15E+00    9.62E-01    1.01E+01    3.97E+02    7.75E+00    7.51E+00    2.42E-01    4.76E-03    4.95E+00    5.20E-01
    4.54E+00    2.29E+00    7.89E+08    7.18E+08    3.84E+07    4.41E+06    8.28E+08    9.54E-01    1.22E+01    5.94E-01    1.28E+01    3.81E+02    7.55E+00    7.52E+00    1.99E-01    3.07E-03    5.17E+00    2.52E-01
    2.96E+00    2.13E+00    5.13E+08    4.89E+08    5.26E+07    4.84E+06    5.66E+08    9.07E-01    1.87E+01    1.91E+00    2.06E+01    4.21E+02    7.71E+00    7.58E+00    1.48E-01    5.38E-03    2.82E+00    2.88E-01
    4.27E+00    1.59E+00    4.47E+08    4.14E+08    6.74E+07    8.44E+06    5.14E+08    8.69E-01    7.82E+00    1.18E+00    9.00E+00    5.76E+02    7.84E+00    7.62E+00    1.64E-01    2.88E-03    2.44E+00    3.68E-01
    4.92E+00    2.91E+00    5.46E+08    4.77E+08    5.68E+07    8.87E+06    6.03E+08    9.06E-01    7.19E+00    7.48E-01    7.94E+00    7.24E+02    7.77E+00    7.62E+00    8.57E-02    1.13E-03    1.51E+00    1.57E-01
    5.19E+00    3.59E+00    7.55E+08    6.69E+08    6.53E+07    7.49E+06    8.20E+08    9.20E-01    8.91E+00    7.72E-01    9.68E+00    6.57E+02    7.74E+00    7.66E+00    1.88E-01    2.22E-03    2.88E+00    2.49E-01
    4.38E+00    2.24E+00    1.00E+09    9.44E+08    8.87E+07    9.85E+06    1.09E+09    9.19E-01    1.67E+01    1.48E+00    1.81E+01    6.11E+02    7.70E+00    7.67E+00    2.77E-01    4.60E-03    3.12E+00    2.76E-01
    5.02E+00    3.05E+00    7.01E+08    6.41E+08    8.61E+07    9.27E+06    7.87E+08    8.91E-01    8.85E+00    1.09E+00    9.93E+00    8.49E+02    7.80E+00    7.69E+00    1.03E-01    1.31E-03    1.20E+00    1.48E-01
    7.93E+00    5.19E+00    1.14E+09    9.23E+08    1.02E+08    1.25E+07    1.24E+09    9.18E-01    5.76E+00    5.15E-01    6.28E+00    9.33E+02    7.71E+00    7.68E+00    1.16E-01    5.86E-04    1.14E+00    1.02E-01
    5.66E+00    4.13E+00    1.22E+09    1.08E+09    8.61E+07    8.90E+06    1.31E+09    9.34E-01    1.21E+01    8.55E-01    1.30E+01    9.29E+02    7.75E+00    7.73E+00    2.93E-01    2.91E-03    3.41E+00    2.40E-01
    9.34E+00    6.37E+00    2.58E+09    2.16E+09    8.07E+07    9.95E+06    2.66E+09    9.70E-01    9.42E+00    2.95E-01    9.72E+00    1.05E+03    7.66E+00    7.73E+00    1.45E-02    5.31E-05    1.80E-01    5.63E-03
    7.43E+00    5.56E+00    1.89E+09    1.62E+09    9.22E+07    1.28E+07    1.99E+09    9.54E-01    1.09E+01    5.31E-01    1.14E+01    1.15E+03    7.92E+00    7.73E+00    1.61E-01    9.25E-04    1.74E+00    8.48E-02
    9.69E+00    5.98E+00    4.12E+09    3.72E+09    1.90E+08    6.41E+07    4.31E+09    9.56E-01    1.40E+01    6.43E-01    1.46E+01    1.04E+03    7.73E+00    7.71E+00    1.49E-01    5.03E-04    7.83E-01    3.60E-02
    9.90E+00    6.41E+00    6.11E+09    5.58E+09    3.26E+08    7.28E+07    6.43E+09    9.49E-01    1.98E+01    1.06E+00    2.09E+01    6.72E+02    7.91E+00    7.82E+00    2.15E+00    6.98E-03    6.59E+00    3.52E-01
    1.13E+01    6.56E+00    6.63E+09    5.89E+09    5.12E+08    1.20E+08    7.14E+09    9.28E-01    1.65E+01    1.28E+00    1.78E+01    6.84E+02    7.91E+00    7.82E+00    1.46E+00    3.65E-03    2.85E+00    2.21E-01
    1.08E+01    5.50E+00    8.95E+09    8.32E+09    6.63E+08    1.08E+08    9.61E+09    9.31E-01    2.43E+01    1.80E+00    2.61E+01    6.35E+02    7.93E+00    7.86E+00    2.59E+00    7.02E-03    3.90E+00    2.89E-01
    1.09E+01    5.44E+00    1.03E+10    9.67E+09    1.20E+09    9.04E+07    1.15E+10    8.95E-01    2.75E+01    3.21E+00    3.07E+01    4.07E+02    8.07E+00    7.95E+00    6.24E+00    1.67E-02    5.20E+00    6.08E-01
    1.24E+01    7.99E+00    1.01E+10    9.54E+09    1.23E+09    1.02E+08    1.14E+10    8.92E-01    2.10E+01    2.55E+00    2.36E+01    4.58E+02    8.10E+00    8.20E+00    3.38E+00    7.01E-03    2.75E+00    3.34E-01
    1.07E+01    4.84E+00    9.76E+09    1.01E+10    2.78E+09    2.05E+08    1.25E+10    7.78E-01    2.72E+01    7.74E+00    3.49E+01    3.64E+02    8.18E+00    8.29E+00    1.35E+01    3.76E-02    4.85E+00    1.38E+00
    1.27E+01    5.88E+00    1.01E+10    9.98E+09    3.33E+09    1.35E+08    1.34E+10    7.52E-01    1.99E+01    6.56E+00    2.64E+01    3.70E+02    8.21E+00    8.36E+00    9.88E+00    1.95E-02    2.97E+00    9.79E-01
    8.11E+00    2.69E+00    9.58E+09    1.09E+10    5.27E+09    1.03E+08    1.49E+10    6.45E-01    4.64E+01    2.55E+01    7.19E+01    3.19E+02    8.31E+00    8.41E+00    2.75E+01    1.33E-01    5.23E+00    2.87E+00
    1.18E+01    5.83E+00    8.14E+09    8.41E+09    5.72E+09    3.05E+08    1.39E+10    5.87E-01    1.85E+01    1.30E+01    3.15E+01    3.98E+02    8.35E+00    8.35E+00    9.98E+00    2.27E-02    1.74E+00    1.23E+00
    1.07E+01    3.80E+00    7.55E+09    7.71E+09    7.19E+09    3.10E+08    1.47E+10    5.12E-01    2.08E+01    1.98E+01    4.07E+01    4.96E+02    8.37E+00    8.39E+00    7.80E+00    2.15E-02    1.08E+00    1.03E+00
    1.01E+01    2.69E+00    5.80E+09    6.10E+09    8.17E+09    2.22E+08    1.40E+10    4.15E-01    1.80E+01    2.54E+01    4.35E+01    5.73E+02    8.40E+00    8.41E+00    7.55E+00    2.35E-02    9.24E-01    1.30E+00
    1.12E+01    4.73E+00    5.89E+09    5.76E+09    8.99E+09    3.75E+08    1.49E+10    3.96E-01    1.49E+01    2.27E+01    3.76E+01    6.96E+02    8.40E+00    8.40E+00    4.44E+00    1.12E-02    4.94E-01    7.54E-01
    1.25E+01    5.82E+00    6.93E+09    6.51E+09    7.49E+09    4.18E+08    1.44E+10    4.81E-01    1.42E+01    1.53E+01    2.95E+01    8.33E+02    8.35E+00    8.39E+00    2.22E+00    4.55E-03    2.96E-01    3.20E-01
    1.18E+01    6.52E+00    7.98E+09    7.37E+09    2.59E+09    2.22E+08    1.06E+10    7.55E-01    1.84E+01    5.96E+00    2.43E+01    1.21E+03    8.36E+00    8.36E+00    2.24E+00    5.16E-03    8.66E-01    2.81E-01
    6.58E+00    4.55E+00    4.51E+09    4.55E+09    5.42E+09    1.21E+08    9.93E+09    4.54E-01    3.32E+01    3.98E+01    7.30E+01    1.06E+03    8.49E+00    8.42E+00    5.50E+00    4.04E-02    1.01E+00    1.22E+00
    8.81E+00    3.42E+00    4.72E+09    5.55E+09    9.77E+09    2.22E+08    1.45E+10    3.26E-01    1.93E+01    4.01E+01    5.94E+01    9.58E+02    8.51E+00    8.50E+00    1.18E+01    4.85E-02    1.21E+00    2.51E+00
    5.55E+00    2.37E+00    3.98E+09    5.69E+09    8.60E+09    1.17E+08    1.26E+10    3.17E-01    4.11E+01    8.87E+01    1.30E+02    8.41E+02    8.59E+00    8.54E+00    2.20E+01    2.27E-01    2.56E+00    5.52E+00
    7.88E+00    4.18E+00    6.35E+09    6.81E+09    7.66E+09    2.14E+08    1.40E+10    4.53E-01    3.26E+01    3.93E+01    7.19E+01    9.30E+02    8.47E+00    8.56E+00    1.18E+01    6.04E-02    1.54E+00    1.85E+00
    5.39E+00    1.42E+00    5.46E+09    8.45E+09    1.23E+10    1.23E+08    1.78E+10    3.07E-01    5.99E+01    1.35E+02    1.95E+02    7.27E+02    8.58E+00    8.59E+00    4.03E+01    4.42E-01    3.28E+00    7.38E+00
    5.31E+00    9.37E-01    3.57E+09    5.93E+09    1.35E+10    2.20E+08    1.71E+10    2.09E-01    4.04E+01    1.53E+02    1.93E+02    6.99E+02    8.72E+00    8.64E+00    3.32E+01    3.74E-01    2.45E+00    9.27E+00
