# aexp,Rvir,Mvir_gas,Mvir_star,Mvir_dm,Mvir,fb/fbcosmo,fs/fbcosmo,Mgcold,Mgcool,Mgwarm,Mgwhot,Mghot,Mgcold(r>0.1Rvir),cool,warm,whot,hot 
# Cold gas (logT<3.8), Cool (3.8<logT<4.5), Warm (4.5<logT<5.5), Whot (5.5<logT<6), Hot (6<logT), excluding gas Warm,Whot and Hot with rho>-1.5cm^-3 (Delayed cooling NIHAO) 
0.137721465744			15.7583790376			6485255018.4			139818765.166			43179385634.4			49804459417.9			1.01067367076			0.0213297465428			950737.719596			5791844437.91			234874533.421			130113850.772			135181182.521			950737.719596			5481722908.14			234235856.8			129476775.932			127149045.638
0.159448635434			20.6888677693			8924267108.72			299965829.462			63392341902.4			72616574840.5			0.958495673289			0.0311696323804			0.0			7483251949.66			411248857.181			227605361.842			319232149.466			0.0			6760442838.26			410391446.306			222874247.26			302164228.675
0.179816486306			23.7672799846			10698739561.3			417085122.367			65689505344.3			76805330028.0			1.11465992766			0.041823983875			223592.320615			9299446692.94			507831188.481			162942269.38			323881922.09			223592.320615			8086973076.19			506000484.911			158955748.258			304388145.947
0.199127038228			29.3031400644			13863078192.5			635027077.224			91376442472.7			1.05874547742e+11			1.04513813457			0.0457777759605			954830.140123			11064254349.9			930149945.708			373775649.379			635743093.709			633636.706594			9157124875.94			926590343.567			362120109.658			590258030.181
0.217584923094			37.0457199289			22031165274.3			1039995465.47			1.40984068706e+11			1.64055229445e+11			1.07794374435			0.0485912528979			348404.967608			16819284645.0			2002832404.72			767370336.31			1335205139.34			348404.967608			13192385649.8			1998646389.98			746611084.609			1273089445.02
0.235337171489			44.397721907			29874390827.2			1683039580.09			1.91665670898e+11			2.23223101306e+11			1.08456101847			0.0578424509711			49887641.0253			22257632264.7			2611762407.91			1155213690.33			1746579510.3			950590.622265			15829473316.1			2608704189.57			1140082267.08			1663001195.81
0.252494135354			51.0290011271			35597828393.8			2303338549.62			2.36328496671e+11			2.74229663615e+11			1.05641164717			0.0642004947984			57591694.3284			26433633900.9			3370249900.65			1929331798.02			2612221777.56			1267520.2477			20113058619.6			3351080277.96			1850503938.24			2450107293.8
0.269141483542			59.4502814004			44524750366.0			3383297803.99			3.10398137532e+11			3.58306185702e+11			1.01668417159			0.071798903451			204911960.489			30976845089.6			4913004163.5			2592143585.0			3619682798.14			3190666.37405			22354451732.6			4891741756.58			2510901089.78			3315088438.92
0.285347543625			64.517032715			46606740464.0			4096955509.08			3.33623084537e+11			3.8432678051e+11			1.00110634931			0.0808913057372			467175902.008			31415765775.2			5694249008.7			3043573747.79			3957965607.83			320751.676652			21912308591.9			5665153664.82			2935265825.14			3638067536.1
0.301168031954			70.0469599663			50061667575.4			4924837821.66			3.63330057688e+11			4.18316563085e+11			0.99689974077			0.0892868079593			1471579627.77			31927598781.7			6199329358.1			3534050498.22			4078058377.25			1073456.97051			21002156705.2			6176995496.16			3441228690.73			3738663517.33
0.316649229971			75.9437278201			55205967746.7			6160039988.52			3.96880095057e+11			4.58246102792e+11			1.01850987439			0.102240015059			3116807818.55			31603528688.5			7566585723.87			4132160740.12			4902526321.16			2653831.26551			19458307843.9			7525930945.23			4030208388.08			4420373668.53
0.331830191392			82.6054332529			60486559984.1			8319946255.3			4.4435538453e+11			5.13161890769e+11			1.01998961646			0.123335121251			5934296214.75			29101878113.4			9209353567.56			5138735091.35			5874633934.14			965984.239784			17337888011.0			9168799258.37			5035372012.19			5416605121.09
0.346744320661			88.4466054811			60896323530.0			11450108643.2			4.79550218683e+11			5.51896650857e+11			0.993755891493			0.15727953101			9426928740.34			23414824324.3			9404953093.13			6167601993.06			6581169513.47			0.0			14663873495.7			9381013462.76			6102143124.18			6081679010.85
0.36142052979			94.5688662353			62015671052.7			14469609144.5			5.18600262178e+11			5.95085542376e+11			0.971497799925			0.183789526735			11360804364.5			21249669946.4			9837370721.09			7083457107.81			6780524237.43			1368294.3744			15417738042.5			9803865303.77			6992874666.8			6239544945.19
0.375884104326			98.9660121827			60683022740.4			17397283127.2			5.28640809639e+11			6.06721115507e+11			0.972920850729			0.216779113663			12560021392.5			17991979799.9			10023624174.3			7819704970.04			6585759469.64			1074112.22578			13607882548.3			9990326594.96			7699114013.33			5926178782.11
0.390157363661			103.026094922			59493752789.4			19957491304.9			5.3253418937e+11			6.11985433465e+11			0.982765490952			0.246862512526			12806368748.8			15948690334.6			10106645646.3			8324010657.09			6689771795.54			13046077.6854			11511287918.6			10079893178.5			8242610223.69			6034546543.04
0.404260172775			106.963006401			57764983133.8			22705726116.4			5.34734191821e+11			6.15204901071e+11			0.991280506745			0.279701072606			12503478286.6			12528051172.0			10343222627.6			8877601526.69			6868954162.55			3459215.53433			8664303203.02			10307521268.9			8798410139.4			6178239915.95
0.418210344602			111.299039388			56081237928.1			25330511135.5			5.45123477841e+11			6.26535226904e+11			0.98375938764			0.306087615238			12290986019.3			10673724111.4			10138348697.9			9491674139.27			7093056985.56			7772225.75867			7267706578.68			10091710056.1			9395417048.41			6294857948.77
0.432023960498			115.144334523			53095060819.4			27864296871.3			5.48616068481e+11			6.29575426172e+11			0.972064810836			0.334561726276			12202248183.1			7955404015.76			10183412697.3			9778342146.15			6913878080.23			30147738.748			4749291699.72			10152181308.2			9700335756.82			6170030814.94
0.445715628462			119.75039434			51296748946.4			30111388642.6			5.6340709442e+11			6.44815232009e+11			0.951792327043			0.352050661216			12335983666.4			6080484453.57			10300513212.1			9982363799.64			7146730279.76			1818471.59596			3542681308.85			10250342209.0			9853891972.21			6252600046.09
0.45929869339			126.324770057			52459134186.8			32424501133.6			6.06437268533e+11			6.91320903853e+11			0.922008191018			0.352195750359			10659312927.5			7008965620.06			10935600143.6			10656050277.0			7569381467.54			18673988.2871			4254133223.65			10884702603.4			10562811009.9			6708450962.74
0.472785409914			134.488063189			59375885517.6			35002995477.1			6.71302640469e+11			7.65681521463e+11			0.926089925592			0.343465838281			10365708379.4			11887774946.6			12501620613.0			11443143878.2			8403228672.5			17277973.5621			9218354501.86			12452055479.2			11381344829.2			7506773686.38
0.48618708573			139.817648641			60211967429.2			36984631648.0			6.93111813026e+11			7.90308412103e+11			0.923728747897			0.351491387641			9605517551.24			11721850900.1			13453925179.8			11526466065.3			9203048584.09			2138934.52098			9209475450.82			13393732482.1			11457195645.3			8188831223.23
0.499514201392			145.17462242			60971402524.7			38958767506.3			7.15958526172e+11			8.15888696203e+11			0.919402017458			0.358437991569			9112836464.78			11227432666.3			13949860281.5			12268798840.6			10004032248.4			10253983.0062			8156724736.12			13861120597.0			12179920908.4			8938194944.54
0.512776511241			150.849444855			62483786105.4			40966669728.4			7.42800985092e+11			8.46251440926e+11			0.917395549641			0.363291202436			8363270889.9			11986075998.2			13462067880.8			13326241768.7			10779895282.2			2887482.68814			9381370065.64			13379360591.7			13230425893.3			9538305717.6
0.525983128844			155.940102371			62161167059.0			42869123992.0			7.60904159831e+11			8.65934450882e+11			0.909245796537			0.371117421469			8922124294.42			11348412567.5			13428187750.9			13966113561.7			10497058100.1			39113411.7278			8692007550.03			13354167398.8			13898982960.4			9426090015.66
0.539142600058			160.113228576			60561554656.4			44784949016.7			7.64941546032e+11			8.70288049705e+11			0.907169767853			0.385656385226			7930013807.9			10681331105.7			13732713496.9			13881639759.5			10163296200.2			782050.175062			8104408354.48			13660034564.3			13819999730.0			8946519149.4
0.552262965607			163.697886854			58983243559.1			46598152612.0			7.60244853103e+11			8.65826249274e+11			0.91480936825			0.403749411341			7943992701.69			9749845308.88			14039980251.8			13546694383.1			9853010659.91			4073262.64008			7309599659.8			13968905611.4			13482679976.4			8674506414.89
0.565351815132			167.616371199			57759595593.5			48330507886.3			7.60199742643e+11			8.66289846122e+11			0.91927160624			0.418784242429			7331317269.43			9376432118.44			14217728963.4			13321976999.4			9781036340.54			804560.182856			6980306384.06			14147626966.8			13261531886.3			8612319144.47
0.578416334059			171.880097182			56974108638.5			49948780097.0			7.6463271288e+11			8.71555601616e+11			0.921116370161			0.430297381235			6750937235.73			9092447528.82			14290535927.9			13391612448.4			9789323399.59			0.0			6560465059.7			14199388555.8			13342505257.1			8637459471.53
0.591463344452			176.416619902			56482349126.8			51530553421.1			7.74229095809e+11			8.82241998357e+11			0.918973186468			0.438421667789			6604966865.89			8318513382.83			14261538768.6			13815481321.5			9829774669.34			220753.510649			5915833155.13			14179535208.0			13749850971.9			8703505298.12
0.604499340771			181.38809984			56216999058.0			53085534434.5			7.89060027155e+11			8.98362560648e+11			0.912466390483			0.443162335259			6532823613.87			7520715655.89			14402200332.3			14279883378.9			9844253303.25			2897654.66033			4741016495.68			14317041027.6			14219189416.8			8726706979.48
0.617530521317			187.08978092			56628220483.2			54610387369.8			8.13031031773e+11			9.24269639626e+11			0.901249661002			0.442450638804			6381649631.58			7165891440.22			14990753601.1			14811658668.2			9818799084.88			1018987.20079			4594795194.85			14894306305.0			14762893718.5			8734311920.67
0.630562815987			192.547825204			56999144304.1			56028359838.2			8.32820643722e+11			9.45848147864e+11			0.893983178963			0.443152413391			6300788318.11			6841887636.68			15479285792.1			15302815147.3			9744698653.86			2793307.13773			4586494821.27			15404801515.9			15240350383.9			8767201424.02
0.643601910876			198.038220348			57777706549.1			57317326257.6			8.54189121782e+11			9.69284154589e+11			0.887563095415			0.442006420898			6007713057.38			6566170050.18			16327695407.2			15793862340.2			9968303245.41			343649.195067			4456079738.07			16225566188.7			15693659869.8			8990158867.55
0.656653270144			204.689074403			60160789102.1			58427103092.8			8.88603197969e+11			1.00719109016e+12			0.879081558393			0.433114948656			5871295560.22			6400150096.42			17375918050.2			16941829804.7			10394995317.0			1014254.93399			4293102070.53			17273746828.4			16854355608.4			9476787442.48
0.669722155547			212.932669895			66570153730.9			59490026197.5			9.4138937664e+11			1.06744955657e+12			0.882074609239			0.416266593			6077943131.85			8464404539.38			19401621810.6			18512434716.7			11090862000.2			0.0			6464262528.96			19287375042.1			18440217553.5			10247643592.8
0.682813643914			222.527759433			75127530811.1			60556257357.3			1.01372573482e+12			1.14940952298e+12			0.88166617565			0.393491400532			6208568628.33			11837624344.6			21705525822.0			20265018085.9			12181190265.1			317651.320504			9751292009.96			21599812704.8			20154494309.8			11391969027.9
0.695932642847			229.374211706			79475573321.9			61357449538.3			1.05001710016e+12			1.19085012302e+12			0.883496474132			0.384917466287			6214844951.14			12784944159.0			22907000906.0			21400093277.1			13356444277.6			323937.726583			10680661615.8			22770364140.7			21295469468.8			12500519020.7
0.709083904867			235.602871214			83214074018.0			62062613319.5			1.07373479219e+12			1.21901147953e+12			0.891241896144			0.380741068566			6489934806.94			13091380308.3			23816774379.8			22427278544.8			14616531941.1			0.0			11153196360.8			23654848293.4			22304212081.9			13771507741.5
0.722272040198			241.76127269			86562967955.3			62767560998.3			1.09630910756e+12			1.24563963651e+12			0.897247532821			0.377136809476			6642561631.87			13094616493.0			24799852233.1			23531481631.2			15794778014.6			0.0			11167839694.1			24626323599.2			23403215307.5			14872431987.1
0.73550152834			247.926613791			89495417926.4			63490393138.1			1.11940566325e+12			1.27239147432e+12			0.90024422676			0.373608895358			6702291808.01			12977741855.5			25503833784.3			24650178271.1			16764496248.4			647955.548961			11245582156.1			25307904376.0			24491540666.1			15838603867.3
0.748776728593			254.393903717			92518268265.5			64286620331.5			1.14681800603e+12			1.30362289462e+12			0.900661889654			0.369251937649			6229915898.69			13332203985.2			26236516374.6			25827076314.8			17650863554.2			0.0			11679472275.6			26021457808.8			25665453949.9			16610062185.1
0.762101889634			260.152175552			94592653500.2			65276892145.8			1.16303868655e+12			1.3229082322e+12			0.905457918294			0.369710682771			5674247521.95			13432939807.0			26939580780.9			26976935312.5			18311770017.1			0.0			11733628276.9			26749870040.8			26789294779.1			17148630295.9
0.775481158267			265.735466382			96060729228.0			66357489900.4			1.17395888799e+12			1.33637710712e+12			0.911336044373			0.372334906052			5084556894.87			13800007236.8			27412969668.2			28245527633.6			18524511009.8			2575881.71872			11827183978.9			27226117011.0			28049080789.8			17262853959.4
0.788918587429			271.162344472			97247556406.8			67449781117.5			1.18590621991e+12			1.35060355743e+12			0.914814254261			0.374650994003			4629622874.26			14116295006.4			27909023129.2			29430457666.4			18484014348.7			0.0			12036448161.8			27707110337.8			29220347414.3			17215079001.4
0.802418143529			277.303940709			98592766740.8			68635804975.9			1.20479188763e+12			1.37202045935e+12			0.914313510677			0.375262690828			3871409391.81			14918318405.0			28513019627.8			30457212239.1			18315405624.1			0.0			12585540222.1			28297493484.8			30293900819.3			16902878205.2
0.815983713207			283.292268384			99372103518.5			69825518664.0			1.22082345123e+12			1.39002107341e+12			0.912931271375			0.376754109816			3180246004.37			15496006362.4			29026394300.7			31264478731.8			18134021013.5			0.0			12840339672.1			28853565706.7			31123147894.6			16614625505.4
0.829619109551			288.685828923			99639568788.6			70951420393.0			1.22979869782e+12			1.400389687e+12			0.913731821854			0.380035140953			2823386719.62			15540712676.8			29543030441.4			31859466912.1			18026102539.6			316961.973676			12624185010.3			29336119342.1			31719406605.5			16382065217.5
0.843328077845			294.342032657			1.00091801192e+11			71953867011.2			1.24098862505e+12			1.41303429325e+12			0.913214151768			0.381929346523			2704388799.02			15540835098.9			29996335107.5			32504276722.6			17736319634.2			0.0			12675372424.1			29802487788.5			32374901071.7			16259541472.0
0.857114300886			299.640353458			1.00505170774e+11			72855352448.0			1.24716955616e+12			1.42053007938e+12			0.915632921752			0.384797865093			2625665458.94			15479469088.2			30379358609.2			33091547122.1			17433004602.5			24105629.8199			12582857481.3			30191853366.4			32975650384.4			15998666116.3
0.870981403911			305.065325753			1.00981294397e+11			73673645018.8			1.25306594437e+12			1.42772088379e+12			0.918128855475			0.387288785568			2581618381.22			15469397801.2			30932074600.9			33596709295.0			17052358486.2			5010763.40133			12525430804.6			30748578701.3			33483903499.9			15687980066.4
0.884932959176			310.468307246			1.01381072363e+11			74450675205.9			1.25952621333e+12			1.4353579609e+12			0.919574190293			0.389366086136			2371964046.08			15702135660.7			31388839952.2			33892944453.1			16619002354.3			0.0			12646542933.4			31212969095.3			33775695864.1			15304018472.0
0.898972490223			316.197815221			1.02042241722e+11			75192518304.3			1.26861423608e+12			1.4458489961e+12			0.920271584343			0.390428705635			2505718598.89			15797242373.8			31966758531.3			34249567420.0			16287999485.6			30206640.1686			12516550239.7			31761092933.7			34140550954.3			15002229485.7
0.913103475852			321.609355968			1.02529522426e+11			75887142444.3			1.27388761401e+12			1.45230427888e+12			0.922573537158			0.392404316496			2845724964.55			15275584386.5			32700300457.3			34405434126.1			16064061494.6			77186560.9522			12148288864.8			32483730052.1			34282446664.4			14835674166.6
0.927329353838			326.978331376			1.03087646495e+11			76575481733.8			1.27823209834e+12			1.45789522657e+12			0.925861295733			0.394617835271			3046504324.05			14877398224.0			33396511729.5			34637101257.7			15902419650.0			38435900.5691			11762476669.9			33156937287.9			34516481012.4			14689332270.6
0.941653524407			332.620435211			1.03847602439e+11			77253543551.8			1.28369806323e+12			1.46479920923e+12			0.929298003082			0.396416948998			3232404969.02			14690777894.9			34013845966.1			35065438613.3			15721997702.3			16641860.7139			11661602470.6			33799029606.6			34949012256.4			14452386475.5
0.956079353495			338.072250862			1.0438738485e+11			77857771989.2			1.28758249003e+12			1.46982764687e+12			0.93234710174			0.398312192878			3714554844.44			14034275772.9			34644626309.5			35402019503.9			15539818319.5			287242196.889			10830147699.9			34425927495.2			35284123383.1			14335367140.2
0.970610175815			343.907178623			1.05404444183e+11			78418096471.2			1.29335128498e+12			1.47717382563e+12			0.936222246868			0.399389357867			3757360366.16			13841274163.9			35407065796.7			35786064849.3			15489538064.5			0.0			10786280118.5			35167068551.6			35679361087.9			14272311411.1
0.985249297735			349.552055863			1.06340802346e+11			79026762857.5			1.30006392956e+12			1.48543149476e+12			0.939216531215			0.400411161482			4096446008.2			13608495675.5			36045233083.9			36191037136.0			15419374136.3			0.0			10614838376.9			35822920402.6			36086300941.0			14258878764.9
1.0			355.687180293			1.07705935135e+11			79499401184.3			1.30916316045e+12			1.49636849677e+12			0.941935445109			0.400006246152			4614021151.16			13233559395.9			36954805054.1			36620679982.7			15242381295.1			118480201.096			10183074826.9			36713489850.6			36504187412.6			14163900926.9
