 UNITS:
 [mass] = M_sun
 [age] = Myr
 [Rdisc / Hdisc] = kpc
 [metalicity] = log([O/H]) + 12
 [Sigma] = M_sun / pc^2
 [SFR] = M_sun / yr
 [sig_SFR] = M_sun / yr / kpc
 [SSFR] = 1 / Gyr 
 [tau] = 1 / Gyr 	tau = SFR/M_gas = gas consumption time
 gal         Rdisc       Hdisc       Mg          Mc          Ms          
 Es_Ms       Mb          fg          Sigg        	Sigs        Sigb        
 age         zg          zs          SFR          Sig_SFR     SSFR        
 tau         
 
    1.32E+00    3.73E-01    1.74E+07    1.72E+07    8.55E+05    0.00E+00    1.83E+07    9.53E-01    3.19E+00    1.57E-01    3.35E+00    3.30E+02    6.98E+00    6.80E+00    1.29E-03    2.37E-04    1.51E+00    7.43E-02
    1.46E+00    1.02E+00    1.65E+07    1.56E+07    5.60E+05    2.72E+05    1.71E+07    9.67E-01    2.47E+00    8.36E-02    2.55E+00    5.08E+02    6.96E+00    6.89E+00    0.00E+00    0.00E+00    0.00E+00    0.00E+00
    1.69E+00    1.08E+00    1.29E+08    1.24E+08    7.26E+05    1.56E+05    1.30E+08    9.94E-01    1.44E+01    8.05E-02    1.44E+01    2.86E+02    7.22E+00    7.12E+00    5.51E-03    6.12E-04    7.59E+00    4.26E-02
    2.67E+00    2.31E+00    1.16E+08    9.97E+07    7.12E+06    1.63E+06    1.23E+08    9.42E-01    5.17E+00    3.17E-01    5.49E+00    2.13E+02    7.50E+00    7.20E+00    2.42E-02    1.08E-03    3.40E+00    2.09E-01
    2.66E+00    1.54E+00    4.63E+08    4.41E+08    2.25E+07    5.00E+06    4.85E+08    9.54E-01    2.08E+01    1.01E+00    2.18E+01    1.41E+02    7.60E+00    7.35E+00    2.70E-01    1.21E-02    1.20E+01    5.84E-01
    3.20E+00    1.77E+00    1.32E+09    1.26E+09    3.53E+07    1.17E+06    1.35E+09    9.74E-01    4.09E+01    1.10E+00    4.20E+01    7.35E+01    7.82E+00    7.72E+00    4.39E-01    1.36E-02    1.24E+01    3.33E-01
    4.04E+00    2.10E+00    5.77E+08    5.51E+08    8.86E+07    1.58E+07    6.65E+08    8.67E-01    1.12E+01    1.72E+00    1.29E+01    1.54E+02    7.97E+00    7.75E+00    6.13E-01    1.19E-02    6.92E+00    1.06E+00
    4.58E+00    2.92E+00    8.37E+08    7.67E+08    1.01E+08    2.95E+07    9.37E+08    8.93E-01    1.27E+01    1.52E+00    1.42E+01    3.13E+02    7.59E+00    7.68E+00    2.67E-01    4.05E-03    2.65E+00    3.19E-01
    5.17E+00    3.52E+00    9.22E+08    7.88E+08    1.49E+08    6.03E+07    1.07E+09    8.61E-01    1.10E+01    1.77E+00    1.27E+01    4.48E+02    7.86E+00    7.71E+00    2.42E-01    2.88E-03    1.62E+00    2.63E-01
    4.53E+00    2.93E+00    1.19E+09    1.08E+09    9.28E+07    3.00E+07    1.28E+09    9.28E-01    1.85E+01    1.44E+00    1.99E+01    5.01E+02    7.83E+00    7.73E+00    1.28E-01    1.98E-03    1.38E+00    1.07E-01
    5.23E+00    2.13E+00    2.51E+09    2.52E+09    3.32E+08    8.62E+07    2.84E+09    8.83E-01    2.92E+01    3.87E+00    3.31E+01    3.08E+02    7.94E+00    7.81E+00    3.09E+00    3.60E-02    9.29E+00    1.23E+00
    6.12E+00    3.55E+00    2.60E+09    2.59E+09    5.67E+08    9.03E+07    3.17E+09    8.21E-01    2.21E+01    4.82E+00    2.69E+01    2.77E+02    8.08E+00    7.89E+00    3.75E+00    3.18E-02    6.61E+00    1.44E+00
    7.31E+00    3.74E+00    2.15E+09    1.91E+09    3.61E+08    1.15E+08    2.51E+09    8.56E-01    1.28E+01    2.15E+00    1.49E+01    5.59E+02    8.07E+00    7.87E+00    6.99E-01    4.16E-03    1.94E+00    3.25E-01
    8.05E+00    4.89E+00    2.33E+09    2.07E+09    3.15E+08    7.85E+07    2.65E+09    8.81E-01    1.15E+01    1.55E+00    1.30E+01    5.67E+02    8.02E+00    7.96E+00    5.34E-01    2.62E-03    1.70E+00    2.29E-01
    8.04E+00    3.95E+00    3.72E+09    3.40E+09    4.01E+08    8.13E+07    4.12E+09    9.03E-01    1.83E+01    1.97E+00    2.03E+01    5.77E+02    8.05E+00    8.01E+00    8.68E-01    4.27E-03    2.16E+00    2.33E-01
    6.63E+00    2.04E+00    2.92E+09    2.93E+09    5.75E+08    8.17E+07    3.50E+09    8.35E-01    2.12E+01    4.17E+00    2.53E+01    4.74E+02    8.36E+00    8.10E+00    3.58E+00    2.60E-02    6.23E+00    1.23E+00
    8.42E+00    5.38E+00    2.34E+09    2.00E+09    3.74E+08    9.67E+07    2.72E+09    8.62E-01    1.05E+01    1.68E+00    1.22E+01    8.13E+02    8.30E+00    8.03E+00    3.08E-01    1.38E-03    8.24E-01    1.32E-01
