 UNITS:
 [mass] = M_sun
 [age] = Myr
 [Rdisc / Hdisc] = kpc
 [metalicity] = log([O/H]) + 12
 [Sigma] = M_sun / pc^2
 [SFR] = M_sun / yr
 [sig_SFR] = M_sun / yr / kpc
 [SSFR] = 1 / Gyr 
 [tau] = 1 / Gyr 	tau = SFR/M_gas = gas consumption time
 gal         Rdisc       Hdisc       Mg          Mc          Ms          
 Es_Ms       Mb          fg          Sigg        	Sigs        Sigb        
 age         zg          zs          SFR          Sig_SFR     SSFR        
 tau         
 
    1.06E+00    7.14E-01    5.85E+07    5.82E+07    2.97E+06    0.00E+00    6.14E+07    9.52E-01    1.66E+01    8.46E-01    1.75E+01    5.85E+01    7.28E+00    7.23E+00    3.50E-02    9.96E-03    1.18E+01    5.98E-01
    1.63E+00    1.25E+00    8.86E+07    8.50E+07    3.26E+06    6.94E+05    9.19E+07    9.65E-01    1.07E+01    3.92E-01    1.10E+01    1.21E+02    7.30E+00    7.23E+00    2.39E-02    2.88E-03    7.35E+00    2.70E-01
    2.00E+00    1.06E+00    5.90E+08    5.81E+08    3.43E+07    5.72E+06    6.24E+08    9.45E-01    4.68E+01    2.72E+00    4.95E+01    8.48E+01    7.73E+00    7.53E+00    3.92E-01    3.11E-02    1.14E+01    6.64E-01
    2.28E+00    1.24E+00    5.38E+08    5.44E+08    5.57E+07    1.03E+07    5.94E+08    9.06E-01    3.29E+01    3.40E+00    3.63E+01    1.04E+02    8.05E+00    7.80E+00    3.83E-01    2.34E-02    6.88E+00    7.12E-01
    2.52E+00    1.34E+00    8.42E+08    8.37E+08    9.57E+07    3.27E+07    9.38E+08    8.98E-01    4.22E+01    4.79E+00    4.70E+01    1.44E+02    8.17E+00    7.86E+00    5.49E-01    2.75E-02    5.73E+00    6.52E-01
    2.84E+00    9.23E-01    1.17E+09    1.19E+09    2.08E+08    5.16E+07    1.38E+09    8.49E-01    4.60E+01    8.20E+00    5.42E+01    1.70E+02    8.14E+00    8.05E+00    1.15E+00    4.54E-02    5.54E+00    9.88E-01
    3.81E+00    1.66E+00    9.08E+08    8.99E+08    1.64E+08    4.68E+07    1.07E+09    8.47E-01    1.99E+01    3.60E+00    2.35E+01    2.36E+02    8.25E+00    8.11E+00    7.38E-01    1.62E-02    4.49E+00    8.13E-01
    3.30E+00    1.81E+00    5.96E+08    5.67E+08    1.80E+08    5.46E+07    7.75E+08    7.68E-01    1.74E+01    5.25E+00    2.27E+01    3.31E+02    8.30E+00    8.18E+00    2.79E-01    8.17E-03    1.56E+00    4.69E-01
    2.76E+00    1.10E+00    1.85E+09    2.15E+09    6.04E+08    5.62E+07    2.45E+09    7.53E-01    7.74E+01    2.53E+01    1.03E+02    1.71E+02    8.27E+00    8.29E+00    6.54E+00    2.74E-01    1.08E+01    3.54E+00
    3.99E+00    1.55E+00    2.20E+09    2.47E+09    8.53E+08    7.43E+07    3.05E+09    7.20E-01    4.40E+01    1.71E+01    6.11E+01    1.98E+02    8.31E+00    8.38E+00    5.29E+00    1.06E-01    6.21E+00    2.41E+00
    3.20E+00    9.01E-01    1.80E+09    2.64E+09    1.73E+09    8.52E+07    3.53E+09    5.11E-01    5.61E+01    5.37E+01    1.10E+02    1.73E+02    8.44E+00    8.40E+00    1.20E+01    3.75E-01    6.98E+00    6.68E+00
    5.47E+00    2.27E+00    2.64E+09    2.77E+09    1.43E+09    1.70E+08    4.07E+09    6.48E-01    2.81E+01    1.53E+01    4.34E+01    2.66E+02    8.36E+00    8.40E+00    4.50E+00    4.80E-02    3.14E+00    1.71E+00
    4.46E+00    1.45E+00    2.38E+09    3.12E+09    2.54E+09    1.42E+08    4.92E+09    4.84E-01    3.82E+01    4.07E+01    7.89E+01    2.65E+02    8.44E+00    8.45E+00    1.14E+01    1.82E-01    4.48E+00    4.78E+00
    4.56E+00    2.00E+00    1.89E+09    2.41E+09    3.34E+09    2.02E+08    5.23E+09    3.62E-01    2.89E+01    5.11E+01    8.00E+01    3.33E+02    8.49E+00    8.50E+00    7.41E+00    1.13E-01    2.22E+00    3.92E+00
    4.54E+00    1.97E+00    1.83E+09    2.63E+09    3.66E+09    2.93E+08    5.49E+09    3.33E-01    2.82E+01    5.65E+01    8.47E+01    3.77E+02    8.56E+00    8.52E+00    1.13E+01    1.75E-01    3.10E+00    6.21E+00
    7.36E+00    1.87E+00    3.39E+09    3.99E+09    4.73E+09    3.91E+08    8.12E+09    4.18E-01    1.99E+01    2.78E+01    4.77E+01    4.20E+02    8.39E+00    8.53E+00    1.03E+01    6.05E-02    2.17E+00    3.03E+00
    7.43E+00    1.44E+00    3.02E+09    3.55E+09    5.71E+09    3.52E+08    8.73E+09    3.46E-01    1.74E+01    3.29E+01    5.03E+01    4.84E+02    8.39E+00    8.53E+00    8.13E+00    4.68E-02    1.42E+00    2.69E+00
    8.57E+00    2.81E+00    3.83E+09    3.87E+09    6.25E+09    5.88E+08    1.01E+10    3.80E-01    1.66E+01    2.71E+01    4.36E+01    5.80E+02    8.33E+00    8.51E+00    4.01E+00    1.74E-02    6.42E-01    1.05E+00
    9.17E+00    2.19E+00    4.27E+09    4.52E+09    6.68E+09    5.68E+08    1.10E+10    3.90E-01    1.62E+01    2.53E+01    4.15E+01    6.43E+02    8.32E+00    8.49E+00    6.88E+00    2.61E-02    1.03E+00    1.61E+00
    9.14E+00    2.21E+00    3.35E+09    3.42E+09    6.88E+09    5.80E+08    1.02E+10    3.28E-01    1.28E+01    2.62E+01    3.90E+01    7.39E+02    8.35E+00    8.49E+00    3.61E+00    1.38E-02    5.25E-01    1.08E+00
    9.81E+00    1.96E+00    5.83E+09    6.00E+09    7.13E+09    5.96E+08    1.30E+10    4.50E-01    1.93E+01    2.36E+01    4.28E+01    8.01E+02    8.24E+00    8.47E+00    6.83E+00    2.26E-02    9.59E-01    1.17E+00
    8.66E+00    2.15E+00    5.02E+09    5.64E+09    8.18E+09    6.15E+08    1.32E+10    3.80E-01    2.13E+01    3.47E+01    5.60E+01    8.16E+02    8.31E+00    8.45E+00    1.02E+01    4.33E-02    1.25E+00    2.03E+00
    7.85E+00    2.21E+00    7.68E+09    9.16E+09    1.02E+10    7.03E+08    1.79E+10    4.28E-01    3.96E+01    5.29E+01    9.25E+01    7.60E+02    8.36E+00    8.43E+00    2.36E+01    1.22E-01    2.30E+00    3.07E+00
