 UNITS:
 [mass] = M_sun
 [age] = Myr
 [Rdisc / Hdisc] = kpc
 [metalicity] = log([O/H]) + 12
 [Sigma] = M_sun / pc^2
 [SFR] = M_sun / yr
 [sig_SFR] = M_sun / yr / kpc
 [SSFR] = 1 / Gyr 
 [tau] = 1 / Gyr 	tau = SFR/M_gas = gas consumption time
 gal         Rdisc       Hdisc       Mg          Mc          Ms          
 Es_Ms       Mb          fg          Sigg        	Sigs        Sigb        
 age         zg          zs          SFR          Sig_SFR     SSFR        
 tau         
 
    3.09E+00    1.44E+00    2.56E+08    2.36E+08    1.16E+07    0.00E+00    2.68E+08    9.57E-01    8.55E+00    3.88E-01    8.94E+00    2.52E+02    7.20E+00    7.10E+00    5.25E-02    1.75E-03    4.52E+00    2.05E-01
    3.33E+00    2.23E+00    3.04E+08    2.67E+08    1.39E+07    4.37E+06    3.18E+08    9.56E-01    8.74E+00    4.01E-01    9.14E+00    2.81E+02    7.34E+00    7.16E+00    5.84E-02    1.68E-03    4.19E+00    1.92E-01
    3.97E+00    2.45E+00    5.89E+08    5.23E+08    1.33E+07    1.46E+06    6.02E+08    9.78E-01    1.19E+01    2.69E-01    1.22E+01    1.43E+02    7.42E+00    7.24E+00    1.61E-01    3.25E-03    1.21E+01    2.73E-01
    4.42E+00    2.60E+00    4.72E+08    4.02E+08    1.29E+07    4.53E+06    4.85E+08    9.73E-01    7.70E+00    2.10E-01    7.91E+00    4.36E+02    7.30E+00    7.19E+00    4.35E-02    7.10E-04    3.37E+00    9.22E-02
    4.62E+00    2.79E+00    5.38E+08    4.49E+08    3.46E+07    1.31E+07    5.72E+08    9.40E-01    8.03E+00    5.15E-01    8.54E+00    4.22E+02    7.47E+00    7.34E+00    1.08E-01    1.61E-03    3.13E+00    2.01E-01
    4.59E+00    3.40E+00    9.26E+08    8.06E+08    4.76E+07    1.62E+07    9.74E+08    9.51E-01    1.40E+01    7.20E-01    1.47E+01    4.23E+02    7.58E+00    7.35E+00    1.66E-01    2.51E-03    3.49E+00    1.80E-01
    4.59E+00    3.61E+00    7.89E+08    6.65E+08    4.07E+07    1.68E+07    8.30E+08    9.51E-01    1.19E+01    6.15E-01    1.25E+01    4.82E+02    7.68E+00    7.39E+00    9.12E-02    1.38E-03    2.24E+00    1.16E-01
    5.45E+00    4.24E+00    1.40E+09    1.22E+09    1.60E+08    4.83E+07    1.56E+09    8.98E-01    1.50E+01    1.71E+00    1.68E+01    5.74E+02    7.67E+00    7.47E+00    2.83E-01    3.04E-03    1.77E+00    2.02E-01
    5.14E+00    3.41E+00    1.10E+09    9.58E+08    9.53E+07    2.04E+07    1.20E+09    9.21E-01    1.33E+01    1.15E+00    1.45E+01    3.18E+02    7.82E+00    7.58E+00    6.07E-01    7.31E-03    6.37E+00    5.49E-01
    4.83E+00    3.62E+00    9.16E+08    7.98E+08    8.61E+07    1.38E+07    1.00E+09    9.14E-01    1.25E+01    1.17E+00    1.37E+01    3.56E+02    7.68E+00    7.63E+00    1.89E-01    2.58E-03    2.19E+00    2.06E-01
    5.09E+00    3.22E+00    1.02E+09    9.08E+08    8.11E+07    9.12E+06    1.10E+09    9.26E-01    1.25E+01    9.95E-01    1.35E+01    3.50E+02    7.81E+00    7.69E+00    4.33E-01    5.32E-03    5.34E+00    4.25E-01
    6.00E+00    4.59E+00    1.08E+09    9.08E+08    9.71E+07    2.09E+07    1.18E+09    9.17E-01    9.55E+00    8.59E-01    1.04E+01    5.35E+02    7.71E+00    7.64E+00    1.10E-01    9.72E-04    1.13E+00    1.02E-01
    6.38E+00    3.78E+00    1.20E+09    1.05E+09    1.03E+08    1.64E+07    1.30E+09    9.21E-01    9.40E+00    8.05E-01    1.02E+01    5.90E+02    7.76E+00    7.66E+00    1.73E-01    1.36E-03    1.69E+00    1.44E-01
    5.35E+00    2.92E+00    1.27E+09    1.15E+09    9.66E+07    2.05E+07    1.37E+09    9.29E-01    1.41E+01    1.07E+00    1.52E+01    7.54E+02    7.80E+00    7.66E+00    2.81E-01    3.13E-03    2.91E+00    2.21E-01
    6.35E+00    3.20E+00    2.70E+09    2.50E+09    2.57E+08    4.55E+07    2.95E+09    9.13E-01    2.13E+01    2.03E+00    2.33E+01    7.49E+02    7.78E+00    7.69E+00    8.98E-01    7.09E-03    3.50E+00    3.33E-01
    6.75E+00    3.46E+00    1.77E+09    1.62E+09    2.45E+08    4.45E+07    2.01E+09    8.78E-01    1.24E+01    1.71E+00    1.41E+01    7.11E+02    7.90E+00    7.75E+00    6.50E-01    4.54E-03    2.65E+00    3.67E-01
    7.91E+00    4.22E+00    1.26E+09    1.11E+09    2.19E+08    5.63E+07    1.48E+09    8.52E-01    6.40E+00    1.11E+00    7.51E+00    9.66E+02    7.86E+00    7.71E+00    6.98E-02    3.55E-04    3.19E-01    5.55E-02
    8.67E+00    3.57E+00    1.56E+09    1.37E+09    2.14E+08    5.58E+07    1.77E+09    8.79E-01    6.61E+00    9.07E-01    7.51E+00    9.83E+02    7.89E+00    7.72E+00    2.59E-01    1.10E-03    1.21E+00    1.66E-01
    7.45E+00    4.12E+00    1.92E+09    1.71E+09    2.10E+08    4.34E+07    2.13E+09    9.02E-01    1.10E+01    1.20E+00    1.22E+01    9.74E+02    7.88E+00    7.72E+00    5.25E-01    3.01E-03    2.51E+00    2.73E-01
    8.42E+00    3.43E+00    2.35E+09    2.17E+09    2.16E+08    4.73E+07    2.57E+09    9.16E-01    1.05E+01    9.68E-01    1.15E+01    1.13E+03    7.87E+00    7.74E+00    3.62E-01    1.63E-03    1.68E+00    1.54E-01
    8.27E+00    4.20E+00    2.45E+09    2.23E+09    2.72E+08    5.91E+07    2.72E+09    9.00E-01    1.14E+01    1.27E+00    1.27E+01    1.18E+03    7.87E+00    7.76E+00    3.47E-01    1.62E-03    1.28E+00    1.42E-01
    9.48E+00    5.47E+00    2.63E+09    2.35E+09    3.10E+08    6.69E+07    2.94E+09    8.95E-01    9.33E+00    1.10E+00    1.04E+01    1.27E+03    7.90E+00    7.78E+00    3.84E-01    1.36E-03    1.24E+00    1.46E-01
    7.49E+00    3.71E+00    2.22E+09    2.04E+09    2.95E+08    6.01E+07    2.51E+09    8.83E-01    1.26E+01    1.68E+00    1.43E+01    1.36E+03    7.94E+00    7.80E+00    6.57E-01    3.73E-03    2.23E+00    2.97E-01
    7.41E+00    3.83E+00    1.80E+09    1.70E+09    3.58E+08    5.68E+07    2.16E+09    8.34E-01    1.04E+01    2.07E+00    1.25E+01    1.11E+03    7.97E+00    7.84E+00    1.23E+00    7.10E-03    3.42E+00    6.81E-01
    7.49E+00    5.00E+00    1.87E+09    1.69E+09    2.82E+08    5.96E+07    2.15E+09    8.69E-01    1.06E+01    1.60E+00    1.22E+01    1.46E+03    7.96E+00    7.81E+00    2.60E-01    1.48E-03    9.22E-01    1.39E-01
    1.03E+01    4.89E+00    3.58E+09    3.21E+09    3.53E+08    1.01E+08    3.93E+09    9.10E-01    1.07E+01    1.06E+00    1.18E+01    1.43E+03    7.95E+00    7.77E+00    5.83E-01    1.74E-03    1.65E+00    1.63E-01
    1.02E+01    6.23E+00    3.32E+09    2.88E+09    2.32E+08    5.66E+07    3.55E+09    9.35E-01    1.02E+01    7.15E-01    1.09E+01    1.81E+03    8.02E+00    7.83E+00    2.68E-01    8.26E-04    1.15E+00    8.08E-02
    1.09E+01    5.64E+00    2.54E+09    2.29E+09    3.03E+08    6.21E+07    2.84E+09    8.93E-01    6.76E+00    8.09E-01    7.57E+00    1.73E+03    8.01E+00    7.87E+00    1.32E-01    3.51E-04    4.34E-01    5.19E-02
    8.08E+00    4.18E+00    2.49E+09    2.26E+09    3.78E+08    5.81E+07    2.87E+09    8.68E-01    1.22E+01    1.85E+00    1.40E+01    1.46E+03    8.07E+00    7.92E+00    9.39E-01    4.58E-03    2.48E+00    3.77E-01
    7.05E+00    2.91E+00    1.84E+09    1.71E+09    3.59E+08    4.29E+07    2.20E+09    8.37E-01    1.18E+01    2.29E+00    1.41E+01    1.46E+03    8.11E+00    7.95E+00    8.55E-01    5.47E-03    2.38E+00    4.65E-01
    7.32E+00    3.58E+00    1.36E+09    1.23E+09    3.56E+08    3.98E+07    1.72E+09    7.93E-01    8.08E+00    2.12E+00    1.02E+01    1.62E+03    8.19E+00    8.00E+00    4.83E-01    2.87E-03    1.35E+00    3.55E-01
