 UNITS:
 [mass] = M_sun
 [age] = Myr
 [Rdisc / Hdisc] = kpc
 [metalicity] = log([O/H]) + 12
 [Sigma] = M_sun / pc^2
 [SFR] = M_sun / yr
 [sig_SFR] = M_sun / yr / kpc
 [SSFR] = 1 / Gyr 
 [tau] = 1 / Gyr 	tau = SFR/M_gas = gas consumption time
 gal         Rdisc       Hdisc       Mg          Mc          Ms          
 Es_Ms       Mb          fg          Sigg        	Sigs        Sigb        
 age         zg          zs          SFR          Sig_SFR     SSFR        
 tau         
 
    1.14E+00    7.99E-01    5.93E+07    5.68E+07    2.11E+06    0.00E+00    6.14E+07    9.66E-01    1.46E+01    5.17E-01    1.51E+01    2.43E+02    7.17E+00    7.03E+00    9.99E-03    2.45E-03    4.74E+00    1.68E-01
    1.39E+00    1.04E+00    1.21E+08    1.16E+08    4.58E+06    9.07E+05    1.26E+08    9.64E-01    1.99E+01    7.50E-01    2.06E+01    1.54E+02    7.40E+00    7.24E+00    3.06E-02    5.01E-03    6.69E+00    2.52E-01
    1.83E+00    1.02E+00    4.77E+07    4.35E+07    7.73E+06    1.87E+06    5.54E+07    8.61E-01    4.54E+00    7.36E-01    5.28E+00    2.52E+02    7.49E+00    7.27E+00    1.86E-02    1.77E-03    2.41E+00    3.91E-01
    1.47E+00    1.01E+00    1.11E+08    1.06E+08    3.84E+06    9.68E+05    1.15E+08    9.67E-01    1.63E+01    5.64E-01    1.69E+01    3.08E+02    7.47E+00    7.32E+00    3.46E-03    5.08E-04    9.01E-01    3.11E-02
    2.34E+00    1.26E+00    2.30E+08    2.14E+08    9.27E+06    2.72E+06    2.39E+08    9.61E-01    1.33E+01    5.38E-01    1.39E+01    2.66E+02    7.60E+00    7.39E+00    4.65E-02    2.70E-03    5.02E+00    2.02E-01
    2.66E+00    1.59E+00    2.84E+08    2.71E+08    1.03E+07    1.64E+06    2.95E+08    9.65E-01    1.28E+01    4.62E-01    1.33E+01    1.85E+02    7.40E+00    7.36E+00    1.02E-01    4.60E-03    9.95E+00    3.59E-01
    3.20E+00    1.43E+00    5.49E+08    5.23E+08    3.06E+07    6.87E+06    5.80E+08    9.47E-01    1.71E+01    9.52E-01    1.80E+01    2.55E+02    7.45E+00    7.42E+00    2.72E-01    8.46E-03    8.89E+00    4.95E-01
    3.49E+00    2.47E+00    4.34E+08    3.89E+08    2.44E+07    7.68E+06    4.58E+08    9.47E-01    1.13E+01    6.37E-01    1.20E+01    3.81E+02    7.62E+00    7.47E+00    1.23E-01    3.22E-03    5.05E+00    2.84E-01
    3.64E+00    2.00E+00    3.49E+08    3.04E+08    4.20E+07    2.10E+07    3.91E+08    8.92E-01    8.40E+00    1.01E+00    9.41E+00    4.65E+02    7.62E+00    7.48E+00    3.67E-02    8.83E-04    8.73E-01    1.05E-01
    3.89E+00    1.79E+00    7.82E+08    7.48E+08    6.51E+07    1.79E+07    8.47E+08    9.23E-01    1.64E+01    1.37E+00    1.78E+01    3.75E+02    7.58E+00    7.51E+00    3.72E-01    7.81E-03    5.72E+00    4.76E-01
    4.58E+00    2.53E+00    1.54E+09    1.42E+09    6.39E+07    1.96E+07    1.61E+09    9.60E-01    2.34E+01    9.68E-01    2.43E+01    3.84E+02    7.74E+00    7.56E+00    3.28E-01    4.96E-03    5.13E+00    2.12E-01
    4.96E+00    3.19E+00    4.55E+08    3.93E+08    7.07E+07    2.23E+07    5.26E+08    8.66E-01    5.89E+00    9.14E-01    6.80E+00    5.22E+02    7.97E+00    7.69E+00    2.21E-01    2.86E-03    3.13E+00    4.86E-01
    3.95E+00    2.49E+00    6.16E+08    5.53E+08    4.61E+07    2.59E+07    6.62E+08    9.30E-01    1.26E+01    9.40E-01    1.35E+01    6.92E+02    7.89E+00    7.63E+00    5.95E-03    1.21E-04    1.29E-01    9.67E-03
    5.39E+00    3.29E+00    1.38E+09    1.22E+09    1.14E+08    4.44E+07    1.49E+09    9.24E-01    1.51E+01    1.24E+00    1.64E+01    6.45E+02    7.94E+00    7.70E+00    2.94E-01    3.22E-03    2.59E+00    2.13E-01
    5.54E+00    2.06E+00    8.96E+08    8.04E+08    1.11E+08    3.60E+07    1.01E+09    8.90E-01    9.29E+00    1.15E+00    1.04E+01    6.98E+02    7.99E+00    7.78E+00    1.51E-01    1.56E-03    1.36E+00    1.68E-01
    5.85E+00    2.47E+00    9.40E+08    8.38E+08    1.52E+08    4.95E+07    1.09E+09    8.61E-01    8.75E+00    1.42E+00    1.02E+01    7.82E+02    7.94E+00    7.79E+00    1.40E-01    1.30E-03    9.20E-01    1.49E-01
    6.65E+00    2.64E+00    1.05E+09    9.28E+08    1.72E+08    6.06E+07    1.22E+09    8.60E-01    7.56E+00    1.23E+00    8.79E+00    8.35E+02    7.87E+00    7.79E+00    1.74E-01    1.25E-03    1.01E+00    1.65E-01
    7.38E+00    2.76E+00    1.60E+09    1.42E+09    2.39E+08    8.12E+07    1.84E+09    8.70E-01    9.33E+00    1.40E+00    1.07E+01    8.52E+02    7.87E+00    7.79E+00    5.99E-01    3.50E-03    2.50E+00    3.75E-01
    7.72E+00    4.25E+00    2.93E+09    2.65E+09    2.94E+08    8.80E+07    3.22E+09    9.09E-01    1.56E+01    1.57E+00    1.72E+01    8.70E+02    7.82E+00    7.79E+00    1.00E+00    5.36E-03    3.42E+00    3.43E-01
    8.23E+00    3.68E+00    3.15E+09    2.90E+09    3.51E+08    8.72E+07    3.51E+09    9.00E-01    1.48E+01    1.65E+00    1.65E+01    7.27E+02    7.84E+00    7.79E+00    1.19E+00    5.60E-03    3.40E+00    3.78E-01
    5.65E+00    2.91E+00    5.00E+09    4.80E+09    4.36E+08    1.15E+08    5.44E+09    9.20E-01    4.98E+01    4.34E+00    5.42E+01    8.69E+02    8.00E+00    7.86E+00    2.20E+00    2.19E-02    5.05E+00    4.40E-01
    8.32E+00    5.39E+00    2.54E+09    2.60E+09    1.05E+09    8.90E+07    3.59E+09    7.08E-01    1.17E+01    4.83E+00    1.65E+01    3.27E+02    8.29E+00    8.39E+00    4.16E+00    1.92E-02    3.97E+00    1.64E+00
    7.72E+00    4.60E+00    4.12E+09    3.95E+09    1.17E+09    1.01E+08    5.29E+09    7.78E-01    2.20E+01    6.27E+00    2.83E+01    3.85E+02    8.12E+00    8.50E+00    3.02E+00    1.62E-02    2.58E+00    7.34E-01
    6.80E+00    2.02E+00    5.13E+09    5.99E+09    2.28E+09    8.73E+07    7.40E+09    6.93E-01    3.53E+01    1.57E+01    5.10E+01    2.70E+02    8.22E+00    8.40E+00    1.54E+01    1.06E-01    6.77E+00    3.01E+00
    8.75E+00    4.23E+00    2.82E+09    2.70E+09    2.12E+09    1.95E+08    4.93E+09    5.71E-01    1.17E+01    8.81E+00    2.05E+01    4.45E+02    8.30E+00    8.37E+00    1.89E+00    7.87E-03    8.93E-01    6.72E-01
    8.35E+00    2.56E+00    3.52E+09    3.57E+09    1.65E+09    1.50E+08    5.16E+09    6.81E-01    1.60E+01    7.51E+00    2.35E+01    5.57E+02    8.31E+00    8.43E+00    4.16E+00    1.90E-02    2.52E+00    1.18E+00
    9.61E+00    3.03E+00    3.61E+09    3.75E+09    2.50E+09    1.70E+08    6.10E+09    5.91E-01    1.24E+01    8.60E+00    2.10E+01    5.22E+02    8.32E+00    8.50E+00    5.59E+00    1.93E-02    2.24E+00    1.55E+00
    9.33E+00    2.71E+00    2.88E+09    2.93E+09    2.82E+09    1.64E+08    5.71E+09    5.05E-01    1.05E+01    1.03E+01    2.09E+01    5.97E+02    8.32E+00    8.51E+00    3.94E+00    1.44E-02    1.39E+00    1.37E+00
    8.81E+00    2.48E+00    1.92E+09    2.05E+09    3.00E+09    1.84E+08    4.92E+09    3.90E-01    7.86E+00    1.23E+01    2.02E+01    6.75E+02    8.41E+00    8.48E+00    3.93E+00    1.61E-02    1.31E+00    2.05E+00
    1.19E+01    3.66E+00    2.44E+09    2.37E+09    3.35E+09    2.74E+08    5.79E+09    4.21E-01    5.52E+00    7.58E+00    1.31E+01    7.66E+02    8.33E+00    8.48E+00    2.34E+00    5.30E-03    6.99E-01    9.59E-01
    9.69E+00    3.05E+00    2.86E+09    2.77E+09    3.24E+09    2.32E+08    6.10E+09    4.69E-01    9.67E+00    1.10E+01    2.06E+01    8.96E+02    8.27E+00    8.47E+00    1.99E+00    6.75E-03    6.15E-01    6.98E-01
    1.22E+01    3.77E+00    2.73E+09    2.54E+09    3.23E+09    2.52E+08    5.97E+09    4.58E-01    5.89E+00    6.97E+00    1.29E+01    1.02E+03    8.25E+00    8.45E+00    8.80E-01    1.90E-03    2.72E-01    3.22E-01
    1.02E+01    2.60E+00    2.82E+09    2.73E+09    3.26E+09    2.26E+08    6.09E+09    4.64E-01    8.67E+00    1.00E+01    1.87E+01    1.13E+03    8.23E+00    8.45E+00    1.45E+00    4.46E-03    4.45E-01    5.15E-01
    1.13E+01    2.31E+00    3.17E+09    3.07E+09    3.40E+09    2.36E+08    6.57E+09    4.83E-01    7.93E+00    8.49E+00    1.64E+01    1.23E+03    8.21E+00    8.43E+00    1.29E+00    3.22E-03    3.79E-01    4.06E-01
    1.25E+01    2.27E+00    3.17E+09    3.03E+09    3.46E+09    2.60E+08    6.63E+09    4.78E-01    6.41E+00    7.00E+00    1.34E+01    1.35E+03    8.22E+00    8.41E+00    9.32E-01    1.89E-03    2.69E-01    2.94E-01
    1.37E+01    2.57E+00    3.55E+09    3.40E+09    3.45E+09    2.87E+08    7.00E+09    5.07E-01    6.06E+00    5.89E+00    1.19E+01    1.49E+03    8.20E+00    8.39E+00    6.77E-01    1.16E-03    1.96E-01    1.91E-01
    1.39E+01    2.86E+00    3.76E+09    3.57E+09    3.51E+09    3.06E+08    7.27E+09    5.17E-01    6.22E+00    5.80E+00    1.20E+01    1.61E+03    8.18E+00    8.38E+00    8.53E-01    1.41E-03    2.43E-01    2.27E-01
    1.46E+01    2.46E+00    4.18E+09    4.03E+09    3.39E+09    2.78E+08    7.58E+09    5.52E-01    6.20E+00    5.04E+00    1.12E+01    1.73E+03    8.15E+00    8.37E+00    6.35E-01    9.43E-04    1.87E-01    1.52E-01
    1.44E+01    2.60E+00    4.47E+09    4.30E+09    3.53E+09    3.06E+08    8.00E+09    5.59E-01    6.83E+00    5.40E+00    1.22E+01    1.82E+03    8.14E+00    8.36E+00    1.29E+00    1.97E-03    3.65E-01    2.88E-01
