 UNITS:
 [mass] = M_sun
 [age] = Myr
 [Rdisc / Hdisc] = kpc
 [metalicity] = log([O/H]) + 12
 [Sigma] = M_sun / pc^2
 [SFR] = M_sun / yr
 [sig_SFR] = M_sun / yr / kpc
 [SSFR] = 1 / Gyr 
 [tau] = 1 / Gyr 	tau = SFR/M_gas = gas consumption time
 gal         Rdisc       Hdisc       Mg          Mc          Ms          
 Es_Ms       Mb          fg          Sigg        	Sigs        Sigb        
 age         zg          zs          SFR          Sig_SFR     SSFR        
 tau         
 
    1.25E+00    7.94E-01    9.39E+07    9.10E+07    4.10E+06    0.00E+00    9.80E+07    9.58E-01    1.90E+01    8.32E-01    1.99E+01    1.87E+02    7.35E+00    7.29E+00    2.06E-02    4.18E-03    5.02E+00    2.19E-01
    1.80E+00    1.25E+00    2.02E+08    1.93E+08    6.68E+06    1.07E+06    2.08E+08    9.68E-01    1.99E+01    6.58E-01    2.05E+01    2.13E+02    7.38E+00    7.43E+00    3.93E-02    3.88E-03    5.89E+00    1.95E-01
    2.10E+00    1.70E+00    2.28E+08    2.12E+08    9.92E+06    2.62E+06    2.38E+08    9.58E-01    1.65E+01    7.19E-01    1.72E+01    2.45E+02    7.56E+00    7.43E+00    2.82E-02    2.05E-03    2.85E+00    1.24E-01
    2.43E+00    1.42E+00    1.96E+08    1.82E+08    6.78E+06    1.35E+06    2.03E+08    9.67E-01    1.05E+01    3.65E-01    1.09E+01    2.96E+02    7.57E+00    7.45E+00    3.24E-02    1.75E-03    4.79E+00    1.66E-01
    2.65E+00    1.51E+00    3.43E+08    3.27E+08    2.28E+07    3.08E+06    3.66E+08    9.38E-01    1.56E+01    1.04E+00    1.66E+01    2.26E+02    7.63E+00    7.53E+00    1.95E-01    8.86E-03    8.54E+00    5.68E-01
    2.66E+00    2.01E+00    2.16E+08    1.98E+08    1.45E+07    1.76E+06    2.30E+08    9.37E-01    9.70E+00    6.53E-01    1.04E+01    2.89E+02    7.59E+00    7.54E+00    7.34E-02    3.30E-03    5.05E+00    3.40E-01
    2.99E+00    2.20E+00    4.97E+08    4.71E+08    2.70E+07    2.02E+06    5.24E+08    9.49E-01    1.77E+01    9.62E-01    1.87E+01    1.93E+02    7.71E+00    7.61E+00    2.71E-01    9.66E-03    1.00E+01    5.45E-01
    3.34E+00    2.15E+00    3.51E+08    3.28E+08    4.28E+07    3.44E+06    3.94E+08    8.91E-01    1.00E+01    1.22E+00    1.12E+01    2.21E+02    7.81E+00    7.69E+00    1.82E-01    5.18E-03    4.25E+00    5.18E-01
    3.59E+00    2.85E+00    6.43E+08    5.81E+08    3.48E+07    6.52E+06    6.78E+08    9.49E-01    1.59E+01    8.60E-01    1.68E+01    4.10E+02    7.71E+00    7.66E+00    5.52E-02    1.36E-03    1.59E+00    8.58E-02
    4.42E+00    2.84E+00    1.07E+09    9.79E+08    9.37E+07    6.55E+06    1.16E+09    9.19E-01    1.74E+01    1.52E+00    1.89E+01    2.83E+02    7.91E+00    7.75E+00    6.36E-01    1.03E-02    6.79E+00    5.95E-01
    4.94E+00    3.45E+00    1.72E+09    1.60E+09    1.07E+08    1.54E+07    1.83E+09    9.42E-01    2.25E+01    1.39E+00    2.39E+01    4.07E+02    7.76E+00    7.69E+00    5.68E-01    7.42E-03    5.32E+00    3.29E-01
    3.18E+00    1.99E+00    7.44E+08    7.06E+08    6.70E+07    4.89E+06    8.11E+08    9.17E-01    2.35E+01    2.11E+00    2.56E+01    4.06E+02    8.12E+00    7.89E+00    2.71E-01    8.54E-03    4.04E+00    3.64E-01
    4.24E+00    1.57E+00    1.02E+09    9.70E+08    8.30E+07    9.43E+06    1.11E+09    9.25E-01    1.81E+01    1.47E+00    1.95E+01    5.25E+02    7.94E+00    7.88E+00    1.50E-01    2.65E-03    1.81E+00    1.46E-01
    4.67E+00    2.55E+00    1.13E+09    1.04E+09    1.30E+08    2.19E+07    1.26E+09    8.97E-01    1.65E+01    1.90E+00    1.84E+01    5.73E+02    8.05E+00    7.92E+00    2.12E-01    3.10E-03    1.63E+00    1.88E-01
    6.00E+00    2.76E+00    1.33E+09    1.26E+09    2.43E+08    3.96E+07    1.57E+09    8.45E-01    1.17E+01    2.15E+00    1.39E+01    4.38E+02    8.07E+00    7.96E+00    9.72E-01    8.59E-03    4.00E+00    7.32E-01
    5.19E+00    3.56E+00    1.52E+09    1.38E+09    1.56E+08    4.36E+07    1.67E+09    9.07E-01    1.80E+01    1.85E+00    1.98E+01    7.32E+02    7.97E+00    7.94E+00    1.75E-02    2.06E-04    1.12E-01    1.15E-02
    4.18E+00    1.62E+00    1.34E+09    1.44E+09    4.18E+08    4.27E+07    1.76E+09    7.62E-01    2.44E+01    7.62E+00    3.21E+01    4.08E+02    8.23E+00    8.11E+00    2.82E+00    5.13E-02    6.73E+00    2.10E+00
    5.73E+00    2.32E+00    1.44E+09    1.42E+09    5.99E+08    7.11E+07    2.04E+09    7.07E-01    1.40E+01    5.81E+00    1.98E+01    4.47E+02    8.20E+00    8.26E+00    1.09E+00    1.06E-02    1.82E+00    7.54E-01
    5.51E+00    1.58E+00    1.26E+09    1.32E+09    5.24E+08    3.62E+07    1.78E+09    7.06E-01    1.32E+01    5.49E+00    1.87E+01    4.39E+02    8.27E+00    8.41E+00    1.68E+00    1.76E-02    3.20E+00    1.34E+00
    5.58E+00    2.57E+00    1.43E+09    1.36E+09    2.32E+08    3.37E+07    1.66E+09    8.60E-01    1.46E+01    2.37E+00    1.70E+01    8.09E+02    8.24E+00    8.21E+00    7.86E-01    8.04E-03    3.39E+00    5.51E-01
    5.12E+00    2.17E+00    1.18E+09    1.17E+09    3.23E+08    2.69E+07    1.51E+09    7.85E-01    1.44E+01    3.93E+00    1.83E+01    6.63E+02    8.34E+00    8.33E+00    1.25E+00    1.52E-02    3.87E+00    1.06E+00
    5.09E+00    1.37E+00    1.09E+09    1.17E+09    5.44E+08    3.78E+07    1.64E+09    6.68E-01    1.34E+01    6.68E+00    2.01E+01    6.15E+02    8.33E+00    8.40E+00    2.22E+00    2.72E-02    4.07E+00    2.03E+00
    5.87E+00    1.52E+00    8.71E+08    9.00E+08    7.63E+08    5.45E+07    1.63E+09    5.33E-01    8.05E+00    7.06E+00    1.51E+01    6.97E+02    8.31E+00    8.51E+00    8.55E-01    7.91E-03    1.12E+00    9.82E-01
    5.28E+00    1.50E+00    8.97E+08    8.97E+08    6.97E+08    6.49E+07    1.59E+09    5.63E-01    1.03E+01    7.97E+00    1.82E+01    8.86E+02    8.28E+00    8.45E+00    8.59E-01    9.82E-03    1.23E+00    9.58E-01
    3.96E+00    1.57E+00    6.22E+08    6.38E+08    7.40E+08    5.36E+07    1.36E+09    4.57E-01    1.26E+01    1.50E+01    2.76E+01    9.11E+02    8.32E+00    8.47E+00    8.08E-01    1.64E-02    1.09E+00    1.30E+00
    7.52E+00    2.39E+00    1.04E+09    9.36E+08    4.10E+08    6.29E+07    1.45E+09    7.17E-01    5.83E+00    2.30E+00    8.13E+00    1.34E+03    8.24E+00    8.31E+00    1.50E-01    8.42E-04    3.66E-01    1.44E-01
    8.36E+00    2.34E+00    6.36E+08    5.63E+08    4.59E+08    7.21E+07    1.09E+09    5.81E-01    2.90E+00    2.09E+00    4.99E+00    1.39E+03    8.26E+00    8.35E+00    6.78E-02    3.09E-04    1.48E-01    1.07E-01
    8.61E+00    2.74E+00    1.07E+09    9.54E+08    4.48E+08    8.00E+07    1.51E+09    7.04E-01    4.57E+00    1.92E+00    6.49E+00    1.58E+03    8.17E+00    8.32E+00    9.82E-02    4.21E-04    2.19E-01    9.22E-02
    7.35E+00    2.14E+00    1.26E+09    1.19E+09    4.31E+08    6.51E+07    1.69E+09    7.44E-01    7.40E+00    2.54E+00    9.95E+00    1.63E+03    8.13E+00    8.33E+00    1.83E-01    1.08E-03    4.24E-01    1.46E-01
    1.12E+01    3.94E+00    1.85E+09    1.69E+09    6.03E+08    9.79E+07    2.45E+09    7.54E-01    4.69E+00    1.53E+00    6.22E+00    1.63E+03    8.08E+00    8.33E+00    2.28E-01    5.77E-04    3.77E-01    1.23E-01
    6.70E+00    3.33E+00    1.64E+09    1.61E+09    8.93E+08    1.09E+08    2.53E+09    6.47E-01    1.16E+01    6.34E+00    1.80E+01    1.52E+03    8.12E+00    8.31E+00    1.39E+00    9.89E-03    1.56E+00    8.50E-01
    1.39E+01    1.11E+01    4.91E+09    4.20E+09    5.73E+08    6.16E+07    5.48E+09    8.95E-01    8.07E+00    9.42E-01    9.01E+00    1.50E+03    8.04E+00    8.29E+00    6.15E-01    1.01E-03    1.07E+00    1.25E-01
    9.70E+00    3.72E+00    3.44E+09    3.33E+09    1.28E+09    1.47E+08    4.72E+09    7.29E-01    1.16E+01    4.33E+00    1.60E+01    1.41E+03    8.23E+00    8.27E+00    3.22E+00    1.09E-02    2.51E+00    9.35E-01
    1.05E+01    3.50E+00    2.28E+09    2.18E+09    1.27E+09    1.48E+08    3.55E+09    6.43E-01    6.55E+00    3.63E+00    1.02E+01    1.44E+03    8.22E+00    8.29E+00    7.15E-01    2.05E-03    5.65E-01    3.13E-01
    1.08E+01    2.55E+00    3.23E+09    3.12E+09    1.32E+09    1.23E+08    4.55E+09    7.09E-01    8.81E+00    3.62E+00    1.24E+01    1.36E+03    8.17E+00    8.36E+00    1.98E+00    5.41E-03    1.50E+00    6.13E-01
    8.83E+00    3.11E+00    3.15E+09    3.41E+09    2.25E+09    1.40E+08    5.40E+09    5.83E-01    1.29E+01    9.19E+00    2.21E+01    1.07E+03    8.31E+00    8.32E+00    6.63E+00    2.71E-02    2.94E+00    2.10E+00
    9.45E+00    3.36E+00    2.70E+09    2.67E+09    1.92E+09    1.60E+08    4.62E+09    5.85E-01    9.63E+00    6.83E+00    1.65E+01    1.30E+03    8.33E+00    8.35E+00    1.87E+00    6.66E-03    9.75E-01    6.92E-01
    8.79E+00    2.08E+00    2.48E+09    2.55E+09    2.30E+09    2.04E+08    4.78E+09    5.19E-01    1.02E+01    9.45E+00    1.97E+01    1.35E+03    8.37E+00    8.39E+00    2.91E+00    1.20E-02    1.27E+00    1.17E+00
