 UNITS:
 [mass] = M_sun
 [age] = Myr
 [Rdisc / Hdisc] = kpc
 [metalicity] = log([O/H]) + 12
 [Sigma] = M_sun / pc^2
 [SFR] = M_sun / yr
 [sig_SFR] = M_sun / yr / kpc
 [SSFR] = 1 / Gyr 
 [tau] = 1 / Gyr 	tau = SFR/M_gas = gas consumption time
 gal         Rdisc       Hdisc       Mg          Mc          Ms          
 Es_Ms       Mb          fg          Sigg        	Sigs        Sigb        
 age         zg          zs          SFR          Sig_SFR     SSFR        
 tau         
 
    1.25E+00    1.04E+00    9.15E+07    8.79E+07    4.29E+06    0.00E+00    9.58E+07    9.55E-01    1.88E+01    8.79E-01    1.96E+01    9.61E+01    7.62E+00    7.50E+00    2.63E-02    5.40E-03    6.14E+00    2.88E-01
    1.48E+00    9.96E-01    1.75E+08    1.66E+08    6.98E+06    1.92E+06    1.82E+08    9.62E-01    2.53E+01    1.01E+00    2.63E+01    1.69E+02    7.54E+00    7.42E+00    3.19E-02    4.62E-03    4.58E+00    1.82E-01
    1.90E+00    9.91E-01    2.26E+08    2.14E+08    1.87E+07    5.74E+06    2.45E+08    9.24E-01    2.00E+01    1.65E+00    2.17E+01    2.00E+02    7.65E+00    7.45E+00    7.69E-02    6.80E-03    4.12E+00    3.40E-01
    2.44E+00    1.05E+00    8.14E+08    7.95E+08    4.54E+07    9.96E+06    8.59E+08    9.47E-01    4.36E+01    2.44E+00    4.61E+01    1.33E+02    7.93E+00    7.74E+00    4.48E-01    2.40E-02    9.86E+00    5.50E-01
    3.11E+00    1.29E+00    1.06E+09    1.04E+09    1.14E+08    3.64E+07    1.17E+09    9.03E-01    3.48E+01    3.76E+00    3.85E+01    1.68E+02    8.13E+00    7.84E+00    5.18E-01    1.70E-02    4.52E+00    4.89E-01
    2.69E+00    1.27E+00    1.32E+09    1.30E+09    1.37E+08    4.94E+07    1.46E+09    9.06E-01    5.81E+01    6.04E+00    6.42E+01    1.91E+02    8.11E+00    7.98E+00    5.34E-01    2.35E-02    3.90E+00    4.05E-01
    4.11E+00    1.37E+00    1.47E+09    1.58E+09    3.95E+08    7.52E+07    1.86E+09    7.88E-01    2.76E+01    7.43E+00    3.51E+01    1.59E+02    8.29E+00    8.24E+00    2.91E+00    5.48E-02    7.37E+00    1.98E+00
    3.24E+00    1.32E+00    1.05E+09    1.08E+09    3.16E+08    7.04E+07    1.36E+09    7.68E-01    3.17E+01    9.58E+00    4.13E+01    2.45E+02    8.45E+00    8.32E+00    1.22E+00    3.69E-02    3.85E+00    1.16E+00
    3.49E+00    8.33E-01    1.56E+09    2.18E+09    1.09E+09    6.36E+07    2.65E+09    5.90E-01    4.09E+01    2.84E+01    6.93E+01    1.31E+02    8.45E+00    8.54E+00    9.93E+00    2.60E-01    9.15E+00    6.37E+00
    4.42E+00    1.56E+00    2.46E+09    3.14E+09    1.65E+09    1.26E+08    4.11E+09    5.98E-01    4.00E+01    2.69E+01    6.69E+01    1.67E+02    8.39E+00    8.56E+00    9.84E+00    1.60E-01    5.96E+00    4.01E+00
    4.61E+00    1.22E+00    3.06E+09    4.08E+09    2.34E+09    1.56E+08    5.40E+09    5.67E-01    4.60E+01    3.51E+01    8.10E+01    1.92E+02    8.43E+00    8.50E+00    1.53E+01    2.30E-01    6.55E+00    4.99E+00
    3.07E+00    8.12E-01    3.92E+09    5.40E+09    3.29E+09    1.06E+08    7.21E+09    5.44E-01    1.32E+02    1.11E+02    2.43E+02    1.87E+02    8.46E+00    8.55E+00    2.17E+01    7.34E-01    6.61E+00    5.54E+00
    3.10E+00    1.14E+00    2.73E+09    3.45E+09    2.39E+09    1.33E+08    5.13E+09    5.33E-01    9.03E+01    7.91E+01    1.69E+02    2.57E+02    8.64E+00    8.59E+00    8.52E+00    2.82E-01    3.56E+00    3.12E+00
    4.66E+00    1.27E+00    3.95E+09    5.15E+09    2.14E+09    3.02E+08    6.08E+09    6.49E-01    5.79E+01    3.14E+01    8.93E+01    1.91E+02    8.54E+00    8.37E+00    1.88E+01    2.75E-01    8.78E+00    4.75E+00
    6.12E+00    1.36E+00    4.79E+09    7.27E+09    5.32E+09    5.14E+08    1.01E+10    4.74E-01    4.07E+01    4.52E+01    8.58E+01    1.78E+02    8.52E+00    8.42E+00    2.87E+01    2.43E-01    5.39E+00    5.98E+00
    6.28E+00    1.89E+00    5.82E+09    7.81E+09    8.23E+09    1.06E+09    1.41E+10    4.14E-01    4.70E+01    6.65E+01    1.14E+02    2.33E+02    8.52E+00    8.44E+00    2.79E+01    2.26E-01    3.39E+00    4.80E+00
    4.46E+00    8.69E-01    5.49E+09    8.27E+09    9.34E+09    5.86E+08    1.48E+10    3.70E-01    8.80E+01    1.50E+02    2.38E+02    2.57E+02    8.57E+00    8.51E+00    3.81E+01    6.11E-01    4.08E+00    6.94E+00
    4.84E+00    8.18E-01    4.80E+09    7.55E+09    1.30E+10    8.77E+08    1.78E+10    2.70E-01    6.51E+01    1.76E+02    2.41E+02    2.90E+02    8.61E+00    8.55E+00    3.27E+01    4.43E-01    2.52E+00    6.81E+00
    5.16E+00    1.02E+00    4.15E+09    5.78E+09    1.59E+10    1.53E+09    2.01E+10    2.07E-01    4.97E+01    1.90E+02    2.40E+02    3.80E+02    8.64E+00    8.56E+00    2.03E+01    2.43E-01    1.28E+00    4.89E+00
    4.64E+00    6.17E-01    3.13E+09    5.42E+09    1.54E+10    9.94E+08    1.85E+10    1.69E-01    4.63E+01    2.28E+02    2.74E+02    4.22E+02    8.69E+00    8.60E+00    2.92E+01    4.31E-01    1.90E+00    9.32E+00
    4.58E+00    8.64E-01    2.09E+09    3.20E+09    1.33E+10    1.01E+09    1.54E+10    1.36E-01    3.17E+01    2.02E+02    2.34E+02    5.65E+02    8.73E+00    8.61E+00    1.32E+01    2.00E-01    9.89E-01    6.30E+00
