 UNITS:
 [mass] = M_sun
 [age] = Myr
 [Rdisc / Hdisc] = kpc
 [metalicity] = log([O/H]) + 12
 [Sigma] = M_sun / pc^2
 [SFR] = M_sun / yr
 [sig_SFR] = M_sun / yr / kpc
 [SSFR] = 1 / Gyr 
 [tau] = 1 / Gyr 	tau = SFR/M_gas = gas consumption time
 gal         Rdisc       Hdisc       Mg          Mc          Ms          
 Es_Ms       Mb          fg          Sigg        	Sigs        Sigb        
 age         zg          zs          SFR          Sig_SFR     SSFR        
 tau         
 
    9.26E-01    5.82E-01    1.94E+08    1.91E+08    2.79E+06    0.00E+00    1.97E+08    9.86E-01    7.19E+01    1.03E+00    7.29E+01    2.23E+01    7.45E+00    7.18E+00    4.83E-02    1.79E-02    1.73E+01    2.49E-01
    1.49E+00    1.15E+00    7.96E+07    7.56E+07    4.53E+06    7.03E+05    8.42E+07    9.46E-01    1.15E+01    6.53E-01    1.21E+01    1.23E+02    7.55E+00    7.36E+00    3.06E-02    4.41E-03    6.75E+00    3.84E-01
    1.79E+00    1.44E+00    1.00E+08    9.31E+07    6.51E+06    2.27E+06    1.07E+08    9.39E-01    9.94E+00    6.44E-01    1.06E+01    1.91E+02    7.64E+00    7.43E+00    1.98E-02    1.96E-03    3.04E+00    1.97E-01
    1.83E+00    9.87E-01    2.35E+08    2.24E+08    1.08E+07    2.86E+06    2.45E+08    9.56E-01    2.22E+01    1.02E+00    2.32E+01    1.28E+02    7.66E+00    7.44E+00    1.09E-01    1.04E-02    1.02E+01    4.66E-01
    2.43E+00    1.70E+00    2.38E+08    2.26E+08    1.50E+07    3.38E+06    2.54E+08    9.41E-01    1.28E+01    8.07E-01    1.36E+01    1.84E+02    7.61E+00    7.59E+00    6.06E-02    3.25E-03    4.03E+00    2.54E-01
    2.83E+00    1.55E+00    5.81E+08    5.57E+08    3.69E+07    6.22E+06    6.18E+08    9.40E-01    2.31E+01    1.46E+00    2.45E+01    2.26E+02    7.70E+00    7.53E+00    2.93E-01    1.16E-02    7.94E+00    5.03E-01
    3.10E+00    2.20E+00    2.60E+08    2.35E+08    3.05E+07    6.78E+06    2.90E+08    8.95E-01    8.59E+00    1.01E+00    9.60E+00    3.06E+02    7.95E+00    7.63E+00    8.14E-02    2.69E-03    2.67E+00    3.13E-01
    2.92E+00    1.81E+00    4.86E+08    4.59E+08    6.28E+07    1.80E+07    5.49E+08    8.86E-01    1.81E+01    2.34E+00    2.05E+01    3.89E+02    7.91E+00    7.68E+00    1.67E-01    6.22E-03    2.66E+00    3.43E-01
    4.11E+00    1.81E+00    1.13E+09    1.11E+09    1.47E+08    3.54E+07    1.28E+09    8.85E-01    2.13E+01    2.78E+00    2.41E+01    3.07E+02    7.87E+00    7.73E+00    1.05E+00    1.97E-02    7.11E+00    9.25E-01
    4.22E+00    2.75E+00    9.46E+08    9.13E+08    2.09E+08    6.66E+07    1.16E+09    8.19E-01    1.69E+01    3.74E+00    2.06E+01    3.54E+02    7.91E+00    7.76E+00    4.89E-01    8.73E-03    2.33E+00    5.17E-01
    3.34E+00    1.86E+00    8.19E+08    8.20E+08    2.09E+08    4.89E+07    1.03E+09    7.97E-01    2.34E+01    5.97E+00    2.94E+01    3.76E+02    7.96E+00    7.88E+00    8.06E-01    2.30E-02    3.86E+00    9.84E-01
    4.67E+00    2.43E+00    9.39E+08    9.00E+08    3.55E+08    1.35E+08    1.29E+09    7.26E-01    1.37E+01    5.18E+00    1.89E+01    4.18E+02    8.01E+00    7.87E+00    2.98E-01    4.35E-03    8.40E-01    3.17E-01
    5.11E+00    1.52E+00    1.02E+09    1.09E+09    4.97E+08    1.40E+08    1.52E+09    6.73E-01    1.25E+01    6.07E+00    1.85E+01    4.19E+02    8.09E+00    7.94E+00    1.50E+00    1.83E-02    3.01E+00    1.46E+00
    4.67E+00    2.08E+00    9.38E+08    9.25E+08    5.35E+08    1.51E+08    1.47E+09    6.37E-01    1.37E+01    7.82E+00    2.15E+01    5.27E+02    8.06E+00    7.95E+00    7.19E-01    1.05E-02    1.34E+00    7.67E-01
    5.44E+00    3.10E+00    1.38E+09    1.27E+09    3.97E+08    1.37E+08    1.78E+09    7.76E-01    1.48E+01    4.27E+00    1.91E+01    7.01E+02    8.06E+00    7.93E+00    3.54E-01    3.81E-03    8.92E-01    2.57E-01
    5.62E+00    3.38E+00    2.93E+09    2.82E+09    3.22E+08    7.34E+07    3.25E+09    9.01E-01    2.95E+01    3.24E+00    3.27E+01    4.92E+02    7.99E+00    7.91E+00    2.05E+00    2.07E-02    6.38E+00    7.02E-01
    5.00E+00    1.90E+00    2.55E+09    2.57E+09    4.34E+08    5.86E+07    2.98E+09    8.54E-01    3.24E+01    5.52E+00    3.79E+01    4.61E+02    8.13E+00    8.01E+00    2.86E+00    3.63E-02    6.58E+00    1.12E+00
    5.59E+00    1.98E+00    1.71E+09    1.67E+09    3.19E+08    5.81E+07    2.03E+09    8.43E-01    1.74E+01    3.25E+00    2.06E+01    5.08E+02    8.25E+00    8.07E+00    9.32E-01    9.49E-03    2.92E+00    5.46E-01
    6.19E+00    1.95E+00    1.87E+09    1.85E+09    3.35E+08    5.80E+07    2.20E+09    8.48E-01    1.55E+01    2.79E+00    1.83E+01    5.45E+02    8.23E+00    8.15E+00    1.24E+00    1.03E-02    3.68E+00    6.62E-01
    5.90E+00    2.45E+00    1.71E+09    1.68E+09    4.13E+08    6.69E+07    2.12E+09    8.05E-01    1.56E+01    3.78E+00    1.94E+01    5.85E+02    8.30E+00    8.12E+00    1.03E+00    9.47E-03    2.51E+00    6.06E-01
    5.88E+00    1.83E+00    1.35E+09    1.32E+09    4.76E+08    6.46E+07    1.82E+09    7.39E-01    1.24E+01    4.39E+00    1.68E+01    6.01E+02    8.36E+00    8.22E+00    9.99E-01    9.21E-03    2.10E+00    7.43E-01
    5.31E+00    2.38E+00    2.02E+09    2.04E+09    5.96E+08    7.25E+07    2.61E+09    7.72E-01    2.28E+01    6.73E+00    2.95E+01    5.09E+02    8.28E+00    8.25E+00    2.37E+00    2.68E-02    3.97E+00    1.17E+00
    4.82E+00    1.69E+00    2.00E+09    2.20E+09    9.35E+08    6.44E+07    2.94E+09    6.82E-01    2.74E+01    1.28E+01    4.03E+01    4.14E+02    8.28E+00    8.26E+00    3.91E+00    5.36E-02    4.18E+00    1.95E+00
    5.62E+00    1.81E+00    1.82E+09    1.91E+09    1.31E+09    1.18E+08    3.12E+09    5.82E-01    1.83E+01    1.32E+01    3.15E+01    6.23E+02    8.27E+00    8.24E+00    3.00E+00    3.02E-02    2.30E+00    1.65E+00
    5.31E+00    2.47E+00    1.81E+09    1.84E+09    1.50E+09    1.34E+08    3.31E+09    5.47E-01    2.04E+01    1.69E+01    3.74E+01    6.72E+02    8.26E+00    8.25E+00    2.23E+00    2.52E-02    1.49E+00    1.23E+00
    5.29E+00    1.78E+00    1.65E+09    1.75E+09    1.58E+09    1.41E+08    3.23E+09    5.11E-01    1.88E+01    1.80E+01    3.68E+01    7.40E+02    8.34E+00    8.27E+00    2.64E+00    3.01E-02    1.67E+00    1.60E+00
    9.03E+00    2.64E+00    2.33E+09    2.27E+09    1.51E+09    1.78E+08    3.85E+09    6.06E-01    9.10E+00    5.91E+00    1.50E+01    9.15E+02    8.27E+00    8.27E+00    1.66E+00    6.47E-03    1.10E+00    7.11E-01
    1.08E+01    2.78E+00    2.92E+09    2.83E+09    1.54E+09    1.81E+08    4.47E+09    6.55E-01    7.93E+00    4.18E+00    1.21E+01    1.02E+03    8.26E+00    8.27E+00    1.59E+00    4.32E-03    1.03E+00    5.45E-01
    1.06E+01    2.54E+00    2.73E+09    2.62E+09    1.71E+09    1.76E+08    4.44E+09    6.15E-01    7.79E+00    4.87E+00    1.27E+01    1.09E+03    8.25E+00    8.28E+00    8.43E-01    2.40E-03    4.94E-01    3.09E-01
    1.53E+01    6.29E+00    1.45E+10    1.30E+10    1.50E+09    4.87E+08    1.60E+10    9.06E-01    1.97E+01    2.04E+00    2.17E+01    1.47E+03    8.23E+00    8.31E+00    1.25E+00    1.70E-03    8.35E-01    8.63E-02
    1.21E+01    7.77E+00    4.22E+09    3.70E+09    3.44E+08    6.59E+07    4.56E+09    9.25E-01    9.18E+00    7.50E-01    9.93E+00    2.09E+03    8.12E+00    8.23E+00    2.61E-01    5.67E-04    7.57E-01    6.18E-02
    1.79E+01    6.83E+00    1.13E+10    1.01E+10    3.50E+09    2.75E+09    1.48E+10    7.63E-01    1.12E+01    3.48E+00    1.47E+01    1.40E+03    8.37E+00    8.28E+00    1.07E+00    1.07E-03    3.07E-01    9.52E-02
    8.09E+00    2.68E+00    5.31E+09    5.82E+09    2.54E+09    7.72E+08    7.86E+09    6.76E-01    2.58E+01    1.24E+01    3.82E+01    8.94E+02    8.51E+00    8.43E+00    9.13E+00    4.44E-02    3.59E+00    1.72E+00
    6.01E+00    1.20E+00    4.35E+09    5.70E+09    4.18E+09    5.47E+08    8.53E+09    5.10E-01    3.83E+01    3.68E+01    7.51E+01    5.19E+02    8.58E+00    8.52E+00    1.87E+01    1.64E-01    4.47E+00    4.29E+00
    1.10E+01    2.03E+00    5.50E+09    6.09E+09    6.41E+09    9.80E+08    1.19E+10    4.62E-01    1.44E+01    1.68E+01    3.12E+01    5.92E+02    8.55E+00    8.53E+00    8.78E+00    2.29E-02    1.37E+00    1.59E+00
    9.46E+00    1.50E+00    5.06E+09    5.40E+09    6.12E+09    8.32E+08    1.12E+10    4.52E-01    1.80E+01    2.18E+01    3.97E+01    6.69E+02    8.54E+00    8.56E+00    7.31E+00    2.60E-02    1.19E+00    1.45E+00
    1.02E+01    1.72E+00    4.84E+09    5.08E+09    6.67E+09    9.91E+08    1.15E+10    4.21E-01    1.49E+01    2.06E+01    3.55E+01    7.60E+02    8.55E+00    8.57E+00    5.84E+00    1.80E-02    8.75E-01    1.21E+00
    1.08E+01    2.69E+00    5.28E+09    5.32E+09    8.03E+09    1.28E+09    1.33E+10    3.97E-01    1.44E+01    2.19E+01    3.62E+01    8.83E+02    8.53E+00    8.55E+00    4.06E+00    1.11E-02    5.06E-01    7.69E-01
    9.16E+00    3.90E+00    5.07E+09    5.19E+09    8.89E+09    1.37E+09    1.40E+10    3.63E-01    1.92E+01    3.37E+01    5.30E+01    9.86E+02    8.54E+00    8.55E+00    5.69E+00    2.16E-02    6.40E-01    1.12E+00
    9.05E+00    2.94E+00    3.76E+09    3.88E+09    8.88E+09    1.18E+09    1.26E+10    2.97E-01    1.46E+01    3.45E+01    4.91E+01    1.06E+03    8.58E+00    8.56E+00    4.33E+00    1.68E-02    4.88E-01    1.15E+00
    9.39E+00    5.67E+00    4.22E+09    4.30E+09    9.58E+09    1.37E+09    1.38E+10    3.06E-01    1.53E+01    3.46E+01    4.99E+01    1.17E+03    8.57E+00    8.56E+00    5.53E+00    2.00E-02    5.78E-01    1.31E+00
    2.09E+01    1.15E+01    1.05E+10    9.26E+09    2.22E+09    1.16E+09    1.27E+10    8.25E-01    7.61E+00    1.62E+00    9.22E+00    2.52E+03    8.36E+00    8.50E+00    6.29E-01    4.58E-04    2.83E-01    6.01E-02
    2.44E+01    1.17E+01    1.24E+10    1.11E+10    1.96E+09    1.20E+09    1.44E+10    8.64E-01    6.66E+00    1.05E+00    7.71E+00    2.95E+03    8.30E+00    8.53E+00    4.41E-02    2.36E-05    2.25E-02    3.55E-03
    1.60E+01    8.03E+00    8.45E+09    7.71E+09    2.70E+09    1.24E+09    1.12E+10    7.58E-01    1.06E+01    3.37E+00    1.39E+01    2.53E+03    8.36E+00    8.50E+00    5.42E-01    6.77E-04    2.01E-01    6.41E-02
    2.44E+01    1.07E+01    2.13E+10    1.95E+10    3.01E+09    1.99E+09    2.44E+10    8.76E-01    1.14E+01    1.61E+00    1.30E+01    2.81E+03    8.16E+00    8.40E+00    1.05E+00    5.62E-04    3.49E-01    4.92E-02
