 UNITS:
 [mass] = M_sun
 [age] = Myr
 [Rdisc / Hdisc] = kpc
 [metalicity] = log([O/H]) + 12
 [Sigma] = M_sun / pc^2
 [SFR] = M_sun / yr
 [sig_SFR] = M_sun / yr / kpc
 [SSFR] = 1 / Gyr 
 [tau] = 1 / Gyr 	tau = SFR/M_gas = gas consumption time
 gal         Rdisc       Hdisc       Mg          Mc          Ms          
 Es_Ms       Mb          fg          Sigg        	Sigs        Sigb        
 age         zg          zs          SFR          Sig_SFR     SSFR        
 tau         
 
    1.95E+00    1.13E+00    4.52E+07    4.07E+07    1.81E+06    0.00E+00    4.71E+07    9.62E-01    3.78E+00    1.51E-01    3.93E+00    1.59E+02    6.93E+00    6.96E+00    1.19E-02    9.91E-04    6.57E+00    2.62E-01
    2.30E+00    1.66E+00    2.57E+08    2.37E+08    5.83E+06    1.36E+06    2.63E+08    9.78E-01    1.55E+01    3.51E-01    1.58E+01    1.92E+02    7.28E+00    7.01E+00    5.03E-02    3.03E-03    8.63E+00    1.96E-01
    2.52E+00    2.11E+00    1.58E+08    1.39E+08    3.92E+06    3.16E+05    1.62E+08    9.76E-01    7.95E+00    1.97E-01    8.15E+00    1.49E+02    7.35E+00    7.19E+00    1.61E-02    8.10E-04    4.11E+00    1.02E-01
    2.60E+00    1.48E+00    3.19E+08    3.02E+08    1.35E+07    2.37E+06    3.32E+08    9.59E-01    1.50E+01    6.34E-01    1.56E+01    2.86E+02    7.43E+00    7.20E+00    6.37E-02    2.99E-03    4.73E+00    2.00E-01
    2.97E+00    2.26E+00    1.81E+08    1.64E+08    1.55E+07    1.61E+06    1.97E+08    9.21E-01    6.55E+00    5.60E-01    7.11E+00    2.45E+02    7.50E+00    7.33E+00    1.01E-01    3.66E-03    6.53E+00    5.59E-01
    3.13E+00    2.34E+00    2.18E+08    1.87E+08    1.52E+07    3.55E+06    2.33E+08    9.35E-01    7.10E+00    4.94E-01    7.59E+00    3.53E+02    7.19E+00    7.34E+00    1.75E-02    5.70E-04    1.15E+00    8.02E-02
    3.38E+00    1.74E+00    4.56E+08    4.18E+08    3.03E+07    6.90E+06    4.86E+08    9.38E-01    1.27E+01    8.47E-01    1.36E+01    3.26E+02    7.39E+00    7.30E+00    2.07E-01    5.77E-03    6.82E+00    4.53E-01
    3.60E+00    2.54E+00    3.45E+08    3.03E+08    2.57E+07    5.58E+06    3.71E+08    9.31E-01    8.47E+00    6.32E-01    9.10E+00    4.33E+02    7.44E+00    7.35E+00    6.65E-02    1.63E-03    2.58E+00    1.93E-01
    3.73E+00    2.58E+00    3.16E+08    2.61E+08    2.50E+07    5.70E+06    3.41E+08    9.27E-01    7.22E+00    5.72E-01    7.79E+00    6.08E+02    7.61E+00    7.37E+00    3.62E-02    8.28E-04    1.45E+00    1.15E-01
    4.18E+00    2.86E+00    3.10E+08    2.46E+08    2.24E+07    5.41E+06    3.33E+08    9.33E-01    5.66E+00    4.08E-01    6.07E+00    6.75E+02    7.41E+00    7.37E+00    1.99E-03    3.63E-05    8.90E-02    6.41E-03
    4.77E+00    2.14E+00    6.54E+08    5.75E+08    3.32E+07    6.39E+06    6.87E+08    9.52E-01    9.15E+00    4.65E-01    9.62E+00    6.18E+02    7.41E+00    7.39E+00    9.32E-02    1.30E-03    2.80E+00    1.42E-01
    4.75E+00    3.98E+00    7.84E+08    6.73E+08    3.73E+07    7.60E+06    8.21E+08    9.55E-01    1.10E+01    5.26E-01    1.16E+01    6.95E+02    7.49E+00    7.39E+00    8.10E-02    1.14E-03    2.17E+00    1.03E-01
    4.81E+00    2.56E+00    9.21E+08    8.26E+08    3.74E+07    6.55E+06    9.58E+08    9.61E-01    1.27E+01    5.16E-01    1.32E+01    4.85E+02    7.58E+00    7.45E+00    2.89E-01    3.98E-03    7.71E+00    3.14E-01
    6.38E+00    3.83E+00    9.29E+08    7.78E+08    7.60E+07    1.19E+07    1.00E+09    9.24E-01    7.27E+00    5.95E-01    7.86E+00    5.19E+02    7.66E+00    7.50E+00    1.02E-01    7.96E-04    1.34E+00    1.10E-01
    6.07E+00    4.48E+00    1.10E+09    9.38E+08    7.75E+07    1.37E+07    1.18E+09    9.34E-01    9.53E+00    6.69E-01    1.02E+01    6.91E+02    7.63E+00    7.50E+00    1.10E-01    9.46E-04    1.41E+00    9.92E-02
    5.46E+00    3.06E+00    1.16E+09    1.03E+09    1.07E+08    2.09E+07    1.27E+09    9.15E-01    1.24E+01    1.15E+00    1.36E+01    7.04E+02    7.63E+00    7.50E+00    4.12E-01    4.40E-03    3.84E+00    3.55E-01
    6.63E+00    4.94E+00    1.96E+09    1.66E+09    8.53E+07    1.41E+07    2.04E+09    9.58E-01    1.42E+01    6.18E-01    1.48E+01    6.35E+02    7.67E+00    7.55E+00    3.46E-01    2.50E-03    4.05E+00    1.76E-01
    6.98E+00    4.43E+00    1.29E+09    1.09E+09    6.29E+07    1.08E+07    1.35E+09    9.53E-01    8.43E+00    4.11E-01    8.84E+00    6.95E+02    7.66E+00    7.55E+00    5.83E-02    3.81E-04    9.26E-01    4.52E-02
    6.70E+00    3.96E+00    1.97E+09    1.77E+09    1.17E+08    1.08E+07    2.08E+09    9.44E-01    1.39E+01    8.30E-01    1.48E+01    4.77E+02    7.77E+00    7.66E+00    7.12E-01    5.04E-03    6.08E+00    3.62E-01
    7.31E+00    4.18E+00    1.76E+09    1.57E+09    1.12E+08    1.35E+07    1.87E+09    9.40E-01    1.05E+01    6.68E-01    1.11E+01    6.48E+02    7.77E+00    7.66E+00    3.45E-01    2.06E-03    3.08E+00    1.96E-01
    7.66E+00    4.15E+00    2.26E+09    2.08E+09    1.71E+08    1.58E+07    2.43E+09    9.30E-01    1.23E+01    9.31E-01    1.32E+01    5.33E+02    7.80E+00    7.70E+00    7.51E-01    4.07E-03    4.38E+00    3.32E-01
    9.11E+00    5.29E+00    2.83E+09    2.52E+09    1.96E+08    1.60E+07    3.03E+09    9.35E-01    1.09E+01    7.54E-01    1.16E+01    5.65E+02    7.84E+00    7.74E+00    6.38E-01    2.45E-03    3.25E+00    2.25E-01
    7.56E+00    5.32E+00    3.73E+09    3.49E+09    2.36E+08    1.56E+07    3.97E+09    9.41E-01    2.08E+01    1.31E+00    2.21E+01    5.72E+02    7.84E+00    7.74E+00    9.90E-01    5.51E-03    4.19E+00    2.65E-01
    9.81E+00    6.48E+00    3.83E+09    3.39E+09    3.12E+08    1.40E+07    4.14E+09    9.25E-01    1.27E+01    1.03E+00    1.37E+01    4.54E+02    8.10E+00    7.95E+00    1.36E+00    4.49E-03    4.36E+00    3.55E-01
    1.06E+01    7.55E+00    3.01E+09    2.68E+09    2.02E+08    4.08E+07    3.22E+09    9.37E-01    8.53E+00    5.73E-01    9.10E+00    1.02E+03    7.98E+00    7.85E+00    4.17E-02    1.18E-04    2.06E-01    1.38E-02
    7.81E+00    4.62E+00    2.93E+09    2.75E+09    3.47E+08    4.59E+07    3.28E+09    8.94E-01    1.53E+01    1.81E+00    1.71E+01    7.60E+02    8.00E+00    7.92E+00    1.72E+00    9.00E-03    4.97E+00    5.88E-01
    9.05E+00    5.04E+00    3.32E+09    3.09E+09    4.94E+08    6.48E+07    3.81E+09    8.71E-01    1.29E+01    1.92E+00    1.48E+01    7.56E+02    8.01E+00    7.92E+00    1.43E+00    5.55E-03    2.89E+00    4.30E-01
    9.80E+00    4.37E+00    3.78E+09    3.52E+09    5.40E+08    7.30E+07    4.32E+09    8.75E-01    1.25E+01    1.79E+00    1.43E+01    7.77E+02    8.06E+00    7.94E+00    1.31E+00    4.34E-03    2.43E+00    3.47E-01
    1.12E+01    5.04E+00    4.35E+09    4.14E+09    9.07E+08    1.06E+08    5.26E+09    8.28E-01    1.10E+01    2.30E+00    1.33E+01    6.91E+02    8.10E+00    7.99E+00    3.02E+00    7.64E-03    3.33E+00    6.93E-01
    1.04E+01    5.21E+00    3.47E+09    3.19E+09    8.06E+08    8.86E+07    4.27E+09    8.11E-01    1.03E+01    2.39E+00    1.27E+01    8.51E+02    8.10E+00    7.99E+00    9.85E-01    2.92E-03    1.22E+00    2.84E-01
    9.48E+00    5.06E+00    5.33E+09    5.02E+09    7.93E+08    1.04E+08    6.13E+09    8.71E-01    1.89E+01    2.81E+00    2.17E+01    9.08E+02    8.09E+00    8.01E+00    2.12E+00    7.53E-03    2.68E+00    3.98E-01
    9.84E+00    4.43E+00    5.33E+09    5.00E+09    9.11E+08    8.55E+07    6.24E+09    8.54E-01    1.75E+01    3.00E+00    2.05E+01    8.79E+02    8.19E+00    8.05E+00    2.82E+00    9.28E-03    3.10E+00    5.30E-01
    1.07E+01    6.21E+00    4.70E+09    4.27E+09    8.35E+08    8.75E+07    5.54E+09    8.49E-01    1.31E+01    2.32E+00    1.54E+01    1.00E+03    8.19E+00    8.05E+00    1.00E+00    2.78E-03    1.20E+00    2.13E-01
    1.04E+01    4.11E+00    3.66E+09    3.43E+09    9.15E+08    8.07E+07    4.58E+09    8.00E-01    1.08E+01    2.70E+00    1.35E+01    1.04E+03    8.25E+00    8.09E+00    1.79E+00    5.27E-03    1.95E+00    4.88E-01
