 UNITS:
 [mass] = M_sun
 [age] = Myr
 [Rdisc / Hdisc] = kpc
 [metalicity] = log([O/H]) + 12
 [Sigma] = M_sun / pc^2
 [SFR] = M_sun / yr
 [sig_SFR] = M_sun / yr / kpc
 [SSFR] = 1 / Gyr 
 [tau] = 1 / Gyr 	tau = SFR/M_gas = gas consumption time
 gal         Rdisc       Hdisc       Mg          Mc          Ms          
 Es_Ms       Mb          fg          Sigg        	Sigs        Sigb        
 age         zg          zs          SFR          Sig_SFR     SSFR        
 tau         
 
    6.01E-01    4.54E-01    1.89E+07    1.87E+07    1.70E+05    0.00E+00    1.90E+07    9.91E-01    1.66E+01    1.50E-01    1.68E+01    3.94E+02    6.95E+00    6.86E+00    1.06E-04    9.36E-05    6.25E-01    5.62E-03
    8.23E-01    4.95E-01    3.45E+07    3.28E+07    7.70E+05    2.61E+05    3.52E+07    9.78E-01    1.62E+01    3.62E-01    1.66E+01    1.42E+02    7.26E+00    6.95E+00    5.61E-03    2.64E-03    7.28E+00    1.63E-01
    1.15E+00    9.07E-01    3.15E+06    3.23E+06    1.58E+06    3.77E+05    4.73E+06    6.66E-01    7.63E-01    3.83E-01    1.15E+00    1.81E+02    7.22E+00    7.22E+00    4.54E-03    1.10E-03    2.87E+00    1.44E+00
    1.30E+00    1.19E+00    1.28E+07    1.21E+07    1.21E+06    2.77E+05    1.40E+07    9.14E-01    2.43E+00    2.29E-01    2.66E+00    2.79E+02    6.87E+00    7.20E+00    0.00E+00    0.00E+00    0.00E+00    0.00E+00
    1.26E+00    5.58E-01    9.43E+07    9.49E+07    3.92E+06    3.67E+05    9.82E+07    9.60E-01    1.90E+01    7.89E-01    1.97E+01    1.20E+02    7.22E+00    7.10E+00    4.98E-02    1.00E-02    1.27E+01    5.28E-01
    1.72E+00    1.22E+00    5.65E+07    5.33E+07    2.36E+06    7.54E+05    5.89E+07    9.60E-01    6.11E+00    2.55E-01    6.36E+00    3.73E+02    7.28E+00    7.23E+00    5.33E-04    5.76E-05    2.26E-01    9.43E-03
    2.12E+00    1.57E+00    2.16E+08    2.06E+08    4.54E+06    2.11E+06    2.21E+08    9.79E-01    1.53E+01    3.22E-01    1.57E+01    3.51E+02    7.29E+00    7.21E+00    3.43E-03    2.43E-04    7.55E-01    1.59E-02
    2.01E+00    1.35E+00    1.16E+08    1.11E+08    5.74E+06    5.71E+05    1.22E+08    9.53E-01    9.14E+00    4.51E-01    9.59E+00    1.97E+02    7.66E+00    7.46E+00    4.48E-02    3.52E-03    7.81E+00    3.85E-01
    2.62E+00    1.19E+00    1.29E+08    1.20E+08    2.34E+07    1.75E+07    1.53E+08    8.46E-01    5.98E+00    1.09E+00    7.07E+00    4.64E+02    7.54E+00    7.37E+00    1.83E-02    8.46E-04    7.80E-01    1.41E-01
    3.05E+00    1.42E+00    2.23E+08    2.07E+08    1.83E+07    1.24E+07    2.42E+08    9.24E-01    7.63E+00    6.24E-01    8.26E+00    5.00E+02    7.49E+00    7.40E+00    3.10E-02    1.06E-03    1.70E+00    1.39E-01
    3.29E+00    1.99E+00    4.55E+08    4.23E+08    3.15E+07    1.11E+07    4.86E+08    9.35E-01    1.34E+01    9.26E-01    1.43E+01    3.83E+02    7.59E+00    7.46E+00    2.02E-01    5.94E-03    6.41E+00    4.44E-01
    3.44E+00    2.09E+00    1.03E+09    9.80E+08    4.56E+07    1.79E+07    1.07E+09    9.57E-01    2.77E+01    1.23E+00    2.89E+01    3.75E+02    7.68E+00    7.52E+00    2.50E-01    6.74E-03    5.49E+00    2.44E-01
    4.22E+00    1.52E+00    5.07E+08    5.19E+08    5.00E+07    5.77E+06    5.57E+08    9.10E-01    9.07E+00    8.94E-01    9.96E+00    1.57E+02    7.85E+00    7.77E+00    6.48E-01    1.16E-02    1.30E+01    1.28E+00
    4.69E+00    3.58E+00    7.15E+08    6.22E+08    5.68E+07    1.62E+07    7.72E+08    9.26E-01    1.04E+01    8.22E-01    1.12E+01    4.17E+02    7.80E+00    7.83E+00    1.96E-02    2.84E-04    3.46E-01    2.75E-02
    2.65E+00    2.08E+00    4.21E+08    3.94E+08    2.71E+07    7.15E+06    4.48E+08    9.39E-01    1.91E+01    1.23E+00    2.03E+01    5.74E+02    8.04E+00    7.79E+00    1.30E-01    5.88E-03    4.78E+00    3.08E-01
    4.28E+00    1.68E+00    5.93E+08    5.53E+08    6.14E+07    1.34E+07    6.54E+08    9.06E-01    1.03E+01    1.07E+00    1.14E+01    5.53E+02    8.01E+00    7.87E+00    1.61E-01    2.79E-03    2.62E+00    2.71E-01
    5.10E+00    2.72E+00    7.54E+08    6.71E+08    9.32E+07    2.48E+07    8.47E+08    8.90E-01    9.24E+00    1.14E+00    1.04E+01    6.50E+02    8.01E+00    7.87E+00    1.69E-01    2.07E-03    1.81E+00    2.24E-01
    4.68E+00    2.82E+00    1.09E+09    1.02E+09    1.64E+08    3.46E+07    1.25E+09    8.69E-01    1.58E+01    2.37E+00    1.82E+01    6.33E+02    8.14E+00    7.94E+00    3.77E-01    5.47E-03    2.30E+00    3.46E-01
    1.15E+00    2.11E-01    5.36E+08    8.88E+08    4.62E+08    4.83E+06    9.98E+08    5.37E-01    1.29E+02    1.11E+02    2.40E+02    1.04E+02    8.59E+00    8.51E+00    5.11E+00    1.23E+00    1.10E+01    9.53E+00
    8.92E-01    6.09E-02    1.89E+08    4.35E+08    6.27E+08    2.45E+06    8.16E+08    2.32E-01    7.56E+01    2.50E+02    3.26E+02    1.49E+02    8.94E+00    8.68E+00    2.48E+00    9.92E-01    3.96E+00    1.31E+01
    5.75E+00    1.73E+00    7.55E+08    7.01E+08    3.01E+08    1.24E+08    1.06E+09    7.15E-01    7.26E+00    2.89E+00    1.02E+01    6.85E+02    8.32E+00    8.24E+00    2.55E-01    2.45E-03    8.47E-01    3.37E-01
    4.21E+00    9.96E-01    7.52E+08    7.82E+08    3.39E+08    9.83E+07    1.09E+09    6.89E-01    1.35E+01    6.11E+00    1.96E+01    6.20E+02    8.19E+00    8.28E+00    9.71E-01    1.75E-02    2.86E+00    1.29E+00
    4.61E+00    1.61E+00    8.22E+08    8.45E+08    4.72E+08    1.19E+08    1.29E+09    6.35E-01    1.23E+01    7.06E+00    1.94E+01    6.26E+02    8.10E+00    8.23E+00    8.48E-01    1.27E-02    1.80E+00    1.03E+00
    3.40E+00    9.62E-01    3.81E+08    4.63E+08    3.20E+08    4.07E+07    7.01E+08    5.43E-01    1.05E+01    8.81E+00    1.93E+01    6.36E+02    8.45E+00    8.50E+00    1.70E+00    4.69E-02    5.32E+00    4.47E+00
    6.60E+00    1.76E+00    5.84E+08    5.51E+08    4.69E+08    1.08E+08    1.05E+09    5.55E-01    4.26E+00    3.42E+00    7.69E+00    8.50E+02    8.25E+00    8.42E+00    4.57E-01    3.34E-03    9.76E-01    7.83E-01
    6.97E+00    1.06E+00    8.19E+08    8.31E+08    4.82E+08    9.62E+07    1.30E+09    6.29E-01    5.36E+00    3.16E+00    8.52E+00    8.49E+02    8.14E+00    8.40E+00    1.24E+00    8.09E-03    2.56E+00    1.51E+00
    5.52E+00    2.11E+00    5.86E+08    5.91E+08    4.99E+08    1.05E+08    1.08E+09    5.40E-01    6.13E+00    5.21E+00    1.13E+01    9.63E+02    8.29E+00    8.38E+00    1.09E+00    1.14E-02    2.19E+00    1.86E+00
    8.89E+00    6.65E+00    9.14E+08    7.68E+08    4.07E+08    7.89E+07    1.32E+09    6.92E-01    3.68E+00    1.64E+00    5.32E+00    1.16E+03    8.09E+00    8.49E+00    2.23E-01    9.00E-04    5.49E-01    2.44E-01
    1.12E+01    5.83E+00    1.90E+09    1.64E+09    5.25E+08    1.10E+08    2.43E+09    7.83E-01    4.79E+00    1.32E+00    6.11E+00    1.23E+03    7.89E+00    8.47E+00    8.02E-02    2.02E-04    1.53E-01    4.22E-02
    8.12E+00    3.86E+00    1.79E+09    1.66E+09    5.66E+08    1.37E+08    2.35E+09    7.59E-01    8.62E+00    2.74E+00    1.14E+01    1.34E+03    8.00E+00    8.37E+00    7.02E-01    3.39E-03    1.24E+00    3.93E-01
    1.19E+01    5.14E+00    5.19E+09    5.00E+09    7.63E+08    1.25E+08    5.96E+09    8.72E-01    1.17E+01    1.72E+00    1.34E+01    9.85E+02    8.03E+00    8.40E+00    3.95E+00    8.89E-03    5.18E+00    7.60E-01
    1.10E+01    5.40E+00    5.01E+09    4.82E+09    1.21E+09    1.34E+08    6.22E+09    8.06E-01    1.32E+01    3.18E+00    1.64E+01    8.44E+02    8.04E+00    8.47E+00    2.62E+00    6.91E-03    2.17E+00    5.23E-01
    1.10E+01    3.15E+00    4.62E+09    4.53E+09    1.61E+09    1.43E+08    6.23E+09    7.41E-01    1.21E+01    4.22E+00    1.63E+01    7.87E+02    8.04E+00    8.48E+00    3.04E+00    7.97E-03    1.89E+00    6.59E-01
    1.13E+01    3.43E+00    6.99E+09    6.81E+09    1.88E+09    1.89E+08    8.87E+09    7.88E-01    1.74E+01    4.68E+00    2.20E+01    7.97E+02    7.98E+00    8.42E+00    3.48E+00    8.64E-03    1.85E+00    4.98E-01
    1.15E+01    5.60E+00    7.07E+09    7.04E+09    2.83E+09    2.05E+08    9.90E+09    7.14E-01    1.70E+01    6.79E+00    2.37E+01    6.70E+02    8.07E+00    8.33E+00    6.18E+00    1.48E-02    2.18E+00    8.74E-01
    1.43E+01    6.08E+00    8.08E+09    7.56E+09    2.68E+09    2.56E+08    1.08E+10    7.51E-01    1.26E+01    4.18E+00    1.68E+01    7.58E+02    8.04E+00    8.30E+00    2.24E+00    3.50E-03    8.38E-01    2.77E-01
    1.41E+01    5.74E+00    9.88E+09    9.45E+09    3.24E+09    2.67E+08    1.31E+10    7.53E-01    1.59E+01    5.20E+00    2.11E+01    7.84E+02    8.05E+00    8.28E+00    4.67E+00    7.49E-03    1.44E+00    4.72E-01
    1.03E+01    3.78E+00    7.13E+09    7.33E+09    3.97E+09    1.85E+08    1.11E+10    6.43E-01    2.15E+01    1.19E+01    3.34E+01    7.39E+02    8.15E+00    8.26E+00    1.03E+01    3.09E-02    2.59E+00    1.44E+00
    1.25E+01    5.53E+00    5.78E+09    5.79E+09    5.08E+09    2.76E+08    1.09E+10    5.32E-01    1.19E+01    1.04E+01    2.23E+01    7.65E+02    8.24E+00    8.30E+00    6.41E+00    1.32E-02    1.26E+00    1.11E+00
    1.03E+01    2.06E+00    5.55E+09    5.75E+09    4.83E+09    1.66E+08    1.04E+10    5.35E-01    1.68E+01    1.46E+01    3.14E+01    8.36E+02    8.23E+00    8.33E+00    5.65E+00    1.71E-02    1.17E+00    1.02E+00
    1.18E+01    3.58E+00    5.85E+09    5.84E+09    5.82E+09    2.45E+08    1.17E+10    5.01E-01    1.34E+01    1.33E+01    2.66E+01    8.91E+02    8.25E+00    8.31E+00    4.23E+00    9.65E-03    7.26E-01    7.22E-01
    1.09E+01    4.36E+00    5.30E+09    5.14E+09    5.86E+09    2.50E+08    1.12E+10    4.75E-01    1.42E+01    1.57E+01    3.00E+01    9.93E+02    8.26E+00    8.31E+00    2.88E+00    7.74E-03    4.91E-01    5.43E-01
    1.06E+01    4.02E+00    5.82E+09    5.77E+09    5.88E+09    2.33E+08    1.17E+10    4.98E-01    1.63E+01    1.65E+01    3.29E+01    1.07E+03    8.28E+00    8.31E+00    4.53E+00    1.27E-02    7.71E-01    7.79E-01
    1.43E+01    5.81E+00    6.66E+09    6.32E+09    5.40E+09    2.70E+08    1.21E+10    5.52E-01    1.03E+01    8.37E+00    1.87E+01    1.17E+03    8.27E+00    8.31E+00    2.58E+00    3.99E-03    4.77E-01    3.86E-01
    1.76E+01    4.77E+00    8.12E+09    7.77E+09    4.96E+09    2.66E+08    1.31E+10    6.21E-01    8.30E+00    5.07E+00    1.34E+01    1.36E+03    8.27E+00    8.32E+00    3.42E+00    3.50E-03    6.90E-01    4.21E-01
