 UNITS:
 [mass] = M_sun
 [age] = Myr
 [Rdisc / Hdisc] = kpc
 [metalicity] = log([O/H]) + 12
 [Sigma] = M_sun / pc^2
 [SFR] = M_sun / yr
 [sig_SFR] = M_sun / yr / kpc
 [SSFR] = 1 / Gyr 
 [tau] = 1 / Gyr 	tau = SFR/M_gas = gas consumption time
 gal         Rdisc       Hdisc       Mg          Mc          Ms          
 Es_Ms       Mb          fg          Sigg        	Sigs        Sigb        
 age         zg          zs          SFR          Sig_SFR     SSFR        
 tau         
 
    1.83E+00    1.26E+00    3.03E+08    2.91E+08    1.09E+07    0.00E+00    3.14E+08    9.65E-01    2.86E+01    1.04E+00    2.97E+01    1.78E+02    7.67E+00    7.46E+00    6.41E-02    6.06E-03    5.85E+00    2.12E-01
    1.53E+00    9.35E-01    3.60E+08    3.52E+08    1.52E+07    1.96E+06    3.75E+08    9.59E-01    4.91E+01    2.08E+00    5.12E+01    1.29E+02    7.91E+00    7.66E+00    5.82E-02    7.95E-03    3.83E+00    1.62E-01
    2.45E+00    1.14E+00    5.49E+08    5.47E+08    6.27E+07    1.03E+07    6.12E+08    8.97E-01    2.91E+01    3.33E+00    3.24E+01    1.18E+02    7.96E+00    7.83E+00    5.03E-01    2.67E-02    8.01E+00    9.16E-01
    1.75E+00    5.60E-01    5.27E+08    6.35E+08    1.67E+08    6.68E+06    6.94E+08    7.59E-01    5.45E+01    1.73E+01    7.18E+01    8.67E+01    8.32E+00    8.23E+00    2.00E+00    2.07E-01    1.20E+01    3.79E+00
    2.07E+00    5.68E-01    4.19E+08    6.39E+08    3.45E+08    1.06E+07    7.64E+08    5.49E-01    3.10E+01    2.55E+01    5.65E+01    9.73E+01    8.56E+00    8.49E+00    2.84E+00    2.10E-01    8.23E+00    6.77E+00
    3.69E+00    2.00E+00    6.86E+08    7.40E+08    3.73E+08    5.18E+07    1.06E+09    6.48E-01    1.61E+01    8.74E+00    2.48E+01    1.84E+02    8.31E+00    8.46E+00    1.38E+00    3.23E-02    3.70E+00    2.01E+00
    2.24E+00    7.69E-01    4.79E+08    6.07E+08    3.32E+08    1.49E+07    8.11E+08    5.90E-01    3.02E+01    2.10E+01    5.12E+01    1.91E+02    8.63E+00    8.49E+00    1.92E+00    1.21E-01    5.76E+00    4.00E+00
    2.44E+00    5.36E-01    1.44E+09    1.65E+09    3.78E+08    5.04E+07    1.82E+09    7.92E-01    7.73E+01    2.03E+01    9.76E+01    1.74E+02    8.46E+00    8.26E+00    4.15E+00    2.23E-01    1.10E+01    2.88E+00
    2.35E+00    4.76E-01    1.15E+09    1.75E+09    1.06E+09    1.03E+08    2.21E+09    5.20E-01    6.62E+01    6.12E+01    1.27E+02    1.53E+02    8.63E+00    8.39E+00    6.59E+00    3.80E-01    6.21E+00    5.74E+00
    3.56E+00    1.41E+00    2.28E+09    3.04E+09    1.56E+09    1.06E+08    3.84E+09    5.95E-01    5.75E+01    3.92E+01    9.67E+01    1.70E+02    8.48E+00    8.60E+00    1.11E+01    2.80E-01    7.14E+00    4.87E+00
    1.15E+00    1.91E-01    1.45E+09    3.42E+09    3.02E+09    2.22E+08    4.46E+09    3.24E-01    3.47E+02    7.23E+02    1.07E+03    1.15E+02    8.82E+00    8.71E+00    2.37E+01    5.67E+00    7.85E+00    1.64E+01
    8.39E-01    7.94E-02    2.01E+09    4.15E+09    4.15E+09    1.88E+08    6.17E+09    3.27E-01    9.12E+02    1.88E+03    2.79E+03    1.35E+02    8.75E+00    8.74E+00    2.80E+01    1.27E+01    6.74E+00    1.39E+01
    1.30E+00    1.28E-01    1.05E+09    2.44E+09    4.68E+09    4.09E+08    5.73E+09    1.83E-01    1.97E+02    8.82E+02    1.08E+03    2.01E+02    8.90E+00    8.78E+00    1.60E+01    3.02E+00    3.42E+00    1.53E+01
    3.00E+00    6.84E-01    1.90E+09    2.13E+09    1.00E+09    3.21E+08    2.90E+09    6.55E-01    6.69E+01    3.53E+01    1.02E+02    4.90E+02    8.57E+00    8.49E+00    4.79E+00    1.69E-01    4.79E+00    2.53E+00
    1.92E+00    4.05E-01    1.68E+09    2.87E+09    1.92E+09    1.87E+08    3.60E+09    4.66E-01    1.44E+02    1.65E+02    3.10E+02    2.49E+02    8.66E+00    8.46E+00    1.46E+01    1.26E+00    7.63E+00    8.73E+00
    1.45E+00    1.25E-01    1.04E+09    1.95E+09    2.30E+09    2.06E+08    3.34E+09    3.12E-01    1.57E+02    3.47E+02    5.04E+02    3.41E+02    8.74E+00    8.77E+00    1.41E+01    2.13E+00    6.13E+00    1.35E+01
    1.55E+00    3.03E-01    6.07E+08    1.27E+09    3.02E+09    3.67E+08    3.63E+09    1.67E-01    8.01E+01    3.99E+02    4.79E+02    4.35E+02    8.87E+00    8.77E+00    8.19E+00    1.08E+00    2.71E+00    1.35E+01
    6.65E+00    7.49E-01    1.86E+09    2.19E+09    2.33E+09    5.56E+08    4.19E+09    4.43E-01    1.33E+01    1.68E+01    3.01E+01    6.50E+02    8.43E+00    8.67E+00    5.67E+00    4.08E-02    2.43E+00    3.05E+00
    4.96E+00    9.24E-01    1.67E+09    2.10E+09    3.66E+09    7.18E+08    5.33E+09    3.14E-01    2.16E+01    4.73E+01    6.89E+01    6.73E+02    8.44E+00    8.69E+00    5.85E+00    7.55E-02    1.60E+00    3.49E+00
    4.28E+00    6.36E-01    1.40E+09    1.82E+09    3.63E+09    6.26E+08    5.02E+09    2.78E-01    2.43E+01    6.31E+01    8.74E+01    6.93E+02    8.48E+00    8.67E+00    5.51E+00    9.58E-02    1.52E+00    3.94E+00
    3.96E+00    6.64E-01    1.07E+09    1.44E+09    3.69E+09    6.50E+08    4.76E+09    2.25E-01    2.17E+01    7.48E+01    9.65E+01    7.44E+02    8.52E+00    8.64E+00    4.86E+00    9.85E-02    1.32E+00    4.54E+00
    4.32E+00    1.04E+00    9.12E+08    1.13E+09    4.27E+09    8.59E+08    5.18E+09    1.76E-01    1.56E+01    7.28E+01    8.84E+01    8.36E+02    8.55E+00    8.60E+00    3.07E+00    5.25E-02    7.20E-01    3.37E+00
    8.85E+00    2.31E+00    2.29E+09    2.25E+09    4.03E+09    1.03E+09    6.32E+09    3.62E-01    9.29E+00    1.64E+01    2.57E+01    1.07E+03    8.28E+00    8.57E+00    2.27E+00    9.22E-03    5.62E-01    9.92E-01
    5.76E+00    1.84E+00    1.69E+09    1.77E+09    3.78E+09    9.04E+08    5.47E+09    3.09E-01    1.62E+01    3.63E+01    5.25E+01    1.12E+03    8.36E+00    8.56E+00    2.29E+00    2.19E-02    6.04E-01    1.35E+00
    4.00E+00    5.84E-01    9.12E+08    9.57E+08    1.16E+09    2.88E+08    2.08E+09    4.39E-01    1.81E+01    2.31E+01    4.12E+01    1.65E+03    8.63E+00    8.67E+00    8.74E-01    1.73E-02    7.50E-01    9.58E-01
    1.14E+01    5.14E+00    2.71E+09    2.27E+09    2.34E+09    9.31E+08    5.04E+09    5.37E-01    6.60E+00    5.69E+00    1.23E+01    2.00E+03    8.25E+00    8.58E+00    2.80E-01    6.83E-04    1.20E-01    1.03E-01
    7.15E+00    1.72E+00    1.64E+09    1.59E+09    3.96E+09    9.08E+08    5.60E+09    2.92E-01    1.02E+01    2.46E+01    3.48E+01    1.50E+03    8.32E+00    8.55E+00    1.33E+00    8.27E-03    3.35E-01    8.11E-01
    5.59E+00    1.63E+00    1.65E+09    1.73E+09    4.00E+09    8.53E+08    5.64E+09    2.92E-01    1.68E+01    4.07E+01    5.74E+01    1.54E+03    8.31E+00    8.55E+00    2.86E+00    2.91E-02    7.16E-01    1.74E+00
    6.62E+00    2.48E+00    2.06E+09    2.19E+09    4.58E+09    1.03E+09    6.64E+09    3.11E-01    1.50E+01    3.33E+01    4.83E+01    1.59E+03    8.34E+00    8.53E+00    3.91E+00    2.84E-02    8.55E-01    1.90E+00
    6.17E+00    2.11E+00    1.70E+09    1.81E+09    4.33E+09    9.20E+08    6.03E+09    2.82E-01    1.42E+01    3.62E+01    5.05E+01    1.69E+03    8.41E+00    8.53E+00    2.92E+00    2.45E-02    6.75E-01    1.72E+00
    6.40E+00    2.31E+00    1.85E+09    1.87E+09    3.81E+09    8.52E+08    5.67E+09    3.27E-01    1.44E+01    2.97E+01    4.41E+01    1.79E+03    8.39E+00    8.53E+00    2.00E+00    1.55E-02    5.23E-01    1.08E+00
    7.08E+00    1.98E+00    1.66E+09    1.64E+09    2.72E+09    6.64E+08    4.38E+09    3.79E-01    1.05E+01    1.73E+01    2.78E+01    1.98E+03    8.43E+00    8.54E+00    1.29E+00    8.21E-03    4.75E-01    7.80E-01
    6.98E+00    1.92E+00    1.51E+09    1.48E+09    1.67E+09    4.74E+08    3.18E+09    4.74E-01    9.85E+00    1.09E+01    2.08E+01    2.26E+03    8.45E+00    8.55E+00    1.30E+00    8.50E-03    7.77E-01    8.63E-01
    6.82E+00    1.41E+00    1.51E+09    1.49E+09    1.23E+09    3.32E+08    2.73E+09    5.51E-01    1.03E+01    8.39E+00    1.87E+01    2.39E+03    8.42E+00    8.57E+00    1.09E+00    7.48E-03    8.92E-01    7.27E-01
    7.49E+00    1.39E+00    1.48E+09    1.50E+09    1.36E+09    3.53E+08    2.84E+09    5.22E-01    8.42E+00    7.72E+00    1.61E+01    2.36E+03    8.41E+00    8.57E+00    1.20E+00    6.84E-03    8.87E-01    8.12E-01
    7.33E+00    1.23E+00    1.33E+09    1.32E+09    1.42E+09    3.33E+08    2.75E+09    4.83E-01    7.86E+00    8.41E+00    1.63E+01    2.34E+03    8.43E+00    8.55E+00    7.94E-01    4.70E-03    5.59E-01    5.98E-01
    7.00E+00    1.56E+00    1.20E+09    1.18E+09    1.58E+09    3.85E+08    2.78E+09    4.33E-01    7.81E+00    1.02E+01    1.81E+01    2.44E+03    8.46E+00    8.55E+00    7.18E-01    4.66E-03    4.55E-01    5.97E-01
    6.10E+00    1.24E+00    1.15E+09    1.16E+09    1.32E+09    3.34E+08    2.47E+09    4.66E-01    9.86E+00    1.13E+01    2.12E+01    2.75E+03    8.44E+00    8.57E+00    9.20E-01    7.88E-03    6.97E-01    7.99E-01
