 UNITS:
 [mass] = M_sun
 [age] = Myr
 [Rdisc / Hdisc] = kpc
 [metalicity] = log([O/H]) + 12
 [Sigma] = M_sun / pc^2
 [SFR] = M_sun / yr
 [sig_SFR] = M_sun / yr / kpc
 [SSFR] = 1 / Gyr 
 [tau] = 1 / Gyr 	tau = SFR/M_gas = gas consumption time
 gal         Rdisc       Hdisc       Mg          Mc          Ms          
 Es_Ms       Mb          fg          Sigg        	Sigs        Sigb        
 age         zg          zs          SFR          Sig_SFR     SSFR        
 tau         
 
    7.65E-01    3.87E-01    4.03E+07    3.97E+07    1.34E+06    0.00E+00    4.16E+07    9.68E-01    2.19E+01    7.30E-01    2.26E+01    6.10E+01    7.52E+00    7.32E+00    1.66E-02    9.01E-03    1.23E+01    4.12E-01
    9.64E-01    4.76E-01    2.61E+07    2.47E+07    1.49E+06    4.81E+05    2.76E+07    9.46E-01    8.93E+00    5.10E-01    9.44E+00    1.41E+02    7.49E+00    7.35E+00    6.18E-03    2.12E-03    4.15E+00    2.37E-01
    1.22E+00    6.78E-01    5.46E+07    5.32E+07    4.49E+06    8.99E+05    5.91E+07    9.24E-01    1.17E+01    9.61E-01    1.26E+01    1.47E+02    7.15E+00    7.28E+00    3.55E-02    7.60E-03    7.91E+00    6.51E-01
    1.64E+00    1.19E+00    1.05E+08    9.77E+07    5.99E+06    1.92E+06    1.11E+08    9.46E-01    1.24E+01    7.08E-01    1.31E+01    2.50E+02    7.60E+00    7.38E+00    1.73E-02    2.05E-03    2.89E+00    1.66E-01
    2.28E+00    1.61E+00    3.43E+08    3.24E+08    8.58E+06    1.00E+06    3.51E+08    9.76E-01    2.09E+01    5.24E-01    2.15E+01    9.85E+01    7.63E+00    7.50E+00    1.08E-01    6.58E-03    1.26E+01    3.14E-01
    1.98E+00    1.23E+00    8.83E+08    9.11E+08    7.81E+07    7.07E+06    9.61E+08    9.19E-01    7.17E+01    6.34E+00    7.81E+01    5.23E+01    8.04E+00    7.92E+00    1.13E+00    9.21E-02    1.45E+01    1.28E+00
    2.25E+00    1.42E+00    1.00E+09    1.04E+09    1.36E+08    7.97E+06    1.14E+09    8.80E-01    6.29E+01    8.55E+00    7.15E+01    8.66E+01    8.14E+00    8.07E+00    1.36E+00    8.50E-02    9.94E+00    1.35E+00
    1.29E+00    3.72E-01    7.65E+08    1.16E+09    4.71E+08    5.50E+06    1.24E+09    6.19E-01    1.47E+02    9.07E+01    2.38E+02    5.73E+01    8.64E+00    8.46E+00    6.79E+00    1.31E+00    1.44E+01    8.88E+00
    2.53E+00    1.45E+00    8.93E+08    9.86E+08    3.62E+08    5.95E+07    1.25E+09    7.12E-01    4.44E+01    1.80E+01    6.24E+01    1.51E+02    8.46E+00    8.34E+00    1.76E+00    8.75E-02    4.86E+00    1.97E+00
    4.87E+00    2.37E+00    2.15E+09    2.48E+09    1.02E+09    9.88E+07    3.18E+09    6.78E-01    2.90E+01    1.37E+01    4.27E+01    1.54E+02    8.22E+00    8.37E+00    6.84E+00    9.19E-02    6.70E+00    3.17E+00
    4.12E+00    2.76E+00    6.09E+09    6.09E+09    5.21E+08    9.20E+07    6.61E+09    9.21E-01    1.14E+02    9.76E+00    1.24E+02    2.22E+02    8.04E+00    7.95E+00    5.76E+00    1.08E-01    1.11E+01    9.45E-01
    3.08E+00    1.17E+00    2.23E+09    2.74E+09    1.11E+09    5.63E+07    3.33E+09    6.67E-01    7.45E+01    3.72E+01    1.12E+02    2.07E+02    8.52E+00    8.44E+00    7.64E+00    2.56E-01    6.89E+00    3.43E+00
    4.67E+00    1.35E+00    4.95E+09    5.70E+09    1.90E+09    1.95E+08    6.86E+09    7.22E-01    7.24E+01    2.79E+01    1.00E+02    2.00E+02    8.37E+00    8.41E+00    1.38E+01    2.02E-01    7.26E+00    2.79E+00
    3.95E+00    9.89E-01    2.64E+09    4.67E+09    4.68E+09    3.23E+08    7.33E+09    3.61E-01    5.40E+01    9.56E+01    1.50E+02    1.85E+02    8.64E+00    8.51E+00    2.17E+01    4.44E-01    4.64E+00    8.22E+00
    5.40E+00    1.53E+00    5.33E+09    6.39E+09    5.28E+09    6.99E+08    1.06E+10    5.02E-01    5.82E+01    5.77E+01    1.16E+02    2.57E+02    8.46E+00    8.51E+00    1.54E+01    1.69E-01    2.92E+00    2.90E+00
    4.62E+00    1.40E+00    3.52E+09    5.14E+09    7.90E+09    6.95E+08    1.14E+10    3.08E-01    5.24E+01    1.18E+02    1.70E+02    3.03E+02    8.56E+00    8.55E+00    2.01E+01    3.00E-01    2.54E+00    5.71E+00
    5.34E+00    2.52E+00    4.06E+09    5.19E+09    9.42E+09    1.35E+09    1.35E+10    3.01E-01    4.54E+01    1.05E+02    1.51E+02    3.83E+02    8.54E+00    8.54E+00    1.50E+01    1.67E-01    1.59E+00    3.69E+00
    4.73E+00    1.25E+00    3.25E+09    4.27E+09    9.27E+09    9.13E+08    1.25E+10    2.60E-01    4.63E+01    1.32E+02    1.78E+02    4.66E+02    8.58E+00    8.57E+00    1.40E+01    1.99E-01    1.51E+00    4.30E+00
    4.71E+00    1.03E+00    3.57E+09    4.68E+09    1.04E+10    9.72E+08    1.40E+10    2.56E-01    5.12E+01    1.49E+02    2.00E+02    5.30E+02    8.57E+00    8.58E+00    1.60E+01    2.30E-01    1.54E+00    4.49E+00
    2.84E+00    5.47E-01    2.17E+09    4.00E+09    8.30E+09    3.53E+08    1.05E+10    2.07E-01    8.59E+01    3.28E+02    4.14E+02    5.37E+02    8.66E+00    8.63E+00    2.45E+01    9.68E-01    2.95E+00    1.13E+01
    2.38E+00    3.76E-01    1.01E+09    1.96E+09    7.22E+09    3.41E+08    8.23E+09    1.23E-01    5.67E+01    4.05E+02    4.62E+02    5.65E+02    8.77E+00    8.66E+00    9.44E+00    5.30E-01    1.31E+00    9.34E+00
    3.86E+00    1.50E+00    1.40E+09    2.05E+09    1.25E+10    1.78E+09    1.39E+10    1.00E-01    2.99E+01    2.67E+02    2.97E+02    7.08E+02    8.68E+00    8.61E+00    8.50E+00    1.81E-01    6.78E-01    6.07E+00
    3.60E+00    6.77E-01    9.16E+08    1.61E+09    1.00E+10    1.02E+09    1.09E+10    8.39E-02    2.25E+01    2.45E+02    2.68E+02    7.74E+02    8.76E+00    8.65E+00    8.42E+00    2.07E-01    8.42E-01    9.20E+00
    7.35E+00    3.52E+00    3.34E+09    3.14E+09    1.80E+09    6.32E+08    5.13E+09    6.50E-01    1.96E+01    1.06E+01    3.02E+01    1.30E+03    8.33E+00    8.45E+00    2.54E+00    1.50E-02    1.42E+00    7.63E-01
    5.60E+00    1.29E+00    2.48E+09    3.04E+09    2.06E+09    3.13E+08    4.55E+09    5.46E-01    2.52E+01    2.10E+01    4.62E+01    9.42E+02    8.42E+00    8.44E+00    8.26E+00    8.39E-02    4.00E+00    3.32E+00
    3.52E+00    1.02E+00    2.22E+09    2.61E+09    2.22E+09    2.46E+08    4.44E+09    5.00E-01    5.70E+01    5.70E+01    1.14E+02    9.42E+02    8.52E+00    8.52E+00    6.54E+00    1.68E-01    2.94E+00    2.95E+00
    1.21E+01    2.97E+00    6.75E+09    6.60E+09    2.83E+09    6.76E+08    9.59E+09    7.04E-01    1.47E+01    6.15E+00    2.08E+01    1.15E+03    8.36E+00    8.46E+00    6.82E+00    1.48E-02    2.41E+00    1.01E+00
    9.09E+00    2.64E+00    7.24E+09    7.62E+09    2.95E+09    4.97E+08    1.02E+10    7.10E-01    2.79E+01    1.14E+01    3.93E+01    8.49E+02    8.37E+00    8.40E+00    1.13E+01    4.34E-02    3.81E+00    1.56E+00
