 UNITS:
 [mass] = M_sun
 [age] = Myr
 [Rdisc / Hdisc] = kpc
 [metalicity] = log([O/H]) + 12
 [Sigma] = M_sun / pc^2
 [SFR] = M_sun / yr
 [sig_SFR] = M_sun / yr / kpc
 [SSFR] = 1 / Gyr 
 [tau] = 1 / Gyr 	tau = SFR/M_gas = gas consumption time
 gal         Rdisc       Hdisc       Mg          Mc          Ms          
 Es_Ms       Mb          fg          Sigg        	Sigs        Sigb        
 age         zg          zs          SFR          Sig_SFR     SSFR        
 tau         
 
    1.23E+00    8.87E-01    1.28E+08    1.26E+08    3.48E+06    0.00E+00    1.31E+08    9.74E-01    2.70E+01    7.35E-01    2.77E+01    4.23E+01    7.33E+00    7.30E+00    5.23E-02    1.10E-02    1.50E+01    4.09E-01
    1.17E+00    5.00E-01    7.85E+08    8.45E+08    8.28E+07    2.41E+06    8.68E+08    9.05E-01    1.82E+02    1.92E+01    2.02E+02    3.64E+01    8.10E+00    7.79E+00    1.35E+00    3.13E-01    1.63E+01    1.72E+00
    1.77E+00    7.82E-01    1.30E+09    1.65E+09    4.45E+08    1.42E+07    1.75E+09    7.45E-01    1.32E+02    4.51E+01    1.77E+02    5.42E+01    8.33E+00    8.37E+00    5.01E+00    5.08E-01    1.13E+01    3.85E+00
    1.53E+00    6.02E-01    1.97E+09    2.65E+09    1.04E+09    2.21E+07    3.00E+09    6.55E-01    2.66E+02    1.40E+02    4.06E+02    7.69E+01    8.41E+00    8.50E+00    9.33E+00    1.26E+00    9.01E+00    4.75E+00
    1.53E+00    2.47E-01    1.64E+09    3.51E+09    2.83E+09    3.52E+07    4.47E+09    3.67E-01    2.24E+02    3.87E+02    6.12E+02    9.58E+01    8.63E+00    8.55E+00    2.02E+01    2.76E+00    7.13E+00    1.23E+01
    2.25E+00    5.10E-01    2.08E+09    3.91E+09    4.21E+09    2.06E+08    6.29E+09    3.31E-01    1.31E+02    2.66E+02    3.97E+02    1.30E+02    8.57E+00    8.56E+00    2.27E+01    1.43E+00    5.38E+00    1.09E+01
    3.35E+00    6.50E-01    2.05E+09    3.55E+09    5.95E+09    4.45E+08    8.00E+09    2.57E-01    5.81E+01    1.68E+02    2.26E+02    1.87E+02    8.55E+00    8.57E+00    1.69E+01    4.77E-01    2.83E+00    8.21E+00
    3.88E+00    8.98E-01    2.63E+09    3.98E+09    6.38E+09    6.53E+08    9.01E+09    2.92E-01    5.56E+01    1.35E+02    1.90E+02    2.29E+02    8.45E+00    8.52E+00    1.66E+01    3.50E-01    2.60E+00    6.30E+00
    3.78E+00    1.04E+00    2.04E+09    3.30E+09    7.42E+09    7.36E+08    9.46E+09    2.16E-01    4.55E+01    1.65E+02    2.11E+02    2.84E+02    8.52E+00    8.50E+00    1.46E+01    3.26E-01    1.97E+00    7.18E+00
    4.24E+00    9.37E-01    2.32E+09    3.27E+09    8.10E+09    7.64E+08    1.04E+10    2.22E-01    4.10E+01    1.43E+02    1.84E+02    3.53E+02    8.48E+00    8.51E+00    1.20E+01    2.13E-01    1.48E+00    5.19E+00
    3.96E+00    1.09E+00    3.22E+09    4.62E+09    9.32E+09    9.01E+08    1.25E+10    2.56E-01    6.53E+01    1.89E+02    2.54E+02    3.90E+02    8.45E+00    8.48E+00    2.12E+01    4.30E-01    2.28E+00    6.60E+00
    3.82E+00    6.91E-01    2.16E+09    3.96E+09    1.02E+10    6.85E+08    1.24E+10    1.75E-01    4.73E+01    2.23E+02    2.71E+02    4.19E+02    8.57E+00    8.50E+00    1.88E+01    4.11E-01    1.84E+00    8.69E+00
    5.12E+00    1.54E+00    1.84E+09    2.80E+09    1.24E+10    1.43E+09    1.43E+10    1.29E-01    2.23E+01    1.51E+02    1.73E+02    4.86E+02    8.60E+00    8.49E+00    1.05E+01    1.27E-01    8.41E-01    5.69E+00
    6.54E+00    1.98E+00    3.76E+09    4.20E+09    1.12E+10    1.41E+09    1.50E+10    2.51E-01    2.80E+01    8.38E+01    1.12E+02    5.62E+02    8.40E+00    8.49E+00    8.94E+00    6.66E-02    7.95E-01    2.38E+00
    5.65E+00    1.41E+00    2.39E+09    3.11E+09    1.30E+10    1.37E+09    1.54E+10    1.55E-01    2.38E+01    1.30E+02    1.54E+02    6.61E+02    8.50E+00    8.49E+00    9.70E+00    9.67E-02    7.45E-01    4.06E+00
    6.99E+00    1.82E+00    3.67E+09    4.31E+09    1.38E+10    1.73E+09    1.74E+10    2.11E-01    2.39E+01    8.96E+01    1.14E+02    7.23E+02    8.41E+00    8.48E+00    1.12E+01    7.29E-02    8.14E-01    3.05E+00
    8.76E+00    1.89E+00    4.79E+09    5.36E+09    1.42E+10    1.76E+09    1.90E+10    2.52E-01    1.99E+01    5.90E+01    7.89E+01    7.95E+02    8.37E+00    8.48E+00    1.10E+01    4.55E-02    7.71E-01    2.29E+00
    4.89E+00    2.59E+00    6.12E+09    7.33E+09    1.02E+10    1.13E+09    1.63E+10    3.75E-01    8.16E+01    1.36E+02    2.18E+02    8.03E+02    8.41E+00    8.48E+00    2.29E+01    3.05E-01    2.24E+00    3.74E+00
    2.55E+00    3.81E-01    2.08E+09    4.87E+09    1.06E+10    3.47E+08    1.26E+10    1.65E-01    1.02E+02    5.18E+02    6.20E+02    7.67E+02    8.80E+00    8.60E+00    3.17E+01    1.56E+00    3.00E+00    1.53E+01
    6.54E+00    1.44E+00    3.65E+09    4.02E+09    3.13E+09    6.49E+08    6.78E+09    5.39E-01    2.72E+01    2.33E+01    5.05E+01    8.70E+02    8.61E+00    8.51E+00    7.92E+00    5.90E-02    2.53E+00    2.17E+00
