 UNITS:
 [mass] = M_sun
 [age] = Myr
 [Rdisc / Hdisc] = kpc
 [metalicity] = log([O/H]) + 12
 [Sigma] = M_sun / pc^2
 [SFR] = M_sun / yr
 [sig_SFR] = M_sun / yr / kpc
 [SSFR] = 1 / Gyr 
 [tau] = 1 / Gyr 	tau = SFR/M_gas = gas consumption time
 gal         Rdisc       Hdisc       Mg          Mc          Ms          
 Es_Ms       Mb          fg          Sigg        	Sigs        Sigb        
 age         zg          zs          SFR          Sig_SFR     SSFR        
 tau         
 
    1.47E+00    9.91E-01    6.36E+07    6.46E+07    8.46E+06    0.00E+00    7.21E+07    8.83E-01    9.43E+00    1.25E+00    1.07E+01    8.35E+01    7.79E+00    7.59E+00    8.27E-02    1.23E-02    9.78E+00    1.30E+00
    1.74E+00    1.17E+00    1.51E+08    1.43E+08    7.30E+06    1.93E+06    1.58E+08    9.54E-01    1.59E+01    7.70E-01    1.66E+01    1.53E+02    7.61E+00    7.50E+00    3.34E-02    3.53E-03    4.58E+00    2.22E-01
    1.82E+00    9.73E-01    1.90E+08    1.96E+08    2.27E+07    1.57E+06    2.13E+08    8.93E-01    1.82E+01    2.17E+00    2.04E+01    1.01E+02    7.76E+00    7.56E+00    2.50E-01    2.39E-02    1.10E+01    1.31E+00
    2.52E+00    1.27E+00    2.96E+08    2.81E+08    2.58E+07    8.14E+06    3.22E+08    9.20E-01    1.49E+01    1.30E+00    1.62E+01    3.35E+02    7.72E+00    7.52E+00    2.85E-02    1.43E-03    1.11E+00    9.63E-02
    3.39E+00    2.44E+00    5.31E+08    5.23E+08    9.51E+07    1.56E+07    6.26E+08    8.48E-01    1.47E+01    2.63E+00    1.73E+01    1.90E+02    7.92E+00    7.66E+00    6.62E-01    1.83E-02    6.97E+00    1.25E+00
    4.00E+00    2.65E+00    1.08E+09    1.01E+09    4.96E+07    1.07E+07    1.13E+09    9.56E-01    2.15E+01    9.86E-01    2.25E+01    2.48E+02    7.75E+00    7.71E+00    2.00E-01    3.98E-03    4.04E+00    1.85E-01
    2.70E+00    1.84E+00    8.08E+08    7.62E+08    4.24E+07    4.89E+06    8.50E+08    9.50E-01    3.54E+01    1.86E+00    3.72E+01    3.13E+02    8.11E+00    7.83E+00    1.75E-01    7.66E-03    4.12E+00    2.17E-01
    4.27E+00    2.55E+00    2.55E+09    2.44E+09    1.78E+08    3.05E+07    2.73E+09    9.35E-01    4.44E+01    3.10E+00    4.75E+01    2.28E+02    7.96E+00    7.94E+00    9.80E-01    1.71E-02    5.50E+00    3.85E-01
    5.44E+00    3.58E+00    3.00E+09    2.81E+09    2.34E+08    5.74E+07    3.24E+09    9.28E-01    3.22E+01    2.51E+00    3.48E+01    3.02E+02    8.08E+00    7.96E+00    9.78E-01    1.05E-02    4.19E+00    3.26E-01
    4.63E+00    1.80E+00    2.38E+09    2.35E+09    3.31E+08    7.05E+07    2.71E+09    8.78E-01    3.53E+01    4.92E+00    4.02E+01    2.86E+02    8.34E+00    8.07E+00    1.63E+00    2.41E-02    4.91E+00    6.84E-01
    4.63E+00    1.79E+00    1.62E+09    1.59E+09    3.19E+08    6.75E+07    1.94E+09    8.36E-01    2.41E+01    4.73E+00    2.88E+01    3.66E+02    8.52E+00    8.24E+00    8.05E-01    1.20E-02    2.53E+00    4.97E-01
    3.66E+00    1.41E+00    1.30E+09    1.41E+09    7.27E+08    7.61E+07    2.03E+09    6.42E-01    3.09E+01    1.72E+01    4.81E+01    2.83E+02    8.55E+00    8.60E+00    1.77E+00    4.19E-02    2.43E+00    1.36E+00
    4.48E+00    1.00E+00    2.24E+09    3.00E+09    1.94E+09    7.39E+07    4.18E+09    5.35E-01    3.54E+01    3.08E+01    6.63E+01    2.17E+02    8.44E+00    8.63E+00    1.21E+01    1.91E-01    6.21E+00    5.40E+00
    3.73E+00    7.84E-01    1.02E+09    2.07E+09    3.60E+09    8.17E+07    4.61E+09    2.20E-01    2.32E+01    8.21E+01    1.05E+02    2.40E+02    8.72E+00    8.66E+00    9.95E+00    2.27E-01    2.77E+00    9.79E+00
    5.40E+00    2.10E+00    1.54E+09    1.86E+09    3.47E+09    1.77E+08    5.01E+09    3.08E-01    1.69E+01    3.78E+01    5.47E+01    3.40E+02    8.51E+00    8.66E+00    4.75E+00    5.19E-02    1.37E+00    3.08E+00
    6.23E+00    1.44E+00    1.57E+09    1.69E+09    2.11E+09    1.72E+08    3.68E+09    4.26E-01    1.28E+01    1.73E+01    3.01E+01    4.74E+02    8.43E+00    8.62E+00    2.93E+00    2.40E-02    1.39E+00    1.87E+00
    7.22E+00    2.21E+00    2.98E+09    3.03E+09    2.14E+09    2.29E+08    5.12E+09    5.82E-01    1.82E+01    1.31E+01    3.13E+01    5.65E+02    8.29E+00    8.55E+00    3.86E+00    2.36E-02    1.81E+00    1.29E+00
    6.93E+00    1.80E+00    2.12E+09    2.32E+09    3.02E+09    2.28E+08    5.13E+09    4.12E-01    1.40E+01    2.00E+01    3.40E+01    5.80E+02    8.37E+00    8.57E+00    4.37E+00    2.89E-02    1.45E+00    2.06E+00
    7.42E+00    1.34E+00    2.63E+09    2.76E+09    3.04E+09    2.27E+08    5.67E+09    4.63E-01    1.52E+01    1.76E+01    3.28E+01    6.78E+02    8.31E+00    8.56E+00    3.05E+00    1.76E-02    1.00E+00    1.16E+00
    6.92E+00    1.92E+00    2.47E+09    2.65E+09    3.17E+09    2.49E+08    5.64E+09    4.38E-01    1.64E+01    2.11E+01    3.75E+01    7.27E+02    8.31E+00    8.53E+00    3.71E+00    2.47E-02    1.17E+00    1.50E+00
    6.37E+00    2.03E+00    2.61E+09    2.82E+09    3.96E+09    2.71E+08    6.57E+09    3.97E-01    2.05E+01    3.10E+01    5.15E+01    7.73E+02    8.30E+00    8.51E+00    4.13E+00    3.24E-02    1.04E+00    1.58E+00
    5.63E+00    1.31E+00    2.03E+09    2.33E+09    4.33E+09    2.37E+08    6.36E+09    3.19E-01    2.04E+01    4.34E+01    6.38E+01    8.28E+02    8.37E+00    8.50E+00    4.69E+00    4.70E-02    1.08E+00    2.31E+00
    7.55E+00    3.10E+00    2.31E+09    2.37E+09    5.09E+09    4.33E+08    7.40E+09    3.12E-01    1.29E+01    2.85E+01    4.14E+01    8.86E+02    8.37E+00    8.47E+00    2.71E+00    1.52E-02    5.32E-01    1.17E+00
    6.03E+00    1.53E+00    1.59E+09    1.74E+09    4.75E+09    3.09E+08    6.34E+09    2.51E-01    1.39E+01    4.17E+01    5.56E+01    9.68E+02    8.43E+00    8.48E+00    2.65E+00    2.32E-02    5.57E-01    1.67E+00
    6.33E+00    2.34E+00    1.89E+09    1.98E+09    4.75E+09    3.40E+08    6.64E+09    2.85E-01    1.50E+01    3.78E+01    5.28E+01    1.04E+03    8.36E+00    8.46E+00    2.85E+00    2.26E-02    5.99E-01    1.51E+00
    6.50E+00    2.39E+00    2.42E+09    2.57E+09    5.29E+09    3.82E+08    7.71E+09    3.14E-01    1.82E+01    3.98E+01    5.80E+01    1.11E+03    8.32E+00    8.45E+00    3.86E+00    2.91E-02    7.30E-01    1.60E+00
    7.09E+00    1.83E+00    2.86E+09    3.20E+09    5.50E+09    3.70E+08    8.35E+09    3.42E-01    1.81E+01    3.48E+01    5.29E+01    1.12E+03    8.33E+00    8.44E+00    5.90E+00    3.74E-02    1.07E+00    2.06E+00
    6.43E+00    1.59E+00    2.56E+09    2.91E+09    5.94E+09    3.28E+08    8.50E+09    3.01E-01    1.97E+01    4.57E+01    6.55E+01    1.14E+03    8.40E+00    8.44E+00    6.01E+00    4.63E-02    1.01E+00    2.35E+00
    6.01E+00    1.35E+00    1.72E+09    1.96E+09    5.93E+09    3.09E+08    7.65E+09    2.25E-01    1.52E+01    5.22E+01    6.74E+01    1.21E+03    8.48E+00    8.45E+00    3.67E+00    3.24E-02    6.20E-01    2.13E+00
    5.73E+00    1.63E+00    2.32E+09    2.46E+09    6.45E+09    3.43E+08    8.77E+09    2.65E-01    2.25E+01    6.26E+01    8.51E+01    1.30E+03    8.43E+00    8.45E+00    3.00E+00    2.91E-02    4.66E-01    1.29E+00
    5.20E+00    1.68E+00    1.91E+09    2.28E+09    6.78E+09    3.39E+08    8.69E+09    2.20E-01    2.24E+01    7.97E+01    1.02E+02    1.32E+03    8.48E+00    8.46E+00    5.63E+00    6.61E-02    8.29E-01    2.95E+00
    4.74E+00    1.01E+00    1.73E+09    2.17E+09    6.45E+09    2.51E+08    8.19E+09    2.12E-01    2.45E+01    9.14E+01    1.16E+02    1.32E+03    8.52E+00    8.48E+00    6.37E+00    9.02E-02    9.87E-01    3.68E+00
    3.64E+00    6.04E-01    9.44E+08    1.59E+09    5.32E+09    1.49E+08    6.27E+09    1.51E-01    2.27E+01    1.28E+02    1.51E+02    1.27E+03    8.63E+00    8.53E+00    6.73E+00    1.62E-01    1.26E+00    7.13E+00
    3.10E+00    7.57E-01    6.37E+08    8.84E+08    4.87E+09    1.71E+08    5.50E+09    1.16E-01    2.11E+01    1.61E+02    1.82E+02    1.37E+03    8.68E+00    8.56E+00    3.12E+00    1.03E-01    6.42E-01    4.90E+00
    1.39E+01    5.35E+00    1.52E+09    1.33E+09    7.77E+08    2.17E+08    2.30E+09    6.62E-01    2.50E+00    1.28E+00    3.78E+00    3.24E+03    8.37E+00    8.49E+00    9.28E-02    1.53E-04    1.19E-01    6.10E-02
    1.76E+01    8.14E+00    3.77E+09    3.28E+09    7.79E+08    2.29E+08    4.55E+09    8.29E-01    3.87E+00    7.99E-01    4.67E+00    3.49E+03    8.11E+00    8.48E+00    5.57E-02    5.71E-05    7.14E-02    1.48E-02
    1.47E+01    5.53E+00    5.79E+09    5.36E+09    7.52E+08    2.10E+08    6.54E+09    8.85E-01    8.47E+00    1.10E+00    9.57E+00    3.61E+03    8.00E+00    8.49E+00    2.37E-01    3.48E-04    3.16E-01    4.10E-02
    1.61E+01    4.65E+00    7.91E+09    7.49E+09    9.61E+08    2.05E+08    8.87E+09    8.92E-01    9.69E+00    1.18E+00    1.09E+01    3.01E+03    7.97E+00    8.43E+00    2.22E+00    2.72E-03    2.32E+00    2.81E-01
    1.20E+01    2.79E+00    6.58E+09    6.52E+09    1.35E+09    1.93E+08    7.93E+09    8.30E-01    1.45E+01    2.97E+00    1.75E+01    2.33E+03    8.05E+00    8.36E+00    4.54E+00    9.99E-03    3.36E+00    6.89E-01
    1.41E+01    3.11E+00    8.38E+09    8.21E+09    2.00E+09    2.20E+08    1.04E+10    8.08E-01    1.34E+01    3.20E+00    1.66E+01    1.77E+03    8.09E+00    8.29E+00    4.21E+00    6.75E-03    2.11E+00    5.03E-01
    1.18E+01    2.33E+00    7.19E+09    7.16E+09    2.10E+09    2.04E+08    9.29E+09    7.74E-01    1.66E+01    4.83E+00    2.14E+01    1.59E+03    8.13E+00    8.28E+00    4.10E+00    9.44E-03    1.96E+00    5.70E-01
    1.31E+01    3.32E+00    6.67E+09    6.55E+09    2.91E+09    3.30E+08    9.58E+09    6.96E-01    1.23E+01    5.39E+00    1.77E+01    1.43E+03    8.20E+00    8.26E+00    2.37E+00    4.38E-03    8.12E-01    3.55E-01
    1.30E+01    2.65E+00    6.66E+09    6.63E+09    3.71E+09    4.36E+08    1.04E+10    6.42E-01    1.25E+01    6.96E+00    1.95E+01    1.34E+03    8.21E+00    8.28E+00    3.22E+00    6.03E-03    8.66E-01    4.83E-01
    1.31E+01    2.41E+00    6.37E+09    6.42E+09    4.14E+09    3.83E+08    1.05E+10    6.06E-01    1.18E+01    7.65E+00    1.94E+01    1.25E+03    8.25E+00    8.29E+00    5.04E+00    9.31E-03    1.22E+00    7.92E-01
