 UNITS:
 [mass] = M_sun
 [age] = Myr
 [Rdisc / Hdisc] = kpc
 [metalicity] = log([O/H]) + 12
 [Sigma] = M_sun / pc^2
 [SFR] = M_sun / yr
 [sig_SFR] = M_sun / yr / kpc
 [SSFR] = 1 / Gyr 
 [tau] = 1 / Gyr 	tau = SFR/M_gas = gas consumption time
 gal         Rdisc       Hdisc       Mg          Mc          Ms          
 Es_Ms       Mb          fg          Sigg        	Sigs        Sigb        
 age         zg          zs          SFR          Sig_SFR     SSFR        
 tau         
 
    9.63E-01    7.40E-01    3.11E+07    2.84E+07    7.32E+05    0.00E+00    3.18E+07    9.77E-01    1.07E+01    2.51E-01    1.09E+01    1.50E+02    7.42E+00    7.10E+00    4.33E-03    1.49E-03    5.92E+00    1.39E-01
    1.21E+00    7.65E-01    9.22E+07    8.83E+07    1.28E+06    1.01E+05    9.35E+07    9.86E-01    2.00E+01    2.78E-01    2.03E+01    1.94E+02    7.38E+00    7.33E+00    3.96E-03    8.59E-04    3.09E+00    4.30E-02
    1.30E+00    7.51E-01    1.55E+08    1.60E+08    1.54E+07    1.01E+06    1.70E+08    9.09E-01    2.89E+01    2.88E+00    3.18E+01    7.82E+01    7.85E+00    7.58E+00    2.18E-01    4.08E-02    1.42E+01    1.41E+00
    1.59E+00    7.37E-01    1.59E+08    1.58E+08    8.37E+06    7.44E+05    1.68E+08    9.50E-01    2.00E+01    1.05E+00    2.11E+01    8.66E+01    7.73E+00    7.52E+00    9.08E-02    1.14E-02    1.09E+01    5.69E-01
    2.19E+00    1.41E+00    2.29E+08    2.22E+08    2.13E+07    6.03E+06    2.50E+08    9.15E-01    1.52E+01    1.41E+00    1.66E+01    1.90E+02    7.74E+00    7.57E+00    9.29E-02    6.15E-03    4.37E+00    4.06E-01
    1.62E+00    9.34E-01    2.24E+08    2.21E+08    1.88E+07    3.08E+06    2.43E+08    9.23E-01    2.72E+01    2.28E+00    2.95E+01    1.91E+02    7.89E+00    7.74E+00    1.01E-01    1.22E-02    5.37E+00    4.50E-01
    2.50E+00    2.09E+00    6.52E+08    6.12E+08    3.65E+07    8.01E+06    6.89E+08    9.47E-01    3.32E+01    1.86E+00    3.51E+01    2.62E+02    7.60E+00    7.72E+00    9.07E-02    4.63E-03    2.49E+00    1.39E-01
    2.94E+00    1.57E+00    7.90E+08    7.71E+08    7.70E+07    1.22E+07    8.67E+08    9.11E-01    2.91E+01    2.83E+00    3.19E+01    2.05E+02    7.72E+00    7.70E+00    5.19E-01    1.91E-02    6.74E+00    6.56E-01
    4.01E+00    1.75E+00    8.37E+08    8.06E+08    1.17E+08    2.04E+07    9.54E+08    8.77E-01    1.65E+01    2.31E+00    1.89E+01    2.46E+02    7.90E+00    7.77E+00    4.55E-01    8.99E-03    3.89E+00    5.43E-01
    3.64E+00    2.89E+00    8.28E+08    7.43E+08    4.55E+07    9.93E+06    8.74E+08    9.48E-01    1.99E+01    1.10E+00    2.10E+01    4.47E+02    7.77E+00    7.81E+00    3.41E-02    8.21E-04    7.48E-01    4.11E-02
    3.41E+00    1.54E+00    9.64E+08    9.16E+08    1.44E+08    3.27E+07    1.11E+09    8.70E-01    2.63E+01    3.92E+00    3.03E+01    3.84E+02    7.98E+00    7.76E+00    3.95E-01    1.08E-02    2.75E+00    4.10E-01
    3.86E+00    2.49E+00    7.05E+08    6.47E+08    1.39E+08    2.51E+07    8.44E+08    8.35E-01    1.51E+01    2.98E+00    1.81E+01    4.41E+02    8.08E+00    7.93E+00    3.19E-01    6.82E-03    2.29E+00    4.52E-01
    2.27E+00    9.01E-01    4.84E+08    4.90E+08    1.44E+08    1.52E+07    6.28E+08    7.71E-01    2.98E+01    8.85E+00    3.86E+01    4.55E+02    8.12E+00    7.97E+00    3.93E-01    2.42E-02    2.73E+00    8.13E-01
    4.39E+00    1.11E+00    5.77E+08    6.83E+08    3.87E+08    3.32E+07    9.64E+08    5.98E-01    9.51E+00    6.39E+00    1.59E+01    3.19E+02    8.31E+00    8.40E+00    1.71E+00    2.82E-02    4.42E+00    2.97E+00
    4.09E+00    1.26E+00    6.67E+08    7.06E+08    4.50E+08    3.74E+07    1.12E+09    5.97E-01    1.27E+01    8.58E+00    2.13E+01    3.82E+02    8.21E+00    8.47E+00    1.10E+00    2.10E-02    2.45E+00    1.66E+00
    5.33E+00    1.45E+00    8.27E+08    8.14E+08    4.44E+08    4.80E+07    1.27E+09    6.51E-01    9.28E+00    4.98E+00    1.43E+01    4.88E+02    8.08E+00    8.41E+00    8.25E-01    9.26E-03    1.86E+00    9.98E-01
    5.98E+00    1.40E+00    7.84E+08    7.94E+08    5.48E+08    4.72E+07    1.33E+09    5.88E-01    6.99E+00    4.89E+00    1.19E+01    5.06E+02    8.13E+00    8.45E+00    1.06E+00    9.44E-03    1.93E+00    1.35E+00
    6.85E+00    2.52E+00    8.01E+08    7.40E+08    5.78E+08    5.53E+07    1.38E+09    5.81E-01    5.43E+00    3.92E+00    9.35E+00    6.01E+02    7.98E+00    8.45E+00    4.19E-01    2.84E-03    7.24E-01    5.22E-01
    8.44E+00    2.41E+00    8.49E+08    7.43E+08    4.92E+08    5.63E+07    1.34E+09    6.33E-01    3.79E+00    2.20E+00    5.99E+00    7.55E+02    7.91E+00    8.40E+00    3.50E-01    1.56E-03    7.11E-01    4.12E-01
    8.21E+00    6.70E+00    3.30E+09    2.78E+09    2.17E+08    5.63E+07    3.52E+09    9.38E-01    1.56E+01    1.02E+00    1.66E+01    1.20E+03    7.64E+00    8.13E+00    7.96E-02    3.76E-04    3.67E-01    2.41E-02
    8.37E+00    4.32E+00    2.26E+09    1.99E+09    2.45E+08    4.82E+07    2.51E+09    9.02E-01    1.03E+01    1.11E+00    1.14E+01    1.05E+03    7.81E+00    8.10E+00    8.02E-01    3.65E-03    3.27E+00    3.54E-01
    8.55E+00    4.39E+00    2.83E+09    2.54E+09    2.91E+08    6.45E+07    3.13E+09    9.07E-01    1.24E+01    1.27E+00    1.36E+01    1.29E+03    8.04E+00    8.14E+00    3.24E-01    1.41E-03    1.11E+00    1.14E-01
    9.79E+00    4.63E+00    6.09E+09    5.80E+09    2.49E+09    1.78E+09    8.58E+09    7.10E-01    2.02E+01    8.27E+00    2.85E+01    7.98E+02    8.10E+00    7.94E+00    4.88E+00    1.62E-02    1.96E+00    8.02E-01
    1.12E+01    5.67E+00    8.96E+09    8.43E+09    2.29E+09    9.80E+08    1.12E+10    7.97E-01    2.27E+01    5.79E+00    2.85E+01    6.79E+02    8.09E+00    8.19E+00    5.79E+00    1.47E-02    2.53E+00    6.47E-01
    1.17E+01    4.84E+00    8.49E+09    8.04E+09    2.57E+09    7.50E+08    1.11E+10    7.68E-01    1.96E+01    5.94E+00    2.55E+01    6.16E+02    8.12E+00    8.27E+00    5.16E+00    1.19E-02    2.01E+00    6.08E-01
    1.20E+01    3.49E+00    8.38E+09    8.41E+09    3.38E+09    1.00E+09    1.18E+10    7.12E-01    1.86E+01    7.51E+00    2.61E+01    6.72E+02    8.16E+00    8.19E+00    9.71E+00    2.16E-02    2.87E+00    1.16E+00
    1.39E+01    5.75E+00    9.63E+09    8.98E+09    3.75E+09    9.33E+08    1.34E+10    7.20E-01    1.58E+01    6.13E+00    2.19E+01    7.14E+02    8.15E+00    8.25E+00    4.54E+00    7.43E-03    1.21E+00    4.71E-01
    1.51E+01    5.45E+00    1.15E+10    1.09E+10    4.73E+09    1.13E+09    1.62E+10    7.09E-01    1.61E+01    6.61E+00    2.27E+01    7.97E+02    8.17E+00    8.28E+00    4.97E+00    6.95E-03    1.05E+00    4.32E-01
    1.31E+01    4.83E+00    1.31E+10    1.28E+10    5.27E+09    1.01E+09    1.83E+10    7.13E-01    2.44E+01    9.85E+00    3.43E+01    7.65E+02    8.17E+00    8.30E+00    1.14E+01    2.14E-02    2.17E+00    8.76E-01
    1.32E+01    4.50E+00    1.16E+10    1.16E+10    6.42E+09    1.10E+09    1.80E+10    6.44E-01    2.13E+01    1.18E+01    3.30E+01    7.38E+02    8.24E+00    8.29E+00    1.24E+01    2.27E-02    1.93E+00    1.07E+00
    1.19E+01    2.73E+00    1.08E+10    1.13E+10    7.18E+09    9.18E+08    1.80E+10    6.02E-01    2.45E+01    1.62E+01    4.08E+01    7.44E+02    8.29E+00    8.35E+00    1.51E+01    3.41E-02    2.10E+00    1.39E+00
    1.56E+01    6.50E+00    1.06E+10    1.02E+10    1.00E+10    1.52E+09    2.06E+10    5.14E-01    1.38E+01    1.30E+01    2.68E+01    8.09E+02    8.28E+00    8.31E+00    6.25E+00    8.13E-03    6.24E-01    5.90E-01
    1.80E+01    4.59E+00    1.34E+10    1.31E+10    1.04E+10    1.59E+09    2.39E+10    5.64E-01    1.32E+01    1.02E+01    2.34E+01    8.90E+02    8.26E+00    8.31E+00    8.09E+00    7.95E-03    7.78E-01    6.02E-01
    1.88E+01    6.02E+00    1.62E+10    1.55E+10    1.18E+10    1.84E+09    2.80E+10    5.77E-01    1.45E+01    1.07E+01    2.52E+01    9.68E+02    8.25E+00    8.30E+00    8.96E+00    8.06E-03    7.57E-01    5.54E-01
    1.88E+01    5.40E+00    1.33E+10    1.27E+10    1.22E+10    1.89E+09    2.55E+10    5.22E-01    1.20E+01    1.10E+01    2.30E+01    1.05E+03    8.28E+00    8.30E+00    5.56E+00    5.00E-03    4.55E-01    4.18E-01
    1.95E+01    5.69E+00    1.67E+10    1.59E+10    1.28E+10    2.06E+09    2.95E+10    5.65E-01    1.40E+01    1.08E+01    2.47E+01    1.14E+03    8.25E+00    8.30E+00    5.52E+00    4.62E-03    4.29E-01    3.31E-01
    1.78E+01    5.47E+00    1.98E+10    1.96E+10    1.46E+10    2.27E+09    3.44E+10    5.76E-01    1.99E+01    1.46E+01    3.45E+01    1.14E+03    8.25E+00    8.30E+00    1.59E+01    1.60E-02    1.09E+00    8.04E-01
    1.81E+01    6.23E+00    1.85E+10    1.83E+10    1.66E+10    2.29E+09    3.52E+10    5.27E-01    1.80E+01    1.61E+01    3.41E+01    1.14E+03    8.33E+00    8.31E+00    1.73E+01    1.68E-02    1.04E+00    9.32E-01
    1.67E+01    6.07E+00    1.75E+10    1.76E+10    1.78E+10    2.10E+09    3.53E+10    4.95E-01    2.01E+01    2.05E+01    4.05E+01    1.18E+03    8.38E+00    8.34E+00    1.89E+01    2.17E-02    1.06E+00    1.08E+00
    1.55E+01    1.06E+01    2.58E+10    2.44E+10    9.36E+09    2.05E+09    3.52E+10    7.34E-01    3.41E+01    1.23E+01    4.64E+01    1.50E+03    8.39E+00    8.35E+00    9.86E+00    1.30E-02    1.05E+00    3.82E-01
    1.49E+01    8.56E+00    1.58E+10    1.62E+10    1.98E+10    1.56E+09    3.56E+10    4.45E-01    2.27E+01    2.83E+01    5.10E+01    1.15E+03    8.50E+00    8.40E+00    2.29E+01    3.28E-02    1.16E+00    1.45E+00
    7.59E+00    1.66E+00    7.74E+09    9.73E+09    1.46E+10    5.80E+08    2.23E+10    3.47E-01    4.27E+01    8.05E+01    1.23E+02    1.09E+03    8.61E+00    8.49E+00    2.83E+01    1.56E-01    1.94E+00    3.66E+00
    1.15E+01    3.89E+00    8.47E+09    9.28E+09    2.15E+10    1.65E+09    3.00E+10    2.83E-01    2.04E+01    5.19E+01    7.23E+01    1.17E+03    8.60E+00    8.48E+00    1.65E+01    3.99E-02    7.69E-01    1.95E+00
    1.05E+01    6.43E+00    9.92E+09    1.08E+10    1.51E+10    1.42E+09    2.50E+10    3.97E-01    2.84E+01    4.31E+01    7.15E+01    1.26E+03    8.63E+00    8.51E+00    1.91E+01    5.47E-02    1.27E+00    1.93E+00
    4.44E+00    9.05E-01    3.54E+09    3.93E+09    6.81E+09    2.13E+09    1.03E+10    3.42E-01    5.70E+01    1.10E+02    1.67E+02    1.66E+03    8.86E+00    8.59E+00    5.47E+00    8.83E-02    8.03E-01    1.55E+00
    1.58E+01    3.88E+00    9.08E+09    8.96E+09    1.27E+10    3.49E+09    2.18E+10    4.17E-01    1.16E+01    1.63E+01    2.79E+01    1.75E+03    8.65E+00    8.53E+00    7.31E+00    9.35E-03    5.75E-01    8.05E-01
