 UNITS:
 [mass] = M_sun
 [age] = Myr
 [Rdisc / Hdisc] = kpc
 [metalicity] = log([O/H]) + 12
 [Sigma] = M_sun / pc^2
 [SFR] = M_sun / yr
 [sig_SFR] = M_sun / yr / kpc
 [SSFR] = 1 / Gyr 
 [tau] = 1 / Gyr 	tau = SFR/M_gas = gas consumption time
 gal         Rdisc       Hdisc       Mg          Mc          Ms          
 Es_Ms       Mb          fg          Sigg        	Sigs        Sigb        
 age         zg          zs          SFR          Sig_SFR     SSFR        
 tau         
 
    1.01E+00    4.85E-01    8.49E+07    8.28E+07    2.40E+06    0.00E+00    8.73E+07    9.72E-01    2.65E+01    7.50E-01    2.73E+01    6.26E+01    7.17E+00    7.05E+00    3.23E-02    1.01E-02    1.34E+01    3.81E-01
    1.20E+00    6.75E-01    6.39E+07    6.16E+07    2.25E+06    1.61E+05    6.62E+07    9.66E-01    1.42E+01    4.99E-01    1.47E+01    1.20E+02    7.25E+00    7.21E+00    2.52E-02    5.61E-03    1.12E+01    3.95E-01
    1.50E+00    6.68E-01    8.93E+07    8.59E+07    2.83E+06    5.57E+05    9.22E+07    9.69E-01    1.26E+01    3.99E-01    1.30E+01    2.22E+02    7.40E+00    7.27E+00    1.86E-02    2.63E-03    6.59E+00    2.09E-01
    1.70E+00    1.31E+00    1.28E+08    1.19E+08    2.59E+06    1.07E+06    1.30E+08    9.80E-01    1.40E+01    2.84E-01    1.43E+01    3.07E+02    7.33E+00    7.26E+00    2.12E-03    2.33E-04    8.21E-01    1.66E-02
    2.13E+00    1.29E+00    1.57E+08    1.51E+08    1.61E+07    5.04E+06    1.73E+08    9.07E-01    1.10E+01    1.13E+00    1.21E+01    2.36E+02    7.50E+00    7.34E+00    6.86E-02    4.80E-03    4.26E+00    4.36E-01
    2.47E+00    1.60E+00    8.68E+08    8.36E+08    2.95E+07    5.28E+06    8.98E+08    9.67E-01    4.53E+01    1.54E+00    4.69E+01    1.94E+02    7.63E+00    7.45E+00    2.54E-01    1.33E-02    8.63E+00    2.93E-01
    3.32E+00    2.44E+00    3.70E+08    3.44E+08    2.74E+07    4.97E+06    3.97E+08    9.31E-01    1.07E+01    7.90E-01    1.15E+01    1.59E+02    7.64E+00    7.51E+00    1.05E-01    3.04E-03    3.84E+00    2.85E-01
    3.69E+00    1.57E+00    1.13E+09    1.10E+09    6.62E+07    1.92E+07    1.20E+09    9.45E-01    2.64E+01    1.55E+00    2.80E+01    2.36E+02    7.72E+00    7.56E+00    4.58E-01    1.07E-02    6.92E+00    4.05E-01
    2.77E+00    1.81E+00    1.20E+09    1.15E+09    1.99E+07    2.82E+06    1.22E+09    9.84E-01    4.96E+01    8.25E-01    5.05E+01    1.35E+02    7.96E+00    7.77E+00    2.33E-01    9.63E-03    1.17E+01    1.94E-01
    2.81E+00    1.30E+00    3.71E+08    3.76E+08    8.24E+07    2.15E+07    4.54E+08    8.18E-01    1.50E+01    3.32E+00    1.83E+01    2.31E+02    8.02E+00    7.89E+00    2.00E-01    8.07E-03    2.43E+00    5.39E-01
    4.24E+00    2.05E+00    9.72E+08    9.08E+08    1.22E+08    5.36E+07    1.09E+09    8.88E-01    1.72E+01    2.17E+00    1.94E+01    3.42E+02    8.02E+00    7.88E+00    2.17E-01    3.85E-03    1.78E+00    2.23E-01
    4.24E+00    2.15E+00    1.75E+09    1.72E+09    2.22E+08    5.11E+07    1.97E+09    8.87E-01    3.10E+01    3.93E+00    3.49E+01    3.02E+02    8.05E+00    7.97E+00    1.30E+00    2.30E-02    5.85E+00    7.42E-01
    4.79E+00    2.08E+00    1.08E+09    1.04E+09    1.58E+08    3.46E+07    1.24E+09    8.72E-01    1.50E+01    2.20E+00    1.72E+01    4.66E+02    8.30E+00    7.99E+00    5.21E-01    7.25E-03    3.30E+00    4.83E-01
    3.35E+00    1.64E+00    1.19E+09    1.17E+09    1.54E+08    2.55E+07    1.34E+09    8.85E-01    3.36E+01    4.37E+00    3.80E+01    4.29E+02    8.32E+00    8.08E+00    6.80E-01    1.93E-02    4.41E+00    5.73E-01
    5.09E+00    1.79E+00    1.02E+09    1.11E+09    4.56E+08    6.75E+07    1.47E+09    6.91E-01    1.25E+01    5.61E+00    1.81E+01    3.90E+02    8.40E+00    8.26E+00    2.01E+00    2.48E-02    4.42E+00    1.98E+00
    4.92E+00    1.66E+00    1.53E+09    1.48E+09    4.15E+08    8.02E+07    1.94E+09    7.86E-01    2.01E+01    5.45E+00    2.55E+01    5.74E+02    8.26E+00    8.21E+00    9.51E-01    1.25E-02    2.29E+00    6.23E-01
    6.13E+00    1.89E+00    1.36E+09    1.37E+09    5.87E+08    1.50E+08    1.95E+09    6.99E-01    1.16E+01    4.97E+00    1.65E+01    6.86E+02    8.26E+00    8.11E+00    8.86E-01    7.51E-03    1.51E+00    6.49E-01
    5.95E+00    2.93E+00    3.03E+09    2.89E+09    6.67E+08    1.53E+08    3.70E+09    8.20E-01    2.73E+01    6.00E+00    3.32E+01    7.16E+02    8.15E+00    8.18E+00    2.49E+00    2.24E-02    3.73E+00    8.21E-01
    8.60E+00    2.63E+00    3.39E+09    3.26E+09    7.95E+08    2.01E+08    4.19E+09    8.10E-01    1.46E+01    3.43E+00    1.80E+01    6.91E+02    8.29E+00    8.27E+00    2.74E+00    1.18E-02    3.44E+00    8.07E-01
    6.58E+00    1.90E+00    3.27E+09    3.92E+09    1.92E+09    2.17E+08    5.19E+09    6.30E-01    2.40E+01    1.41E+01    3.81E+01    4.07E+02    8.38E+00    8.41E+00    1.25E+01    9.18E-02    6.50E+00    3.83E+00
    5.70E+00    1.71E+00    3.57E+09    4.49E+09    3.02E+09    2.31E+08    6.59E+09    5.42E-01    3.50E+01    2.96E+01    6.46E+01    3.54E+02    8.43E+00    8.53E+00    1.39E+01    1.36E-01    4.60E+00    3.89E+00
    4.88E+00    1.15E+00    2.43E+09    3.63E+09    4.01E+09    2.16E+08    6.44E+09    3.77E-01    3.24E+01    5.36E+01    8.61E+01    3.12E+02    8.57E+00    8.54E+00    1.28E+01    1.71E-01    3.19E+00    5.27E+00
    4.95E+00    1.11E+00    2.01E+09    3.35E+09    5.26E+09    2.56E+08    7.27E+09    2.77E-01    2.61E+01    6.82E+01    9.44E+01    3.37E+02    8.57E+00    8.54E+00    1.54E+01    2.00E-01    2.94E+00    7.67E+00
    2.67E+00    5.70E-01    1.34E+09    2.71E+09    5.42E+09    1.17E+08    6.76E+09    1.98E-01    5.95E+01    2.42E+02    3.01E+02    3.65E+02    8.72E+00    8.62E+00    1.71E+01    7.62E-01    3.15E+00    1.28E+01
    7.49E+00    9.95E-01    1.35E+09    1.87E+09    6.18E+09    4.60E+08    7.53E+09    1.79E-01    7.64E+00    3.51E+01    4.27E+01    5.10E+02    8.64E+00    8.59E+00    7.47E+00    4.24E-02    1.21E+00    5.55E+00
    9.31E+00    2.20E+00    1.95E+09    1.99E+09    6.33E+09    7.39E+08    8.28E+09    2.35E-01    7.16E+00    2.33E+01    3.04E+01    6.92E+02    8.41E+00    8.55E+00    2.71E+00    9.95E-03    4.28E-01    1.39E+00
    8.22E+00    1.87E+00    1.79E+09    1.81E+09    5.97E+09    6.22E+08    7.77E+09    2.31E-01    8.45E+00    2.81E+01    3.66E+01    8.29E+02    8.37E+00    8.56E+00    1.92E+00    9.02E-03    3.21E-01    1.07E+00
    1.24E+01    3.08E+00    3.05E+09    2.91E+09    6.39E+09    9.35E+08    9.43E+09    3.23E-01    6.31E+00    1.32E+01    1.95E+01    9.80E+02    8.27E+00    8.52E+00    1.82E+00    3.77E-03    2.85E-01    5.97E-01
    1.41E+01    2.50E+00    3.41E+09    3.25E+09    6.09E+09    8.53E+08    9.50E+09    3.59E-01    5.42E+00    9.68E+00    1.51E+01    1.12E+03    8.22E+00    8.52E+00    1.65E+00    2.62E-03    2.71E-01    4.83E-01
    1.35E+01    3.74E+00    5.88E+09    5.51E+09    6.50E+09    9.67E+08    1.24E+10    4.75E-01    1.03E+01    1.13E+01    2.16E+01    1.24E+03    8.10E+00    8.51E+00    3.60E+00    6.28E-03    5.53E-01    6.11E-01
    1.63E+01    5.26E+00    5.31E+09    4.77E+09    4.25E+09    6.92E+08    9.56E+09    5.56E-01    6.34E+00    5.07E+00    1.14E+01    1.42E+03    8.12E+00    8.51E+00    1.57E+00    1.87E-03    3.69E-01    2.96E-01
    1.48E+01    4.88E+00    4.68E+09    4.39E+09    4.69E+09    6.88E+08    9.37E+09    4.99E-01    6.82E+00    6.83E+00    1.37E+01    1.44E+03    8.19E+00    8.50E+00    3.58E+00    5.22E-03    7.64E-01    7.65E-01
    3.40E+00    5.37E-01    1.65E+09    2.79E+09    5.86E+09    1.66E+08    7.51E+09    2.19E-01    4.52E+01    1.61E+02    2.06E+02    1.17E+03    8.51E+00    8.59E+00    1.62E+01    4.45E-01    2.76E+00    9.83E+00
    7.06E+00    2.10E+00    2.33E+09    2.75E+09    7.76E+09    5.84E+08    1.01E+10    2.31E-01    1.49E+01    4.95E+01    6.44E+01    1.31E+03    8.45E+00    8.56E+00    6.37E+00    4.07E-02    8.22E-01    2.73E+00
    1.20E+01    2.71E+00    2.92E+09    3.07E+09    8.01E+09    8.01E+08    1.09E+10    2.67E-01    6.43E+00    1.76E+01    2.41E+01    1.44E+03    8.38E+00    8.54E+00    4.99E+00    1.10E-02    6.23E-01    1.71E+00
    1.38E+01    4.36E+00    4.44E+09    4.29E+09    8.41E+09    9.55E+08    1.28E+10    3.45E-01    7.44E+00    1.41E+01    2.15E+01    1.55E+03    8.27E+00    8.53E+00    3.80E+00    6.36E-03    4.51E-01    8.55E-01
    1.73E+01    4.13E+00    5.30E+09    5.15E+09    8.82E+09    1.00E+09    1.41E+10    3.76E-01    5.64E+00    9.37E+00    1.50E+01    1.65E+03    8.23E+00    8.52E+00    4.48E+00    4.76E-03    5.08E-01    8.44E-01
    1.68E+01    3.61E+00    6.96E+09    6.69E+09    8.57E+09    1.01E+09    1.55E+10    4.48E-01    7.88E+00    9.70E+00    1.76E+01    1.76E+03    8.15E+00    8.51E+00    2.85E+00    3.22E-03    3.32E-01    4.09E-01
    1.94E+01    4.80E+00    8.08E+09    7.61E+09    8.56E+09    1.08E+09    1.66E+10    4.85E-01    6.85E+00    7.26E+00    1.41E+01    1.85E+03    8.13E+00    8.49E+00    2.81E+00    2.38E-03    3.28E-01    3.48E-01
    1.91E+01    3.85E+00    8.26E+09    7.94E+09    8.71E+09    1.04E+09    1.70E+10    4.87E-01    7.23E+00    7.62E+00    1.49E+01    1.94E+03    8.12E+00    8.49E+00    2.88E+00    2.52E-03    3.31E-01    3.49E-01
