 UNITS:
 [mass] = M_sun
 [age] = Myr
 [Rdisc / Hdisc] = kpc
 [metalicity] = log([O/H]) + 12
 [Sigma] = M_sun / pc^2
 [SFR] = M_sun / yr
 [sig_SFR] = M_sun / yr / kpc
 [SSFR] = 1 / Gyr 
 [tau] = 1 / Gyr 	tau = SFR/M_gas = gas consumption time
 gal         Rdisc       Hdisc       Mg          Mc          Ms          
 Es_Ms       Mb          fg          Sigg        	Sigs        Sigb        
 age         zg          zs          SFR          Sig_SFR     SSFR        
 tau         
 
    1.61E+00    1.16E+00    2.88E+07    2.54E+07    2.18E+06    0.00E+00    3.10E+07    9.30E-01    3.54E+00    2.68E-01    3.81E+00    2.41E+02    7.36E+00    7.24E+00    2.94E-03    3.61E-04    1.35E+00    1.02E-01
    1.81E+00    1.11E+00    9.43E+07    8.88E+07    2.56E+06    4.27E+05    9.69E+07    9.74E-01    9.16E+00    2.49E-01    9.41E+00    2.68E+02    7.21E+00    7.17E+00    1.05E-02    1.02E-03    4.08E+00    1.11E-01
    1.81E+00    1.15E+00    1.06E+08    9.90E+07    4.87E+06    1.11E+06    1.11E+08    9.56E-01    1.04E+01    4.75E-01    1.08E+01    2.99E+02    7.35E+00    7.24E+00    2.25E-02    2.19E-03    4.61E+00    2.12E-01
    2.11E+00    1.03E+00    5.44E+07    4.85E+07    6.90E+06    1.94E+06    6.13E+07    8.87E-01    3.89E+00    4.93E-01    4.38E+00    3.71E+02    7.26E+00    7.21E+00    1.49E-02    1.06E-03    2.16E+00    2.73E-01
    2.02E+00    1.36E+00    1.22E+08    1.12E+08    6.09E+06    1.15E+06    1.28E+08    9.52E-01    9.45E+00    4.73E-01    9.92E+00    4.09E+02    7.30E+00    7.25E+00    2.15E-02    1.67E-03    3.52E+00    1.77E-01
    2.46E+00    1.59E+00    1.05E+08    9.44E+07    9.50E+06    2.68E+06    1.14E+08    9.17E-01    5.49E+00    4.99E-01    5.99E+00    4.91E+02    7.26E+00    7.23E+00    2.63E-02    1.38E-03    2.77E+00    2.52E-01
    2.00E+00    1.35E+00    2.19E+08    2.02E+08    7.29E+06    1.93E+06    2.26E+08    9.68E-01    1.74E+01    5.79E-01    1.80E+01    4.60E+02    7.45E+00    7.30E+00    2.81E-02    2.23E-03    3.85E+00    1.28E-01
    2.62E+00    1.30E+00    1.08E+08    9.62E+07    1.22E+07    4.12E+06    1.21E+08    8.98E-01    5.01E+00    5.66E-01    5.57E+00    5.22E+02    7.38E+00    7.30E+00    1.48E-02    6.84E-04    1.21E+00    1.37E-01
    2.35E+00    1.65E+00    8.81E+07    7.71E+07    9.52E+06    2.22E+06    9.76E+07    9.02E-01    5.09E+00    5.50E-01    5.65E+00    6.57E+02    7.35E+00    7.34E+00    1.70E-02    9.83E-04    1.79E+00    1.93E-01
    2.49E+00    1.03E+00    9.44E+07    8.77E+07    1.25E+07    2.88E+06    1.07E+08    8.83E-01    4.84E+00    6.40E-01    5.48E+00    7.02E+02    7.22E+00    7.34E+00    2.46E-02    1.26E-03    1.97E+00    2.61E-01
    2.62E+00    1.77E+00    1.35E+08    1.20E+08    1.20E+07    4.23E+06    1.47E+08    9.18E-01    6.25E+00    5.57E-01    6.81E+00    8.79E+02    7.27E+00    7.31E+00    6.55E-04    3.04E-05    5.46E-02    4.86E-03
    2.72E+00    1.25E+00    1.57E+08    1.42E+08    1.39E+07    3.57E+06    1.71E+08    9.19E-01    6.79E+00    5.98E-01    7.39E+00    9.06E+02    7.29E+00    7.32E+00    1.00E-02    4.32E-04    7.22E-01    6.37E-02
    3.27E+00    1.49E+00    1.28E+08    1.12E+08    1.49E+07    4.19E+06    1.43E+08    8.96E-01    3.80E+00    4.42E-01    4.24E+00    1.07E+03    7.39E+00    7.32E+00    7.34E-03    2.18E-04    4.93E-01    5.73E-02
    2.96E+00    1.88E+00    2.73E+08    2.45E+08    9.67E+06    6.42E+06    2.83E+08    9.66E-01    9.90E+00    3.51E-01    1.03E+01    9.33E+02    7.49E+00    7.28E+00    2.15E-02    7.79E-04    2.22E+00    7.87E-02
    3.55E+00    1.44E+00    7.69E+07    6.18E+07    1.22E+07    3.55E+06    8.90E+07    8.63E-01    1.94E+00    3.07E-01    2.25E+00    1.27E+03    7.62E+00    7.33E+00    0.00E+00    0.00E+00    0.00E+00    0.00E+00
    5.25E+00    2.75E+00    6.67E+08    5.86E+08    3.11E+07    1.51E+07    6.98E+08    9.55E-01    7.68E+00    3.59E-01    8.04E+00    1.03E+03    7.39E+00    7.34E+00    8.82E-02    1.02E-03    2.83E+00    1.32E-01
    5.12E+00    2.53E+00    3.40E+08    2.76E+08    2.80E+07    1.71E+07    3.68E+08    9.24E-01    4.13E+00    3.40E-01    4.46E+00    1.14E+03    7.47E+00    7.33E+00    6.25E-03    7.58E-05    2.23E-01    1.84E-02
    4.21E+00    2.48E+00    4.15E+08    3.66E+08    2.99E+07    1.32E+07    4.45E+08    9.33E-01    7.45E+00    5.35E-01    7.98E+00    1.26E+03    7.43E+00    7.35E+00    3.79E-02    6.80E-04    1.27E+00    9.13E-02
    5.95E+00    1.76E+00    4.46E+08    3.92E+08    4.49E+07    1.71E+07    4.91E+08    9.09E-01    4.02E+00    4.04E-01    4.42E+00    1.23E+03    7.42E+00    7.38E+00    7.51E-02    6.76E-04    1.67E+00    1.68E-01
    6.25E+00    3.48E+00    8.48E+08    7.32E+08    5.07E+07    2.46E+07    8.99E+08    9.44E-01    6.90E+00    4.13E-01    7.32E+00    1.49E+03    7.28E+00    7.35E+00    1.63E-02    1.33E-04    3.22E-01    1.93E-02
    5.89E+00    3.30E+00    7.09E+08    6.06E+08    6.63E+07    2.45E+07    7.76E+08    9.15E-01    6.51E+00    6.08E-01    7.12E+00    1.36E+03    7.47E+00    7.38E+00    1.56E-01    1.43E-03    2.36E+00    2.20E-01
    3.96E+00    1.80E+00    3.77E+08    3.41E+08    3.39E+07    1.26E+07    4.10E+08    9.17E-01    7.65E+00    6.88E-01    8.34E+00    1.26E+03    7.55E+00    7.41E+00    8.80E-02    1.79E-03    2.60E+00    2.34E-01
    6.03E+00    3.25E+00    5.44E+08    4.81E+08    5.00E+07    1.72E+07    5.94E+08    9.16E-01    4.75E+00    4.37E-01    5.19E+00    1.49E+03    7.53E+00    7.41E+00    7.51E-02    6.57E-04    1.50E+00    1.38E-01
    7.86E+00    2.26E+00    8.81E+08    7.73E+08    6.56E+07    2.02E+07    9.46E+08    9.31E-01    4.54E+00    3.38E-01    4.88E+00    1.46E+03    7.52E+00    7.43E+00    4.07E-02    2.10E-04    6.20E-01    4.62E-02
    7.19E+00    5.07E+00    1.07E+09    9.40E+08    4.11E+07    1.51E+07    1.11E+09    9.63E-01    6.56E+00    2.54E-01    6.82E+00    1.63E+03    7.48E+00    7.43E+00    7.62E-03    4.69E-05    1.85E-01    7.15E-03
    9.06E+00    4.82E+00    1.19E+09    9.68E+08    8.33E+07    2.91E+07    1.27E+09    9.34E-01    4.60E+00    3.23E-01    4.92E+00    1.55E+03    7.61E+00    7.46E+00    6.25E-02    2.42E-04    7.51E-01    5.27E-02
    6.51E+00    3.68E+00    6.84E+08    5.99E+08    8.63E+07    2.12E+07    7.70E+08    8.88E-01    5.14E+00    6.48E-01    5.78E+00    1.30E+03    7.68E+00    7.53E+00    1.50E-01    1.13E-03    1.74E+00    2.20E-01
    8.66E+00    4.45E+00    1.27E+09    1.09E+09    8.63E+07    2.78E+07    1.35E+09    9.36E-01    5.39E+00    3.67E-01    5.75E+00    1.65E+03    7.61E+00    7.49E+00    8.25E-02    3.51E-04    9.57E-01    6.51E-02
    6.40E+00    3.46E+00    1.16E+09    1.07E+09    1.06E+08    2.74E+07    1.27E+09    9.16E-01    9.00E+00    8.26E-01    9.83E+00    1.50E+03    7.70E+00    7.53E+00    3.74E-01    2.90E-03    3.52E+00    3.23E-01
    6.80E+00    3.10E+00    1.15E+09    1.03E+09    8.05E+07    1.78E+07    1.23E+09    9.34E-01    7.89E+00    5.54E-01    8.44E+00    1.69E+03    7.70E+00    7.57E+00    7.54E-02    5.19E-04    9.36E-01    6.58E-02
    8.88E+00    3.87E+00    8.78E+08    7.58E+08    9.72E+07    2.52E+07    9.76E+08    9.00E-01    3.55E+00    3.92E-01    3.94E+00    1.93E+03    7.74E+00    7.56E+00    1.39E-02    5.61E-05    1.43E-01    1.58E-02
    8.03E+00    4.70E+00    6.97E+08    5.95E+08    1.13E+08    2.70E+07    8.09E+08    8.61E-01    3.44E+00    5.58E-01    4.00E+00    1.96E+03    7.72E+00    7.57E+00    1.58E-02    7.83E-05    1.40E-01    2.27E-02
    9.77E+00    5.09E+00    6.66E+08    5.35E+08    9.60E+07    2.39E+07    7.62E+08    8.74E-01    2.22E+00    3.20E-01    2.54E+00    2.04E+03    7.73E+00    7.57E+00    2.70E-03    9.00E-06    2.81E-02    4.05E-03
    6.10E+00    4.17E+00    5.97E+08    5.29E+08    6.26E+07    1.27E+07    6.60E+08    9.05E-01    5.11E+00    5.36E-01    5.64E+00    2.05E+03    7.77E+00    7.61E+00    2.23E-02    1.91E-04    3.56E-01    3.74E-02
    7.24E+00    3.73E+00    6.14E+08    5.49E+08    8.82E+07    2.09E+07    7.02E+08    8.74E-01    3.73E+00    5.36E-01    4.27E+00    2.27E+03    7.76E+00    7.59E+00    1.72E-02    1.05E-04    1.95E-01    2.80E-02
    8.28E+00    5.16E+00    7.37E+08    6.52E+08    1.05E+08    2.17E+07    8.41E+08    8.76E-01    3.42E+00    4.86E-01    3.90E+00    2.10E+03    7.73E+00    7.61E+00    8.30E-02    3.85E-04    7.93E-01    1.13E-01
