 UNITS:
 [mass] = M_sun
 [age] = Myr
 [Rdisc / Hdisc] = kpc
 [metalicity] = log([O/H]) + 12
 [Sigma] = M_sun / pc^2
 [SFR] = M_sun / yr
 [sig_SFR] = M_sun / yr / kpc
 [SSFR] = 1 / Gyr 
 [tau] = 1 / Gyr 	tau = SFR/M_gas = gas consumption time
 gal         Rdisc       Hdisc       Mg          Mc          Ms          
 Es_Ms       Mb          fg          Sigg        	Sigs        Sigb        
 age         zg          zs          SFR          Sig_SFR     SSFR        
 tau         
 
    1.55E+00    1.10E+00    1.96E+08    1.89E+08    7.22E+06    0.00E+00    2.03E+08    9.64E-01    2.60E+01    9.60E-01    2.70E+01    9.55E+01    7.31E+00    7.13E+00    8.64E-02    1.15E-02    1.20E+01    4.41E-01
    1.80E+00    1.31E+00    5.98E+07    5.51E+07    4.34E+06    3.62E+05    6.42E+07    9.32E-01    5.88E+00    4.26E-01    6.31E+00    1.12E+02    7.54E+00    7.32E+00    2.37E-02    2.33E-03    5.48E+00    3.97E-01
    1.48E+00    8.42E-01    7.10E+07    6.97E+07    6.28E+06    1.31E+06    7.73E+07    9.19E-01    1.04E+01    9.18E-01    1.13E+01    1.78E+02    7.46E+00    7.42E+00    1.49E-02    2.17E-03    2.36E+00    2.09E-01
    1.84E+00    7.98E-01    2.11E+08    2.05E+08    1.16E+07    2.52E+06    2.22E+08    9.48E-01    1.98E+01    1.09E+00    2.09E+01    2.15E+02    7.52E+00    7.42E+00    7.39E-02    6.93E-03    6.35E+00    3.51E-01
    1.94E+00    1.10E+00    1.36E+08    1.23E+08    1.00E+07    4.32E+06    1.46E+08    9.32E-01    1.15E+01    8.44E-01    1.24E+01    2.59E+02    7.58E+00    7.45E+00    3.21E-02    2.71E-03    3.21E+00    2.36E-01
    2.35E+00    1.34E+00    2.13E+08    2.03E+08    1.26E+07    5.38E+06    2.25E+08    9.44E-01    1.23E+01    7.24E-01    1.30E+01    3.77E+02    7.36E+00    7.39E+00    3.65E-02    2.11E-03    2.91E+00    1.72E-01
    2.14E+00    1.14E+00    1.25E+08    1.18E+08    1.73E+07    5.04E+06    1.42E+08    8.78E-01    8.70E+00    1.20E+00    9.91E+00    3.77E+02    7.50E+00    7.43E+00    7.10E-02    4.95E-03    4.11E+00    5.69E-01
    2.65E+00    1.70E+00    3.54E+08    3.31E+08    2.15E+07    6.32E+06    3.75E+08    9.43E-01    1.60E+01    9.73E-01    1.70E+01    4.41E+02    7.50E+00    7.43E+00    9.21E-02    4.16E-03    4.28E+00    2.60E-01
    2.61E+00    1.77E+00    1.43E+08    1.27E+08    2.45E+07    6.54E+06    1.68E+08    8.54E-01    6.70E+00    1.15E+00    7.85E+00    6.55E+02    7.61E+00    7.44E+00    2.07E-02    9.71E-04    8.47E-01    1.45E-01
    3.75E+00    1.93E+00    3.02E+08    2.61E+08    2.84E+07    1.11E+07    3.30E+08    9.14E-01    6.82E+00    6.41E-01    7.46E+00    5.72E+02    7.54E+00    7.46E+00    7.50E-02    1.70E-03    2.64E+00    2.49E-01
    3.44E+00    2.08E+00    4.43E+08    3.98E+08    3.30E+07    9.71E+06    4.76E+08    9.31E-01    1.19E+01    8.89E-01    1.28E+01    7.46E+02    7.55E+00    7.47E+00    3.94E-02    1.06E-03    1.19E+00    8.89E-02
    4.94E+00    2.74E+00    6.42E+08    5.72E+08    6.66E+07    1.43E+07    7.09E+08    9.06E-01    8.39E+00    8.70E-01    9.26E+00    5.34E+02    7.60E+00    7.49E+00    3.09E-01    4.04E-03    4.64E+00    4.81E-01
    5.56E+00    2.88E+00    7.01E+08    5.95E+08    6.53E+07    1.67E+07    7.67E+08    9.15E-01    7.23E+00    6.73E-01    7.90E+00    6.27E+02    7.57E+00    7.52E+00    5.00E-02    5.15E-04    7.65E-01    7.12E-02
    5.81E+00    2.05E+00    1.21E+09    1.11E+09    7.27E+07    2.06E+07    1.29E+09    9.43E-01    1.14E+01    6.84E-01    1.21E+01    7.41E+02    7.51E+00    7.50E+00    1.11E-01    1.05E-03    1.53E+00    9.15E-02
    4.54E+00    3.26E+00    1.41E+09    1.30E+09    7.41E+07    1.87E+07    1.49E+09    9.50E-01    2.18E+01    1.14E+00    2.29E+01    6.45E+02    7.76E+00    7.62E+00    4.33E-01    6.67E-03    5.84E+00    3.06E-01
    4.42E+00    2.92E+00    6.95E+08    6.17E+08    6.95E+07    1.77E+07    7.65E+08    9.09E-01    1.13E+01    1.13E+00    1.25E+01    7.47E+02    7.89E+00    7.65E+00    4.68E-02    7.63E-04    6.73E-01    6.73E-02
    5.64E+00    3.54E+00    1.76E+09    1.56E+09    1.20E+08    3.48E+07    1.88E+09    9.36E-01    1.77E+01    1.21E+00    1.89E+01    5.73E+02    7.97E+00    7.72E+00    2.67E-01    2.67E-03    2.22E+00    1.51E-01
    6.37E+00    5.03E+00    1.62E+09    1.44E+09    8.50E+07    1.13E+07    1.71E+09    9.50E-01    1.27E+01    6.68E-01    1.34E+01    6.32E+02    7.97E+00    7.87E+00    6.67E-02    5.24E-04    7.84E-01    4.11E-02
    5.30E+00    2.25E+00    2.64E+09    2.63E+09    3.00E+08    3.07E+07    2.94E+09    8.98E-01    2.99E+01    3.40E+00    3.33E+01    4.20E+02    8.07E+00    7.95E+00    2.53E+00    2.86E-02    8.42E+00    9.58E-01
    8.12E+00    2.87E+00    3.27E+09    3.18E+09    5.89E+08    1.33E+08    3.86E+09    8.47E-01    1.58E+01    2.84E+00    1.86E+01    5.62E+02    8.31E+00    8.07E+00    2.40E+00    1.16E-02    4.09E+00    7.36E-01
    9.24E+00    3.58E+00    3.45E+09    3.34E+09    1.47E+09    1.88E+08    4.92E+09    7.01E-01    1.29E+01    5.48E+00    1.83E+01    3.83E+02    8.17E+00    8.51E+00    2.35E+00    8.74E-03    1.60E+00    6.80E-01
    1.04E+01    5.14E+00    4.75E+09    4.46E+09    1.28E+09    1.80E+08    6.03E+09    7.87E-01    1.40E+01    3.77E+00    1.77E+01    4.79E+02    8.09E+00    8.44E+00    3.30E+00    9.69E-03    2.57E+00    6.95E-01
    9.67E+00    6.57E+00    3.22E+09    2.96E+09    1.99E+09    3.02E+08    5.20E+09    6.18E-01    1.10E+01    6.76E+00    1.77E+01    5.44E+02    8.19E+00    8.48E+00    2.28E+00    7.78E-03    1.15E+00    7.10E-01
    1.18E+01    5.84E+00    4.15E+09    3.76E+09    1.81E+09    3.46E+08    5.96E+09    6.96E-01    9.53E+00    4.17E+00    1.37E+01    6.67E+02    8.11E+00    8.42E+00    1.04E+00    2.38E-03    5.71E-01    2.50E-01
    1.17E+01    4.65E+00    6.06E+09    5.67E+09    1.55E+09    2.76E+08    7.61E+09    7.96E-01    1.40E+01    3.59E+00    1.76E+01    7.70E+02    8.02E+00    8.37E+00    1.77E+00    4.10E-03    1.14E+00    2.93E-01
    1.07E+01    4.34E+00    7.70E+09    7.31E+09    2.06E+09    2.87E+08    9.76E+09    7.89E-01    2.15E+01    5.77E+00    2.73E+01    7.37E+02    8.06E+00    8.34E+00    5.79E+00    1.62E-02    2.81E+00    7.52E-01
    1.09E+01    4.75E+00    5.21E+09    4.94E+09    1.89E+09    2.52E+08    7.10E+09    7.34E-01    1.39E+01    5.04E+00    1.89E+01    8.43E+02    8.12E+00    8.35E+00    2.08E+00    5.56E-03    1.10E+00    4.00E-01
    1.07E+01    4.74E+00    6.15E+09    5.79E+09    2.22E+09    2.78E+08    8.37E+09    7.35E-01    1.70E+01    6.15E+00    2.32E+01    8.67E+02    8.15E+00    8.32E+00    2.81E+00    7.79E-03    1.27E+00    4.57E-01
    1.29E+01    4.99E+00    6.06E+09    5.74E+09    2.66E+09    3.23E+08    8.73E+09    6.95E-01    1.16E+01    5.08E+00    1.67E+01    8.52E+02    8.18E+00    8.30E+00    4.53E+00    8.64E-03    1.70E+00    7.47E-01
    1.28E+01    4.53E+00    7.58E+09    7.23E+09    2.69E+09    3.03E+08    1.03E+10    7.38E-01    1.47E+01    5.23E+00    1.99E+01    9.07E+02    8.15E+00    8.31E+00    3.22E+00    6.25E-03    1.20E+00    4.25E-01
    1.29E+01    5.34E+00    7.82E+09    7.45E+09    4.02E+09    5.13E+08    1.18E+10    6.60E-01    1.49E+01    7.64E+00    2.25E+01    9.34E+02    8.18E+00    8.31E+00    4.85E+00    9.23E-03    1.21E+00    6.21E-01
    1.27E+01    4.08E+00    6.69E+09    6.43E+09    4.10E+09    4.63E+08    1.08E+10    6.20E-01    1.31E+01    8.04E+00    2.12E+01    1.03E+03    8.20E+00    8.31E+00    2.80E+00    5.50E-03    6.84E-01    4.19E-01
    1.36E+01    4.39E+00    1.03E+10    1.00E+10    5.09E+09    6.24E+08    1.54E+10    6.69E-01    1.77E+01    8.73E+00    2.64E+01    9.94E+02    8.19E+00    8.28E+00    8.23E+00    1.41E-02    1.62E+00    7.99E-01
    1.24E+01    5.92E+00    6.98E+09    6.81E+09    5.26E+09    5.33E+08    1.22E+10    5.70E-01    1.45E+01    1.09E+01    2.54E+01    1.06E+03    8.27E+00    8.30E+00    5.45E+00    1.13E-02    1.04E+00    7.81E-01
    1.23E+01    3.37E+00    7.12E+09    7.03E+09    5.33E+09    5.12E+08    1.25E+10    5.72E-01    1.50E+01    1.12E+01    2.62E+01    1.08E+03    8.29E+00    8.31E+00    5.31E+00    1.12E-02    9.95E-01    7.45E-01
    1.20E+01    4.37E+00    8.18E+09    8.17E+09    6.25E+09    5.65E+08    1.44E+10    5.67E-01    1.80E+01    1.37E+01    3.17E+01    1.05E+03    8.31E+00    8.31E+00    7.31E+00    1.61E-02    1.17E+00    8.94E-01
    1.20E+01    3.41E+00    8.42E+09    8.56E+09    6.94E+09    5.03E+08    1.54E+10    5.48E-01    1.86E+01    1.54E+01    3.40E+01    1.07E+03    8.32E+00    8.33E+00    9.45E+00    2.09E-02    1.36E+00    1.12E+00
    1.06E+01    4.56E+00    7.21E+09    7.16E+09    7.59E+09    5.16E+08    1.48E+10    4.87E-01    2.03E+01    2.14E+01    4.18E+01    1.11E+03    8.36E+00    8.34E+00    6.18E+00    1.74E-02    8.14E-01    8.58E-01
    1.00E+01    3.44E+00    6.03E+09    6.47E+09    8.30E+09    4.79E+08    1.43E+10    4.21E-01    1.92E+01    2.64E+01    4.57E+01    1.11E+03    8.44E+00    8.36E+00    1.04E+01    3.32E-02    1.26E+00    1.73E+00
    9.53E+00    3.54E+00    5.06E+09    5.23E+09    8.60E+09    4.51E+08    1.37E+10    3.70E-01    1.77E+01    3.01E+01    4.78E+01    1.16E+03    8.46E+00    8.38E+00    7.00E+00    2.45E-02    8.14E-01    1.39E+00
    1.07E+01    3.72E+00    4.56E+09    4.73E+09    9.44E+09    6.20E+08    1.40E+10    3.25E-01    1.27E+01    2.63E+01    3.91E+01    1.23E+03    8.50E+00    8.38E+00    6.59E+00    1.84E-02    6.98E-01    1.45E+00
    8.09E+00    2.07E+00    2.94E+09    3.26E+09    8.28E+09    3.13E+08    1.12E+10    2.62E-01    1.43E+01    4.03E+01    5.45E+01    1.25E+03    8.51E+00    8.43E+00    6.55E+00    3.18E-02    7.90E-01    2.23E+00
    7.65E+00    2.03E+00    2.29E+09    2.62E+09    8.52E+09    2.86E+08    1.08E+10    2.12E-01    1.24E+01    4.63E+01    5.88E+01    1.33E+03    8.55E+00    8.45E+00    5.60E+00    3.04E-02    6.57E-01    2.45E+00
