 UNITS:
 [mass] = M_sun
 [age] = Myr
 [Rdisc / Hdisc] = kpc
 [metalicity] = log([O/H]) + 12
 [Sigma] = M_sun / pc^2
 [SFR] = M_sun / yr
 [sig_SFR] = M_sun / yr / kpc
 [SSFR] = 1 / Gyr 
 [tau] = 1 / Gyr 	tau = SFR/M_gas = gas consumption time
 gal         Rdisc       Hdisc       Mg          Mc          Ms          
 Es_Ms       Mb          fg          Sigg        	Sigs        Sigb        
 age         zg          zs          SFR          Sig_SFR     SSFR        
 tau         
 
    1.74E+00    1.27E+00    6.19E+07    5.86E+07    3.59E+06    0.00E+00    6.54E+07    9.45E-01    6.49E+00    3.77E-01    6.87E+00    2.61E+02    7.06E+00    7.26E+00    4.65E-04    4.88E-05    1.30E-01    7.52E-03
    2.05E+00    1.56E+00    1.83E+08    1.72E+08    6.23E+06    9.05E+05    1.90E+08    9.67E-01    1.40E+01    4.74E-01    1.44E+01    1.95E+02    7.38E+00    7.22E+00    5.59E-02    4.25E-03    8.96E+00    3.05E-01
    1.89E+00    1.32E+00    1.89E+08    1.78E+08    6.06E+06    9.04E+05    1.95E+08    9.69E-01    1.68E+01    5.41E-01    1.74E+01    2.54E+02    7.41E+00    7.29E+00    4.22E-02    3.77E-03    6.97E+00    2.24E-01
    2.44E+00    1.82E+00    2.23E+08    2.01E+08    1.27E+07    3.15E+06    2.35E+08    9.46E-01    1.19E+01    6.78E-01    1.26E+01    3.16E+02    7.61E+00    7.34E+00    4.71E-02    2.51E-03    3.71E+00    2.11E-01
    3.45E+00    2.91E+00    2.24E+08    1.87E+08    1.29E+07    3.61E+06    2.37E+08    9.46E-01    6.00E+00    3.45E-01    6.34E+00    4.05E+02    7.40E+00    7.40E+00    2.96E-03    7.92E-05    2.30E-01    1.32E-02
    4.24E+00    2.43E+00    4.38E+08    3.84E+08    3.18E+07    8.09E+06    4.70E+08    9.32E-01    7.76E+00    5.62E-01    8.32E+00    3.73E+02    7.68E+00    7.44E+00    9.29E-02    1.64E-03    2.92E+00    2.12E-01
    3.91E+00    2.11E+00    1.43E+09    1.38E+09    7.59E+07    1.30E+07    1.50E+09    9.50E-01    2.98E+01    1.58E+00    3.13E+01    2.06E+02    7.54E+00    7.45E+00    8.06E-01    1.68E-02    1.06E+01    5.64E-01
    3.46E+00    2.64E+00    4.54E+08    4.12E+08    3.36E+07    3.45E+06    4.88E+08    9.31E-01    1.21E+01    8.91E-01    1.30E+01    3.30E+02    7.72E+00    7.53E+00    2.85E-01    7.56E-03    8.48E+00    6.27E-01
    5.13E+00    4.53E+00    1.12E+09    9.61E+08    3.50E+07    1.07E+07    1.16E+09    9.70E-01    1.36E+01    4.23E-01    1.40E+01    5.77E+02    7.80E+00    7.55E+00    6.48E-02    7.85E-04    1.85E+00    5.78E-02
    5.45E+00    3.91E+00    1.49E+09    1.29E+09    7.12E+07    2.81E+07    1.56E+09    9.54E-01    1.60E+01    7.64E-01    1.67E+01    4.33E+02    7.80E+00    7.55E+00    3.52E-01    3.78E-03    4.95E+00    2.37E-01
    4.84E+00    2.44E+00    9.90E+08    8.91E+08    9.78E+07    4.03E+07    1.09E+09    9.10E-01    1.35E+01    1.33E+00    1.48E+01    5.76E+02    7.94E+00    7.65E+00    2.21E-01    3.00E-03    2.26E+00    2.23E-01
    5.82E+00    2.54E+00    1.06E+09    9.54E+08    9.60E+07    3.56E+07    1.15E+09    9.17E-01    9.93E+00    9.02E-01    1.08E+01    5.62E+02    7.90E+00    7.70E+00    1.52E-01    1.43E-03    1.59E+00    1.44E-01
    5.78E+00    3.15E+00    1.10E+09    1.00E+09    1.39E+08    4.45E+07    1.24E+09    8.88E-01    1.05E+01    1.33E+00    1.19E+01    5.73E+02    7.94E+00    7.77E+00    5.04E-01    4.81E-03    3.62E+00    4.56E-01
    6.24E+00    3.72E+00    1.63E+09    1.45E+09    1.33E+08    5.18E+07    1.76E+09    9.24E-01    1.33E+01    1.09E+00    1.44E+01    7.92E+02    7.90E+00    7.74E+00    1.79E-01    1.46E-03    1.34E+00    1.10E-01
    6.63E+00    3.32E+00    2.05E+09    1.88E+09    2.14E+08    6.84E+07    2.26E+09    9.05E-01    1.48E+01    1.55E+00    1.64E+01    6.84E+02    7.85E+00    7.77E+00    7.74E-01    5.60E-03    3.62E+00    3.78E-01
    7.42E+00    4.34E+00    1.59E+09    1.41E+09    3.07E+08    9.41E+07    1.90E+09    8.39E-01    9.22E+00    1.77E+00    1.10E+01    7.05E+02    7.90E+00    7.77E+00    5.38E-01    3.11E-03    1.75E+00    3.38E-01
    5.97E+00    3.47E+00    1.59E+09    1.44E+09    3.03E+08    9.12E+07    1.89E+09    8.40E-01    1.42E+01    2.71E+00    1.69E+01    8.46E+02    7.97E+00    7.81E+00    2.50E-01    2.24E-03    8.27E-01    1.57E-01
    7.97E+00    3.43E+00    1.89E+09    1.73E+09    3.03E+08    8.30E+07    2.20E+09    8.62E-01    9.49E+00    1.52E+00    1.10E+01    8.54E+02    8.02E+00    7.87E+00    7.41E-01    3.72E-03    2.45E+00    3.92E-01
    7.00E+00    3.08E+00    3.63E+09    3.41E+09    9.42E+08    6.45E+08    4.57E+09    7.94E-01    2.35E+01    6.12E+00    2.97E+01    9.24E+02    7.94E+00    7.71E+00    1.29E+00    8.38E-03    1.37E+00    3.56E-01
    9.41E+00    5.75E+00    2.87E+09    2.50E+09    2.80E+08    7.35E+07    3.15E+09    9.11E-01    1.03E+01    1.01E+00    1.13E+01    1.06E+03    7.97E+00    7.89E+00    2.96E-01    1.07E-03    1.06E+00    1.03E-01
    7.37E+00    5.90E+00    2.50E+09    2.24E+09    2.10E+08    5.26E+07    2.71E+09    9.23E-01    1.46E+01    1.23E+00    1.59E+01    1.15E+03    7.97E+00    7.87E+00    3.69E-01    2.16E-03    1.76E+00    1.48E-01
    1.01E+01    5.15E+00    3.23E+09    2.88E+09    4.17E+08    1.04E+08    3.64E+09    8.86E-01    1.01E+01    1.30E+00    1.14E+01    1.11E+03    8.04E+00    7.91E+00    5.68E-01    1.78E-03    1.36E+00    1.76E-01
    8.28E+00    2.77E+00    1.51E+09    1.37E+09    3.35E+08    7.65E+07    1.84E+09    8.18E-01    7.00E+00    1.56E+00    8.55E+00    1.27E+03    8.13E+00    7.94E+00    5.99E-01    2.78E-03    1.79E+00    3.97E-01
    6.96E+00    2.78E+00    1.42E+09    1.30E+09    3.35E+08    7.48E+07    1.76E+09    8.09E-01    9.36E+00    2.20E+00    1.16E+01    1.38E+03    8.19E+00    7.97E+00    5.03E-01    3.30E-03    1.50E+00    3.53E-01
    9.26E+00    3.57E+00    1.74E+09    1.53E+09    3.74E+08    1.00E+08    2.12E+09    8.23E-01    6.46E+00    1.39E+00    7.85E+00    1.51E+03    8.19E+00    7.97E+00    1.32E-01    4.90E-04    3.53E-01    7.58E-02
    8.80E+00    3.16E+00    2.12E+09    1.92E+09    4.24E+08    1.10E+08    2.54E+09    8.33E-01    8.70E+00    1.74E+00    1.04E+01    1.50E+03    8.13E+00    8.00E+00    3.35E-01    1.38E-03    7.90E-01    1.58E-01
    1.10E+01    2.89E+00    1.77E+09    1.57E+09    4.07E+08    1.04E+08    2.18E+09    8.13E-01    4.67E+00    1.07E+00    5.74E+00    1.65E+03    8.15E+00    8.01E+00    3.05E-01    8.01E-04    7.48E-01    1.72E-01
    1.08E+01    2.75E+00    1.40E+09    1.25E+09    4.17E+08    1.04E+08    1.82E+09    7.71E-01    3.84E+00    1.14E+00    4.98E+00    1.80E+03    8.17E+00    8.02E+00    9.54E-02    2.61E-04    2.29E-01    6.79E-02
    1.28E+01    2.62E+00    1.44E+09    1.26E+09    4.28E+08    1.11E+08    1.87E+09    7.71E-01    2.80E+00    8.33E-01    3.64E+00    1.96E+03    8.19E+00    8.02E+00    5.30E-02    1.03E-04    1.24E-01    3.68E-02
    1.31E+01    2.72E+00    1.35E+09    1.22E+09    4.62E+08    1.15E+08    1.81E+09    7.45E-01    2.51E+00    8.61E-01    3.38E+00    2.02E+03    8.14E+00    8.05E+00    4.20E-02    7.83E-05    9.09E-02    3.11E-02
    1.24E+01    2.37E+00    1.24E+09    1.13E+09    4.47E+08    1.13E+08    1.68E+09    7.35E-01    2.56E+00    9.26E-01    3.49E+00    2.19E+03    8.11E+00    8.06E+00    3.44E-02    7.14E-05    7.71E-02    2.78E-02
    1.32E+01    2.51E+00    1.21E+09    1.07E+09    4.63E+08    1.15E+08    1.67E+09    7.23E-01    2.20E+00    8.42E-01    3.04E+00    2.36E+03    8.05E+00    8.06E+00    6.05E-02    1.10E-04    1.31E-01    5.00E-02
    1.33E+01    2.78E+00    1.80E+09    1.68E+09    5.02E+08    1.32E+08    2.30E+09    7.82E-01    3.22E+00    8.98E-01    4.12E+00    2.44E+03    7.94E+00    8.07E+00    4.06E-02    7.27E-05    8.10E-02    2.26E-02
    1.52E+01    3.46E+00    2.71E+09    2.52E+09    5.51E+08    1.44E+08    3.26E+09    8.31E-01    3.70E+00    7.54E-01    4.46E+00    2.51E+03    7.87E+00    8.05E+00    2.73E-01    3.74E-04    4.95E-01    1.01E-01
    1.42E+01    3.06E+00    2.64E+09    2.47E+09    5.71E+08    1.35E+08    3.21E+09    8.22E-01    4.15E+00    8.96E-01    5.04E+00    2.52E+03    7.85E+00    8.06E+00    2.98E-01    4.68E-04    5.22E-01    1.13E-01
    1.50E+01    3.12E+00    3.48E+09    3.31E+09    5.75E+08    1.43E+08    4.06E+09    8.58E-01    4.93E+00    8.13E-01    5.74E+00    2.58E+03    7.81E+00    8.05E+00    2.24E-01    3.18E-04    3.91E-01    6.44E-02
    1.53E+01    3.29E+00    4.54E+09    4.34E+09    6.46E+08    1.51E+08    5.19E+09    8.76E-01    6.22E+00    8.83E-01    7.10E+00    2.54E+03    7.80E+00    8.03E+00    5.12E-01    7.00E-04    7.93E-01    1.13E-01
    1.78E+01    4.39E+00    5.55E+09    5.26E+09    8.66E+08    2.13E+08    6.42E+09    8.65E-01    5.59E+00    8.73E-01    6.46E+00    2.23E+03    7.78E+00    7.99E+00    7.06E-01    7.11E-04    8.15E-01    1.27E-01
    2.02E+01    4.87E+00    6.81E+09    6.36E+09    9.54E+08    2.45E+08    7.76E+09    8.77E-01    5.32E+00    7.46E-01    6.06E+00    2.17E+03    7.77E+00    7.97E+00    7.81E-01    6.10E-04    8.18E-01    1.15E-01
    1.95E+01    4.37E+00    6.17E+09    5.93E+09    9.66E+08    2.43E+08    7.13E+09    8.65E-01    5.17E+00    8.11E-01    5.98E+00    2.32E+03    7.78E+00    7.98E+00    2.30E-01    1.93E-04    2.38E-01    3.73E-02
    1.92E+01    6.10E+00    7.20E+09    6.82E+09    1.12E+09    2.81E+08    8.32E+09    8.65E-01    6.22E+00    9.67E-01    7.18E+00    2.31E+03    7.80E+00    7.95E+00    1.14E+00    9.84E-04    1.02E+00    1.58E-01
    2.09E+01    7.61E+00    1.07E+10    1.00E+10    1.28E+09    3.68E+08    1.20E+10    8.93E-01    7.80E+00    9.37E-01    8.74E+00    2.48E+03    7.81E+00    7.94E+00    1.28E+00    9.34E-04    9.96E-01    1.20E-01
