 UNITS:
 [mass] = M_sun
 [age] = Myr
 [Rdisc / Hdisc] = kpc
 [metalicity] = log([O/H]) + 12
 [Sigma] = M_sun / pc^2
 [SFR] = M_sun / yr
 [sig_SFR] = M_sun / yr / kpc
 [SSFR] = 1 / Gyr 
 [tau] = 1 / Gyr 	tau = SFR/M_gas = gas consumption time
 gal         Rdisc       Hdisc       Mg          Mc          Ms          
 Es_Ms       Mb          fg          Sigg        	Sigs        Sigb        
 age         zg          zs          SFR          Sig_SFR     SSFR        
 tau         
 
    1.85E+00    1.57E+00    2.52E+08    2.36E+08    7.65E+06    0.00E+00    2.60E+08    9.71E-01    2.36E+01    7.16E-01    2.43E+01    2.73E+02    7.30E+00    7.27E+00    1.89E-02    1.77E-03    2.48E+00    7.51E-02
    2.47E+00    1.55E+00    1.70E+08    1.57E+08    8.58E+06    6.42E+05    1.78E+08    9.52E-01    8.85E+00    4.48E-01    9.30E+00    2.74E+02    7.38E+00    7.35E+00    2.13E-02    1.11E-03    2.48E+00    1.26E-01
    2.60E+00    1.84E+00    1.88E+08    1.66E+08    1.73E+07    5.10E+06    2.05E+08    9.15E-01    8.83E+00    8.17E-01    9.65E+00    3.70E+02    7.37E+00    7.31E+00    1.95E-02    9.20E-04    1.13E+00    1.04E-01
    3.00E+00    1.80E+00    2.04E+08    1.84E+08    2.54E+07    6.09E+06    2.29E+08    8.89E-01    7.20E+00    8.98E-01    8.10E+00    4.08E+02    7.47E+00    7.34E+00    8.67E-02    3.06E-03    3.41E+00    4.26E-01
    3.41E+00    2.62E+00    2.19E+08    1.85E+08    1.56E+07    3.31E+06    2.34E+08    9.34E-01    5.98E+00    4.26E-01    6.41E+00    4.78E+02    7.54E+00    7.39E+00    7.17E-02    1.96E-03    4.60E+00    3.28E-01
    2.97E+00    1.59E+00    3.50E+08    3.25E+08    1.43E+07    2.65E+06    3.64E+08    9.61E-01    1.26E+01    5.17E-01    1.32E+01    5.65E+02    7.29E+00    7.34E+00    5.65E-02    2.04E-03    3.95E+00    1.62E-01
    3.44E+00    2.07E+00    2.88E+08    2.55E+08    2.41E+07    3.66E+06    3.12E+08    9.23E-01    7.74E+00    6.49E-01    8.39E+00    5.47E+02    7.54E+00    7.42E+00    5.35E-02    1.44E-03    2.22E+00    1.86E-01
    3.31E+00    2.10E+00    2.23E+08    1.88E+08    2.33E+07    4.84E+06    2.46E+08    9.05E-01    6.48E+00    6.77E-01    7.15E+00    7.05E+02    7.42E+00    7.43E+00    2.03E-02    5.89E-04    8.70E-01    9.10E-02
    4.36E+00    2.76E+00    2.59E+08    2.01E+08    2.91E+07    6.31E+06    2.89E+08    8.99E-01    4.35E+00    4.88E-01    4.84E+00    8.05E+02    7.31E+00    7.41E+00    2.76E-03    4.63E-05    9.50E-02    1.07E-02
    3.93E+00    1.63E+00    3.51E+08    3.13E+08    3.23E+07    9.79E+06    3.84E+08    9.16E-01    7.24E+00    6.66E-01    7.91E+00    9.06E+02    7.45E+00    7.40E+00    4.99E-02    1.03E-03    1.55E+00    1.42E-01
    4.77E+00    2.88E+00    5.69E+08    4.80E+08    2.47E+07    4.66E+06    5.94E+08    9.58E-01    7.96E+00    3.45E-01    8.30E+00    8.13E+02    7.46E+00    7.42E+00    4.07E-02    5.70E-04    1.65E+00    7.16E-02
    4.28E+00    2.86E+00    5.04E+08    4.40E+08    2.90E+07    3.91E+06    5.33E+08    9.46E-01    8.76E+00    5.04E-01    9.27E+00    6.63E+02    7.51E+00    7.44E+00    1.27E-01    2.22E-03    4.40E+00    2.53E-01
    4.71E+00    2.82E+00    5.92E+08    5.21E+08    3.52E+07    6.00E+06    6.27E+08    9.44E-01    8.51E+00    5.06E-01    9.02E+00    7.91E+02    7.45E+00    7.45E+00    7.14E-02    1.03E-03    2.03E+00    1.21E-01
    4.46E+00    2.98E+00    6.25E+08    5.59E+08    4.27E+07    7.39E+06    6.68E+08    9.36E-01    1.00E+01    6.85E-01    1.07E+01    8.68E+02    7.50E+00    7.45E+00    1.16E-01    1.86E-03    2.72E+00    1.86E-01
    5.48E+00    3.91E+00    6.12E+08    5.09E+08    5.01E+07    1.02E+07    6.63E+08    9.24E-01    6.49E+00    5.31E-01    7.02E+00    1.01E+03    7.69E+00    7.46E+00    9.82E-02    1.04E-03    1.96E+00    1.60E-01
    4.09E+00    2.70E+00    4.56E+08    4.04E+08    4.85E+07    6.66E+06    5.05E+08    9.04E-01    8.68E+00    9.21E-01    9.60E+00    9.26E+02    7.66E+00    7.51E+00    4.35E-02    8.26E-04    8.97E-01    9.52E-02
    5.79E+00    4.13E+00    5.78E+08    4.79E+08    5.45E+07    6.16E+06    6.32E+08    9.14E-01    5.49E+00    5.17E-01    6.01E+00    9.12E+02    7.67E+00    7.52E+00    6.45E-02    6.13E-04    1.18E+00    1.12E-01
    5.36E+00    3.45E+00    8.32E+08    7.24E+08    5.78E+07    6.03E+06    8.90E+08    9.35E-01    9.23E+00    6.41E-01    9.87E+00    9.70E+02    7.68E+00    7.54E+00    1.30E-01    1.45E-03    2.25E+00    1.57E-01
    7.02E+00    3.92E+00    1.62E+09    1.44E+09    6.56E+07    1.07E+07    1.69E+09    9.61E-01    1.05E+01    4.24E-01    1.09E+01    1.26E+03    7.62E+00    7.55E+00    1.66E-01    1.07E-03    2.53E+00    1.02E-01
    9.64E+00    7.59E+00    2.06E+09    1.71E+09    9.44E+07    1.93E+07    2.15E+09    9.56E-01    7.04E+00    3.23E-01    7.37E+00    1.04E+03    7.71E+00    7.59E+00    1.71E-01    5.86E-04    1.81E+00    8.32E-02
    1.03E+01    4.52E+00    3.96E+09    3.53E+09    2.00E+08    2.56E+07    4.16E+09    9.52E-01    1.18E+01    5.95E-01    1.24E+01    7.30E+02    7.83E+00    7.70E+00    1.40E+00    4.16E-03    7.00E+00    3.54E-01
    1.28E+01    8.27E+00    3.21E+09    2.66E+09    2.19E+08    3.52E+07    3.43E+09    9.36E-01    6.22E+00    4.24E-01    6.65E+00    9.31E+02    7.92E+00    7.70E+00    2.75E-01    5.34E-04    1.26E+00    8.57E-02
    1.28E+01    6.70E+00    3.83E+09    3.32E+09    2.94E+08    1.95E+08    4.13E+09    9.29E-01    7.40E+00    5.67E-01    7.97E+00    1.10E+03    7.84E+00    7.76E+00    3.04E-01    5.87E-04    1.04E+00    7.92E-02
    8.38E+00    6.13E+00    4.46E+09    4.07E+09    2.20E+08    9.37E+07    4.68E+09    9.53E-01    2.02E+01    9.96E-01    2.12E+01    8.19E+02    7.97E+00    7.86E+00    8.64E-01    3.92E-03    3.93E+00    1.94E-01
    1.09E+01    6.65E+00    6.67E+09    5.93E+09    3.31E+08    1.04E+08    7.00E+09    9.53E-01    1.79E+01    8.85E-01    1.87E+01    7.32E+02    8.07E+00    7.93E+00    1.60E+00    4.28E-03    4.83E+00    2.39E-01
    1.08E+01    6.25E+00    4.19E+09    3.78E+09    3.56E+08    1.13E+08    4.54E+09    9.22E-01    1.15E+01    9.79E-01    1.25E+01    9.10E+02    8.12E+00    7.94E+00    9.61E-01    2.64E-03    2.70E+00    2.29E-01
    9.59E+00    4.94E+00    4.43E+09    4.09E+09    5.05E+08    1.26E+08    4.93E+09    8.98E-01    1.53E+01    1.75E+00    1.71E+01    8.00E+02    8.16E+00    8.04E+00    1.69E+00    5.87E-03    3.35E+00    3.83E-01
    1.20E+01    5.60E+00    5.60E+09    5.16E+09    4.67E+08    1.09E+08    6.07E+09    9.23E-01    1.23E+01    1.03E+00    1.33E+01    7.37E+02    8.14E+00    8.05E+00    1.22E+00    2.68E-03    2.62E+00    2.18E-01
    1.15E+01    5.27E+00    5.60E+09    5.25E+09    6.01E+08    9.90E+07    6.20E+09    9.03E-01    1.35E+01    1.45E+00    1.50E+01    6.45E+02    8.17E+00    8.09E+00    1.88E+00    4.54E-03    3.13E+00    3.35E-01
    1.11E+01    4.53E+00    5.23E+09    4.95E+09    6.79E+08    1.09E+08    5.91E+09    8.85E-01    1.35E+01    1.76E+00    1.53E+01    7.07E+02    8.19E+00    8.10E+00    1.65E+00    4.27E-03    2.43E+00    3.16E-01
    1.28E+01    4.03E+00    5.91E+09    5.58E+09    8.36E+08    1.16E+08    6.74E+09    8.76E-01    1.16E+01    1.64E+00    1.32E+01    6.99E+02    8.22E+00    8.14E+00    2.33E+00    4.55E-03    2.78E+00    3.94E-01
    1.30E+01    5.27E+00    6.19E+09    5.80E+09    9.64E+08    1.20E+08    7.15E+09    8.65E-01    1.16E+01    1.81E+00    1.34E+01    6.94E+02    8.21E+00    8.16E+00    1.90E+00    3.57E-03    1.97E+00    3.07E-01
    1.29E+01    5.53E+00    6.13E+09    5.70E+09    1.05E+09    1.25E+08    7.18E+09    8.53E-01    1.18E+01    2.03E+00    1.38E+01    7.58E+02    8.26E+00    8.18E+00    1.97E+00    3.80E-03    1.87E+00    3.22E-01
