 UNITS:
 [mass] = M_sun
 [age] = Myr
 [Rdisc / Hdisc] = kpc
 [metalicity] = log([O/H]) + 12
 [Sigma] = M_sun / pc^2
 [SFR] = M_sun / yr
 [sig_SFR] = M_sun / yr / kpc
 [SSFR] = 1 / Gyr 
 [tau] = 1 / Gyr 	tau = SFR/M_gas = gas consumption time
 gal         Rdisc       Hdisc       Mg          Mc          Ms          
 Es_Ms       Mb          fg          Sigg        	Sigs        Sigb        
 age         zg          zs          SFR          Sig_SFR     SSFR        
 tau         
 
    1.87E+00    1.24E+00    3.66E+08    3.58E+08    2.04E+07    0.00E+00    3.87E+08    9.47E-01    3.33E+01    1.86E+00    3.52E+01    9.63E+01    7.70E+00    7.48E+00    2.38E-01    2.16E-02    1.16E+01    6.49E-01
    2.37E+00    1.55E+00    3.33E+08    3.21E+08    3.13E+07    3.63E+06    3.64E+08    9.14E-01    1.88E+01    1.77E+00    2.06E+01    9.53E+01    8.03E+00    7.77E+00    3.73E-01    2.11E-02    1.19E+01    1.12E+00
    2.44E+00    1.05E+00    7.20E+08    7.32E+08    1.04E+08    1.25E+07    8.24E+08    8.74E-01    3.84E+01    5.54E+00    4.40E+01    1.34E+02    8.01E+00    7.87E+00    7.73E-01    4.12E-02    7.45E+00    1.07E+00
    3.03E+00    1.78E+00    6.39E+08    6.50E+08    1.41E+08    2.23E+07    7.80E+08    8.20E-01    2.22E+01    4.88E+00    2.71E+01    1.43E+02    8.18E+00    7.99E+00    1.07E+00    3.73E-02    7.64E+00    1.68E+00
    3.08E+00    1.88E+00    8.60E+08    9.00E+08    2.21E+08    3.84E+07    1.08E+09    7.96E-01    2.88E+01    7.39E+00    3.62E+01    1.72E+02    8.04E+00    7.99E+00    1.34E+00    4.47E-02    6.04E+00    1.55E+00
    3.72E+00    1.67E+00    2.38E+09    2.52E+09    4.69E+08    6.32E+07    2.85E+09    8.35E-01    5.47E+01    1.08E+01    6.55E+01    1.51E+02    8.06E+00    8.03E+00    4.32E+00    9.95E-02    9.21E+00    1.82E+00
    3.19E+00    1.75E+00    2.34E+09    3.10E+09    1.37E+09    7.29E+07    3.71E+09    6.32E-01    7.35E+01    4.28E+01    1.16E+02    1.25E+02    8.36E+00    8.29E+00    1.20E+01    3.76E-01    8.78E+00    5.12E+00
    1.95E+00    4.78E-01    1.04E+09    2.17E+09    1.86E+09    2.42E+07    2.90E+09    3.58E-01    8.68E+01    1.56E+02    2.43E+02    1.24E+02    8.70E+00    8.50E+00    1.44E+01    1.21E+00    7.74E+00    1.39E+01
    4.42E+00    1.66E+00    2.75E+09    2.85E+09    1.32E+09    1.87E+08    4.07E+09    6.76E-01    4.49E+01    2.15E+01    6.64E+01    2.57E+02    8.29E+00    8.47E+00    2.47E+00    4.03E-02    1.87E+00    8.98E-01
    2.39E+00    5.78E-01    1.76E+09    3.27E+09    3.17E+09    1.19E+08    4.92E+09    3.57E-01    9.81E+01    1.77E+02    2.75E+02    2.03E+02    8.59E+00    8.52E+00    2.08E+01    1.16E+00    6.56E+00    1.18E+01
    4.63E+00    2.00E+00    2.82E+09    3.87E+09    4.82E+09    4.61E+08    7.64E+09    3.69E-01    4.18E+01    7.15E+01    1.13E+02    2.62E+02    8.49E+00    8.53E+00    1.47E+01    2.17E-01    3.04E+00    5.19E+00
    4.69E+00    1.55E+00    1.49E+09    2.34E+09    5.04E+09    3.61E+08    6.53E+09    2.28E-01    2.16E+01    7.31E+01    9.47E+01    3.14E+02    8.62E+00    8.55E+00    9.89E+00    1.43E-01    1.96E+00    6.64E+00
    4.89E+00    1.78E+00    3.23E+09    3.60E+09    3.48E+09    3.65E+08    6.71E+09    4.82E-01    4.30E+01    4.63E+01    8.92E+01    4.08E+02    8.44E+00    8.53E+00    7.81E+00    1.04E-01    2.24E+00    2.42E+00
    3.55E+00    7.48E-01    3.31E+09    4.72E+09    5.68E+09    8.28E+08    8.99E+09    3.68E-01    8.33E+01    1.43E+02    2.27E+02    4.46E+02    8.66E+00    8.56E+00    1.86E+01    4.68E-01    3.27E+00    5.62E+00
    4.62E+00    1.36E+00    2.89E+09    4.43E+09    8.83E+09    1.54E+09    1.17E+10    2.47E-01    4.32E+01    1.32E+02    1.75E+02    4.50E+02    8.65E+00    8.59E+00    1.59E+01    2.37E-01    1.80E+00    5.50E+00
    7.04E+00    1.24E+00    3.46E+09    4.56E+09    1.01E+10    1.77E+09    1.36E+10    2.55E-01    2.22E+01    6.48E+01    8.70E+01    5.01E+02    8.54E+00    8.59E+00    1.44E+01    9.23E-02    1.42E+00    4.16E+00
    7.80E+00    2.13E+00    3.37E+09    3.98E+09    1.12E+10    2.18E+09    1.45E+10    2.32E-01    1.76E+01    5.84E+01    7.61E+01    5.91E+02    8.51E+00    8.56E+00    8.74E+00    4.57E-02    7.83E-01    2.59E+00
    8.57E+00    1.46E+00    3.58E+09    4.03E+09    1.12E+10    1.94E+09    1.48E+10    2.42E-01    1.55E+01    4.87E+01    6.42E+01    6.74E+02    8.48E+00    8.57E+00    7.81E+00    3.38E-02    6.96E-01    2.18E+00
    8.73E+00    1.33E+00    3.20E+09    3.50E+09    1.13E+10    1.98E+09    1.45E+10    2.21E-01    1.34E+01    4.71E+01    6.05E+01    7.69E+02    8.47E+00    8.55E+00    6.14E+00    2.57E-02    5.45E-01    1.92E+00
    1.20E+01    2.20E+00    5.15E+09    5.18E+09    1.27E+10    2.70E+09    1.78E+10    2.89E-01    1.15E+01    2.82E+01    3.97E+01    8.72E+02    8.35E+00    8.53E+00    5.64E+00    1.25E-02    4.45E-01    1.09E+00
    1.13E+01    2.16E+00    4.53E+09    4.58E+09    1.25E+10    2.49E+09    1.70E+10    2.66E-01    1.13E+01    3.10E+01    4.23E+01    9.77E+02    8.36E+00    8.52E+00    4.87E+00    1.21E-02    3.90E-01    1.07E+00
    1.17E+01    2.59E+00    5.61E+09    5.55E+09    1.34E+10    2.75E+09    1.90E+10    2.95E-01    1.30E+01    3.11E+01    4.41E+01    1.08E+03    8.31E+00    8.51E+00    5.34E+00    1.24E-02    3.99E-01    9.52E-01
    1.35E+01    2.78E+00    6.79E+09    6.57E+09    1.38E+10    2.87E+09    2.06E+10    3.30E-01    1.19E+01    2.42E+01    3.61E+01    1.18E+03    8.27E+00    8.50E+00    4.72E+00    8.27E-03    3.42E-01    6.95E-01
    1.31E+01    3.39E+00    7.49E+09    7.28E+09    1.43E+10    3.10E+09    2.18E+10    3.43E-01    1.38E+01    2.63E+01    4.01E+01    1.27E+03    8.26E+00    8.48E+00    4.68E+00    8.61E-03    3.27E-01    6.25E-01
    1.41E+01    3.16E+00    8.36E+09    8.39E+09    1.55E+10    3.18E+09    2.39E+10    3.50E-01    1.34E+01    2.49E+01    3.83E+01    1.33E+03    8.28E+00    8.47E+00    8.54E+00    1.37E-02    5.51E-01    1.02E+00
    1.33E+01    3.00E+00    7.60E+09    7.56E+09    1.57E+10    3.12E+09    2.33E+10    3.26E-01    1.37E+01    2.83E+01    4.20E+01    1.42E+03    8.30E+00    8.46E+00    6.21E+00    1.12E-02    3.96E-01    8.17E-01
    1.58E+01    2.68E+00    9.70E+09    9.69E+09    1.66E+10    3.29E+09    2.63E+10    3.68E-01    1.24E+01    2.13E+01    3.37E+01    1.46E+03    8.29E+00    8.45E+00    8.12E+00    1.04E-02    4.88E-01    8.37E-01
    1.63E+01    3.31E+00    1.02E+10    9.98E+09    1.73E+10    3.36E+09    2.75E+10    3.72E-01    1.22E+01    2.07E+01    3.29E+01    1.54E+03    8.29E+00    8.45E+00    5.94E+00    7.11E-03    3.44E-01    5.82E-01
    1.53E+01    2.50E+00    1.15E+10    1.14E+10    1.76E+10    3.12E+09    2.90E+10    3.95E-01    1.56E+01    2.39E+01    3.95E+01    1.63E+03    8.29E+00    8.45E+00    8.95E+00    1.22E-02    5.10E-01    7.80E-01
    1.54E+01    2.96E+00    1.28E+10    1.34E+10    1.97E+10    3.24E+09    3.25E+10    3.94E-01    1.73E+01    2.65E+01    4.38E+01    1.60E+03    8.32E+00    8.44E+00    1.60E+01    2.16E-02    8.15E-01    1.25E+00
    1.33E+01    2.38E+00    1.21E+10    1.29E+10    2.06E+10    2.88E+09    3.27E+10    3.69E-01    2.16E+01    3.68E+01    5.84E+01    1.61E+03    8.38E+00    8.45E+00    2.05E+01    3.67E-02    9.96E-01    1.70E+00
    1.56E+01    2.79E+00    1.32E+10    1.41E+10    2.46E+10    3.65E+09    3.79E+10    3.49E-01    1.72E+01    3.21E+01    4.93E+01    1.55E+03    8.39E+00    8.44E+00    1.96E+01    2.55E-02    7.96E-01    1.48E+00
    1.32E+01    1.80E+00    1.00E+10    1.09E+10    2.44E+10    2.77E+09    3.45E+10    2.91E-01    1.82E+01    4.44E+01    6.26E+01    1.58E+03    8.45E+00    8.46E+00    1.59E+01    2.90E-02    6.52E-01    1.59E+00
    1.47E+01    2.35E+00    1.02E+10    1.09E+10    2.78E+10    3.49E+09    3.80E+10    2.69E-01    1.50E+01    4.07E+01    5.57E+01    1.59E+03    8.47E+00    8.46E+00    1.70E+01    2.49E-02    6.12E-01    1.67E+00
    1.42E+01    1.82E+00    9.05E+09    9.60E+09    2.76E+10    3.03E+09    3.66E+10    2.47E-01    1.43E+01    4.37E+01    5.80E+01    1.67E+03    8.48E+00    8.47E+00    1.31E+01    2.08E-02    4.76E-01    1.45E+00
    1.61E+01    2.94E+00    9.50E+09    9.70E+09    3.09E+10    4.00E+09    4.04E+10    2.35E-01    1.17E+01    3.80E+01    4.97E+01    1.75E+03    8.48E+00    8.46E+00    9.43E+00    1.16E-02    3.05E-01    9.93E-01
    1.57E+01    2.06E+00    8.23E+09    8.53E+09    3.02E+10    3.41E+09    3.84E+10    2.14E-01    1.06E+01    3.88E+01    4.93E+01    1.83E+03    8.50E+00    8.47E+00    1.00E+01    1.29E-02    3.33E-01    1.22E+00
    1.50E+01    2.12E+00    6.06E+09    6.12E+09    3.03E+10    3.31E+09    3.63E+10    1.67E-01    8.54E+00    4.27E+01    5.12E+01    1.95E+03    8.54E+00    8.48E+00    6.56E+00    9.24E-03    2.17E-01    1.08E+00
