 UNITS:
 [mass] = M_sun
 [age] = Myr
 [Rdisc / Hdisc] = kpc
 [metalicity] = log([O/H]) + 12
 [Sigma] = M_sun / pc^2
 [SFR] = M_sun / yr
 [sig_SFR] = M_sun / yr / kpc
 [SSFR] = 1 / Gyr 
 [tau] = 1 / Gyr 	tau = SFR/M_gas = gas consumption time
 gal         Rdisc       Hdisc       Mg          Mc          Ms          
 Es_Ms       Mb          fg          Sigg        	Sigs        Sigb        
 age         zg          zs          SFR          Sig_SFR     SSFR        
 tau         
 
    1.13E+00    8.65E-01    1.39E+08    1.36E+08    2.59E+06    0.00E+00    1.42E+08    9.82E-01    3.44E+01    6.41E-01    3.51E+01    9.05E+01    7.31E+00    7.10E+00    3.16E-02    7.81E-03    1.22E+01    2.27E-01
    1.61E+00    1.14E+00    3.23E+08    3.13E+08    9.73E+06    8.03E+05    3.33E+08    9.71E-01    3.95E+01    1.19E+00    4.07E+01    6.45E+01    7.63E+00    7.49E+00    1.24E-01    1.51E-02    1.27E+01    3.82E-01
    2.24E+00    1.55E+00    2.82E+08    2.86E+08    3.58E+07    3.80E+06    3.18E+08    8.87E-01    1.78E+01    2.27E+00    2.01E+01    1.02E+02    7.90E+00    7.71E+00    1.80E-01    1.14E-02    5.03E+00    6.39E-01
    2.72E+00    1.92E+00    7.17E+08    6.87E+08    5.82E+07    8.34E+06    7.76E+08    9.25E-01    3.09E+01    2.51E+00    3.34E+01    1.26E+02    7.92E+00    7.73E+00    4.58E-01    1.98E-02    7.88E+00    6.39E-01
    3.27E+00    1.86E+00    9.04E+08    1.00E+09    4.18E+08    1.90E+08    1.32E+09    6.84E-01    2.68E+01    1.24E+01    3.92E+01    1.46E+02    8.13E+00    7.89E+00    2.14E+00    6.37E-02    5.13E+00    2.37E+00
    3.16E+00    2.39E+00    7.38E+08    7.17E+08    1.19E+08    3.38E+07    8.57E+08    8.61E-01    2.35E+01    3.80E+00    2.73E+01    2.24E+02    8.18E+00    7.94E+00    5.23E-01    1.67E-02    4.38E+00    7.08E-01
    2.79E+00    1.29E+00    1.51E+09    1.59E+09    3.03E+08    5.84E+07    1.81E+09    8.33E-01    6.17E+01    1.24E+01    7.41E+01    1.75E+02    8.19E+00    8.05E+00    2.52E+00    1.03E-01    8.32E+00    1.67E+00
    3.64E+00    1.26E+00    2.41E+09    2.62E+09    5.66E+08    8.56E+07    2.97E+09    8.09E-01    5.77E+01    1.36E+01    7.13E+01    1.78E+02    8.30E+00    8.25E+00    4.25E+00    1.02E-01    7.50E+00    1.77E+00
    4.32E+00    1.29E+00    1.69E+09    1.85E+09    8.12E+08    1.35E+08    2.51E+09    6.76E-01    2.88E+01    1.38E+01    4.27E+01    2.46E+02    8.52E+00    8.34E+00    3.40E+00    5.79E-02    4.19E+00    2.01E+00
    4.90E+00    1.64E+00    3.64E+09    3.76E+09    9.94E+08    1.84E+08    4.64E+09    7.86E-01    4.82E+01    1.32E+01    6.14E+01    2.61E+02    8.36E+00    8.33E+00    5.33E+00    7.05E-02    5.36E+00    1.46E+00
    1.60E+00    4.16E-01    7.34E+08    1.47E+09    1.31E+09    2.89E+07    2.04E+09    3.60E-01    9.12E+01    1.62E+02    2.53E+02    1.49E+02    8.86E+00    8.68E+00    9.22E+00    1.15E+00    7.06E+00    1.26E+01
    4.70E+00    1.65E+00    2.25E+09    2.22E+09    7.59E+08    2.29E+08    3.01E+09    7.48E-01    3.25E+01    1.09E+01    4.34E+01    4.75E+02    8.40E+00    8.29E+00    1.40E+00    2.02E-02    1.84E+00    6.21E-01
    5.04E+00    1.43E+00    2.80E+09    3.22E+09    1.47E+09    2.62E+08    4.27E+09    6.55E-01    3.51E+01    1.85E+01    5.36E+01    3.46E+02    8.47E+00    8.36E+00    9.26E+00    1.16E-01    6.29E+00    3.31E+00
    6.14E+00    1.51E+00    2.03E+09    2.37E+09    2.00E+09    3.30E+08    4.03E+09    5.04E-01    1.72E+01    1.69E+01    3.41E+01    3.75E+02    8.49E+00    8.40E+00    4.84E+00    4.09E-02    2.42E+00    2.38E+00
    4.88E+00    1.20E+00    2.42E+09    2.79E+09    2.59E+09    2.82E+08    5.01E+09    4.83E-01    3.24E+01    3.46E+01    6.70E+01    3.95E+02    8.39E+00    8.57E+00    6.64E+00    8.88E-02    2.56E+00    2.74E+00
    5.68E+00    1.19E+00    2.18E+09    3.07E+09    3.91E+09    3.64E+08    6.09E+09    3.57E-01    2.15E+01    3.87E+01    6.02E+01    3.80E+02    8.45E+00    8.51E+00    1.05E+01    1.03E-01    2.67E+00    4.80E+00
    5.78E+00    1.51E+00    2.05E+09    2.47E+09    4.39E+09    4.67E+08    6.44E+09    3.18E-01    1.95E+01    4.19E+01    6.14E+01    4.55E+02    8.48E+00    8.49E+00    5.81E+00    5.54E-02    1.32E+00    2.84E+00
    7.42E+00    2.06E+00    2.66E+09    2.84E+09    4.98E+09    6.61E+08    7.64E+09    3.48E-01    1.54E+01    2.88E+01    4.42E+01    5.62E+02    8.38E+00    8.47E+00    4.63E+00    2.68E-02    9.30E-01    1.74E+00
    7.84E+00    1.92E+00    3.55E+09    3.83E+09    5.14E+09    6.17E+08    8.69E+09    4.09E-01    1.84E+01    2.66E+01    4.50E+01    6.30E+02    8.31E+00    8.46E+00    7.11E+00    3.68E-02    1.38E+00    2.00E+00
    7.73E+00    1.75E+00    3.38E+09    3.76E+09    5.87E+09    6.72E+08    9.26E+09    3.65E-01    1.80E+01    3.13E+01    4.93E+01    6.82E+02    8.33E+00    8.44E+00    8.04E+00    4.28E-02    1.37E+00    2.38E+00
