 UNITS:
 [mass] = M_sun
 [age] = Myr
 [Rdisc / Hdisc] = kpc
 [metalicity] = log([O/H]) + 12
 [Sigma] = M_sun / pc^2
 [SFR] = M_sun / yr
 [sig_SFR] = M_sun / yr / kpc
 [SSFR] = 1 / Gyr 
 [tau] = 1 / Gyr 	tau = SFR/M_gas = gas consumption time
 gal         Rdisc       Hdisc       Mg          Mc          Ms          
 Es_Ms       Mb          fg          Sigg        	Sigs        Sigb        
 age         zg          zs          SFR          Sig_SFR     SSFR        
 tau         
 
    8.91E-01    5.87E-01    3.25E+07    3.17E+07    3.43E+05    0.00E+00    3.28E+07    9.90E-01    1.30E+01    1.37E-01    1.32E+01    3.20E+02    7.09E+00    6.92E+00    1.38E-03    5.53E-04    4.02E+00    4.25E-02
    1.32E+00    7.50E-01    2.40E+07    2.34E+07    7.62E+05    9.68E+04    2.48E+07    9.69E-01    4.36E+00    1.39E-01    4.50E+00    2.28E+02    7.18E+00    7.12E+00    2.73E-03    4.96E-04    3.58E+00    1.14E-01
    1.50E+00    9.95E-01    7.61E+07    7.39E+07    3.24E+06    5.20E+05    7.94E+07    9.59E-01    1.08E+01    4.58E-01    1.12E+01    2.25E+02    7.18E+00    7.19E+00    1.81E-02    2.55E-03    5.57E+00    2.37E-01
    1.92E+00    9.72E-01    1.65E+08    1.65E+08    1.11E+07    5.28E+05    1.76E+08    9.37E-01    1.43E+01    9.61E-01    1.52E+01    9.45E+01    7.29E+00    7.17E+00    1.32E-01    1.15E-02    1.19E+01    8.02E-01
    1.99E+00    1.06E+00    8.63E+07    8.11E+07    7.77E+06    8.18E+05    9.40E+07    9.17E-01    6.93E+00    6.25E-01    7.56E+00    2.31E+02    7.53E+00    7.27E+00    2.38E-02    1.91E-03    3.05E+00    2.75E-01
    2.35E+00    1.34E+00    1.24E+08    1.14E+08    9.90E+06    1.38E+06    1.34E+08    9.26E-01    7.12E+00    5.70E-01    7.69E+00    3.20E+02    7.52E+00    7.26E+00    6.64E-03    3.82E-04    6.71E-01    5.37E-02
    3.31E+00    2.27E+00    1.69E+08    1.37E+08    5.02E+06    1.57E+06    1.74E+08    9.71E-01    4.90E+00    1.46E-01    5.05E+00    4.65E+02    7.47E+00    7.32E+00    9.93E-03    2.88E-04    1.98E+00    5.88E-02
    4.18E+00    3.09E+00    1.01E+09    9.88E+08    9.01E+07    4.26E+06    1.10E+09    9.18E-01    1.84E+01    1.64E+00    2.00E+01    8.83E+01    7.61E+00    7.50E+00    1.29E+00    2.36E-02    1.44E+01    1.29E+00
    5.37E+00    3.18E+00    9.37E+08    8.99E+08    8.56E+07    1.04E+07    1.02E+09    9.16E-01    1.03E+01    9.43E-01    1.13E+01    1.46E+02    7.99E+00    7.83E+00    9.40E-01    1.04E-02    1.10E+01    1.00E+00
    4.97E+00    3.25E+00    1.76E+09    1.70E+09    2.43E+08    2.73E+07    2.00E+09    8.79E-01    2.27E+01    3.14E+00    2.58E+01    1.79E+02    7.95E+00    7.88E+00    1.66E+00    2.14E-02    6.81E+00    9.41E-01
    5.81E+00    3.03E+00    2.34E+09    2.20E+09    2.43E+08    5.00E+07    2.58E+09    9.06E-01    2.21E+01    2.29E+00    2.44E+01    2.20E+02    8.00E+00    7.87E+00    9.93E-01    9.36E-03    4.09E+00    4.24E-01
    5.55E+00    3.76E+00    2.54E+09    2.34E+09    1.34E+08    4.83E+07    2.67E+09    9.50E-01    2.62E+01    1.38E+00    2.76E+01    2.95E+02    7.96E+00    7.78E+00    8.34E-01    8.61E-03    6.22E+00    3.29E-01
    3.03E+00    1.69E+00    1.93E+09    1.97E+09    1.93E+08    1.91E+07    2.12E+09    9.09E-01    6.68E+01    6.69E+00    7.35E+01    1.72E+02    8.21E+00    8.09E+00    2.26E+00    7.83E-02    1.17E+01    1.17E+00
    4.37E+00    1.61E+00    6.16E+08    1.05E+09    8.18E+08    4.70E+07    1.43E+09    4.29E-01    1.03E+01    1.36E+01    2.39E+01    1.53E+02    8.69E+00    8.51E+00    4.77E+00    7.94E-02    5.83E+00    7.75E+00
    5.70E+00    2.66E+00    1.49E+09    1.45E+09    6.27E+08    9.35E+07    2.11E+09    7.04E-01    1.46E+01    6.15E+00    2.07E+01    3.15E+02    8.30E+00    8.48E+00    1.27E+00    1.24E-02    2.02E+00    8.51E-01
    6.92E+00    2.60E+00    2.33E+09    2.27E+09    7.22E+08    1.18E+08    3.05E+09    7.63E-01    1.55E+01    4.80E+00    2.03E+01    3.79E+02    8.18E+00    8.43E+00    1.96E+00    1.30E-02    2.71E+00    8.40E-01
    5.66E+00    2.14E+00    1.89E+09    2.01E+09    1.03E+09    9.12E+07    2.93E+09    6.47E-01    1.88E+01    1.03E+01    2.90E+01    3.80E+02    8.25E+00    8.47E+00    2.97E+00    2.94E-02    2.87E+00    1.57E+00
    3.51E+00    1.06E+00    1.10E+09    1.25E+09    8.58E+08    5.85E+07    1.96E+09    5.61E-01    2.83E+01    2.22E+01    5.05E+01    4.31E+02    8.38E+00    8.48E+00    2.64E+00    6.83E-02    3.08E+00    2.41E+00
    6.10E+00    2.34E+00    1.38E+09    1.42E+09    1.11E+09    1.44E+08    2.49E+09    5.56E-01    1.19E+01    9.48E+00    2.13E+01    5.54E+02    8.35E+00    8.43E+00    1.89E+00    1.62E-02    1.71E+00    1.36E+00
    6.32E+00    3.10E+00    1.37E+09    1.26E+09    6.07E+08    8.36E+07    1.98E+09    6.93E-01    1.09E+01    4.85E+00    1.58E+01    7.48E+02    8.29E+00    8.43E+00    3.78E-01    3.02E-03    6.23E-01    2.76E-01
    7.15E+00    3.85E+00    1.36E+09    1.23E+09    6.58E+08    9.92E+07    2.02E+09    6.74E-01    8.47E+00    4.09E+00    1.26E+01    8.58E+02    8.23E+00    8.39E+00    4.28E-01    2.66E-03    6.50E-01    3.14E-01
    5.02E+00    1.92E+00    2.53E+09    2.68E+09    8.65E+08    7.88E+07    3.40E+09    7.46E-01    3.20E+01    1.09E+01    4.29E+01    6.96E+02    8.18E+00    8.40E+00    4.71E+00    5.95E-02    5.45E+00    1.86E+00
    7.97E+00    2.64E+00    2.13E+09    2.05E+09    1.50E+09    1.66E+08    3.63E+09    5.87E-01    1.07E+01    7.51E+00    1.82E+01    7.52E+02    8.19E+00    8.42E+00    8.40E-01    4.21E-03    5.61E-01    3.94E-01
    8.28E+00    2.89E+00    3.12E+09    3.13E+09    1.76E+09    2.09E+08    4.87E+09    6.40E-01    1.45E+01    8.16E+00    2.26E+01    7.80E+02    8.17E+00    8.36E+00    3.13E+00    1.46E-02    1.78E+00    1.01E+00
    5.29E+00    1.01E+00    2.14E+09    2.56E+09    1.93E+09    1.15E+08    4.07E+09    5.25E-01    2.43E+01    2.20E+01    4.63E+01    6.74E+02    8.31E+00    8.39E+00    7.24E+00    8.24E-02    3.75E+00    3.39E+00
    6.63E+00    1.43E+00    2.25E+09    2.65E+09    2.92E+09    1.91E+08    5.17E+09    4.35E-01    1.63E+01    2.11E+01    3.74E+01    6.43E+02    8.38E+00    8.40E+00    6.26E+00    4.54E-02    2.15E+00    2.78E+00
    6.31E+00    1.63E+00    1.63E+09    1.93E+09    3.41E+09    2.08E+08    5.03E+09    3.23E-01    1.30E+01    2.72E+01    4.03E+01    7.02E+02    8.44E+00    8.41E+00    4.12E+00    3.30E-02    1.21E+00    2.53E+00
    5.68E+00    1.02E+00    1.93E+09    2.26E+09    3.56E+09    3.22E+08    5.49E+09    3.52E-01    1.91E+01    3.51E+01    5.42E+01    8.06E+02    8.43E+00    8.43E+00    5.57E+00    5.50E-02    1.56E+00    2.88E+00
    7.82E+00    2.05E+00    1.68E+09    1.77E+09    4.58E+09    7.88E+08    6.26E+09    2.68E-01    8.75E+00    2.39E+01    3.26E+01    1.01E+03    8.40E+00    8.39E+00    2.24E+00    1.17E-02    4.90E-01    1.34E+00
    7.45E+00    1.69E+00    1.56E+09    1.68E+09    4.66E+09    7.03E+08    6.22E+09    2.50E-01    8.93E+00    2.68E+01    3.57E+01    1.10E+03    8.40E+00    8.41E+00    3.05E+00    1.75E-02    6.54E-01    1.96E+00
    7.19E+00    1.30E+00    1.24E+09    1.35E+09    4.57E+09    5.56E+08    5.80E+09    2.13E-01    7.62E+00    2.81E+01    3.57E+01    1.15E+03    8.41E+00    8.42E+00    2.24E+00    1.38E-02    4.90E-01    1.81E+00
    9.19E+00    1.19E+00    1.32E+09    1.40E+09    4.82E+09    6.51E+08    6.13E+09    2.15E-01    4.96E+00    1.82E+01    2.31E+01    1.29E+03    8.38E+00    8.42E+00    2.06E+00    7.78E-03    4.28E-01    1.57E+00
    1.07E+01    3.48E+00    1.49E+09    1.38E+09    5.40E+09    1.01E+09    6.90E+09    2.17E-01    4.14E+00    1.50E+01    1.91E+01    1.52E+03    8.30E+00    8.39E+00    5.52E-01    1.53E-03    1.02E-01    3.69E-01
    1.13E+01    1.89E+00    2.17E+09    2.10E+09    5.04E+09    8.50E+08    7.21E+09    3.01E-01    5.41E+00    1.25E+01    1.80E+01    1.63E+03    8.21E+00    8.40E+00    9.26E-01    2.31E-03    1.84E-01    4.26E-01
    1.07E+01    2.46E+00    2.10E+09    2.02E+09    4.91E+09    8.67E+08    7.00E+09    2.99E-01    5.84E+00    1.37E+01    1.95E+01    1.78E+03    8.19E+00    8.40E+00    8.36E-01    2.33E-03    1.70E-01    3.99E-01
    1.25E+01    2.48E+00    3.09E+09    2.99E+09    5.05E+09    9.57E+08    8.14E+09    3.80E-01    6.31E+00    1.03E+01    1.66E+01    1.92E+03    8.16E+00    8.39E+00    1.12E+00    2.29E-03    2.22E-01    3.63E-01
    1.16E+01    2.20E+00    3.05E+09    3.07E+09    5.36E+09    1.08E+09    8.41E+09    3.63E-01    7.25E+00    1.27E+01    2.00E+01    1.99E+03    8.17E+00    8.37E+00    2.65E+00    6.30E-03    4.95E-01    8.69E-01
