 a0.120
 ------
 Rhalf_spher =   0.6630631    
 
 rcm =  -0.106524495267872       8.325421866320493E-002  1.899771066771443E-002
 vcm =    10.7275790991270        3.18975102340479       -3.08892797907288     
 Angular momentum =   0.3044173      0.8676280     -0.3931305    
 Disc Radius =   0.8889957    
 Disc Gas Thickness =   0.5802097    
 --------------------------------------------
 rcm =  -8.275388167072631E-002  0.116073262120518       1.493911925103754E-003
 vcm =    7.69001562988541        2.23414970995166       0.567562394875524     
 Angular momentum =   0.5413912      0.7262327     -0.4236527    
 Disc Radius =   0.9080904    
 Disc Gas Thickness =   0.6234700    
 --------------------------------------------
 rcm =  -8.231967326853130E-002  0.120985564379429      -3.075996792240883E-003
 vcm =    7.61088057342188        2.92825506909481       0.639284580860398     
 Angular momentum =   0.5313782      0.7216882     -0.4436252    
 Disc Radius =   0.9083425    
 Disc Gas Thickness =   0.6186277    
 --------------------------------------------
 counter Rdisc =            3
 r,    m(r),    z,    m(z)
  4.9431823E-02   1511929.17110596       4.7807500E-02   8169769.82721274     
  9.8863646E-02   5241599.09909801       9.5615000E-02   15233841.6139672     
  0.1482955       10067236.8408626       0.1434225       21605727.4858855     
  0.1977273       15096556.4771500       0.1912300       27656102.5878563     
  0.2471591       19834570.8438788       0.2390375       33313072.5058390     
  0.2965909       23869653.5111352       0.2868450       38324961.8686880     
  0.3460228       27598703.4870083       0.3346525       42348803.4081769     
  0.3954546       31624958.9309133       0.3824600       45683776.8466574     
  0.4448864       35940479.8891881       0.4302675       48672828.9053066     
  0.4943182       39972357.2493193       0.4780750       51178427.9841995     
  0.5437500       43982383.2413205       0.5258825       53671159.1677459     
  0.5931818       48132363.6722719       0.5736900       56012985.8432904     
  0.6426136       52149496.9787326       0.6214975       58261271.9553421     
  0.6920455       56091015.9205279       0.6693050       60125660.9999292     
  0.7414774       60114262.6842194       0.7171125       61963113.5199847     
  0.7909092       63946596.0164353       0.7649200       63618045.5572034     
  0.8403410       67700842.0550227       0.8127275       65161226.9258822     
  0.8897728       71341794.6021520       0.8605350       66672533.1362209     
  0.9392046       74868150.0625942       0.9083425       68386875.2871861     
  0.9886364       78456426.0183764        1.816685       68386875.2871861     
   1.038068       82009997.2829909        1.816685       68386875.2871861     
   1.087500       85492861.9785295        1.816685       68386875.2871861     
 
 
 
 
 a0.130
 ------
 Rhalf_spher =   0.6004884    
 
 rcm =  -4.988417030304027E-002 -0.274700310653326       1.217134786041325E-002
 vcm =    6.07422761284101       -38.7723901275023       -18.0335503450873     
 Angular momentum =   0.8035464      0.1353515      0.5796492    
 Disc Radius =    1.089041    
 Disc Gas Thickness =   0.6835657    
 --------------------------------------------
 rcm =  -0.110823388593554      -0.296271064065914       8.932974929495320E-002
 vcm =    4.02550849624620       -37.5437046331791       -15.8651999082064     
 Angular momentum =   0.8345888      1.3956950E-02  0.5506966    
 Disc Radius =    1.061115    
 Disc Gas Thickness =   0.6755878    
 --------------------------------------------
 rcm =  -9.975977411649084E-002 -0.301706250427860       8.211502579729162E-002
 vcm =    4.37102157677032       -37.5672318030367       -16.2300269046291     
 Angular momentum =   0.8248655      2.3230700E-02  0.5648516    
 Disc Radius =    1.062247    
 Disc Gas Thickness =   0.6728918    
 --------------------------------------------
 rcm =  -0.100493858587106      -0.304509906615988       8.210299833867066E-002
 vcm =    4.27479466429714       -37.6813322701781       -16.2980610217443     
 Angular momentum =   0.8246970      2.0356422E-02  0.5652084    
 Disc Radius =    1.062228    
 Disc Gas Thickness =   0.6732244    
 --------------------------------------------
 rcm =  -0.101121946689073      -0.304347492142221       8.215220852653095E-002
 vcm =    4.25427076671872       -37.6780097413815       -16.2974353345421     
 Angular momentum =   0.8241814      1.9386644E-02  0.5659939    
 Disc Radius =    1.061848    
 Disc Gas Thickness =   0.6725487    
 --------------------------------------------
 counter Rdisc =            5
 r,    m(r),    z,    m(z)
  4.9038466E-02   146682.294040114       4.8265819E-02   3094204.70916795     
  9.8076932E-02   465679.890998581       9.6531637E-02   5624155.98568225     
  0.1471154       842406.669935996       0.1447975       7454275.44685599     
  0.1961539       1485962.01862600       0.1930633       9170298.51076709     
  0.2451923       2138829.33699338       0.2413291       10572757.6799127     
  0.2942308       3076136.17812303       0.2895949       11559687.2915247     
  0.3432693       4522590.09229314       0.3378607       12459998.3347589     
  0.3923077       6293346.17630551       0.3861265       13266158.4087460     
  0.4413462       7969559.67447749       0.4343924       14061480.9364564     
  0.4903846       9400063.65037855       0.4826582       14566163.3556446     
  0.5394231       11209450.5164992       0.5309240       15066555.3749813     
  0.5884616       12570441.2220250       0.5791898       15590500.2039331     
  0.6375000       13530912.9711222       0.6274557       15903237.3565585     
  0.6865386       14404305.4551244       0.6757215       16219958.2212977     
  0.7355770       15112069.8649333       0.7239873       16623453.1121528     
  0.7846155       15725314.8933225       0.7722531       16971192.3810730     
  0.8336539       16263008.6666475       0.8205189       17347505.7036004     
  0.8826923       16786498.2320318       0.8687847       17721744.2362655     
  0.9317309       17300821.7993983       0.9170506       18003230.3367638     
  0.9807693       17806551.8781937       0.9653164       18404759.4990142     
   1.029808       18323859.4453716        1.013582       18705614.8060636     
   1.078846       18912407.0052193        1.061848       19058419.8436749     
   1.127885       19538532.3422686        2.123696       19058419.8436749     
   1.176923       20198225.5757594        2.123696       19058419.8436749     
   1.225962       20991707.1113386        2.123696       19058419.8436749     
   1.275000       22011043.9001352        2.123696       19058419.8436749     
 
 
 
 
 a0.140
 ------
 Rhalf_spher =    1.691813    
 
 rcm =  -0.383696757305556       0.220822215618035       0.523386122322624     
 vcm =    26.1969443981946        23.5115866524539        16.5649035285369     
 Angular momentum =  -0.4188423      0.6695649     -0.6133954    
 Disc Radius =    2.003748    
 Disc Gas Thickness =    1.670325    
 --------------------------------------------
 rcm =  -0.256328477412732       3.583657810175755E-002  0.495777628565026     
 vcm =    15.6363312978879        27.9437249616226        14.8744775297736     
 Angular momentum =  -0.4775349      0.4993030     -0.7229501    
 Disc Radius =    2.006192    
 Disc Gas Thickness =    1.724503    
 --------------------------------------------
 rcm =  -0.288286845921175       1.195308249134315E-002  0.459333361863374     
 vcm =    16.0089197368876        28.8187115393256        18.3782022044627     
 Angular momentum =  -0.5870173      0.5026552     -0.6346247    
 Disc Radius =    2.005267    
 Disc Gas Thickness =    1.728042    
 --------------------------------------------
 rcm =  -0.305876077186081       1.489014804279857E-002  0.451235428969161     
 vcm =    16.7082647743588        28.1156053736254        18.9754309981352     
 Angular momentum =  -0.5866494      0.5192047     -0.6215054    
 Disc Radius =    2.005476    
 Disc Gas Thickness =    1.729908    
 --------------------------------------------
 counter Rdisc =            4
 r,    m(r),    z,    m(z)
  4.9709305E-02   2090.81176451660       4.8914056E-02   9558729.87597742     
  9.9418610E-02   20632.7133080440       9.7828113E-02   19179379.4110585     
  0.1491279       44570.9046251997       0.1467422       28690030.2045967     
  0.1988372       75790.3167783854       0.1956562       37870449.1458648     
  0.2485465       101029.246030052       0.2445703       46677805.3697742     
  0.2982558       146837.532669181       0.2934843       54484909.0608809     
  0.3479651       195171.491877660       0.3423984       61166931.4448957     
  0.3976744       296747.919083073       0.3913125       66738036.0722087     
  0.4473838       453303.617672268       0.4402265       71185391.1029265     
  0.4970930       724989.656702581       0.4891405       74740030.8831955     
  0.5468023       1230061.41673224       0.5380546       77789347.5564997     
  0.5965117       2072663.96283053       0.5869687       80515583.1529595     
  0.6462209       3250804.68360018       0.6358827       83128461.0153789     
  0.6959302       4709782.17634336       0.6847968       85653989.6544650     
  0.7456396       6433186.90955530       0.7337108       88194296.9512820     
  0.7953489       8296593.09522487       0.7826249       90770060.4055666     
  0.8450582       10391815.5093643       0.8315390       93311278.9468520     
  0.8947675       12662571.4417570       0.8804530       95757953.9476643     
  0.9444767       15260251.7270346       0.9293671       98094970.1471002     
  0.9941860       18151021.1870008       0.9782811       100295841.263724     
   1.043895       21344812.5483298        1.027195       102257142.007833     
   1.093605       24962204.7802303        1.076109       104071030.374359     
   1.143314       28864942.3989308        1.125023       105823214.758422     
   1.193023       32881877.7460584        1.173937       107515298.214641     
   1.242733       36866210.8497042        1.222851       109263327.098399     
   1.292442       40933471.5366323        1.271765       111038417.866986     
   1.342151       44719792.2702216        1.320679       112901220.711946     
   1.391860       48283882.0624076        1.369594       114895164.731936     
   1.441570       51711046.4396882        1.418508       116986409.857990     
   1.491279       55052768.2004190        1.467422       119238474.996924     
   1.540988       58409792.7564129        1.516336       121668810.138028     
   1.590698       61991152.5176562        1.565250       124309114.201329     
   1.640407       65633814.1264763        1.614164       127183510.832833     
   1.690116       69405199.0486846        1.663078       130318837.403193     
   1.739826       73504754.1061757        1.711992       133741747.688194     
   1.789535       77811932.2564334        1.760906       137438795.114490     
   1.839244       82466724.8228073        1.809820       141412746.038820     
   1.888953       87543348.9930088        1.858734       145619032.057702     
   1.938663       93005389.6751087        1.907648       149990034.206463     
   1.988372       98959046.9101843        1.956562       154455740.060625     
   2.038081       105441294.908078        2.005476       158936774.203755     
   2.087791       112198299.612224        4.010952       158936774.203755     
   2.137500       119013145.532605        4.010952       158936774.203755     
 
 
 
 
 a0.150
 ------
 Rhalf_spher =    1.392351    
 
 rcm =   0.129066802525047       0.207849042627698       0.104087610946177     
 vcm =   -2.67779623795504       -21.0628267069263        3.78367273021904     
 Angular momentum =   0.2579428     -0.8523210     -0.4549884    
 Disc Radius =    1.937800    
 Disc Gas Thickness =    1.361338    
 --------------------------------------------
 rcm =   4.782341848675890E-002  0.150045990861929       0.100528409312780     
 vcm =   -4.27385265070050       -18.4338598518067        3.67638474209013     
 Angular momentum =  -0.4368211     -0.7137200     -0.5475318    
 Disc Radius =    1.908726    
 Disc Gas Thickness =    1.423596    
 --------------------------------------------
 rcm =   5.201757984715531E-002  0.178972694615924       0.113633115310938     
 vcm =   -4.22682627908413       -19.6632116675163        2.34795380440717     
 Angular momentum =  -0.4136769     -0.8959781     -0.1615383    
 Disc Radius =    1.748582    
 Disc Gas Thickness =    1.367037    
 --------------------------------------------
 rcm =   7.373814965963651E-002  0.183568072205100       0.150415943698348     
 vcm =   -3.74440564735161       -18.8211675824575        2.96302137780704     
 Angular momentum =  -7.4897513E-02 -0.9778282     -0.1955564    
 Disc Radius =    1.808823    
 Disc Gas Thickness =    1.404722    
 --------------------------------------------
 rcm =   3.625798390304882E-002  0.121712754831153       0.136864813540143     
 vcm =   -3.66698273783680       -17.3584678682209        3.68055034827979     
 Angular momentum =  -0.2732013     -0.8602228     -0.4305553    
 Disc Radius =    1.920929    
 Disc Gas Thickness =    1.452378    
 --------------------------------------------
 counter Rdisc =            5
 r,    m(r),    z,    m(z)
  4.9500003E-02   2395086.22218794       4.9254600E-02   19512801.3884495     
  9.9000007E-02   10119056.2576838       9.8509200E-02   39300782.8817331     
  0.1485000       19973041.6672050       0.1477638       58239607.4123048     
  0.1980000       30984156.2257245       0.1970184       78154172.8759801     
  0.2475000       44133837.3417629       0.2462730       97723385.1475642     
  0.2970000       57993691.5177323       0.2955276       116993697.401427     
  0.3465000       74948602.5866995       0.3447822       136859151.486832     
  0.3960000       94790821.5107588       0.3940368       157402885.113443     
  0.4455000       116759433.627817       0.4432914       178169221.256134     
  0.4950000       141743526.995328       0.4925460       197744485.029494     
  0.5445001       166506444.861488       0.5418006       215241225.213070     
  0.5940000       187966779.811042       0.5910552       231954932.407638     
  0.6435001       205374500.802356       0.6403098       250041147.711388     
  0.6930000       219330536.493644       0.6895644       270672219.881612     
  0.7425001       230845006.898607       0.7388190       292134893.685412     
  0.7920001       241291569.486846       0.7880736       314486706.718708     
  0.8415000       250743896.624872       0.8373282       337482324.458622     
  0.8910000       260350933.383065       0.8865828       360548323.892026     
  0.9405000       269942442.623065       0.9358374       382653228.486990     
  0.9900001       279094649.610882       0.9850920       403525532.581285     
   1.039500       288052987.395549        1.034347       422204237.943190     
   1.089000       296300759.773416        1.083601       439360277.054622     
   1.138500       304097238.370912        1.132856       455772849.524741     
   1.188000       311382162.880073        1.182110       471648302.744620     
   1.237500       317738644.294172        1.231365       486604064.762986     
   1.287000       323484890.357605        1.280620       501915878.646947     
   1.336500       328639807.551211        1.329874       517083808.697740     
   1.386000       334003297.042276        1.379129       531703146.607780     
   1.435500       338852887.499261        1.428383       544532862.306143     
   1.485000       344198750.930638        1.477638       557298990.075536     
   1.534500       349795612.321365        1.526893       569090054.973247     
   1.584000       356053575.542462        1.576147       580607622.207251     
   1.633500       362964001.529752        1.625402       591980274.429901     
   1.683000       370382374.780252        1.674656       602582121.479733     
   1.732500       378608320.686034        1.723911       612736837.304764     
   1.782000       386731156.044177        1.773166       622317800.768826     
   1.831500       395131928.581812        1.822420       631088217.373488     
   1.881000       403141452.782807        1.871675       639365205.218554     
   1.930500       410645539.178669        1.920929       647963546.583232     
   1.980000       417640727.300554        3.841859       647963546.583232     
   2.029500       424103870.594391        3.841859       647963546.583232     
   2.079000       430708284.418063        3.841859       647963546.583232     
   2.128500       437103406.185328        3.841859       647963546.583232     
   2.178000       443620576.767595        3.841859       647963546.583232     
   2.227500       450095709.637528        3.841859       647963546.583232     
   2.277000       456472753.338071        3.841859       647963546.583232     
   2.326500       462915596.579144        3.841859       647963546.583232     
   2.376000       469276611.186092        3.841859       647963546.583232     
   2.425500       475427074.086037        3.841859       647963546.583232     
   2.475000       481410654.030506        3.841859       647963546.583232     
 
 
 
 
 a0.160
 ------
 Rhalf_spher =    1.445093    
 
 rcm =  -0.110837917139196      -3.308497306038582E-002 -6.262998111025403E-002
 vcm =   -10.8741370064740       -62.5540001026890        36.3196479679422     
 Angular momentum =   0.2383620      0.4058209      0.8823225    
 Disc Radius =    1.816646    
 Disc Gas Thickness =    1.184211    
 --------------------------------------------
 rcm =  -0.128246960325203      -0.115640236984229       3.867172828961608E-002
 vcm =   -9.91428223298290       -59.7299728941208        34.7948884015036     
 Angular momentum =   0.2316857      0.4241933      0.8754323    
 Disc Radius =    1.838383    
 Disc Gas Thickness =    1.196461    
 --------------------------------------------
 counter Rdisc =            2
 r,    m(r),    z,    m(z)
  4.9553573E-02   944474.126898527       4.9686030E-02   20692334.8412836     
  9.9107146E-02   3985991.96771978       9.9372059E-02   40943156.2793857     
  0.1486607       8146559.98214142       0.1490581       60954738.2696160     
  0.1982143       12477222.3356523       0.1987441       78395437.1686281     
  0.2477679       17407508.9063094       0.2484301       94963459.6215833     
  0.2973215       23001325.7603511       0.2981162       109775148.626317     
  0.3468750       28773115.2608131       0.3478022       124385480.709737     
  0.3964286       34529752.9397989       0.3974882       138820524.382336     
  0.4459822       40896570.9847217       0.4471743       153526640.245651     
  0.4955357       48901078.6952494       0.4968603       167822081.110413     
  0.5450893       59556235.1606778       0.5465463       180591964.596065     
  0.5946429       71736138.7746283       0.5962324       192325071.329369     
  0.6441965       84434359.1509872       0.6459184       202807126.415853     
  0.6937500       96687952.2902196       0.6956044       212151685.817005     
  0.7433036       108355372.606571       0.7452905       220581989.507084     
  0.7928572       118254526.670703       0.7949765       229313895.340035     
  0.8424107       127131505.614539       0.8446625       237280662.072647     
  0.8919643       135490080.853536       0.8943486       244456617.425618     
  0.9415179       143824335.843361       0.9440346       251794043.077445     
  0.9910714       152096032.359580       0.9937206       258006752.282172     
   1.040625       160822297.200173        1.043407       263860627.093740     
   1.090179       169301565.302508        1.093093       269174970.542850     
   1.139732       177393820.283277        1.142779       274113856.569529     
   1.189286       184762392.375163        1.192465       278445369.748346     
   1.238839       191318170.537220        1.242151       282533869.379073     
   1.288393       196872555.349433        1.291837       286649867.787613     
   1.337947       202519924.136132        1.341523       290807117.607196     
   1.387500       208251220.208711        1.391209       294627577.441433     
   1.437054       214590460.849427        1.440895       298734665.960203     
   1.486607       221200683.837079        1.490581       302613025.065370     
   1.536161       228420104.707046        1.540267       306230120.115644     
   1.585714       235739095.584349        1.589953       309547673.755931     
   1.635268       242205728.985852        1.639639       313016651.703069     
   1.684821       247343454.364129        1.689325       316426651.223526     
   1.734375       251345966.639500        1.739011       319923360.147746     
   1.783929       255052251.290319        1.788697       324002750.044815     
   1.833482       258468248.669017        1.838383       327974366.382115     
   1.883036       261658549.933951        3.676766       327974366.382115     
   1.932589       264596378.416499        3.676766       327974366.382115     
   1.982143       267784053.162009        3.676766       327974366.382115     
   2.031697       270874617.222688        3.676766       327974366.382115     
   2.081250       273597765.274610        3.676766       327974366.382115     
   2.130804       276176271.269775        3.676766       327974366.382115     
   2.180357       278411805.519538        3.676766       327974366.382115     
   2.229911       280537215.526938        3.676766       327974366.382115     
   2.279464       282886851.304794        3.676766       327974366.382115     
   2.329018       285013227.425745        3.676766       327974366.382115     
   2.378572       286991255.410585        3.676766       327974366.382115     
   2.428125       289036912.367021        3.676766       327974366.382115     
   2.477679       291455183.934015        3.676766       327974366.382115     
   2.527232       293699543.721283        3.676766       327974366.382115     
   2.576786       296019230.678704        3.676766       327974366.382115     
   2.626339       298318646.728341        3.676766       327974366.382115     
   2.675893       300553150.251064        3.676766       327974366.382115     
   2.725446       302565689.647355        3.676766       327974366.382115     
   2.775000       304453915.831024        3.676766       327974366.382115     
 
 
 
 
 a0.170
 ------
 Rhalf_spher =    1.978702    
 
 rcm =  -4.016884442998488E-002 -1.238006175386505E-002 -8.218161459711087E-002
 vcm =    9.17359518998715       -17.4265374554896        20.6376426465385     
 Angular momentum =   0.7552191     -0.4021462      0.5176123    
 Disc Radius =    2.233639    
 Disc Gas Thickness =    1.781207    
 --------------------------------------------
 rcm =  -0.111690901171039      -7.708135767551232E-002  0.133079385090480     
 vcm =    5.80002886338744       -19.8981537265844        20.1535256487624     
 Angular momentum =   0.7723474     -0.5735837      0.2729126    
 Disc Radius =    2.302311    
 Disc Gas Thickness =    1.637844    
 --------------------------------------------
 rcm =  -7.703333124479635E-002 -0.117032482576010       0.175451517490830     
 vcm =    6.13227279020996       -16.9791420824505        20.0314212792303     
 Angular momentum =   0.7776101     -0.5741946      0.2561704    
 Disc Radius =    2.309924    
 Disc Gas Thickness =    1.629694    
 --------------------------------------------
 rcm =  -7.696227906263796E-002 -0.118595267915244       0.175258980616251     
 vcm =    5.95690981229476       -16.9314657858882        19.9247520893043     
 Angular momentum =   0.7875258     -0.5577944      0.2620468    
 Disc Radius =    2.308474    
 Disc Gas Thickness =    1.618568    
 --------------------------------------------
 counter Rdisc =            4
 r,    m(r),    z,    m(z)
  4.9795084E-02   1000565.86712667       4.9116474E-02   15051914.8047261     
  9.9590167E-02   3583288.35278342       9.8232947E-02   30132971.7014328     
  0.1493852       7099329.69150834       0.1473494       44770793.1072790     
  0.1991803       11083160.8964583       0.1964659       58631904.3490945     
  0.2489754       16199439.5882178       0.2455824       71892319.6523233     
  0.2987705       21144268.3433105       0.2946988       84532871.8661176     
  0.3485656       26638774.4965936       0.3438153       96279070.6120981     
  0.3983607       32069634.8901215       0.3929318       107756811.591460     
  0.4481558       36627687.0267745       0.4420483       118879081.812477     
  0.4979509       40596736.5648152       0.4911647       129325466.167037     
  0.5477459       44881817.6878977       0.5402812       139736909.018976     
  0.5975410       48858803.2676962       0.5893977       150380304.945090     
  0.6473361       52415593.8335027       0.6385142       160274240.563769     
  0.6971312       55751855.5959729       0.6876307       169715222.243495     
  0.7469263       58881791.2809871       0.7367471       178736568.241087     
  0.7967213       61756911.5622850       0.7858636       187587709.622144     
  0.8465164       64795869.8004230       0.8349801       195544144.370209     
  0.8963115       67682769.6152137       0.8840965       202883786.822267     
  0.9461066       70707282.1402697       0.9332130       209455194.242374     
  0.9959017       73577729.6262210       0.9823295       216078862.864300     
   1.045697       76886062.1643397        1.031446       221825078.433124     
   1.095492       80943200.0904582        1.080562       226533719.052773     
   1.145287       84867169.5566872        1.129679       231430616.869983     
   1.195082       89133507.2111219        1.178795       236887878.395107     
   1.244877       94019285.4163143        1.227912       242640204.074354     
   1.294672       99092825.2619036        1.277028       248946007.961818     
   1.344467       104241926.459654        1.326145       255360530.352892     
   1.394262       110232572.315139        1.375261       262301596.905328     
   1.444057       116578309.768765        1.424378       269548730.960350     
   1.493853       122407627.982479        1.473494       276542256.934732     
   1.543648       128470633.944635        1.522611       282944608.663196     
   1.593443       134425699.566207        1.571727       289058969.889222     
   1.643238       139857274.048550        1.620844       294153717.499892     
   1.693033       145207269.819437        1.669960       298952200.909049     
   1.742828       149676569.411206        1.719077       303509553.951941     
   1.792623       154464277.171213        1.768193       308048763.911175     
   1.842418       159482951.063013        1.817310       312477154.092488     
   1.892213       164718729.105969        1.866426       316538697.896510     
   1.942008       170329229.427387        1.915542       320217902.423611     
   1.991803       176293744.230394        1.964659       324024488.973008     
   2.041599       183218145.399822        2.013775       327438901.346093     
   2.091393       190568455.955689        2.062892       330834285.162768     
   2.141189       197971021.870418        2.112008       334080669.423857     
   2.190984       204755294.811839        2.161125       337157780.031545     
   2.240779       210971027.752348        2.210241       340082957.136188     
   2.290574       216435513.247751        2.259358       343008105.856045     
   2.340369       221512528.071282        2.308474       345787234.898524     
   2.390164       226312797.965032        4.616949       345787234.898524     
   2.439959       230769223.556851        4.616949       345787234.898524     
   2.489754       234830119.311878        4.616949       345787234.898524     
   2.539549       238434246.736886        4.616949       345787234.898524     
   2.589345       241670257.745230        4.616949       345787234.898524     
   2.639139       244673563.772928        4.616949       345787234.898524     
   2.688935       247061368.863584        4.616949       345787234.898524     
   2.738730       249087065.979721        4.616949       345787234.898524     
   2.788525       250785094.543883        4.616949       345787234.898524     
   2.838320       252256258.952917        4.616949       345787234.898524     
   2.888115       253615242.629126        4.616949       345787234.898524     
   2.937910       254725986.739602        4.616949       345787234.898524     
   2.987705       255757378.938437        4.616949       345787234.898524     
   3.037500       256776030.086330        4.616949       345787234.898524     
 
 
 
 
 a0.180
 ------
 Rhalf_spher =    2.128268    
 
 rcm =   6.402997477129484E-002  0.167603779593175      -3.445005244364619E-003
 vcm =    7.60226018380983       -11.7172595610171        5.54588575183185     
 Angular momentum =   0.8556756     -0.2251406     -0.4659732    
 Disc Radius =    2.910531    
 Disc Gas Thickness =    1.324344    
 --------------------------------------------
 rcm =   9.243954104770925E-002  0.222342427561949      -6.655327912862223E-002
 vcm =    6.14509618285355       -17.6139417193452        13.4493520097298     
 Angular momentum =   0.8272384     -0.4249452     -0.3675571    
 Disc Radius =    2.947221    
 Disc Gas Thickness =    1.528609    
 --------------------------------------------
 rcm =   0.113135029288383       0.191157751951972      -8.599378607559947E-002
 vcm =    5.89323790107487       -16.9712825657951        14.2807637626630     
 Angular momentum =   0.6467921     -0.6695539     -0.3651816    
 Disc Radius =    2.839372    
 Disc Gas Thickness =    1.907135    
 --------------------------------------------
 rcm =   0.163933811523419       0.151055490446705      -6.994577694294289E-002
 vcm =    6.79299619733589       -17.4640102919003        15.7275604326466     
 Angular momentum =   0.5858676     -0.7069532     -0.3962023    
 Disc Radius =    2.800405    
 Disc Gas Thickness =    1.961938    
 --------------------------------------------
 rcm =   0.173207790828859       0.150626576160086      -5.868852675125745E-002
 vcm =    7.02033293311772       -17.4440178649609        15.7114372754644     
 Angular momentum =   0.6189997     -0.6824805     -0.3886640    
 Disc Radius =    2.830332    
 Disc Gas Thickness =    1.941961    
 --------------------------------------------
 counter Rdisc =            5
 r,    m(r),    z,    m(z)
  4.9835529E-02   1225480.80519038       4.9654949E-02   15553529.5494420     
  9.9671058E-02   4509541.72817486       9.9309899E-02   30759561.0412488     
  0.1495066       8628797.94522654       0.1489649       45861322.4469343     
  0.1993421       13074468.0826601       0.1986198       62859792.0071075     
  0.2491776       17936121.3202134       0.2482747       79789302.6629892     
  0.2990132       23559318.3874571       0.2979297       97316507.6630216     
  0.3488487       30529435.4784765       0.3475846       114668112.524195     
  0.3986842       39268949.7087415       0.3972396       131053003.456535     
  0.4485198       47679348.5802626       0.4468945       148689925.376523     
  0.4983553       55517499.0413434       0.4965495       166263371.677166     
  0.5481908       62549206.5898877       0.5462044       183357921.879388     
  0.5980263       68763471.4716390       0.5958594       199810265.745040     
  0.6478619       74060907.5547384       0.6455143       213543386.096892     
  0.6976974       79798345.8084807       0.6951693       225502851.465411     
  0.7475330       85760904.6989345       0.7448242       235725876.596703     
  0.7973685       91943263.8509058       0.7944792       245186629.983680     
  0.8472040       98017984.5463992       0.8441342       254085872.562121     
  0.8970395       104275779.263013       0.8937891       262755567.167911     
  0.9468750       110694411.160994       0.9434440       271019727.579545     
  0.9967105       116672615.238541       0.9930990       279494752.020457     
   1.046546       121578832.853575        1.042754       287774865.470976     
   1.096382       126561087.786641        1.092409       296076819.435805     
   1.146217       131358937.379762        1.142064       303994321.303500     
   1.196053       136354594.347601        1.191719       311581668.086007     
   1.245888       141492572.806408        1.241374       318975693.725526     
   1.295724       147112638.252535        1.291029       326176000.457137     
   1.345559       153306285.101633        1.340684       333363936.324979     
   1.395395       159635033.128256        1.390339       340285110.854261     
   1.445230       166595348.384518        1.439994       347416567.626276     
   1.495066       173107518.417872        1.489648       354426224.540897     
   1.544901       179673825.954043        1.539303       361546712.273525     
   1.594737       185857200.434057        1.588958       368522001.191316     
   1.644572       191703877.542096        1.638613       375563502.631363     
   1.694408       197017126.237872        1.688268       382498303.519363     
   1.744243       202092977.895207        1.737923       389130143.077836     
   1.794079       206293229.184946        1.787578       395661747.645875     
   1.843915       210661637.304502        1.837233       401724689.094531     
   1.893750       214697372.474926        1.886888       407330777.142128     
   1.943586       218873198.566934        1.936543       412755989.776074     
   1.993421       222463335.976939        1.986198       417858462.419075     
   2.043257       226070405.743455        2.035853       422871278.805112     
   2.093092       229748048.139872        2.085508       427781767.245042     
   2.142928       233399039.957779        2.135163       432632314.863024     
   2.192763       237340348.651470        2.184818       437419123.330862     
   2.242599       241466479.464931        2.234473       442207528.994466     
   2.292434       245618431.903674        2.284127       446974605.913265     
   2.342270       249953051.202737        2.333782       451559812.700766     
   2.392105       254077351.500476        2.383438       456031694.386222     
   2.441941       258026629.654031        2.433092       460323559.123900     
   2.491776       261556147.824798        2.482747       464458794.488583     
   2.541612       264843309.139410        2.532403       468354610.573768     
   2.591448       267735565.988009        2.582057       472109926.195913     
   2.641283       270806579.607660        2.631712       475545424.781940     
   2.691118       273605612.945425        2.681367       478710015.175080     
   2.740954       276330639.888108        2.731022       481586985.210415     
   2.790790       278820709.475308        2.780677       484096043.729337     
   2.840625       281339720.526083        2.830332       486254119.140872     
   2.890460       284206464.364137        5.660665       486254119.140872     
   2.940296       287072805.448043        5.660665       486254119.140872     
   2.990132       289894716.662696        5.660665       486254119.140872     
   3.039967       292714605.720522        5.660665       486254119.140872     
   3.089803       295609559.738632        5.660665       486254119.140872     
   3.139638       298749213.762383        5.660665       486254119.140872     
   3.189474       301698939.483297        5.660665       486254119.140872     
   3.239309       304777571.975844        5.660665       486254119.140872     
   3.289145       307775514.779781        5.660665       486254119.140872     
   3.338980       310406983.565464        5.660665       486254119.140872     
   3.388816       313029313.088086        5.660665       486254119.140872     
   3.438652       315593568.222150        5.660665       486254119.140872     
   3.488487       317949998.847215        5.660665       486254119.140872     
   3.538322       320286148.457675        5.660665       486254119.140872     
   3.588158       322439282.860715        5.660665       486254119.140872     
   3.637994       324455374.071070        5.660665       486254119.140872     
   3.687829       326387014.362355        5.660665       486254119.140872     
   3.737664       328395744.200339        5.660665       486254119.140872     
   3.787500       330377927.997432        5.660665       486254119.140872     
 
 
 
 
 a0.190
 ------
 Rhalf_spher =    2.248017    
 
 rcm =  -0.283014371073488      -0.409899118723822       0.177454166579328     
 vcm =    24.2505694620052       -42.7891696982591       -18.1464246003748     
 Angular momentum =   0.2416805     -0.2053673      0.9483748    
 Disc Radius =    2.961548    
 Disc Gas Thickness =    1.840828    
 --------------------------------------------
 rcm =  -0.446639386181975      -0.479612604818542       0.281323120604888     
 vcm =    23.5379836469743       -58.7650273362232       -17.2125560031923     
 Angular momentum =   0.3082494     -0.1504477      0.9393337    
 Disc Radius =    3.034432    
 Disc Gas Thickness =    1.766549    
 --------------------------------------------
 rcm =  -0.456376589961262      -0.504269766572660       0.283469226728118     
 vcm =    24.0116484134935       -59.6654604599269       -16.7604081070259     
 Angular momentum =   0.3033640     -0.1347906      0.9432930    
 Disc Radius =    3.042291    
 Disc Gas Thickness =    1.768435    
 --------------------------------------------
 rcm =  -0.460650858528806      -0.506873692833494       0.283988837386097     
 vcm =    24.0996877892005       -59.8376791004535       -16.6679200309534     
 Angular momentum =   0.3026823     -0.1319157      0.9439183    
 Disc Radius =    3.043633    
 Disc Gas Thickness =    1.768501    
 --------------------------------------------
 counter Rdisc =            4
 r,    m(r),    z,    m(z)
  4.9568966E-02   1549213.87369789       4.9895629E-02   44758429.4708230     
  9.9137932E-02   5539832.03978576       9.9791259E-02   87384523.4815793     
  0.1487069       12033737.3444706       0.1496869       125153958.416961     
  0.1982759       18617212.1226720       0.1995825       157435391.077855     
  0.2478448       25195948.3768002       0.2494781       185206789.098811     
  0.2974138       32093477.2645828       0.2993738       209738438.531762     
  0.3469827       38179868.7989667       0.3492694       231795996.127527     
  0.3965517       44285114.5797007       0.3991650       251414931.250064     
  0.4461207       49162033.7427581       0.4490606       269193040.378670     
  0.4956897       53969253.0032443       0.4989563       286315805.328049     
  0.5452586       58374112.2804692       0.5488520       302570618.318082     
  0.5948276       63500927.6048569       0.5987476       318678405.244555     
  0.6443965       70685005.7142702       0.6486432       333681144.392519     
  0.6939655       79676391.9301850       0.6985388       347972266.369104     
  0.7435345       89747989.9918591       0.7484345       361178228.329200     
  0.7931035       100298115.887792       0.7983301       373243371.650001     
  0.8426724       111412604.223148       0.8482257       384415331.600801     
  0.8922414       123063927.355402       0.8981213       394808281.833072     
  0.9418104       134722463.321800       0.9480170       404462253.858617     
  0.9913793       146509879.677629       0.9979126       413286746.808224     
   1.040948       157112779.251958        1.047808       420744938.255982     
   1.090517       166459034.469342        1.097704       427351737.831489     
   1.140086       174927952.097672        1.147599       433386287.497541     
   1.189655       182669037.452007        1.197495       438878002.886018     
   1.239224       190421766.363695        1.247391       444159613.040820     
   1.288793       197938961.665803        1.297286       449124504.077640     
   1.338362       205359703.350525        1.347182       454014734.984142     
   1.387931       212324777.298959        1.397078       458689377.280567     
   1.437500       218943716.796407        1.446973       463515777.386533     
   1.487069       225294590.907730        1.496869       468448164.018570     
   1.536638       231213733.526826        1.546765       473374307.141483     
   1.586207       236799223.131238        1.596660       478652968.336904     
   1.635776       242300410.389358        1.646556       483781998.923257     
   1.685345       247633054.985953        1.696451       488837425.142140     
   1.734914       253218547.694379        1.746347       493738413.712252     
   1.784483       259028737.138886        1.796243       498622539.551165     
   1.834052       265277952.736965        1.846138       503728262.464347     
   1.883621       272242759.439943        1.896034       508776889.342723     
   1.933190       280026320.455727        1.945930       513652980.612453     
   1.982759       288227767.274101        1.995825       518371792.105599     
   2.032328       296951421.381428        2.045721       523083867.930095     
   2.081897       305542193.039502        2.095616       527379735.842995     
   2.131465       313763307.226385        2.145512       531375086.734074     
   2.181035       321455154.818282        2.195408       534994178.423390     
   2.230603       328440333.972438        2.245303       538349054.764122     
   2.280172       334778589.258449        2.295199       541639719.340316     
   2.329741       340587988.705272        2.345094       544950523.325574     
   2.379310       346064555.137189        2.394990       548327791.981389     
   2.428879       351214494.493835        2.444886       551860514.491983     
   2.478448       356265993.793115        2.494781       555438226.935749     
   2.528017       361247012.475715        2.544677       558852941.143677     
   2.577586       366124033.771398        2.594573       562136255.935249     
   2.627155       371157478.966010        2.644469       565374301.688416     
   2.676724       376242600.815479        2.694364       568330873.536062     
   2.726293       381365160.309064        2.744260       571027940.177958     
   2.775862       386416965.201382        2.794155       573544561.660845     
   2.825431       391455526.340841        2.844051       575875736.721975     
   2.875000       396423846.591900        2.893947       577931789.731905     
   2.924569       401389675.427857        2.943842       579875103.347723     
   2.974138       406477538.017929        2.993738       581653681.132574     
   3.023707       411563356.138186        3.043633       583432982.464722     
   3.073276       416763150.226672        6.087267       583432982.464722     
   3.122845       421951252.225035        6.087267       583432982.464722     
   3.172414       427015108.481989        6.087267       583432982.464722     
   3.221983       431839555.954574        6.087267       583432982.464722     
   3.271552       436221535.079214        6.087267       583432982.464722     
   3.321121       440205931.760864        6.087267       583432982.464722     
   3.370690       443765961.299589        6.087267       583432982.464722     
   3.420259       446930735.056718        6.087267       583432982.464722     
   3.469828       449770642.342880        6.087267       583432982.464722     
   3.519397       452268392.749215        6.087267       583432982.464722     
   3.568965       454482117.938385        6.087267       583432982.464722     
   3.618535       456475513.308051        6.087267       583432982.464722     
   3.668103       458612242.920052        6.087267       583432982.464722     
   3.717672       460573402.799109        6.087267       583432982.464722     
   3.767241       462514305.789941        6.087267       583432982.464722     
   3.816810       464427976.506896        6.087267       583432982.464722     
   3.866379       466483457.045898        6.087267       583432982.464722     
   3.915948       468456270.408741        6.087267       583432982.464722     
   3.965517       470485132.549657        6.087267       583432982.464722     
   4.015086       472642267.181232        6.087267       583432982.464722     
   4.064655       474663678.253012        6.087267       583432982.464722     
   4.114224       476740807.393373        6.087267       583432982.464722     
   4.163793       478949453.098739        6.087267       583432982.464722     
   4.213362       481337848.355789        6.087267       583432982.464722     
   4.262931       483910476.686322        6.087267       583432982.464722     
   4.312500       486654096.685149        6.087267       583432982.464722     
 
 
 
 
 a0.200
 ------
 Rhalf_spher =    2.390900    
 
 rcm =  -4.587504901761769E-003 -0.343127525156391       0.138976658928535     
 vcm =    11.0488496487486        19.6724517180366        36.5673688616831     
 Angular momentum =  -0.4038330     -0.8834482      0.2375671    
 Disc Radius =    2.318207    
 Disc Gas Thickness =    1.765885    
 --------------------------------------------
 rcm =  -1.403690848848191E-002 -0.337901161770803       0.168466060614093     
 vcm =    8.83475099050084        20.2324709468678        34.1778804158932     
 Angular momentum =  -0.3556435     -0.9135479      0.1973521    
 Disc Radius =    2.398117    
 Disc Gas Thickness =    1.831129    
 --------------------------------------------
 rcm =  -4.070301788541225E-002 -0.337018844917518       0.189592780310604     
 vcm =    9.20228709250243        20.7697192919061        33.0821410529655     
 Angular momentum =  -0.3520088     -0.9171344      0.1869607    
 Disc Radius =    2.427097    
 Disc Gas Thickness =    1.864052    
 --------------------------------------------
 rcm =  -4.687389722778897E-002 -0.338196420627191       0.195134677046035     
 vcm =    9.22022977716971        20.9176614616299        32.9598473844313     
 Angular momentum =  -0.3556907     -0.9163259      0.1839320    
 Disc Radius =    2.432692    
 Disc Gas Thickness =    1.873115    
 --------------------------------------------
 counter Rdisc =            4
 r,    m(r),    z,    m(z)
  5.0000001E-02   2958148.04093225       4.9646765E-02   28243488.5887114     
  0.1000000       9449869.00551175       9.9293530E-02   55814653.9867063     
  0.1500000       18177688.9188272       0.1489403       82665810.2711585     
  0.2000000       27534985.4691844       0.1985871       110004025.087592     
  0.2500000       37174595.4999379       0.2482338       136109059.633291     
  0.3000000       47153047.0438483       0.2978806       162098703.568539     
  0.3500000       58553380.7304652       0.3475274       187303077.717260     
  0.4000000       71802978.0140511       0.3971741       212809214.709454     
  0.4500000       85393122.8025068       0.4468209       239066259.012805     
  0.5000000       97631948.1107215       0.4964677       264915655.283155     
  0.5500000       109306475.494208       0.5461144       290727759.425306     
  0.6000000       121302983.204310       0.5957612       316117708.838095     
  0.6500000       134066886.409839       0.6454080       342256946.041027     
  0.7000000       147457712.712075       0.6950547       368858909.404012     
  0.7500000       160437479.634692       0.7447014       394533155.495270     
  0.8000000       173447620.766340       0.7943482       417841759.399721     
  0.8500000       188289715.792853       0.8439951       440123128.539029     
  0.9000000       204992268.090551       0.8936418       460461565.227523     
  0.9500000       223103770.299262       0.9432885       479325238.729513     
   1.000000       240722023.733596       0.9929354       497449559.530216     
   1.050000       257355859.181623        1.042582       514963282.014399     
   1.100000       272685675.028602        1.092229       531890478.959847     
   1.150000       286608013.626903        1.141876       548921352.955336     
   1.200000       299614805.746920        1.191522       565310240.999717     
   1.250000       312198595.036577        1.241169       581493915.437277     
   1.300000       324848387.783041        1.290816       597810679.883143     
   1.350000       337579937.989521        1.340463       613244128.806328     
   1.400000       350535504.813264        1.390109       628011946.141281     
   1.450000       363954449.032962        1.439756       642566148.656954     
   1.500000       376459868.980155        1.489403       656188970.962875     
   1.550000       388565567.895369        1.539050       669380709.614934     
   1.600000       399095375.809426        1.588696       681838958.892318     
   1.650000       408743393.912267        1.638343       693945579.800947     
   1.700000       417248223.589456        1.687990       705479534.434129     
   1.750000       424823271.330687        1.737637       716535143.734016     
   1.800000       432150960.185668        1.787284       727177825.774456     
   1.850000       439310998.190555        1.836930       737825577.685409     
   1.900000       446436516.743857        1.886577       748839807.088707     
   1.950000       453490311.027802        1.936224       759709533.112759     
   2.000000       460532767.488901        1.985871       770923165.263103     
   2.050000       467215429.585279        2.035517       782196244.228100     
   2.100000       473058014.605024        2.085164       793345010.991255     
   2.150000       478260779.718420        2.134811       804714437.687786     
   2.200000       483011213.167541        2.184458       815656923.269037     
   2.250000       486778795.362029        2.234105       827058614.746736     
   2.300000       490458137.676499        2.283751       838937555.494338     
   2.350000       494292409.163372        2.333398       851230908.195500     
   2.400000       497801850.103586        2.383045       864290964.511362     
   2.450000       501133563.221305        2.432692       877489485.562224     
   2.500000       504600791.031519        4.865383       877489485.562224     
   2.550000       508066043.129735        4.865383       877489485.562224     
   2.600000       511748500.165664        4.865383       877489485.562224     
   2.650000       515366818.315015        4.865383       877489485.562224     
   2.700000       518625543.438494        4.865383       877489485.562224     
   2.750000       521670976.043916        4.865383       877489485.562224     
   2.800000       524614575.961882        4.865383       877489485.562224     
   2.850000       527479229.047174        4.865383       877489485.562224     
   2.900000       530314839.466588        4.865383       877489485.562224     
   2.950000       533033135.751242        4.865383       877489485.562224     
   3.000000       535648139.496236        4.865383       877489485.562224     
   3.050000       538334837.196677        4.865383       877489485.562224     
   3.100000       540823176.808225        4.865383       877489485.562224     
   3.150000       543157394.148796        4.865383       877489485.562224     
   3.200000       545461520.309267        4.865383       877489485.562224     
   3.250000       547669440.249789        4.865383       877489485.562224     
   3.300000       549899457.409279        4.865383       877489485.562224     
   3.350000       551985876.903252        4.865383       877489485.562224     
   3.400000       554157999.959659        4.865383       877489485.562224     
   3.450000       556259562.085293        4.865383       877489485.562224     
   3.500000       558430694.182267        4.865383       877489485.562224     
   3.550000       560242679.680240        4.865383       877489485.562224     
   3.600000       561944819.722634        4.865383       877489485.562224     
   3.650000       563588821.578125        4.865383       877489485.562224     
   3.700000       565136839.663682        4.865383       877489485.562224     
   3.750000       566717839.584082        4.865383       877489485.562224     
   3.800000       568134670.436347        4.865383       877489485.562224     
   3.850000       569558081.997272        4.865383       877489485.562224     
   3.900000       570962492.674600        4.865383       877489485.562224     
   3.950000       572360934.776223        4.865383       877489485.562224     
   4.000000       573721506.496799        4.865383       877489485.562224     
   4.050000       575074600.730853        4.865383       877489485.562224     
   4.100000       576340914.456279        4.865383       877489485.562224     
   4.150000       577589367.190755        4.865383       877489485.562224     
   4.200000       578807008.833159        4.865383       877489485.562224     
   4.250000       579998675.949343        4.865383       877489485.562224     
   4.300000       581177718.897159        4.865383       877489485.562224     
   4.350000       582285965.888293        4.865383       877489485.562224     
   4.400000       583350275.507111        4.865383       877489485.562224     
   4.450000       584402487.234027        4.865383       877489485.562224     
   4.500000       585399768.664935        4.865383       877489485.562224     
   4.550000       586391248.377573        4.865383       877489485.562224     
   4.600000       587319062.196154        4.865383       877489485.562224     
   4.650000       588218216.294646        4.865383       877489485.562224     
 
 
 
 
 a0.210
 ------
 Rhalf_spher =    2.419481    
 
 rcm =  -8.520327057346581E-002  0.128452288366939       5.338312284199272E-002
 vcm =    18.2722462323669       -18.1897671452742       -4.30993165178535     
 Angular momentum =  -0.6222838     -0.7827646     -6.5222513E-03
 Disc Radius =    3.456198    
 Disc Gas Thickness =    1.370209    
 --------------------------------------------
 rcm =  -9.933247978091787E-002  0.123054723067914      -0.389701548347779     
 vcm =    25.4830747742636       -25.6976191287747       -2.10636965668131     
 Angular momentum =  -0.6428373     -0.7647015      4.4629198E-02
 Disc Radius =    3.473875    
 Disc Gas Thickness =    1.387583    
 --------------------------------------------
 rcm =  -0.111108371080570       0.126481013131495      -0.402298246390438     
 vcm =    25.6444145037171       -26.0431836000334       -2.45628475422847     
 Angular momentum =  -0.6472191     -0.7606933      4.9529120E-02
 Disc Radius =    3.476887    
 Disc Gas Thickness =    1.387534    
 --------------------------------------------
 rcm =  -0.110215162765762       0.126562478773541      -0.402343563591294     
 vcm =    25.6625203024888       -26.0761242907795       -2.50674546575951     
 Angular momentum =  -0.6481875     -0.7598575      4.9693979E-02
 Disc Radius =    3.477649    
 Disc Gas Thickness =    1.387234    
 --------------------------------------------
 counter Rdisc =            4
 r,    m(r),    z,    m(z)
  4.9759619E-02   5985399.86777061       4.9680706E-02   69290287.5034318     
  9.9519238E-02   21596403.9867630       9.9361412E-02   134709772.411985     
  0.1492788       38426584.9499901       0.1490421       192932616.034802     
  0.1990385       53802927.7801897       0.1987228       245672865.478335     
  0.2487981       68145811.1264172       0.2484035       295284448.045264     
  0.2985577       81983805.4693668       0.2980842       340290468.729027     
  0.3483173       94494642.8034114       0.3477649       381765253.233823     
  0.3980770       108938624.278913       0.3974456       417781178.039976     
  0.4478365       123372454.031084       0.4471264       449046927.473471     
  0.4975961       136957150.066825       0.4968070       475215446.949482     
  0.5473558       149722298.125205       0.5464877       496777806.597838     
  0.5971154       162184743.159356       0.5961685       514641823.953913     
  0.6468750       174126069.243814       0.6458492       530056813.960951     
  0.6966347       184674586.982598       0.6955299       543603925.794552     
  0.7463942       195345390.314403       0.7452106       556061369.534859     
  0.7961539       206402589.687842       0.7948913       567907756.038295     
  0.8459135       217315860.786740       0.8445720       579090389.182213     
  0.8956731       227982542.489742       0.8942527       588491846.655397     
  0.9454327       238880841.827898       0.9439334       598309210.888443     
  0.9951923       249991875.177700       0.9936141       607658389.737501     
   1.044952       262014768.144689        1.043295       616716560.817119     
   1.094712       273723823.173040        1.092975       626244644.836920     
   1.144471       286365664.765381        1.142656       634952952.939743     
   1.194231       298438185.489969        1.192337       643082047.461212     
   1.243990       310390183.566326        1.242018       650434883.648589     
   1.293750       321055215.026722        1.291698       658185871.700175     
   1.343510       330083025.559387        1.341379       665199860.946709     
   1.393269       338829224.429898        1.391060       672160077.014822     
   1.443029       347406663.727491        1.440741       678290401.727288     
   1.492788       356208993.312124        1.490421       684333463.611842     
   1.542548       364665466.130958        1.540102       689721054.642199     
   1.592308       372983403.453846        1.589783       695131726.592194     
   1.642067       380148218.553153        1.639463       700556555.180721     
   1.691827       387250241.911974        1.689144       705875061.589378     
   1.741587       394109158.304025        1.738825       710789976.289295     
   1.791346       400473406.841027        1.788505       716040683.185051     
   1.841106       406816332.977449        1.838186       721037486.620912     
   1.890865       412911826.149179        1.887867       725645755.793638     
   1.940625       418647158.040617        1.937548       730110765.752174     
   1.990385       424561640.130529        1.987228       734340653.316452     
   2.040144       430295598.608565        2.036909       738564393.341211     
   2.089904       435943117.466529        2.086590       742699317.380115     
   2.139663       441224459.797998        2.136270       746558490.410244     
   2.189423       445884889.581237        2.185951       750238333.517197     
   2.239183       450328580.815930        2.235632       753598866.875488     
   2.288942       454522686.008186        2.285313       756848151.811688     
   2.338702       458223802.474447        2.334993       759739148.627486     
   2.388462       462094902.979151        2.384674       762269713.171908     
   2.438221       466531872.621011        2.434355       764607221.353859     
   2.487981       471477554.935639        2.484035       766614916.869113     
   2.537740       477688571.462140        2.533716       768551840.455544     
   2.587500       484226249.345569        2.583397       770227774.931898     
   2.637260       491022609.488799        2.633077       771647590.715896     
   2.687019       496904231.065892        2.682758       772980327.319510     
   2.736779       502548270.546175        2.732439       774298042.979874     
   2.786539       507934396.565855        2.782120       775541993.322114     
   2.836298       513384494.667217        2.831800       776653399.926886     
   2.886058       519564378.105237        2.881481       777758157.085586     
   2.935817       526144145.083550        2.931162       778788734.284373     
   2.985577       532671232.503437        2.980842       779699620.563156     
   3.035337       539358399.502918        3.030523       780594759.034483     
   3.085096       546117788.791833        3.080204       781476920.095733     
   3.134856       552998355.688766        3.129884       782395930.241212     
   3.184616       560534631.813815        3.179565       783493622.330963     
   3.234375       568027001.189285        3.229246       784551618.745889     
   3.284135       576070968.584645        3.278927       785618790.141461     
   3.333894       584367118.905181        3.328607       786811141.342577     
   3.383654       592942298.228736        3.378288       787917832.823753     
   3.433414       601624262.511158        3.427969       789027091.087321     
   3.483173       609876285.285942        3.477649       790153603.295351     
   3.532933       617495376.078678        6.955299       790153603.295351     
   3.582692       624376366.977785        6.955299       790153603.295351     
   3.632452       630580324.880984        6.955299       790153603.295351     
   3.682212       636341086.908584        6.955299       790153603.295351     
   3.731971       642025447.872855        6.955299       790153603.295351     
   3.781731       646980705.770179        6.955299       790153603.295351     
   3.831491       651406180.043726        6.955299       790153603.295351     
   3.881250       655512829.064884        6.955299       790153603.295351     
   3.931010       659377577.912871        6.955299       790153603.295351     
   3.980769       662903076.554915        6.955299       790153603.295351     
   4.030529       666132100.822247        6.955299       790153603.295351     
   4.080288       669336026.357579        6.955299       790153603.295351     
   4.130048       672289724.508433        6.955299       790153603.295351     
   4.179808       675238205.437429        6.955299       790153603.295351     
   4.229568       678057093.824333        6.955299       790153603.295351     
   4.279327       680890246.157177        6.955299       790153603.295351     
   4.329087       683663216.278029        6.955299       790153603.295351     
   4.378846       686322960.100942        6.955299       790153603.295351     
   4.428606       688840843.806005        6.955299       790153603.295351     
   4.478366       691170003.707685        6.955299       790153603.295351     
   4.528125       693532931.661355        6.955299       790153603.295351     
   4.577885       695780108.943025        6.955299       790153603.295351     
   4.627645       697993842.959134        6.955299       790153603.295351     
   4.677404       700138230.169829        6.955299       790153603.295351     
   4.727164       702178923.460332        6.955299       790153603.295351     
   4.776923       704030496.610976        6.955299       790153603.295351     
   4.826683       705953409.807498        6.955299       790153603.295351     
   4.876442       707803433.883303        6.955299       790153603.295351     
   4.926202       709417360.804604        6.955299       790153603.295351     
   4.975962       710974205.361357        6.955299       790153603.295351     
   5.025722       712428896.025601        6.955299       790153603.295351     
   5.075481       713782283.939358        6.955299       790153603.295351     
   5.125241       715112714.182186        6.955299       790153603.295351     
   5.175000       716424162.818320        6.955299       790153603.295351     
 
 
 
 
 a0.220
 ------
 Rhalf_spher =    2.835010    
 
 rcm =  -0.120862666522155       0.153214487817893       0.123401252175669     
 vcm =    23.1141051398144       -26.9207343821695       -31.0389272852993     
 Angular momentum =  -0.9406906     -0.3302761     -7.7581294E-02
 Disc Radius =    3.680522    
 Disc Gas Thickness =    1.626492    
 --------------------------------------------
 rcm =  -0.146203467467777       0.193352404856298       0.151523379937716     
 vcm =    25.8074498783487       -33.1893633838909       -33.3321503825913     
 Angular momentum =  -0.9229565     -0.3817534     -4.9148370E-02
 Disc Radius =    3.600744    
 Disc Gas Thickness =    1.651881    
 --------------------------------------------
 rcm =  -0.159725725969810       0.172290471833413       0.137444666771257     
 vcm =    26.3411471058595       -33.5600582759495       -31.9796641748494     
 Angular momentum =  -0.9148622     -0.4016278     -4.1500106E-02
 Disc Radius =    3.585696    
 Disc Gas Thickness =    1.668186    
 --------------------------------------------
 rcm =  -0.165437110263506       0.168236311606230       0.133747270797177     
 vcm =    26.4856236567342       -33.8083359205939       -31.5817582897494     
 Angular momentum =  -0.9118471     -0.4087896     -3.7762515E-02
 Disc Radius =    3.582588    
 Disc Gas Thickness =    1.673947    
 --------------------------------------------
 rcm =  -0.167268529908550       0.167202637517026       0.131655419267768     
 vcm =    26.5636037968172       -33.9009349366219       -31.4830658583839     
 Angular momentum =  -0.9111403     -0.4104827     -3.6431398E-02
 Disc Radius =    3.581509    
 Disc Gas Thickness =    1.675006    
 --------------------------------------------
 counter Rdisc =            5
 r,    m(r),    z,    m(z)
  5.0000001E-02   1589072.45636622       4.9743176E-02   44622259.2400878     
  0.1000000       5542923.48047605       9.9486351E-02   91486392.5688353     
  0.1500000       11106894.5208669       0.1492295       139076401.210830     
  0.2000000       17192250.8033289       0.1989727       184627130.842968     
  0.2500000       24689394.5868301       0.2487159       228400661.097497     
  0.3000000       32929498.1071628       0.2984591       269824009.616824     
  0.3500000       41486680.3463345       0.3482022       309595467.384211     
  0.4000000       50740932.8161546       0.3979454       346578804.774789     
  0.4500000       59384918.7079444       0.4476886       380625368.433015     
  0.5000000       67266797.6241964       0.4974318       413695512.394051     
  0.5500000       75705404.3722089       0.5471749       446220938.380971     
  0.6000001       84873091.4249435       0.5969181       477727331.043261     
  0.6500000       95813594.3556159       0.6466613       508373855.503497     
  0.7000000       109874787.081852       0.6964045       537777701.101358     
  0.7500000       125960245.094137       0.7461476       565925216.372026     
  0.8000000       141381773.371156       0.7958908       591732682.758481     
  0.8500001       155579208.010233       0.8456340       615373582.600980     
  0.9000000       167717130.592843       0.8953772       636402694.567708     
  0.9500000       178952275.539540       0.9451203       655494181.832914     
   1.000000       189831530.008309       0.9948635       673162470.740326     
   1.050000       200899944.080119        1.044607       690703152.252203     
   1.100000       212215754.779927        1.094350       707431772.455104     
   1.150000       223342449.346120        1.144093       724264667.067450     
   1.200000       233675861.157672        1.193836       740684862.613370     
   1.250000       243249777.924111        1.243579       756396302.616444     
   1.300000       252528083.642606        1.293323       771634938.765175     
   1.350000       260209185.533786        1.343066       786463071.177820     
   1.400000       267714163.287773        1.392809       800713755.474875     
   1.450000       275356407.955291        1.442552       814166763.039258     
   1.500000       283208060.735400        1.492295       826430912.830953     
   1.550000       291032352.924887        1.542038       837712633.401390     
   1.600000       298681752.554362        1.591782       848034381.639199     
   1.650000       305728597.507925        1.641525       857772807.271067     
   1.700000       312921442.493745        1.691268       867253271.179406     
   1.750000       319520692.240001        1.741011       876294570.459118     
   1.800000       325794040.191060        1.790754       884857893.199682     
   1.850000       331869746.977330        1.840497       893108981.399049     
   1.900000       338056843.986379        1.890241       900602581.779583     
   1.950000       344726821.879234        1.939984       907597895.274759     
   2.000000       351556629.378054        1.989727       914083168.518360     
   2.050000       358937283.757761        2.039470       920340345.076494     
   2.100000       367163719.417892        2.089213       926372421.599760     
   2.150000       376363576.891018        2.138957       932001564.058378     
   2.200000       386384206.342994        2.188700       937493026.109426     
   2.250000       397990886.791118        2.238443       942714843.895564     
   2.300000       410716483.582262        2.288186       948067444.745804     
   2.350000       424568078.412643        2.337929       953371147.674905     
   2.400000       439017822.493154        2.387672       958598173.018891     
   2.450000       454142009.608750        2.437416       963726539.984753     
   2.500000       468487635.602200        2.487159       968666732.818881     
   2.550000       481810921.684222        2.536902       973419603.546813     
   2.600000       494318138.186322        2.586645       978159070.132248     
   2.650000       505860490.253934        2.636388       982540806.109585     
   2.700000       517259889.428733        2.686131       986945585.144704     
   2.750000       528342288.223394        2.735875       990862781.836666     
   2.800000       538850771.563753        2.785618       994158638.244720     
   2.850000       549226968.610721        2.835361       996877398.515516     
   2.900000       559519790.090229        2.885104       999055962.886739     
   2.950000       569655160.175386        2.934847       1000976577.83329     
   3.000000       580071791.915083        2.984591       1002692091.46889     
   3.050000       590390542.743651        3.034334       1004247052.06537     
   3.100000       600604096.314966        3.084077       1005648683.09227     
   3.150000       610624607.821722        3.133820       1006916485.61959     
   3.200000       620027887.702176        3.183563       1008104874.57208     
   3.250000       629022977.361777        3.233306       1009240169.94352     
   3.300000       637474071.159472        3.283050       1010369172.25249     
   3.350000       645283080.226438        3.332793       1011459615.88217     
   3.400000       652743669.083444        3.382536       1012587878.98149     
   3.450000       659542837.756841        3.432279       1013653738.88917     
   3.500000       665817972.295237        3.482022       1014700559.27371     
   3.550000       671590990.668283        3.531765       1015719406.53880     
   3.600000       676844393.712158        3.581509       1016674699.06010     
   3.650000       681495258.151435        7.163017       1016674699.06010     
   3.700000       685859009.788076        7.163017       1016674699.06010     
   3.750000       689637079.244240        7.163017       1016674699.06010     
   3.800000       693096158.483506        7.163017       1016674699.06010     
   3.850000       696356833.362311        7.163017       1016674699.06010     
   3.900000       699412989.845210        7.163017       1016674699.06010     
   3.950000       702028150.049045        7.163017       1016674699.06010     
   4.000000       704690053.295130        7.163017       1016674699.06010     
   4.050000       707470251.021748        7.163017       1016674699.06010     
   4.100000       710193092.971755        7.163017       1016674699.06010     
   4.150000       712871029.954379        7.163017       1016674699.06010     
   4.200000       715606846.756412        7.163017       1016674699.06010     
   4.250000       718237635.348262        7.163017       1016674699.06010     
   4.300000       720785749.103199        7.163017       1016674699.06010     
   4.350000       723459036.430305        7.163017       1016674699.06010     
   4.400000       726326756.905271        7.163017       1016674699.06010     
   4.450000       729402246.946211        7.163017       1016674699.06010     
   4.500000       732667719.603197        7.163017       1016674699.06010     
   4.550000       736215569.030021        7.163017       1016674699.06010     
   4.600000       739656655.773004        7.163017       1016674699.06010     
   4.650000       742855734.112985        7.163017       1016674699.06010     
   4.700000       745955007.280371        7.163017       1016674699.06010     
   4.750000       749106165.836745        7.163017       1016674699.06010     
   4.800001       752266722.174392        7.163017       1016674699.06010     
   4.850000       755547627.156121        7.163017       1016674699.06010     
   4.900000       758882349.577594        7.163017       1016674699.06010     
   4.950000       762105985.600256        7.163017       1016674699.06010     
   5.000000       765138779.854656        7.163017       1016674699.06010     
   5.050001       768031781.038065        7.163017       1016674699.06010     
   5.100000       770902146.458786        7.163017       1016674699.06010     
   5.150000       773565042.590822        7.163017       1016674699.06010     
   5.200000       776169617.132918        7.163017       1016674699.06010     
   5.250000       778742140.989574        7.163017       1016674699.06010     
   5.300001       781196235.533013        7.163017       1016674699.06010     
   5.350000       783697856.487836        7.163017       1016674699.06010     
   5.400000       786285096.159966        7.163017       1016674699.06010     
   5.450000       788832461.438468        7.163017       1016674699.06010     
   5.500000       791445413.163304        7.163017       1016674699.06010     
   5.550001       794006265.973173        7.163017       1016674699.06010     
 
 
 
 
 a0.230
 ------
 Rhalf_spher =    4.033976    
 
 rcm =   0.284849059538438       0.187285531021354      -0.440197023682520     
 vcm =    3.57572639676675        22.5033744316289       -40.7946402824938     
 Angular momentum =  -0.9319997     -0.2686350     -0.2433345    
 Disc Radius =    5.114882    
 Disc Gas Thickness =    1.598876    
 --------------------------------------------
 rcm =   0.260505504692237       0.179443353705135      -0.464373477997349     
 vcm =    6.20702580401712        21.3283858741998       -37.8511537590945     
 Angular momentum =  -0.9326798     -0.2930189     -0.2103530    
 Disc Radius =    5.129773    
 Disc Gas Thickness =    1.661824    
 --------------------------------------------
 rcm =   0.256934937087551       0.164550776546188      -0.427203617803121     
 vcm =    5.98566694844333        21.2870602904411       -37.3274507394917     
 Angular momentum =  -0.9332020     -0.2945897     -0.2057932    
 Disc Radius =    5.130585    
 Disc Gas Thickness =    1.670447    
 --------------------------------------------
 counter Rdisc =            3
 r,    m(r),    z,    m(z)
  4.9702384E-02   15311039.3241954       4.9811501E-02   111069257.020938     
  9.9404767E-02   38215406.6811098       9.9623002E-02   204115711.110249     
  0.1491071       56711713.7645321       0.1494345       288109756.736226     
  0.1988095       67764479.4941427       0.1992460       364996689.917512     
  0.2485119       75480446.4953007       0.2490575       440009132.292188     
  0.2982143       82798046.4522441       0.2988690       512919510.566834     
  0.3479167       89111107.6262617       0.3486805       585493691.531057     
  0.3976191       94523195.0420728       0.3984920       657958972.161273     
  0.4473214       99931306.0914422       0.4483035       730295072.640718     
  0.4970239       105170978.326947       0.4981150       801020276.047775     
  0.5467262       110968400.335492       0.5479265       868023925.036384     
  0.5964286       117319775.001421       0.5977380       932484633.935499     
  0.6461310       123535800.931366       0.6475495       994507739.391562     
  0.6958334       130029964.670953       0.6973611       1054172183.57870     
  0.7455358       135827274.465245       0.7471725       1112535867.05151     
  0.7952381       141713779.281131       0.7969840       1166938504.35430     
  0.8449405       146953332.383385       0.8467956       1217892410.49005     
  0.8946429       152178305.969055       0.8966070       1265016284.01647     
  0.9443452       157555326.266568       0.9464185       1310147417.37869     
  0.9940477       163177774.731093       0.9962301       1352852350.50316     
   1.043750       169240451.710842        1.046041       1393076677.83942     
   1.093452       176416701.231289        1.095853       1431281139.43308     
   1.143155       183749839.279516        1.145665       1469098391.28486     
   1.192857       191643748.259516        1.195476       1505389261.75039     
   1.242560       199669631.858936        1.245288       1538172553.87962     
   1.292262       207970326.730287        1.295099       1568006113.29135     
   1.341964       216686152.953154        1.344911       1595826552.02000     
   1.391667       226156204.869091        1.394722       1621622054.28010     
   1.441369       235305293.529560        1.444534       1645259976.27274     
   1.491072       244507651.335891        1.494345       1665804382.16431     
   1.540774       253574040.510633        1.544157       1683781347.10595     
   1.590476       262460343.493711        1.593968       1700344445.85805     
   1.640179       271185033.771850        1.643780       1715850516.33576     
   1.689881       280349388.554629        1.693591       1730586005.24301     
   1.739583       289125502.077639        1.743403       1744582148.70826     
   1.789286       298232325.028293        1.793214       1757377863.13199     
   1.838988       306935679.159046        1.843026       1769591047.51791     
   1.888690       314938852.086704        1.892837       1780359724.73287     
   1.938393       322736854.880384        1.942649       1790999311.03985     
   1.988095       330563383.501058        1.992460       1801076601.26503     
   2.037798       338151853.876302        2.042272       1810481927.92974     
   2.087500       345886655.259526        2.092083       1820105962.43894     
   2.137203       353383454.615246        2.141895       1829182239.19896     
   2.186905       361826569.327005        2.191706       1838717547.55392     
   2.236607       370116129.445058        2.241518       1847940236.49104     
   2.286310       379153366.553578        2.291329       1857099991.59281     
   2.336012       388784664.108055        2.341141       1865788040.31515     
   2.385714       398982871.709063        2.390952       1874240199.02393     
   2.435417       410322885.328725        2.440764       1882543134.11117     
   2.485119       423678574.698318        2.490575       1890662130.48306     
   2.534822       438237083.051169        2.540387       1898143757.25230     
   2.584524       454715995.874392        2.590198       1905824722.44623     
   2.634226       472824469.526221        2.640010       1912423407.77460     
   2.683929       491786672.331721        2.689821       1919362253.52050     
   2.733631       511778664.353590        2.739633       1925545238.84060     
   2.783334       531271312.417089        2.789444       1931787182.57427     
   2.833036       551104367.425837        2.839256       1938238892.10967     
   2.882738       569989350.637480        2.889067       1944702608.77238     
   2.932441       588177104.163164        2.938879       1950720952.63857     
   2.982143       605134691.690369        2.988690       1956374532.68272     
   3.031845       621481777.131754        3.038502       1961701805.13057     
   3.081548       636798397.778438        3.088313       1966680441.37464     
   3.131250       651536112.080188        3.138125       1970981519.81766     
   3.180953       667007537.176728        3.187936       1974881030.12545     
   3.230655       682982133.766593        3.237748       1978511989.99124     
   3.280357       700027982.237912        3.287559       1982121099.06685     
   3.330060       718007695.736475        3.337371       1985414378.48148     
   3.379762       737334183.226825        3.387182       1988502733.99569     
   3.429464       757821949.103328        3.436994       1991272273.24990     
   3.479167       779011217.002146        3.486805       1994038507.79456     
   3.528869       800485018.772955        3.536617       1996484279.10073     
   3.578572       821754625.032283        3.586428       1998748457.84436     
   3.628274       842481493.965931        3.636240       2000774892.60155     
   3.677976       861564590.549819        3.686051       2002651112.10261     
   3.727679       879603630.957650        3.735863       2004371352.02061     
   3.777381       896570893.438205        3.785674       2006065377.27577     
   3.827084       912238803.124785        3.835486       2007608728.22123     
   3.876786       927619707.809023        3.885297       2009163899.67715     
   3.926488       943233814.075749        3.935109       2010622769.67503     
   3.976191       958365244.660532        3.984920       2012014358.60830     
   4.025893       973570856.908174        4.034732       2013249276.56966     
   4.075595       988888715.014889        4.084543       2014453923.09065     
   4.125298       1004414715.52628        4.134355       2015624009.52067     
   4.175000       1019990657.02329        4.184166       2016767612.16873     
   4.224702       1035450844.99966        4.233978       2017753685.72961     
   4.274405       1051061739.77725        4.283789       2018685936.43677     
   4.324107       1067467579.20572        4.333601       2019517148.22905     
   4.373810       1084239466.35951        4.383412       2020288152.48632     
   4.423512       1101127597.20051        4.433224       2020954236.42911     
   4.473214       1118296272.52112        4.483035       2021611634.27223     
   4.522917       1134951883.03941        4.532847       2022172339.96090     
   4.572619       1151388946.69361        4.582658       2022733062.32138     
   4.622322       1167779386.53625        4.632470       2023275213.44459     
   4.672024       1184831342.25726        4.682281       2023791741.94005     
   4.721726       1201666456.08090        4.732093       2024339616.62717     
   4.771429       1218524871.49442        4.781904       2024872473.58078     
   4.821131       1236269485.60530        4.831716       2025405603.44436     
   4.870833       1254528245.69891        4.881527       2025895604.50861     
   4.920536       1273657004.39867        4.931339       2026324472.01616     
   4.970238       1293069984.82757        4.981150       2026796806.72803     
   5.019940       1313146959.28238        5.030962       2027186723.52030     
   5.069643       1333021804.07353        5.080773       2027575856.48356     
   5.119346       1351866962.01438        5.130584       2027974737.13521     
   5.169048       1370237983.83039        10.26117       2027974737.13521     
   5.218750       1387843904.94547        10.26117       2027974737.13521     
   5.268453       1403761604.68688        10.26117       2027974737.13521     
   5.318155       1418276434.70788        10.26117       2027974737.13521     
   5.367857       1431582308.62173        10.26117       2027974737.13521     
   5.417560       1444221942.18178        10.26117       2027974737.13521     
   5.467262       1455828987.69200        10.26117       2027974737.13521     
   5.516964       1466725617.07427        10.26117       2027974737.13521     
   5.566667       1477165736.70814        10.26117       2027974737.13521     
   5.616369       1487393794.52828        10.26117       2027974737.13521     
   5.666072       1497046737.38174        10.26117       2027974737.13521     
   5.715774       1506366917.43518        10.26117       2027974737.13521     
   5.765476       1515785787.33900        10.26117       2027974737.13521     
   5.815179       1524786735.23158        10.26117       2027974737.13521     
   5.864881       1533676788.47806        10.26117       2027974737.13521     
   5.914584       1542101362.58186        10.26117       2027974737.13521     
   5.964286       1550196417.65677        10.26117       2027974737.13521     
   6.013988       1558264276.61985        10.26117       2027974737.13521     
   6.063691       1566150649.20247        10.26117       2027974737.13521     
   6.113393       1573823119.01030        10.26117       2027974737.13521     
   6.163095       1581166735.46001        10.26117       2027974737.13521     
   6.212798       1588300845.37194        10.26117       2027974737.13521     
   6.262500       1595311952.21982        10.26117       2027974737.13521     
 
 
 
 
