 UNITS:
 [mass] = M_sun
 [age] = Myr
 [Rdisc / Hdisc] = kpc
 [metalicity] = log([O/H]) + 12
 [Sigma] = M_sun / pc^2
 [SFR] = M_sun / yr
 [sig_SFR] = M_sun / yr / kpc
 [SSFR] = 1 / Gyr 
 [tau] = 1 / Gyr 	tau = SFR/M_gas = gas consumption time
 gal         Rdisc       Hdisc       Mg          Mc          Ms          
 Es_Ms       Mb          fg          Sigg        	Sigs        Sigb        
 age         zg          zs          SFR          Sig_SFR     SSFR        
 tau         
 
    9.08E-01    6.19E-01    5.46E+07    5.30E+07    1.48E+06    0.00E+00    5.61E+07    9.74E-01    2.11E+01    5.70E-01    2.16E+01    1.25E+02    7.41E+00    7.19E+00    1.36E-02    5.27E-03    9.25E+00    2.50E-01
    1.06E+00    6.73E-01    1.15E+07    1.11E+07    2.44E+06    3.50E+05    1.39E+07    8.25E-01    3.23E+00    6.87E-01    3.92E+00    1.85E+02    7.56E+00    7.35E+00    7.51E-03    2.12E-03    3.08E+00    6.55E-01
    2.01E+00    1.73E+00    1.37E+08    1.34E+08    3.25E+06    7.77E+05    1.41E+08    9.77E-01    1.09E+01    2.57E-01    1.11E+01    1.80E+02    7.15E+00    7.28E+00    2.06E-02    1.63E-03    6.36E+00    1.50E-01
    1.92E+00    1.45E+00    4.23E+08    4.00E+08    4.86E+06    1.16E+06    4.28E+08    9.89E-01    3.65E+01    4.19E-01    3.69E+01    1.07E+02    7.95E+00    7.67E+00    4.57E-02    3.94E-03    9.40E+00    1.08E-01
    1.84E+00    1.20E+00    2.15E+08    2.09E+08    1.80E+07    3.48E+06    2.33E+08    9.23E-01    2.02E+01    1.69E+00    2.19E+01    1.41E+02    7.80E+00    7.77E+00    8.53E-02    8.03E-03    4.75E+00    3.97E-01
    2.31E+00    1.62E+00    2.57E+08    2.39E+08    3.68E+07    1.17E+07    2.94E+08    8.75E-01    1.54E+01    2.20E+00    1.76E+01    2.51E+02    7.92E+00    7.75E+00    3.78E-02    2.26E-03    1.03E+00    1.47E-01
    2.83E+00    1.94E+00    3.62E+08    3.52E+08    4.73E+07    9.84E+06    4.10E+08    8.85E-01    1.44E+01    1.88E+00    1.63E+01    2.14E+02    7.93E+00    7.85E+00    2.65E-01    1.05E-02    5.60E+00    7.31E-01
    3.04E+00    1.77E+00    4.46E+08    4.29E+08    6.54E+07    1.69E+07    5.11E+08    8.72E-01    1.53E+01    2.25E+00    1.76E+01    3.38E+02    7.92E+00    7.83E+00    1.71E-01    5.87E-03    2.61E+00    3.83E-01
    2.43E+00    1.87E+00    6.64E+08    6.33E+08    4.03E+07    9.94E+06    7.04E+08    9.43E-01    3.57E+01    2.17E+00    3.79E+01    3.88E+02    7.92E+00    7.84E+00    1.69E-01    9.08E-03    4.19E+00    2.54E-01
    3.48E+00    1.39E+00    4.85E+08    4.74E+08    1.10E+08    2.61E+07    5.95E+08    8.16E-01    1.28E+01    2.89E+00    1.57E+01    3.75E+02    8.07E+00    7.89E+00    3.43E-01    9.02E-03    3.12E+00    7.06E-01
    3.58E+00    1.68E+00    8.35E+08    8.08E+08    2.09E+08    7.17E+07    1.04E+09    8.00E-01    2.07E+01    5.19E+00    2.59E+01    5.09E+02    7.96E+00    7.89E+00    3.76E-01    9.34E-03    1.80E+00    4.51E-01
    5.13E+00    1.67E+00    1.56E+09    1.52E+09    3.95E+08    1.74E+08    1.95E+09    7.98E-01    1.88E+01    4.77E+00    2.36E+01    5.34E+02    7.94E+00    7.90E+00    1.11E+00    1.34E-02    2.82E+00    7.14E-01
