 UNITS:
 [mass] = M_sun
 [age] = Myr
 [Rdisc / Hdisc] = kpc
 [metalicity] = log([O/H]) + 12
 [Sigma] = M_sun / pc^2
 [SFR] = M_sun / yr
 [sig_SFR] = M_sun / yr / kpc
 [SSFR] = 1 / Gyr 
 [tau] = 1 / Gyr 	tau = SFR/M_gas = gas consumption time
 gal         Rdisc       Hdisc       Mg          Mc          Ms          
 Es_Ms       Mb          fg          Sigg        	Sigs        Sigb        
 age         zg          zs          SFR          Sig_SFR     SSFR        
 tau         
 
    8.30E-01    3.89E-01    1.00E+08    1.02E+08    5.50E+06    0.00E+00    1.06E+08    9.48E-01    4.63E+01    2.54E+00    4.88E+01    5.24E+01    7.38E+00    7.24E+00    7.18E-02    3.32E-02    1.31E+01    7.17E-01
    1.05E+00    8.34E-01    7.09E+07    7.44E+07    9.64E+06    7.87E+05    8.06E+07    8.80E-01    2.04E+01    2.78E+00    2.32E+01    9.10E+01    7.75E+00    7.61E+00    8.72E-02    2.51E-02    9.05E+00    1.23E+00
    1.17E+00    7.55E-01    1.72E+08    1.66E+08    5.95E+06    1.20E+06    1.78E+08    9.67E-01    4.00E+01    1.39E+00    4.14E+01    1.84E+02    7.68E+00    7.62E+00    1.36E-02    3.18E-03    2.29E+00    7.95E-02
    1.46E+00    7.54E-01    8.87E+07    9.50E+07    1.78E+07    1.63E+06    1.06E+08    8.33E-01    1.33E+01    2.66E+00    1.59E+01    1.36E+02    7.97E+00    7.95E+00    9.45E-02    1.41E-02    5.31E+00    1.07E+00
    2.07E+00    1.30E+00    2.26E+08    2.13E+08    1.92E+07    5.26E+06    2.46E+08    9.22E-01    1.68E+01    1.43E+00    1.82E+01    2.38E+02    7.84E+00    7.76E+00    5.94E-02    4.41E-03    3.09E+00    2.62E-01
    2.18E+00    1.38E+00    4.00E+08    3.88E+08    3.57E+07    4.90E+06    4.35E+08    9.18E-01    2.69E+01    2.40E+00    2.93E+01    2.29E+02    7.93E+00    7.88E+00    1.82E-01    1.23E-02    5.10E+00    4.56E-01
    2.16E+00    1.11E+00    1.11E+09    1.10E+09    5.58E+07    1.01E+07    1.17E+09    9.52E-01    7.56E+01    3.81E+00    7.94E+01    2.12E+02    7.91E+00    7.94E+00    3.23E-01    2.20E-02    5.79E+00    2.91E-01
    2.58E+00    1.22E+00    1.27E+09    1.32E+09    1.80E+08    2.50E+07    1.45E+09    8.76E-01    6.11E+01    8.65E+00    6.98E+01    1.59E+02    8.22E+00    8.07E+00    1.38E+00    6.63E-02    7.67E+00    1.09E+00
    9.82E-01    2.92E-01    8.75E+08    1.40E+09    6.56E+08    4.59E+06    1.53E+09    5.72E-01    2.89E+02    2.17E+02    5.06E+02    7.22E+01    8.61E+00    8.51E+00    7.60E+00    2.51E+00    1.16E+01    8.68E+00
    8.80E-01    9.14E-02    3.84E+08    9.23E+08    9.65E+08    6.42E+06    1.35E+09    2.85E-01    1.58E+02    3.97E+02    5.55E+02    1.04E+02    8.89E+00    8.70E+00    6.48E+00    2.66E+00    6.71E+00    1.69E+01
    3.93E+00    1.62E+00    1.74E+09    1.77E+09    2.72E+08    6.16E+07    2.01E+09    8.65E-01    3.58E+01    5.61E+00    4.14E+01    2.13E+02    8.31E+00    8.25E+00    2.21E+00    4.56E-02    8.11E+00    1.27E+00
    9.02E-01    2.10E-01    1.47E+09    2.41E+09    1.22E+09    1.83E+07    2.69E+09    5.46E-01    5.74E+02    4.78E+02    1.05E+03    1.03E+02    8.59E+00    8.58E+00    1.36E+01    5.31E+00    1.11E+01    9.25E+00
    2.03E+00    4.54E-01    8.84E+08    1.60E+09    1.63E+09    1.13E+08    2.51E+09    3.51E-01    6.82E+01    1.26E+02    1.94E+02    1.64E+02    8.73E+00    8.71E+00    7.12E+00    5.49E-01    4.37E+00    8.06E+00
    3.15E+00    5.71E-01    3.34E+09    4.81E+09    3.18E+09    4.52E+08    6.51E+09    5.12E-01    1.07E+02    1.02E+02    2.09E+02    2.12E+02    8.53E+00    8.58E+00    2.30E+01    7.37E-01    7.24E+00    6.89E+00
    1.23E+00    8.45E-02    2.38E+09    4.77E+09    4.18E+09    1.00E+08    6.57E+09    3.63E-01    5.05E+02    8.87E+02    1.39E+03    1.39E+02    8.76E+00    8.69E+00    3.22E+01    6.83E+00    7.70E+00    1.35E+01
    2.45E+00    6.20E-01    1.16E+09    2.12E+09    4.22E+09    7.84E+08    5.37E+09    2.15E-01    6.11E+01    2.23E+02    2.84E+02    2.66E+02    8.89E+00    8.71E+00    1.11E+01    5.87E-01    2.63E+00    9.60E+00
    3.38E+00    9.16E-01    1.30E+09    1.58E+09    1.97E+09    4.14E+08    3.27E+09    3.97E-01    3.61E+01    5.49E+01    9.10E+01    4.31E+02    8.68E+00    8.64E+00    3.94E+00    1.10E-01    2.00E+00    3.03E+00
    4.78E+00    8.11E-01    1.66E+09    2.78E+09    5.42E+09    1.22E+09    7.09E+09    2.34E-01    2.31E+01    7.56E+01    9.87E+01    4.40E+02    8.59E+00    8.65E+00    1.42E+01    1.98E-01    2.62E+00    8.56E+00
    4.07E+00    7.56E-01    2.56E+09    3.35E+09    5.75E+09    1.14E+09    8.30E+09    3.08E-01    4.91E+01    1.10E+02    1.59E+02    4.82E+02    8.46E+00    8.63E+00    1.19E+01    2.28E-01    2.07E+00    4.65E+00
    4.73E+00    9.35E-01    2.79E+09    3.80E+09    6.85E+09    1.26E+09    9.64E+09    2.90E-01    3.97E+01    9.74E+01    1.37E+02    5.02E+02    8.48E+00    8.59E+00    1.43E+01    2.03E-01    2.08E+00    5.11E+00
    5.19E+00    8.34E-01    2.41E+09    3.30E+09    7.57E+09    1.22E+09    9.97E+09    2.41E-01    2.85E+01    8.95E+01    1.18E+02    5.44E+02    8.51E+00    8.58E+00    1.17E+01    1.38E-01    1.54E+00    4.84E+00
    4.62E+00    6.89E-01    2.28E+09    3.33E+09    8.05E+09    1.06E+09    1.03E+10    2.20E-01    3.39E+01    1.20E+02    1.54E+02    5.75E+02    8.54E+00    8.58E+00    1.46E+01    2.18E-01    1.81E+00    6.41E+00
    5.34E+00    9.27E-01    3.41E+09    4.58E+09    9.84E+09    1.39E+09    1.33E+10    2.58E-01    3.82E+01    1.10E+02    1.48E+02    6.20E+02    8.48E+00    8.56E+00    1.57E+01    1.76E-01    1.60E+00    4.60E+00
    4.81E+00    6.47E-01    1.87E+09    3.88E+09    9.84E+09    9.40E+08    1.17E+10    1.60E-01    2.58E+01    1.35E+02    1.61E+02    6.21E+02    8.76E+00    8.60E+00    2.16E+01    2.96E-01    2.19E+00    1.15E+01
    7.20E+00    1.10E+00    3.30E+09    4.18E+09    1.09E+10    1.47E+09    1.42E+10    2.32E-01    2.02E+01    6.69E+01    8.72E+01    7.52E+02    8.51E+00    8.60E+00    1.18E+01    7.24E-02    1.08E+00    3.58E+00
    7.43E+00    1.50E+00    3.89E+09    4.79E+09    1.28E+10    1.82E+09    1.67E+10    2.33E-01    2.24E+01    7.37E+01    9.61E+01    8.27E+02    8.47E+00    8.57E+00    1.37E+01    7.91E-02    1.07E+00    3.53E+00
    1.11E+01    1.80E+00    6.06E+09    6.71E+09    1.36E+10    2.11E+09    1.97E+10    3.08E-01    1.56E+01    3.50E+01    5.06E+01    9.01E+02    8.38E+00    8.55E+00    1.19E+01    3.05E-02    8.72E-01    1.96E+00
    9.40E+00    1.44E+00    5.59E+09    6.23E+09    1.28E+10    1.78E+09    1.84E+10    3.04E-01    2.02E+01    4.62E+01    6.64E+01    9.47E+02    8.39E+00    8.54E+00    1.10E+01    3.97E-02    8.58E-01    1.97E+00
    8.16E+00    1.25E+00    5.31E+09    6.34E+09    1.41E+10    1.62E+09    1.94E+10    2.74E-01    2.54E+01    6.73E+01    9.26E+01    9.58E+02    8.44E+00    8.54E+00    1.51E+01    7.23E-02    1.08E+00    2.85E+00
    1.13E+01    1.39E+00    5.29E+09    5.97E+09    1.59E+10    1.93E+09    2.12E+10    2.50E-01    1.33E+01    3.98E+01    5.31E+01    1.01E+03    8.46E+00    8.53E+00    1.06E+01    2.65E-02    6.64E-01    1.99E+00
    1.21E+01    2.08E+00    5.69E+09    5.95E+09    1.74E+10    2.35E+09    2.31E+10    2.47E-01    1.23E+01    3.77E+01    5.00E+01    1.12E+03    8.41E+00    8.52E+00    7.44E+00    1.61E-02    4.28E-01    1.31E+00
    1.21E+01    1.66E+00    6.03E+09    6.23E+09    1.75E+10    2.20E+09    2.35E+10    2.57E-01    1.31E+01    3.80E+01    5.11E+01    1.22E+03    8.38E+00    8.52E+00    7.30E+00    1.59E-02    4.18E-01    1.21E+00
    1.36E+01    2.74E+00    8.02E+09    8.10E+09    1.91E+10    2.72E+09    2.71E+10    2.95E-01    1.37E+01    3.28E+01    4.65E+01    1.33E+03    8.32E+00    8.50E+00    8.27E+00    1.42E-02    4.32E-01    1.03E+00
    1.24E+01    2.02E+00    7.43E+09    7.71E+09    1.92E+10    2.46E+09    2.66E+10    2.79E-01    1.54E+01    3.97E+01    5.51E+01    1.41E+03    8.35E+00    8.50E+00    9.61E+00    1.99E-02    5.00E-01    1.29E+00
    1.27E+01    2.49E+00    7.52E+09    8.11E+09    2.05E+10    2.64E+09    2.80E+10    2.69E-01    1.49E+01    4.06E+01    5.55E+01    1.46E+03    8.36E+00    8.49E+00    1.26E+01    2.50E-02    6.14E-01    1.67E+00
    1.27E+01    2.33E+00    7.06E+09    7.41E+09    2.13E+10    2.59E+09    2.83E+10    2.49E-01    1.40E+01    4.23E+01    5.63E+01    1.52E+03    8.40E+00    8.48E+00    9.73E+00    1.93E-02    4.57E-01    1.38E+00
