 UNITS:
 [mass] = M_sun
 [age] = Myr
 [Rdisc / Hdisc] = kpc
 [metalicity] = log([O/H]) + 12
 [Sigma] = M_sun / pc^2
 [SFR] = M_sun / yr
 [sig_SFR] = M_sun / yr / kpc
 [SSFR] = 1 / Gyr 
 [tau] = 1 / Gyr 	tau = SFR/M_gas = gas consumption time
 gal         Rdisc       Hdisc       Mg          Mc          Ms          
 Es_Ms       Mb          fg          Sigg        	Sigs        Sigb        
 age         zg          zs          SFR          Sig_SFR     SSFR        
 tau         
 
    9.46E-01    7.52E-01    1.56E+07    1.54E+07    1.02E+06    0.00E+00    1.66E+07    9.39E-01    5.54E+00    3.62E-01    5.90E+00    2.34E+02    6.84E+00    7.15E+00    3.23E-05    1.15E-05    3.17E-02    2.07E-03
    1.25E+00    5.74E-01    4.28E+07    4.20E+07    9.07E+05    1.95E+05    4.37E+07    9.79E-01    8.74E+00    1.85E-01    8.92E+00    2.91E+02    7.12E+00    7.11E+00    2.35E-03    4.80E-04    2.59E+00    5.49E-02
    1.65E+00    1.28E+00    4.24E+07    3.84E+07    4.56E+06    1.07E+06    4.70E+07    9.03E-01    4.96E+00    5.33E-01    5.49E+00    2.37E+02    7.30E+00    7.09E+00    2.82E-02    3.29E-03    6.19E+00    6.65E-01
    2.42E+00    1.91E+00    5.45E+07    4.89E+07    8.44E+06    4.52E+06    6.30E+07    8.66E-01    2.97E+00    4.60E-01    3.43E+00    3.45E+02    7.44E+00    7.12E+00    2.31E-03    1.26E-04    2.74E-01    4.24E-02
    2.48E+00    1.79E+00    4.32E+08    4.09E+08    2.03E+07    4.34E+06    4.52E+08    9.55E-01    2.23E+01    1.05E+00    2.33E+01    1.41E+02    7.84E+00    7.57E+00    2.15E-01    1.11E-02    1.05E+01    4.97E-01
    2.63E+00    1.68E+00    4.41E+08    4.08E+08    3.50E+07    2.12E+07    4.76E+08    9.27E-01    2.03E+01    1.61E+00    2.20E+01    2.97E+02    7.79E+00    7.54E+00    7.16E-02    3.30E-03    2.05E+00    1.62E-01
    3.38E+00    1.94E+00    7.38E+08    6.94E+08    3.30E+07    6.99E+06    7.71E+08    9.57E-01    2.05E+01    9.18E-01    2.14E+01    1.40E+02    7.84E+00    7.66E+00    2.49E-01    6.93E-03    7.55E+00    3.38E-01
    2.35E+00    1.30E+00    1.06E+09    1.09E+09    1.02E+08    1.14E+07    1.16E+09    9.12E-01    6.10E+01    5.87E+00    6.69E+01    1.13E+02    8.07E+00    7.93E+00    1.17E+00    6.74E-02    1.15E+01    1.10E+00
    1.46E+00    5.08E-01    2.72E+08    3.93E+08    1.91E+08    5.63E+06    4.63E+08    5.87E-01    4.09E+01    2.87E+01    6.96E+01    1.09E+02    8.61E+00    8.40E+00    1.28E+00    1.92E-01    6.67E+00    4.69E+00
    3.98E+00    1.24E+00    4.41E+08    4.32E+08    1.38E+08    3.44E+07    5.79E+08    7.61E-01    8.84E+00    2.78E+00    1.16E+01    3.06E+02    8.30E+00    8.09E+00    3.34E-01    6.70E-03    2.41E+00    7.58E-01
    4.43E+00    1.63E+00    4.46E+08    4.49E+08    2.55E+08    5.26E+07    7.01E+08    6.36E-01    7.24E+00    4.14E+00    1.14E+01    3.15E+02    8.17E+00    8.19E+00    5.80E-01    9.42E-03    2.27E+00    1.30E+00
    6.17E+00    2.05E+00    8.71E+08    7.99E+08    3.11E+08    6.58E+07    1.18E+09    7.37E-01    7.30E+00    2.60E+00    9.90E+00    4.07E+02    8.01E+00    8.21E+00    3.57E-01    2.99E-03    1.15E+00    4.10E-01
    5.90E+00    4.15E+00    3.04E+09    3.12E+09    5.49E+08    7.44E+07    3.59E+09    8.47E-01    2.78E+01    5.02E+00    3.28E+01    2.77E+02    8.16E+00    8.09E+00    5.10E+00    4.67E-02    9.30E+00    1.68E+00
    6.03E+00    4.53E+00    1.56E+09    1.37E+09    2.91E+08    5.06E+07    1.85E+09    8.43E-01    1.37E+01    2.55E+00    1.62E+01    4.59E+02    8.29E+00    8.24E+00    2.70E-01    2.37E-03    9.29E-01    1.73E-01
    4.29E+00    2.25E+00    2.86E+09    3.04E+09    6.34E+08    6.57E+07    3.49E+09    8.19E-01    4.94E+01    1.10E+01    6.04E+01    3.04E+02    8.33E+00    8.33E+00    5.59E+00    9.66E-02    8.82E+00    1.96E+00
    4.17E+00    1.42E+00    2.50E+09    3.19E+09    1.41E+09    1.31E+08    3.91E+09    6.39E-01    4.57E+01    2.58E+01    7.14E+01    2.50E+02    8.47E+00    8.34E+00    1.06E+01    1.95E-01    7.56E+00    4.27E+00
    5.98E+00    2.04E+00    3.60E+09    3.85E+09    9.83E+08    1.83E+08    4.58E+09    7.85E-01    3.20E+01    8.75E+00    4.08E+01    3.71E+02    8.39E+00    8.22E+00    6.91E+00    6.15E-02    7.03E+00    1.92E+00
    5.23E+00    1.66E+00    2.31E+09    2.66E+09    1.40E+09    1.84E+08    3.71E+09    6.24E-01    2.69E+01    1.63E+01    4.32E+01    3.47E+02    8.47E+00    8.33E+00    5.11E+00    5.95E-02    3.66E+00    2.21E+00
    3.44E+00    1.10E+00    1.54E+09    2.79E+09    2.72E+09    1.13E+08    4.26E+09    3.62E-01    4.14E+01    7.32E+01    1.15E+02    2.80E+02    8.65E+00    8.53E+00    1.61E+01    4.34E-01    5.93E+00    1.05E+01
    4.01E+00    1.62E+00    2.60E+09    3.55E+09    3.38E+09    1.84E+08    5.98E+09    4.35E-01    5.14E+01    6.67E+01    1.18E+02    3.53E+02    8.57E+00    8.58E+00    1.37E+01    2.71E-01    4.07E+00    5.29E+00
    7.03E+00    2.11E+00    4.80E+09    5.43E+09    3.27E+09    3.31E+08    8.07E+09    5.95E-01    3.09E+01    2.10E+01    5.20E+01    4.38E+02    8.49E+00    8.53E+00    1.21E+01    7.81E-02    3.71E+00    2.52E+00
    6.59E+00    1.48E+00    5.42E+09    6.71E+09    5.82E+09    3.11E+08    1.12E+10    4.82E-01    3.98E+01    4.27E+01    8.24E+01    3.73E+02    8.46E+00    8.57E+00    1.93E+01    1.42E-01    3.32E+00    3.56E+00
    7.04E+00    1.74E+00    4.81E+09    6.33E+09    7.13E+09    5.19E+08    1.19E+10    4.03E-01    3.09E+01    4.58E+01    7.67E+01    4.13E+02    8.56E+00    8.54E+00    2.01E+01    1.29E-01    2.82E+00    4.18E+00
    7.18E+00    1.68E+00    4.47E+09    5.31E+09    6.68E+09    8.60E+08    1.12E+10    4.01E-01    2.76E+01    4.12E+01    6.89E+01    5.79E+02    8.59E+00    8.56E+00    1.40E+01    8.66E-02    2.10E+00    3.13E+00
    3.05E+00    7.94E-01    3.33E+09    4.74E+09    4.70E+09    4.60E+08    8.03E+09    4.15E-01    1.14E+02    1.61E+02    2.76E+02    6.05E+02    8.64E+00    8.64E+00    2.01E+01    6.88E-01    4.27E+00    6.02E+00
