 UNITS:
 [mass] = M_sun
 [age] = Myr
 [Rdisc / Hdisc] = kpc
 [metalicity] = log([O/H]) + 12
 [Sigma] = M_sun / pc^2
 [SFR] = M_sun / yr
 [sig_SFR] = M_sun / yr / kpc
 [SSFR] = 1 / Gyr 
 [tau] = 1 / Gyr 	tau = SFR/M_gas = gas consumption time
 gal         Rdisc       Hdisc       Mg          Mc          Ms          
 Es_Ms       Mb          fg          Sigg        	Sigs        Sigb        
 age         zg          zs          SFR          Sig_SFR     SSFR        
 tau         
 
    1.03E+00    5.13E-01    1.06E+08    1.07E+08    8.30E+06    0.00E+00    1.15E+08    9.28E-01    3.20E+01    2.49E+00    3.45E+01    6.99E+01    7.74E+00    7.50E+00    1.01E-01    3.05E-02    1.22E+01    9.53E-01
    1.36E+00    9.09E-01    3.84E+07    3.89E+07    8.36E+06    1.91E+06    4.68E+07    8.21E-01    6.57E+00    1.43E+00    8.00E+00    1.59E+02    7.66E+00    7.56E+00    2.84E-02    4.85E-03    3.39E+00    7.38E-01
    1.52E+00    9.59E-01    4.10E+08    4.02E+08    1.62E+07    4.98E+06    4.26E+08    9.62E-01    5.68E+01    2.25E+00    5.91E+01    1.36E+02    7.70E+00    7.57E+00    1.26E-01    1.75E-02    7.76E+00    3.07E-01
    2.48E+00    1.67E+00    5.37E+08    5.21E+08    5.13E+07    7.49E+06    5.88E+08    9.13E-01    2.78E+01    2.66E+00    3.05E+01    1.27E+02    7.99E+00    7.72E+00    4.37E-01    2.27E-02    8.52E+00    8.14E-01
    2.31E+00    1.09E+00    1.32E+09    1.35E+09    9.24E+07    5.14E+06    1.41E+09    9.35E-01    7.88E+01    5.51E+00    8.43E+01    4.66E+01    8.24E+00    8.13E+00    1.44E+00    8.60E-02    1.56E+01    1.09E+00
    1.74E+00    3.37E-01    1.26E+09    2.41E+09    1.29E+09    8.77E+06    2.55E+09    4.93E-01    1.32E+02    1.36E+02    2.67E+02    5.12E+01    8.60E+00    8.45E+00    1.62E+01    1.70E+00    1.25E+01    1.29E+01
    2.41E+00    6.38E-01    1.79E+09    2.96E+09    2.31E+09    8.76E+07    4.09E+09    4.36E-01    9.78E+01    1.26E+02    2.24E+02    9.87E+01    8.54E+00    8.54E+00    1.55E+01    8.48E-01    6.71E+00    8.67E+00
    3.21E+00    8.50E-01    2.44E+09    3.74E+09    3.19E+09    1.89E+08    5.63E+09    4.34E-01    7.52E+01    9.81E+01    1.73E+02    1.37E+02    8.50E+00    8.52E+00    1.75E+01    5.40E-01    5.50E+00    7.18E+00
    3.27E+00    1.03E+00    2.18E+09    3.45E+09    4.04E+09    2.46E+08    6.22E+09    3.50E-01    6.48E+01    1.20E+02    1.85E+02    1.78E+02    8.55E+00    8.54E+00    1.55E+01    4.62E-01    3.85E+00    7.14E+00
    2.93E+00    6.50E-01    1.69E+09    3.29E+09    5.14E+09    2.09E+08    6.84E+09    2.48E-01    6.29E+01    1.91E+02    2.54E+02    2.18E+02    8.63E+00    8.56E+00    1.83E+01    6.79E-01    3.56E+00    1.08E+01
    4.48E+00    2.10E+00    4.14E+09    4.47E+09    1.14E+09    3.05E+08    5.28E+09    7.84E-01    6.57E+01    1.81E+01    8.38E+01    2.83E+02    8.40E+00    8.35E+00    8.16E+00    1.29E-01    7.14E+00    1.97E+00
    4.23E+00    1.24E+00    3.92E+09    5.30E+09    2.90E+09    2.88E+08    6.82E+09    5.75E-01    6.98E+01    5.16E+01    1.21E+02    2.07E+02    8.51E+00    8.43E+00    1.85E+01    3.30E-01    6.39E+00    4.72E+00
    3.86E+00    6.09E-01    3.75E+09    6.28E+09    5.78E+09    2.87E+08    9.53E+09    3.94E-01    8.01E+01    1.23E+02    2.03E+02    2.76E+02    8.63E+00    8.58E+00    3.46E+01    7.38E-01    5.99E+00    9.21E+00
    4.42E+00    9.31E-01    3.17E+09    4.88E+09    8.63E+09    7.94E+08    1.18E+10    2.68E-01    5.15E+01    1.40E+02    1.92E+02    3.45E+02    8.65E+00    8.62E+00    2.05E+01    3.33E-01    2.37E+00    6.46E+00
    5.34E+00    9.79E-01    3.55E+09    5.13E+09    1.02E+10    9.71E+08    1.37E+10    2.59E-01    3.96E+01    1.13E+02    1.53E+02    3.97E+02    8.58E+00    8.61E+00    1.83E+01    2.04E-01    1.80E+00    5.16E+00
    6.83E+00    1.36E+00    2.77E+09    3.89E+09    1.22E+10    1.43E+09    1.49E+10    1.85E-01    1.89E+01    8.30E+01    1.02E+02    4.67E+02    8.61E+00    8.60E+00    1.30E+01    8.87E-02    1.07E+00    4.70E+00
    8.16E+00    1.39E+00    3.50E+09    3.93E+09    1.27E+10    1.61E+09    1.62E+10    2.16E-01    1.67E+01    6.06E+01    7.73E+01    5.67E+02    8.53E+00    8.59E+00    7.52E+00    3.59E-02    5.93E-01    2.15E+00
    8.60E+00    1.52E+00    4.34E+09    4.80E+09    1.29E+10    1.72E+09    1.72E+10    2.52E-01    1.87E+01    5.55E+01    7.42E+01    6.58E+02    8.46E+00    8.58E+00    8.20E+00    3.53E-02    6.36E-01    1.89E+00
    8.49E+00    1.51E+00    3.62E+09    4.03E+09    1.33E+10    1.72E+09    1.70E+10    2.13E-01    1.60E+01    5.89E+01    7.49E+01    7.52E+02    8.48E+00    8.58E+00    7.27E+00    3.21E-02    5.44E-01    2.01E+00
