 UNITS:
 [mass] = M_sun
 [age] = Myr
 [Rdisc / Hdisc] = kpc
 [metalicity] = log([O/H]) + 12
 [Sigma] = M_sun / pc^2
 [SFR] = M_sun / yr
 [sig_SFR] = M_sun / yr / kpc
 [SSFR] = 1 / Gyr 
 [tau] = 1 / Gyr 	tau = SFR/M_gas = gas consumption time
 gal         Rdisc       Hdisc       Mg          Mc          Ms          
 Es_Ms       Mb          fg          Sigg        	Sigs        Sigb        
 age         zg          zs          SFR          Sig_SFR     SSFR        
 tau         
 
    1.18E+00    8.56E-01    8.23E+07    7.78E+07    1.17E+06    0.00E+00    8.35E+07    9.86E-01    1.87E+01    2.66E-01    1.90E+01    1.85E+02    7.21E+00    7.04E+00    6.07E-03    1.38E-03    5.20E+00    7.37E-02
    1.36E+00    8.57E-01    1.18E+08    1.14E+08    1.41E+06    2.08E+05    1.19E+08    9.88E-01    2.04E+01    2.45E-01    2.06E+01    2.67E+02    7.20E+00    7.13E+00    5.08E-03    8.78E-04    3.59E+00    4.31E-02
    1.68E+00    1.06E+00    3.24E+07    3.03E+07    4.74E+06    1.19E+06    3.71E+07    8.72E-01    3.66E+00    5.36E-01    4.19E+00    2.12E+02    7.35E+00    7.28E+00    1.56E-02    1.76E-03    3.28E+00    4.81E-01
    2.03E+00    1.24E+00    7.98E+07    7.70E+07    5.73E+06    1.53E+06    8.55E+07    9.33E-01    6.16E+00    4.42E-01    6.60E+00    3.10E+02    6.98E+00    7.27E+00    3.82E-03    2.95E-04    6.67E-01    4.79E-02
    2.07E+00    1.82E+00    1.23E+08    1.17E+08    4.02E+06    1.05E+06    1.27E+08    9.68E-01    9.13E+00    2.97E-01    9.43E+00    4.49E+02    7.03E+00    7.31E+00    0.00E+00    0.00E+00    0.00E+00    0.00E+00
    2.25E+00    1.49E+00    7.33E+07    6.77E+07    3.25E+06    6.77E+05    7.65E+07    9.58E-01    4.61E+00    2.05E-01    4.82E+00    5.48E+02    7.06E+00    7.32E+00    5.69E-05    3.58E-06    1.75E-02    7.76E-04
    2.91E+00    1.45E+00    2.70E+08    2.59E+08    1.73E+07    3.18E+06    2.88E+08    9.40E-01    1.02E+01    6.50E-01    1.08E+01    2.54E+02    7.23E+00    7.17E+00    1.91E-01    7.17E-03    1.10E+01    7.05E-01
    3.37E+00    1.75E+00    2.36E+08    2.17E+08    1.64E+07    3.29E+06    2.52E+08    9.35E-01    6.61E+00    4.60E-01    7.07E+00    3.32E+02    7.29E+00    7.25E+00    4.05E-02    1.14E-03    2.47E+00    1.72E-01
    3.91E+00    2.67E+00    7.22E+08    6.53E+08    3.93E+07    1.30E+07    7.62E+08    9.48E-01    1.51E+01    8.20E-01    1.59E+01    4.01E+02    7.65E+00    7.33E+00    3.36E-01    7.00E-03    8.53E+00    4.65E-01
    4.33E+00    3.01E+00    4.07E+08    3.47E+08    2.28E+07    9.00E+06    4.30E+08    9.47E-01    6.91E+00    3.88E-01    7.30E+00    4.93E+02    7.46E+00    7.38E+00    1.39E-02    2.36E-04    6.08E-01    3.41E-02
    4.67E+00    2.33E+00    1.08E+09    9.82E+08    3.29E+07    6.75E+06    1.12E+09    9.71E-01    1.58E+01    4.80E-01    1.63E+01    3.19E+02    7.57E+00    7.43E+00    2.87E-01    4.19E-03    8.73E+00    2.65E-01
    4.48E+00    3.07E+00    7.95E+08    7.02E+08    3.00E+07    6.90E+06    8.25E+08    9.64E-01    1.26E+01    4.75E-01    1.31E+01    4.09E+02    7.69E+00    7.46E+00    2.44E-01    3.86E-03    8.13E+00    3.07E-01
    5.06E+00    3.60E+00    9.35E+08    8.13E+08    4.15E+07    1.40E+07    9.77E+08    9.58E-01    1.16E+01    5.16E-01    1.21E+01    4.18E+02    7.70E+00    7.55E+00    1.64E-01    2.03E-03    3.94E+00    1.75E-01
    5.08E+00    2.92E+00    1.03E+09    9.15E+08    5.12E+07    1.66E+07    1.08E+09    9.53E-01    1.27E+01    6.31E-01    1.34E+01    5.23E+02    7.72E+00    7.59E+00    1.77E-01    2.18E-03    3.46E+00    1.71E-01
    5.72E+00    3.29E+00    8.96E+08    7.47E+08    7.09E+07    1.96E+07    9.67E+08    9.27E-01    8.72E+00    6.90E-01    9.41E+00    5.49E+02    7.79E+00    7.57E+00    3.58E-01    3.49E-03    5.06E+00    4.00E-01
    6.03E+00    3.03E+00    1.57E+09    1.44E+09    1.19E+08    2.98E+07    1.69E+09    9.29E-01    1.37E+01    1.04E+00    1.48E+01    6.10E+02    7.73E+00    7.56E+00    6.20E-01    5.42E-03    5.20E+00    3.95E-01
    7.20E+00    4.13E+00    1.64E+09    1.41E+09    1.32E+08    4.33E+07    1.78E+09    9.26E-01    1.01E+01    8.11E-01    1.09E+01    7.13E+02    7.86E+00    7.61E+00    4.91E-01    3.01E-03    3.71E+00    2.99E-01
    6.19E+00    3.79E+00    2.47E+09    2.21E+09    1.30E+08    4.94E+07    2.60E+09    9.50E-01    2.05E+01    1.08E+00    2.16E+01    8.64E+02    7.88E+00    7.66E+00    2.84E-01    2.36E-03    2.19E+00    1.15E-01
    7.58E+00    3.39E+00    1.80E+09    1.57E+09    1.99E+08    5.23E+07    2.00E+09    9.00E-01    9.97E+00    1.10E+00    1.11E+01    6.56E+02    7.97E+00    7.76E+00    7.26E-01    4.02E-03    3.65E+00    4.03E-01
    6.96E+00    3.37E+00    1.29E+09    1.14E+09    1.84E+08    4.59E+07    1.47E+09    8.75E-01    8.44E+00    1.21E+00    9.65E+00    7.79E+02    7.84E+00    7.76E+00    2.94E-01    1.93E-03    1.60E+00    2.29E-01
    7.88E+00    4.61E+00    1.57E+09    1.31E+09    1.06E+08    3.60E+07    1.68E+09    9.37E-01    8.05E+00    5.45E-01    8.59E+00    1.02E+03    7.80E+00    7.76E+00    1.68E-01    8.62E-04    1.58E+00    1.07E-01
    8.27E+00    3.60E+00    1.78E+09    1.55E+09    1.73E+08    5.53E+07    1.95E+09    9.11E-01    8.28E+00    8.06E-01    9.09E+00    1.07E+03    7.83E+00    7.80E+00    2.34E-01    1.09E-03    1.35E+00    1.32E-01
    5.26E+00    3.70E+00    2.02E+09    1.86E+09    8.74E+07    1.82E+07    2.11E+09    9.59E-01    2.32E+01    1.01E+00    2.43E+01    9.92E+02    7.86E+00    7.85E+00    2.64E-01    3.03E-03    3.02E+00    1.31E-01
    4.58E+00    2.97E+00    1.89E+09    1.78E+09    2.07E+08    5.87E+07    2.10E+09    9.01E-01    2.88E+01    3.15E+00    3.19E+01    1.07E+03    8.05E+00    7.85E+00    3.80E-01    5.78E-03    1.83E+00    2.01E-01
    7.03E+00    4.16E+00    1.99E+09    1.80E+09    2.37E+08    5.93E+07    2.23E+09    8.94E-01    1.28E+01    1.53E+00    1.43E+01    1.07E+03    8.11E+00    7.95E+00    4.41E-01    2.84E-03    1.86E+00    2.22E-01
    6.96E+00    4.52E+00    2.11E+09    1.89E+09    1.84E+08    3.80E+07    2.30E+09    9.20E-01    1.39E+01    1.21E+00    1.51E+01    1.09E+03    8.05E+00    7.97E+00    3.34E-01    2.19E-03    1.81E+00    1.58E-01
    5.20E+00    2.78E+00    1.55E+09    1.46E+09    2.33E+08    4.47E+07    1.79E+09    8.70E-01    1.83E+01    2.74E+00    2.10E+01    1.10E+03    8.18E+00    8.01E+00    4.40E-01    5.17E-03    1.89E+00    2.83E-01
    1.10E+01    4.96E+00    2.02E+09    1.76E+09    3.66E+08    8.53E+07    2.39E+09    8.47E-01    5.28E+00    9.57E-01    6.24E+00    1.19E+03    8.16E+00    8.03E+00    2.68E-01    7.02E-04    7.34E-01    1.33E-01
    7.90E+00    2.12E+00    1.69E+09    1.63E+09    4.17E+08    5.31E+07    2.10E+09    8.02E-01    8.59E+00    2.13E+00    1.07E+01    1.01E+03    8.16E+00    8.09E+00    1.23E+00    6.27E-03    2.95E+00    7.30E-01
    8.89E+00    3.82E+00    1.72E+09    1.56E+09    4.11E+08    7.83E+07    2.13E+09    8.07E-01    6.94E+00    1.66E+00    8.59E+00    1.32E+03    8.11E+00    8.06E+00    3.97E-01    1.60E-03    9.65E-01    2.31E-01
    7.44E+00    3.27E+00    1.47E+09    1.32E+09    3.79E+08    7.31E+07    1.85E+09    7.94E-01    8.43E+00    2.18E+00    1.06E+01    1.44E+03    8.18E+00    8.06E+00    3.47E-01    2.00E-03    9.15E-01    2.37E-01
    1.01E+01    2.85E+00    1.79E+09    1.66E+09    4.24E+08    9.04E+07    2.21E+09    8.08E-01    5.58E+00    1.32E+00    6.90E+00    1.56E+03    8.16E+00    8.08E+00    2.45E-01    7.65E-04    5.78E-01    1.37E-01
    9.94E+00    3.44E+00    1.07E+09    9.40E+08    5.04E+08    9.68E+07    1.57E+09    6.80E-01    3.45E+00    1.62E+00    5.07E+00    1.53E+03    8.29E+00    8.10E+00    4.43E-01    1.43E-03    8.79E-01    4.14E-01
    9.31E+00    4.55E+00    8.31E+08    7.27E+08    5.50E+08    1.05E+08    1.38E+09    6.02E-01    3.05E+00    2.02E+00    5.07E+00    1.60E+03    8.28E+00    8.16E+00    3.69E-01    1.36E-03    6.71E-01    4.44E-01
    1.18E+01    4.93E+00    1.25E+09    1.09E+09    5.52E+08    1.12E+08    1.80E+09    6.93E-01    2.86E+00    1.27E+00    4.13E+00    1.77E+03    8.17E+00    8.17E+00    1.90E-01    4.37E-04    3.44E-01    1.53E-01
    1.37E+01    4.16E+00    1.63E+09    1.41E+09    5.94E+08    1.23E+08    2.23E+09    7.33E-01    2.78E+00    1.01E+00    3.80E+00    1.90E+03    8.13E+00    8.14E+00    2.70E-01    4.60E-04    4.55E-01    1.65E-01
    1.36E+01    4.09E+00    1.78E+09    1.60E+09    6.27E+08    1.22E+08    2.40E+09    7.39E-01    3.08E+00    1.09E+00    4.16E+00    2.01E+03    8.07E+00    8.14E+00    1.11E-01    1.92E-04    1.77E-01    6.24E-02
    1.46E+01    3.23E+00    2.41E+09    2.26E+09    6.27E+08    1.20E+08    3.04E+09    7.94E-01    3.58E+00    9.31E-01    4.51E+00    2.14E+03    8.01E+00    8.14E+00    1.29E-01    1.91E-04    2.05E-01    5.34E-02
