 UNITS:
 [mass] = M_sun
 [age] = Myr
 [Rdisc / Hdisc] = kpc
 [metalicity] = log([O/H]) + 12
 [Sigma] = M_sun / pc^2
 [SFR] = M_sun / yr
 [sig_SFR] = M_sun / yr / kpc
 [SSFR] = 1 / Gyr 
 [tau] = 1 / Gyr 	tau = SFR/M_gas = gas consumption time
 gal         Rdisc       Hdisc       Mg          Mc          Ms          
 Es_Ms       Mb          fg          Sigg        	Sigs        Sigb        
 age         zg          zs          SFR          Sig_SFR     SSFR        
 tau         
 
    5.56E-01    4.02E-01    1.94E+07    1.93E+07    4.75E+05    0.00E+00    1.99E+07    9.76E-01    2.00E+01    4.89E-01    2.05E+01    1.01E+02    7.11E+00    7.08E+00    4.64E-03    4.78E-03    9.78E+00    2.39E-01
    8.98E-01    5.96E-01    1.41E+07    1.42E+07    1.12E+06    1.31E+05    1.52E+07    9.26E-01    5.57E+00    4.44E-01    6.02E+00    1.26E+02    6.96E+00    7.09E+00    3.95E-03    1.56E-03    3.52E+00    2.80E-01
    1.10E+00    8.93E-01    6.07E+07    5.65E+07    1.23E+06    2.30E+05    6.19E+07    9.80E-01    1.61E+01    3.26E-01    1.64E+01    1.21E+02    7.43E+00    7.16E+00    1.38E-02    3.66E-03    1.12E+01    2.27E-01
    1.41E+00    1.14E+00    3.44E+07    3.36E+07    2.04E+06    6.52E+05    3.64E+07    9.44E-01    5.54E+00    3.28E-01    5.86E+00    2.13E+02    6.77E+00    7.34E+00    1.45E-03    2.34E-04    7.14E-01    4.23E-02
    1.60E+00    1.30E+00    1.72E+08    1.65E+08    1.03E+06    3.81E+05    1.73E+08    9.94E-01    2.13E+01    1.28E-01    2.15E+01    2.87E+02    7.25E+00    7.36E+00    9.95E-04    1.24E-04    9.70E-01    5.79E-03
    1.99E+00    1.73E+00    2.10E+08    2.00E+08    9.28E+06    1.59E+06    2.19E+08    9.58E-01    1.69E+01    7.45E-01    1.76E+01    1.23E+02    7.68E+00    7.53E+00    1.01E-01    8.09E-03    1.09E+01    4.80E-01
    2.24E+00    1.04E+00    9.58E+07    9.13E+07    6.71E+06    2.07E+06    1.02E+08    9.35E-01    6.06E+00    4.25E-01    6.49E+00    2.84E+02    7.69E+00    7.51E+00    1.73E-02    1.09E-03    2.57E+00    1.80E-01
    2.05E+00    9.11E-01    4.85E+08    4.80E+08    2.44E+07    3.79E+06    5.09E+08    9.52E-01    3.69E+01    1.85E+00    3.87E+01    1.71E+02    7.77E+00    7.66E+00    2.58E-01    1.96E-02    1.06E+01    5.32E-01
    2.54E+00    1.63E+00    2.90E+08    2.81E+08    2.93E+07    7.44E+06    3.20E+08    9.08E-01    1.43E+01    1.44E+00    1.58E+01    2.50E+02    8.10E+00    7.82E+00    1.36E-01    6.73E-03    4.66E+00    4.70E-01
    3.30E+00    2.27E+00    8.24E+08    7.80E+08    5.35E+07    1.61E+07    8.78E+08    9.39E-01    2.40E+01    1.56E+00    2.56E+01    3.19E+02    7.90E+00    7.82E+00    8.38E-02    2.44E-03    1.57E+00    1.02E-01
    1.37E+00    4.36E-01    7.83E+08    1.33E+09    5.71E+08    1.04E+07    1.35E+09    5.78E-01    1.33E+02    9.67E+01    2.30E+02    4.26E+01    8.61E+00    8.33E+00    9.04E+00    1.53E+00    1.58E+01    1.15E+01
    4.33E+00    1.37E+00    1.47E+09    1.42E+09    1.94E+08    9.54E+07    1.67E+09    8.84E-01    2.50E+01    3.29E+00    2.83E+01    3.53E+02    8.33E+00    8.04E+00    3.86E-01    6.56E-03    1.99E+00    2.62E-01
    5.69E+00    3.38E+00    3.22E+09    3.15E+09    4.62E+08    1.78E+08    3.68E+09    8.75E-01    3.17E+01    4.54E+00    3.62E+01    3.22E+02    8.20E+00    8.14E+00    2.59E+00    2.55E-02    5.62E+00    8.06E-01
    3.87E+00    1.56E+00    3.15E+09    3.27E+09    6.15E+08    8.71E+07    3.77E+09    8.37E-01    6.71E+01    1.31E+01    8.02E+01    2.59E+02    8.37E+00    8.44E+00    3.04E+00    6.46E-02    4.94E+00    9.63E-01
    2.70E+00    2.24E-01    2.01E+09    4.48E+09    4.01E+09    4.43E+07    6.02E+09    3.34E-01    8.76E+01    1.75E+02    2.62E+02    1.30E+02    8.77E+00    8.67E+00    2.89E+01    1.26E+00    7.21E+00    1.44E+01
    1.67E+00    2.23E-01    4.44E+09    8.18E+09    6.89E+09    9.45E+07    1.13E+10    3.92E-01    5.08E+02    7.88E+02    1.30E+03    1.41E+02    8.62E+00    8.65E+00    4.94E+01    5.65E+00    7.17E+00    1.11E+01
    6.82E+00    2.05E+00    5.29E+09    7.85E+09    8.36E+09    7.31E+08    1.36E+10    3.87E-01    3.62E+01    5.73E+01    9.35E+01    1.98E+02    8.62E+00    8.67E+00    3.19E+01    2.18E-01    3.81E+00    6.03E+00
    7.63E+00    2.07E+00    6.92E+09    8.84E+09    1.13E+10    9.31E+08    1.82E+10    3.80E-01    3.79E+01    6.19E+01    9.97E+01    2.65E+02    8.43E+00    8.69E+00    2.68E+01    1.47E-01    2.37E+00    3.88E+00
    8.22E+00    1.59E+00    6.63E+09    8.32E+09    1.24E+10    9.45E+08    1.90E+10    3.49E-01    3.12E+01    5.82E+01    8.94E+01    3.28E+02    8.44E+00    8.66E+00    2.40E+01    1.13E-01    1.95E+00    3.62E+00
    7.71E+00    1.97E+00    7.26E+09    8.79E+09    1.36E+10    1.11E+09    2.09E+10    3.47E-01    3.89E+01    7.30E+01    1.12E+02    3.99E+02    8.41E+00    8.63E+00    2.33E+01    1.25E-01    1.71E+00    3.21E+00
    9.61E+00    2.34E+00    8.53E+09    9.85E+09    1.52E+10    1.53E+09    2.38E+10    3.59E-01    2.94E+01    5.25E+01    8.18E+01    4.48E+02    8.41E+00    8.57E+00    2.03E+01    6.99E-02    1.33E+00    2.38E+00
    9.53E+00    2.29E+00    8.78E+09    1.02E+10    1.58E+10    1.36E+09    2.46E+10    3.57E-01    3.08E+01    5.54E+01    8.62E+01    5.06E+02    8.43E+00    8.56E+00    2.27E+01    7.97E-02    1.44E+00    2.59E+00
    1.11E+01    2.18E+00    9.78E+09    1.13E+10    1.85E+10    1.73E+09    2.83E+10    3.46E-01    2.51E+01    4.74E+01    7.25E+01    5.49E+02    8.44E+00    8.53E+00    2.29E+01    5.88E-02    1.24E+00    2.34E+00
    1.26E+01    2.53E+00    1.13E+10    1.22E+10    2.07E+10    2.21E+09    3.20E+10    3.54E-01    2.26E+01    4.11E+01    6.37E+01    6.17E+02    8.40E+00    8.51E+00    1.80E+01    3.59E-02    8.72E-01    1.59E+00
    1.30E+01    2.96E+00    1.07E+10    1.11E+10    2.22E+10    2.55E+09    3.29E+10    3.26E-01    2.01E+01    4.15E+01    6.16E+01    7.07E+02    8.42E+00    8.50E+00    1.30E+01    2.44E-02    5.87E-01    1.21E+00
    1.26E+01    3.03E+00    1.45E+10    1.60E+10    2.47E+10    2.66E+09    3.92E+10    3.70E-01    2.89E+01    4.92E+01    7.81E+01    7.58E+02    8.38E+00    8.49E+00    3.18E+01    6.35E-02    1.29E+00    2.20E+00
    1.25E+01    2.65E+00    1.28E+10    1.37E+10    2.61E+10    2.66E+09    3.89E+10    3.28E-01    2.62E+01    5.36E+01    7.98E+01    8.20E+02    8.41E+00    8.48E+00    2.09E+01    4.28E-02    7.99E-01    1.63E+00
    1.30E+01    3.46E+00    1.69E+10    1.79E+10    2.86E+10    3.11E+09    4.55E+10    3.72E-01    3.17E+01    5.35E+01    8.51E+01    8.69E+02    8.40E+00    8.47E+00    2.53E+01    4.72E-02    8.84E-01    1.49E+00
    1.22E+01    2.53E+00    1.48E+10    1.70E+10    3.00E+10    2.54E+09    4.49E+10    3.30E-01    3.18E+01    6.45E+01    9.63E+01    9.06E+02    8.46E+00    8.48E+00    3.51E+01    7.54E-02    1.17E+00    2.37E+00
    1.13E+01    2.27E+00    1.69E+10    1.88E+10    3.22E+10    2.69E+09    4.91E+10    3.45E-01    4.24E+01    8.06E+01    1.23E+02    9.49E+02    8.47E+00    8.48E+00    3.52E+01    8.81E-02    1.09E+00    2.08E+00
    1.30E+01    3.22E+00    1.43E+10    1.72E+10    4.04E+10    3.75E+09    5.48E+10    2.62E-01    2.71E+01    7.64E+01    1.03E+02    9.34E+02    8.54E+00    8.48E+00    3.48E+01    6.58E-02    8.61E-01    2.43E+00
    1.48E+01    2.92E+00    1.95E+10    2.17E+10    4.60E+10    4.66E+09    6.55E+10    2.97E-01    2.81E+01    6.65E+01    9.46E+01    9.80E+02    8.52E+00    8.48E+00    3.77E+01    5.45E-02    8.20E-01    1.94E+00
    1.35E+01    2.37E+00    1.41E+10    1.61E+10    4.68E+10    3.91E+09    6.09E+10    2.31E-01    2.47E+01    8.21E+01    1.07E+02    1.03E+03    8.57E+00    8.50E+00    3.20E+01    5.61E-02    6.83E-01    2.27E+00
    1.32E+01    1.89E+00    1.75E+10    1.92E+10    4.68E+10    3.50E+09    6.43E+10    2.72E-01    3.20E+01    8.57E+01    1.18E+02    1.09E+03    8.53E+00    8.51E+00    3.32E+01    6.08E-02    7.09E-01    1.90E+00
    1.26E+01    1.83E+00    1.48E+10    1.67E+10    4.88E+10    3.48E+09    6.37E+10    2.33E-01    2.96E+01    9.76E+01    1.27E+02    1.17E+03    8.57E+00    8.52E+00    3.14E+01    6.29E-02    6.44E-01    2.12E+00
    1.38E+01    2.47E+00    1.48E+10    1.62E+10    5.67E+10    5.19E+09    7.15E+10    2.07E-01    2.47E+01    9.44E+01    1.19E+02    1.24E+03    8.59E+00    8.52E+00    2.41E+01    4.01E-02    4.25E-01    1.62E+00
    1.37E+01    3.23E+00    1.24E+10    1.47E+10    6.05E+10    5.62E+09    7.29E+10    1.70E-01    2.11E+01    1.03E+02    1.24E+02    1.33E+03    8.63E+00    8.52E+00    2.86E+01    4.87E-02    4.73E-01    2.31E+00
    1.33E+01    1.49E+00    1.29E+10    1.46E+10    5.33E+10    3.93E+09    6.62E+10    1.95E-01    2.33E+01    9.61E+01    1.19E+02    1.36E+03    8.65E+00    8.55E+00    2.81E+01    5.06E-02    5.26E-01    2.17E+00
    1.49E+01    2.62E+00    1.10E+10    1.24E+10    6.56E+10    6.30E+09    7.66E+10    1.44E-01    1.59E+01    9.45E+01    1.10E+02    1.48E+03    8.68E+00    8.54E+00    1.94E+01    2.80E-02    2.96E-01    1.76E+00
    1.49E+01    1.75E+00    1.15E+10    1.32E+10    6.14E+10    5.38E+09    7.30E+10    1.58E-01    1.66E+01    8.82E+01    1.05E+02    1.54E+03    8.69E+00    8.56E+00    2.86E+01    4.10E-02    4.66E-01    2.48E+00
    1.57E+01    2.76E+00    1.09E+10    1.12E+10    6.93E+10    7.36E+09    8.03E+10    1.36E-01    1.42E+01    9.00E+01    1.04E+02    1.68E+03    8.69E+00    8.55E+00    1.02E+01    1.32E-02    1.47E-01    9.33E-01
    1.44E+01    1.86E+00    1.01E+10    1.10E+10    6.27E+10    5.47E+09    7.28E+10    1.38E-01    1.54E+01    9.60E+01    1.11E+02    1.77E+03    8.69E+00    8.56E+00    1.69E+01    2.59E-02    2.70E-01    1.68E+00
    1.50E+01    1.84E+00    1.05E+10    1.10E+10    6.10E+10    5.31E+09    7.15E+10    1.47E-01    1.49E+01    8.65E+01    1.01E+02    1.88E+03    8.69E+00    8.57E+00    1.29E+01    1.83E-02    2.12E-01    1.23E+00
    1.62E+01    2.07E+00    1.00E+10    1.04E+10    6.54E+10    6.13E+09    7.54E+10    1.33E-01    1.22E+01    7.95E+01    9.16E+01    2.00E+03    8.70E+00    8.57E+00    1.07E+01    1.30E-02    1.64E-01    1.07E+00
    1.70E+01    2.20E+00    9.38E+09    9.59E+09    7.04E+10    7.19E+09    7.98E+10    1.18E-01    1.03E+01    7.72E+01    8.75E+01    2.14E+03    8.69E+00    8.57E+00    7.90E+00    8.66E-03    1.12E-01    8.42E-01
    1.85E+01    2.58E+00    1.04E+10    1.04E+10    7.17E+10    7.47E+09    8.20E+10    1.26E-01    9.66E+00    6.67E+01    7.64E+01    2.29E+03    8.68E+00    8.57E+00    7.20E+00    6.71E-03    1.00E-01    6.94E-01
    1.92E+01    2.72E+00    1.08E+10    1.07E+10    7.28E+10    7.98E+09    8.36E+10    1.29E-01    9.36E+00    6.31E+01    7.24E+01    2.43E+03    8.66E+00    8.57E+00    5.77E+00    5.00E-03    7.93E-02    5.34E-01
