 UNITS:
 [mass] = M_sun
 [age] = Myr
 [Rdisc / Hdisc] = kpc
 [metalicity] = log([O/H]) + 12
 [Sigma] = M_sun / pc^2
 [SFR] = M_sun / yr
 [sig_SFR] = M_sun / yr / kpc
 [SSFR] = 1 / Gyr 
 [tau] = 1 / Gyr 	tau = SFR/M_gas = gas consumption time
 gal         Rdisc       Hdisc       Mg          Mc          Ms          
 Es_Ms       Mb          fg          Sigg        	Sigs        Sigb        
 age         zg          zs          SFR          Sig_SFR     SSFR        
 tau         
 
    2.04E+00    1.53E+00    3.16E+07    2.58E+07    2.19E+06    0.00E+00    3.38E+07    9.35E-01    2.41E+00    1.67E-01    2.58E+00    1.68E+02    6.94E+00    7.24E+00    1.16E-03    8.86E-05    5.31E-01    3.67E-02
    2.23E+00    1.22E+00    1.72E+08    1.58E+08    3.70E+06    1.27E+06    1.76E+08    9.79E-01    1.10E+01    2.37E-01    1.13E+01    1.59E+02    7.18E+00    7.16E+00    3.17E-02    2.04E-03    8.58E+00    1.85E-01
    2.55E+00    1.58E+00    8.89E+07    8.16E+07    5.96E+06    1.84E+05    9.48E+07    9.37E-01    4.35E+00    2.92E-01    4.65E+00    1.41E+02    7.21E+00    7.16E+00    3.39E-02    1.66E-03    5.69E+00    3.82E-01
    2.62E+00    1.50E+00    2.11E+08    1.95E+08    7.56E+06    2.07E+06    2.18E+08    9.65E-01    9.76E+00    3.50E-01    1.01E+01    2.54E+02    7.15E+00    7.17E+00    4.09E-02    1.90E-03    5.41E+00    1.94E-01
    2.83E+00    2.03E+00    1.69E+08    1.48E+08    8.00E+06    2.51E+06    1.77E+08    9.55E-01    6.74E+00    3.18E-01    7.06E+00    4.19E+02    7.26E+00    7.19E+00    1.35E-02    5.36E-04    1.68E+00    7.95E-02
    2.50E+00    1.45E+00    1.97E+08    1.83E+08    1.03E+07    1.80E+06    2.07E+08    9.50E-01    1.00E+01    5.24E-01    1.05E+01    3.55E+02    7.36E+00    7.26E+00    6.55E-02    3.34E-03    6.37E+00    3.33E-01
    3.00E+00    2.26E+00    2.30E+08    1.93E+08    7.60E+06    2.06E+06    2.38E+08    9.68E-01    8.15E+00    2.69E-01    8.42E+00    5.04E+02    7.31E+00    7.26E+00    5.69E-03    2.02E-04    7.49E-01    2.47E-02
    2.88E+00    1.64E+00    1.98E+08    1.75E+08    5.35E+06    7.76E+05    2.03E+08    9.74E-01    7.60E+00    2.06E-01    7.80E+00    5.47E+02    7.40E+00    7.30E+00    1.41E-02    5.43E-04    2.64E+00    7.15E-02
    4.08E+00    3.47E+00    5.56E+08    4.82E+08    1.91E+07    3.55E+06    5.75E+08    9.67E-01    1.06E+01    3.64E-01    1.10E+01    5.17E+02    7.56E+00    7.34E+00    8.95E-02    1.71E-03    4.70E+00    1.61E-01
    4.43E+00    2.84E+00    2.06E+08    1.55E+08    3.14E+07    9.01E+06    2.37E+08    8.67E-01    3.33E+00    5.09E-01    3.84E+00    5.42E+02    7.34E+00    7.42E+00    7.29E-03    1.18E-04    2.32E-01    3.55E-02
    2.89E+00    2.46E+00    3.34E+08    2.94E+08    1.21E+07    2.19E+06    3.46E+08    9.65E-01    1.27E+01    4.62E-01    1.32E+01    7.03E+02    7.33E+00    7.36E+00    2.57E-03    9.76E-05    2.11E-01    7.68E-03
    4.53E+00    3.63E+00    4.62E+08    3.81E+08    4.10E+07    1.00E+07    5.03E+08    9.18E-01    7.17E+00    6.37E-01    7.81E+00    6.57E+02    7.54E+00    7.42E+00    7.93E-02    1.23E-03    1.94E+00    1.72E-01
    3.89E+00    3.08E+00    2.76E+08    2.27E+08    2.74E+07    4.98E+06    3.04E+08    9.10E-01    5.81E+00    5.75E-01    6.39E+00    7.83E+02    7.39E+00    7.42E+00    9.51E-03    2.00E-04    3.48E-01    3.44E-02
    5.13E+00    3.63E+00    4.58E+08    3.73E+08    3.16E+07    6.80E+06    4.89E+08    9.35E-01    5.53E+00    3.81E-01    5.91E+00    7.91E+02    7.49E+00    7.39E+00    2.13E-02    2.58E-04    6.76E-01    4.66E-02
    4.67E+00    2.21E+00    3.45E+08    2.83E+08    3.12E+07    7.57E+06    3.76E+08    9.17E-01    5.04E+00    4.56E-01    5.50E+00    1.00E+03    7.50E+00    7.39E+00    2.68E-02    3.92E-04    8.58E-01    7.77E-02
    3.65E+00    2.39E+00    3.06E+08    2.78E+08    2.67E+07    4.74E+06    3.33E+08    9.20E-01    7.32E+00    6.38E-01    7.96E+00    1.10E+03    7.50E+00    7.41E+00    2.84E-02    6.78E-04    1.06E+00    9.26E-02
    5.52E+00    2.99E+00    5.02E+08    4.24E+08    3.20E+07    7.91E+06    5.34E+08    9.40E-01    5.25E+00    3.34E-01    5.58E+00    1.28E+03    7.49E+00    7.40E+00    2.95E-02    3.09E-04    9.24E-01    5.88E-02
    4.87E+00    2.81E+00    3.46E+08    2.95E+08    3.44E+07    8.30E+06    3.81E+08    9.10E-01    4.64E+00    4.61E-01    5.10E+00    1.37E+03    7.52E+00    7.41E+00    1.68E-02    2.26E-04    4.89E-01    4.86E-02
    5.46E+00    2.39E+00    5.64E+08    5.09E+08    3.82E+07    1.20E+07    6.03E+08    9.37E-01    6.03E+00    4.09E-01    6.44E+00    1.51E+03    7.52E+00    7.41E+00    4.23E-02    4.52E-04    1.11E+00    7.50E-02
    6.14E+00    2.71E+00    6.13E+08    5.30E+08    4.73E+07    1.32E+07    6.60E+08    9.28E-01    5.17E+00    3.99E-01    5.57E+00    1.45E+03    7.50E+00    7.43E+00    5.94E-02    5.01E-04    1.25E+00    9.69E-02
    6.37E+00    2.28E+00    8.14E+08    7.41E+08    5.91E+07    1.58E+07    8.73E+08    9.32E-01    6.39E+00    4.64E-01    6.85E+00    1.41E+03    7.51E+00    7.42E+00    1.49E-01    1.17E-03    2.52E+00    1.83E-01
    7.30E+00    4.28E+00    7.57E+08    6.61E+08    6.70E+07    1.77E+07    8.24E+08    9.19E-01    4.52E+00    4.00E-01    4.92E+00    1.52E+03    7.55E+00    7.42E+00    5.35E-02    3.19E-04    7.98E-01    7.06E-02
    6.47E+00    3.32E+00    8.18E+08    7.30E+08    5.98E+07    1.57E+07    8.78E+08    9.32E-01    6.22E+00    4.55E-01    6.67E+00    1.71E+03    7.56E+00    7.44E+00    5.01E-02    3.81E-04    8.38E-01    6.13E-02
    6.88E+00    3.43E+00    1.06E+09    9.67E+08    8.41E+07    1.55E+07    1.14E+09    9.26E-01    7.11E+00    5.65E-01    7.67E+00    1.34E+03    7.58E+00    7.48E+00    3.02E-01    2.03E-03    3.59E+00    2.86E-01
    9.73E+00    6.21E+00    6.74E+08    5.21E+08    3.86E+07    8.73E+06    7.12E+08    9.46E-01    2.27E+00    1.30E-01    2.40E+00    1.87E+03    7.72E+00    7.48E+00    9.12E-03    3.07E-05    2.36E-01    1.35E-02
    8.52E+00    5.20E+00    3.13E+08    2.33E+08    4.14E+07    8.74E+06    3.55E+08    8.83E-01    1.38E+00    1.82E-01    1.56E+00    1.99E+03    7.51E+00    7.50E+00    0.00E+00    0.00E+00    0.00E+00    0.00E+00
    9.00E+00    4.65E+00    2.35E+08    1.64E+08    4.11E+07    8.73E+06    2.76E+08    8.51E-01    9.23E-01    1.61E-01    1.08E+00    2.10E+03    7.55E+00    7.51E+00    0.00E+00    0.00E+00    0.00E+00    0.00E+00
    4.72E+00    1.30E+00    3.04E+08    2.83E+08    3.22E+07    4.23E+06    3.36E+08    9.04E-01    4.34E+00    4.60E-01    4.80E+00    2.05E+03    7.59E+00    7.54E+00    1.45E-02    2.07E-04    4.51E-01    4.78E-02
    7.24E+00    3.03E+00    7.99E+08    6.92E+08    6.47E+07    1.78E+07    8.63E+08    9.25E-01    4.85E+00    3.93E-01    5.24E+00    1.93E+03    7.70E+00    7.54E+00    5.92E-02    3.60E-04    9.15E-01    7.41E-02
    1.04E+01    5.71E+00    1.15E+09    9.65E+08    7.64E+07    2.07E+07    1.22E+09    9.37E-01    3.36E+00    2.24E-01    3.59E+00    2.19E+03    7.64E+00    7.53E+00    1.99E-02    5.84E-05    2.60E-01    1.74E-02
    1.08E+01    4.17E+00    1.28E+09    1.14E+09    8.50E+07    2.22E+07    1.36E+09    9.38E-01    3.51E+00    2.33E-01    3.74E+00    2.26E+03    7.63E+00    7.54E+00    2.49E-02    6.83E-05    2.93E-01    1.95E-02
    7.86E+00    5.55E+00    7.83E+08    6.58E+08    6.89E+07    1.94E+07    8.52E+08    9.19E-01    4.03E+00    3.55E-01    4.38E+00    2.51E+03    7.73E+00    7.53E+00    4.56E-02    2.35E-04    6.62E-01    5.82E-02
    9.08E+00    4.43E+00    1.01E+09    8.95E+08    8.82E+07    2.95E+07    1.10E+09    9.20E-01    3.91E+00    3.41E-01    4.25E+00    2.57E+03    7.67E+00    7.53E+00    3.44E-02    1.33E-04    3.90E-01    3.40E-02
    9.30E+00    3.84E+00    1.36E+09    1.22E+09    1.05E+08    2.78E+07    1.47E+09    9.29E-01    5.01E+00    3.85E-01    5.39E+00    2.25E+03    7.66E+00    7.55E+00    2.81E-01    1.03E-03    2.68E+00    2.06E-01
