 UNITS:
 [mass] = M_sun
 [age] = Myr
 [Rdisc / Hdisc] = kpc
 [metalicity] = log([O/H]) + 12
 [Sigma] = M_sun / pc^2
 [SFR] = M_sun / yr
 [sig_SFR] = M_sun / yr / kpc
 [SSFR] = 1 / Gyr 
 [tau] = 1 / Gyr 	tau = SFR/M_gas = gas consumption time
 gal         Rdisc       Hdisc       Mg          Mc          Ms          
 Es_Ms       Mb          fg          Sigg        	Sigs        Sigb        
 age         zg          zs          SFR          Sig_SFR     SSFR        
 tau         
 
    1.64E+00    1.09E+00    1.06E+08    1.03E+08    4.04E+06    0.00E+00    1.10E+08    9.63E-01    1.26E+01    4.79E-01    1.31E+01    1.63E+02    7.35E+00    7.25E+00    2.32E-02    2.75E-03    5.74E+00    2.18E-01
    2.20E+00    1.34E+00    3.55E+08    3.73E+08    5.92E+07    6.31E+06    4.14E+08    8.57E-01    2.33E+01    3.89E+00    2.72E+01    9.87E+01    7.91E+00    7.63E+00    5.80E-01    3.82E-02    9.81E+00    1.64E+00
    2.73E+00    1.52E+00    4.61E+08    4.37E+08    2.24E+07    8.58E+06    4.84E+08    9.54E-01    1.96E+01    9.55E-01    2.06E+01    1.55E+02    7.68E+00    7.59E+00    1.25E-01    5.32E-03    5.57E+00    2.71E-01
    3.21E+00    2.38E+00    6.44E+08    6.12E+08    6.91E+07    5.15E+06    7.13E+08    9.03E-01    1.99E+01    2.14E+00    2.21E+01    1.28E+02    7.86E+00    7.73E+00    6.53E-01    2.02E-02    9.44E+00    1.01E+00
    3.38E+00    1.56E+00    1.38E+09    1.32E+09    8.39E+07    1.87E+07    1.46E+09    9.43E-01    3.83E+01    2.33E+00    4.07E+01    2.07E+02    7.90E+00    7.73E+00    6.83E-01    1.90E-02    8.15E+00    4.95E-01
    3.70E+00    2.63E+00    7.53E+08    6.99E+08    7.80E+07    2.62E+07    8.31E+08    9.06E-01    1.75E+01    1.81E+00    1.93E+01    2.77E+02    7.96E+00    7.78E+00    2.62E-01    6.07E-03    3.35E+00    3.48E-01
    3.67E+00    1.84E+00    1.13E+09    1.07E+09    1.41E+08    4.49E+07    1.27E+09    8.89E-01    2.67E+01    3.35E+00    3.00E+01    3.32E+02    8.00E+00    7.86E+00    3.97E-01    9.40E-03    2.81E+00    3.52E-01
    3.31E+00    1.30E+00    2.17E+09    2.20E+09    2.59E+08    4.01E+07    2.43E+09    8.93E-01    6.32E+01    7.54E+00    7.07E+01    2.88E+02    8.08E+00    7.97E+00    1.79E+00    5.23E-02    6.93E+00    8.27E-01
    2.23E+00    3.54E-01    6.42E+08    1.20E+09    7.85E+08    1.75E+07    1.43E+09    4.50E-01    4.11E+01    5.02E+01    9.13E+01    1.14E+02    8.66E+00    8.47E+00    6.45E+00    4.13E-01    8.22E+00    1.00E+01
    5.24E+00    3.23E+00    8.45E+08    8.07E+08    5.39E+08    1.41E+08    1.38E+09    6.10E-01    9.81E+00    6.26E+00    1.61E+01    3.14E+02    8.34E+00    8.39E+00    4.24E-01    4.92E-03    7.86E-01    5.02E-01
    5.07E+00    3.05E+00    1.21E+09    1.15E+09    6.96E+08    1.45E+08    1.91E+09    6.35E-01    1.50E+01    8.61E+00    2.36E+01    4.01E+02    8.11E+00    8.43E+00    8.83E-01    1.09E-02    1.27E+00    7.29E-01
    4.85E+00    2.53E+00    2.75E+09    2.81E+09    7.93E+08    1.39E+08    3.55E+09    7.76E-01    3.73E+01    1.08E+01    4.81E+01    3.95E+02    8.19E+00    8.36E+00    4.35E+00    5.90E-02    5.49E+00    1.58E+00
    3.67E+00    9.40E-01    1.08E+09    1.76E+09    1.49E+09    9.04E+07    2.57E+09    4.20E-01    2.55E+01    3.52E+01    6.07E+01    2.46E+02    8.59E+00    8.55E+00    9.21E+00    2.18E-01    6.19E+00    8.53E+00
    4.46E+00    1.55E+00    9.64E+08    1.42E+09    1.87E+09    1.48E+08    2.84E+09    3.40E-01    1.54E+01    2.99E+01    4.53E+01    3.16E+02    8.59E+00    8.60E+00    5.27E+00    8.43E-02    2.82E+00    5.47E+00
    6.43E+00    1.53E+00    1.06E+09    1.31E+09    1.57E+09    1.63E+08    2.62E+09    4.02E-01    8.13E+00    1.21E+01    2.02E+01    4.12E+02    8.53E+00    8.61E+00    4.53E+00    3.49E-02    2.89E+00    4.29E+00
    5.14E+00    1.22E+00    9.98E+08    1.13E+09    1.13E+09    1.23E+08    2.13E+09    4.70E-01    1.20E+01    1.36E+01    2.56E+01    5.32E+02    8.45E+00    8.60E+00    2.65E+00    3.19E-02    2.35E+00    2.65E+00
    6.48E+00    1.83E+00    1.41E+09    1.50E+09    1.92E+09    1.82E+08    3.33E+09    4.24E-01    1.07E+01    1.45E+01    2.52E+01    5.69E+02    8.30E+00    8.61E+00    2.48E+00    1.87E-02    1.29E+00    1.75E+00
    5.79E+00    1.77E+00    1.48E+09    1.57E+09    1.73E+09    1.75E+08    3.21E+09    4.61E-01    1.41E+01    1.64E+01    3.05E+01    6.57E+02    8.28E+00    8.58E+00    2.37E+00    2.25E-02    1.37E+00    1.60E+00
    7.92E+00    2.56E+00    1.78E+09    1.66E+09    1.23E+09    2.21E+08    3.01E+09    5.92E-01    9.04E+00    6.22E+00    1.53E+01    8.33E+02    8.21E+00    8.47E+00    1.22E+00    6.21E-03    9.98E-01    6.87E-01
    7.17E+00    2.53E+00    2.05E+09    1.94E+09    1.06E+09    1.90E+08    3.11E+09    6.60E-01    1.27E+01    6.56E+00    1.93E+01    9.53E+02    8.14E+00    8.47E+00    1.10E+00    6.80E-03    1.04E+00    5.35E-01
    8.85E+00    4.08E+00    2.87E+09    2.61E+09    1.26E+09    2.44E+08    4.12E+09    6.95E-01    1.17E+01    5.10E+00    1.68E+01    9.52E+02    8.09E+00    8.44E+00    1.14E+00    4.61E-03    9.04E-01    3.96E-01
    7.57E+00    3.05E+00    2.85E+09    2.73E+09    1.57E+09    2.20E+08    4.42E+09    6.45E-01    1.58E+01    8.71E+00    2.45E+01    1.02E+03    8.11E+00    8.45E+00    1.80E+00    9.99E-03    1.15E+00    6.32E-01
    7.70E+00    2.84E+00    2.97E+09    2.88E+09    1.72E+09    2.31E+08    4.69E+09    6.33E-01    1.59E+01    9.23E+00    2.52E+01    1.08E+03    8.19E+00    8.43E+00    2.69E+00    1.45E-02    1.57E+00    9.07E-01
    5.77E+00    2.16E+00    2.30E+09    2.38E+09    1.48E+09    1.55E+08    3.78E+09    6.08E-01    2.20E+01    1.41E+01    3.61E+01    1.07E+03    8.31E+00    8.43E+00    3.70E+00    3.53E-02    2.50E+00    1.61E+00
    7.17E+00    2.37E+00    2.07E+09    1.95E+09    8.38E+08    1.46E+08    2.90E+09    7.11E-01    1.28E+01    5.19E+00    1.80E+01    1.46E+03    8.32E+00    8.44E+00    6.62E-01    4.10E-03    7.89E-01    3.20E-01
    6.53E+00    2.46E+00    1.27E+09    1.19E+09    8.14E+08    1.19E+08    2.09E+09    6.10E-01    9.50E+00    6.08E+00    1.56E+01    1.42E+03    8.45E+00    8.44E+00    6.53E-01    4.87E-03    8.02E-01    5.13E-01
