 UNITS:
 [mass] = M_sun
 [age] = Myr
 [Rdisc / Hdisc] = kpc
 [metalicity] = log([O/H]) + 12
 [Sigma] = M_sun / pc^2
 [SFR] = M_sun / yr
 [sig_SFR] = M_sun / yr / kpc
 [SSFR] = 1 / Gyr 
 [tau] = 1 / Gyr 	tau = SFR/M_gas = gas consumption time
 gal         Rdisc       Hdisc       Mg          Mc          Ms          
 Es_Ms       Mb          fg          Sigg        	Sigs        Sigb        
 age         zg          zs          SFR          Sig_SFR     SSFR        
 tau         
 
    2.88E+00    2.66E+00    1.50E+08    1.31E+08    2.48E+06    0.00E+00    1.52E+08    9.84E-01    5.75E+00    9.51E-02    5.84E+00    3.87E+02    7.48E+00    7.09E+00    3.75E-03    1.44E-04    1.51E+00    2.50E-02
    3.11E+00    2.07E+00    3.01E+08    2.74E+08    1.95E+07    1.68E+07    3.21E+08    9.39E-01    9.95E+00    6.43E-01    1.06E+01    4.24E+02    7.42E+00    7.35E+00    7.76E-03    2.56E-04    3.99E-01    2.58E-02
    3.01E+00    1.84E+00    7.99E+08    7.66E+08    4.09E+07    1.55E+07    8.40E+08    9.51E-01    2.81E+01    1.44E+00    2.95E+01    2.07E+02    7.61E+00    7.47E+00    4.37E-01    1.53E-02    1.07E+01    5.46E-01
    3.50E+00    1.74E+00    7.46E+08    7.04E+08    2.95E+07    4.74E+06    7.75E+08    9.62E-01    1.93E+01    7.65E-01    2.01E+01    1.37E+02    7.87E+00    7.71E+00    2.58E-01    6.70E-03    8.76E+00    3.46E-01
    4.27E+00    2.20E+00    5.30E+08    5.06E+08    5.08E+07    1.31E+07    5.80E+08    9.12E-01    9.24E+00    8.86E-01    1.01E+01    2.51E+02    7.78E+00    7.75E+00    1.71E-01    2.99E-03    3.38E+00    3.24E-01
    4.50E+00    2.08E+00    7.15E+08    6.67E+08    8.92E+07    1.84E+07    8.04E+08    8.89E-01    1.12E+01    1.40E+00    1.26E+01    2.77E+02    7.80E+00    7.78E+00    2.28E-01    3.58E-03    2.55E+00    3.19E-01
    4.75E+00    2.31E+00    1.40E+09    1.30E+09    1.18E+08    2.62E+07    1.52E+09    9.22E-01    1.98E+01    1.67E+00    2.14E+01    3.82E+02    7.84E+00    7.72E+00    4.19E-01    5.92E-03    3.55E+00    2.99E-01
    5.79E+00    3.88E+00    7.76E+08    6.53E+08    1.17E+08    2.17E+07    8.93E+08    8.68E-01    7.37E+00    1.12E+00    8.49E+00    4.44E+02    7.89E+00    7.80E+00    8.77E-02    8.33E-04    7.46E-01    1.13E-01
    5.32E+00    2.15E+00    1.05E+09    9.61E+08    1.31E+08    4.35E+07    1.19E+09    8.90E-01    1.19E+01    1.47E+00    1.33E+01    6.71E+02    7.84E+00    7.76E+00    6.46E-02    7.27E-04    4.93E-01    6.12E-02
    3.87E+00    2.07E+00    1.16E+09    1.10E+09    1.09E+08    2.40E+07    1.27E+09    9.14E-01    2.46E+01    2.31E+00    2.69E+01    6.52E+02    8.01E+00    7.82E+00    3.07E-01    6.52E-03    2.82E+00    2.65E-01
    5.92E+00    2.43E+00    7.86E+08    7.02E+08    1.34E+08    3.13E+07    9.21E+08    8.54E-01    7.15E+00    1.22E+00    8.37E+00    7.09E+02    8.00E+00    7.84E+00    9.42E-02    8.56E-04    7.01E-01    1.20E-01
    5.89E+00    2.31E+00    1.17E+09    1.07E+09    1.50E+08    4.05E+07    1.32E+09    8.87E-01    1.08E+01    1.38E+00    1.22E+01    7.71E+02    8.03E+00    7.86E+00    3.73E-01    3.43E-03    2.48E+00    3.18E-01
    6.26E+00    2.13E+00    1.27E+09    1.18E+09    2.13E+08    4.51E+07    1.48E+09    8.56E-01    1.03E+01    1.73E+00    1.20E+01    8.87E+02    8.02E+00    7.87E+00    4.15E-01    3.37E-03    1.95E+00    3.28E-01
    7.18E+00    1.89E+00    9.46E+08    8.49E+08    2.40E+08    6.61E+07    1.19E+09    7.98E-01    5.85E+00    1.48E+00    7.33E+00    1.04E+03    8.06E+00    7.88E+00    1.88E-01    1.16E-03    7.85E-01    1.99E-01
    6.91E+00    1.83E+00    1.22E+09    1.14E+09    2.50E+08    6.33E+07    1.47E+09    8.30E-01    8.13E+00    1.67E+00    9.79E+00    1.12E+03    7.99E+00    7.89E+00    1.62E-01    1.08E-03    6.46E-01    1.33E-01
    7.85E+00    2.40E+00    8.88E+08    7.95E+08    2.89E+08    7.43E+07    1.18E+09    7.55E-01    4.59E+00    1.49E+00    6.08E+00    1.22E+03    8.04E+00    7.90E+00    1.25E-01    6.47E-04    4.34E-01    1.41E-01
    7.16E+00    1.94E+00    1.13E+09    1.06E+09    2.85E+08    6.31E+07    1.41E+09    7.98E-01    7.00E+00    1.77E+00    8.77E+00    1.22E+03    7.98E+00    7.92E+00    4.71E-01    2.93E-03    1.65E+00    4.19E-01
    7.94E+00    2.54E+00    2.03E+09    1.90E+09    2.29E+08    5.41E+07    2.26E+09    8.99E-01    1.02E+01    1.15E+00    1.14E+01    1.36E+03    7.85E+00    7.89E+00    2.82E-01    1.42E-03    1.23E+00    1.39E-01
    8.21E+00    3.62E+00    1.34E+09    1.19E+09    3.19E+08    7.02E+07    1.66E+09    8.08E-01    6.34E+00    1.51E+00    7.85E+00    1.40E+03    7.92E+00    7.92E+00    2.31E-01    1.09E-03    7.24E-01    1.72E-01
    9.12E+00    3.13E+00    1.98E+09    1.83E+09    3.06E+08    7.00E+07    2.29E+09    8.66E-01    7.58E+00    1.17E+00    8.75E+00    1.60E+03    7.86E+00    7.92E+00    6.29E-02    2.41E-04    2.06E-01    3.18E-02
    9.78E+00    3.45E+00    1.52E+09    1.37E+09    3.66E+08    8.13E+07    1.89E+09    8.06E-01    5.06E+00    1.22E+00    6.27E+00    1.47E+03    7.98E+00    7.92E+00    6.18E-01    2.05E-03    1.69E+00    4.06E-01
    9.23E+00    2.56E+00    1.51E+09    1.39E+09    3.27E+08    6.84E+07    1.84E+09    8.22E-01    5.64E+00    1.22E+00    6.86E+00    1.73E+03    7.95E+00    7.92E+00    1.72E-01    6.43E-04    5.26E-01    1.14E-01
    1.10E+01    2.77E+00    1.28E+09    1.15E+09    3.49E+08    7.64E+07    1.63E+09    7.86E-01    3.39E+00    9.24E-01    4.32E+00    1.81E+03    7.93E+00    7.93E+00    6.16E-02    1.63E-04    1.77E-01    4.81E-02
    9.12E+00    1.89E+00    8.91E+08    7.92E+08    3.56E+08    6.63E+07    1.25E+09    7.15E-01    3.41E+00    1.36E+00    4.77E+00    1.85E+03    8.03E+00    7.95E+00    5.23E-02    2.00E-04    1.47E-01    5.87E-02
    9.82E+00    2.25E+00    1.32E+09    1.23E+09    3.88E+08    8.03E+07    1.71E+09    7.73E-01    4.36E+00    1.28E+00    5.64E+00    1.96E+03    7.90E+00    7.93E+00    1.07E-01    3.54E-04    2.77E-01    8.12E-02
    9.50E+00    3.55E+00    1.55E+09    1.38E+09    4.22E+08    8.83E+07    1.97E+09    7.86E-01    5.48E+00    1.49E+00    6.96E+00    2.09E+03    7.92E+00    7.94E+00    1.03E-01    3.63E-04    2.43E-01    6.62E-02
    1.17E+01    2.49E+00    1.87E+09    1.71E+09    4.86E+08    9.64E+07    2.36E+09    7.94E-01    4.36E+00    1.13E+00    5.49E+00    2.08E+03    7.91E+00    7.94E+00    4.14E-01    9.62E-04    8.52E-01    2.21E-01
    1.12E+01    2.34E+00    1.73E+09    1.63E+09    4.29E+08    7.73E+07    2.16E+09    8.01E-01    4.35E+00    1.08E+00    5.43E+00    2.18E+03    7.84E+00    7.96E+00    2.02E-01    5.09E-04    4.71E-01    1.17E-01
    1.18E+01    4.12E+00    2.18E+09    1.97E+09    4.84E+08    9.64E+07    2.67E+09    8.19E-01    4.98E+00    1.10E+00    6.08E+00    2.31E+03    7.86E+00    7.95E+00    1.03E-01    2.35E-04    2.13E-01    4.72E-02
    1.24E+01    3.60E+00    2.15E+09    1.97E+09    4.34E+08    8.53E+07    2.58E+09    8.32E-01    4.47E+00    9.04E-01    5.38E+00    2.39E+03    7.85E+00    7.95E+00    1.62E-01    3.38E-04    3.74E-01    7.55E-02
    1.16E+01    2.70E+00    2.86E+09    2.68E+09    4.66E+08    8.28E+07    3.33E+09    8.60E-01    6.76E+00    1.10E+00    7.86E+00    2.44E+03    7.78E+00    7.96E+00    2.30E-01    5.44E-04    4.94E-01    8.05E-02
    1.08E+01    4.07E+00    2.73E+09    2.52E+09    5.12E+08    8.58E+07    3.25E+09    8.42E-01    7.48E+00    1.40E+00    8.88E+00    2.38E+03    7.92E+00    7.96E+00    4.46E-01    1.22E-03    8.72E-01    1.63E-01
    6.50E+00    3.12E+00    2.10E+09    1.98E+09    2.56E+08    4.05E+07    2.36E+09    8.91E-01    1.59E+01    1.93E+00    1.78E+01    2.49E+03    7.99E+00    8.02E+00    5.06E-01    3.81E-03    1.98E+00    2.41E-01
    9.82E+00    7.21E+00    2.25E+09    2.00E+09    2.66E+08    4.21E+07    2.52E+09    8.94E-01    7.43E+00    8.77E-01    8.31E+00    2.50E+03    8.03E+00    8.03E+00    1.07E-01    3.54E-04    4.03E-01    4.76E-02
    1.06E+01    4.60E+00    2.76E+09    2.55E+09    3.52E+08    4.87E+07    3.11E+09    8.87E-01    7.77E+00    9.91E-01    8.76E+00    2.36E+03    8.01E+00    8.03E+00    3.67E-01    1.03E-03    1.04E+00    1.33E-01
    1.25E+01    6.10E+00    3.11E+09    2.82E+09    5.04E+08    7.71E+07    3.61E+09    8.61E-01    6.29E+00    1.02E+00    7.30E+00    2.34E+03    7.98E+00    7.99E+00    5.68E-01    1.15E-03    1.13E+00    1.83E-01
    1.21E+01    5.19E+00    2.50E+09    2.29E+09    4.72E+08    6.41E+07    2.98E+09    8.41E-01    5.44E+00    1.03E+00    6.47E+00    2.45E+03    8.02E+00    8.02E+00    2.99E-01    6.50E-04    6.34E-01    1.19E-01
